00:17:33.307 ERROR vert.x-eventloop-thread-0 ConnectionBase       : java.io.IOException: Operation timed out
00:17:33.309 ERROR vert.x-eventloop-thread-0 BaseServiceProxy     : request failed Operation timed out
java.io.IOException: Operation timed out
	at java.base/sun.nio.ch.SocketDispatcher.read0(Native Method)
	at java.base/sun.nio.ch.SocketDispatcher.read(SocketDispatcher.java:47)
	at java.base/sun.nio.ch.IOUtil.readIntoNativeBuffer(IOUtil.java:330)
	at java.base/sun.nio.ch.IOUtil.read(IOUtil.java:284)
	at java.base/sun.nio.ch.IOUtil.read(IOUtil.java:259)
	at java.base/sun.nio.ch.SocketChannelImpl.read(SocketChannelImpl.java:417)
	at io.netty.buffer.PooledUnsafeDirectByteBuf.setBytes(PooledUnsafeDirectByteBuf.java:288)
	at io.netty.buffer.AbstractByteBuf.writeBytes(AbstractByteBuf.java:1106)
	at io.netty.channel.socket.nio.NioSocketChannel.doReadBytes(NioSocketChannel.java:373)
	at io.netty.channel.nio.AbstractNioByteChannel$NioByteUnsafe.read(AbstractNioByteChannel.java:123)
	at io.netty.channel.nio.NioEventLoop.processSelectedKey(NioEventLoop.java:645)
	at io.netty.channel.nio.NioEventLoop.processSelectedKeysPlain(NioEventLoop.java:545)
	at io.netty.channel.nio.NioEventLoop.processSelectedKeys(NioEventLoop.java:499)
	at io.netty.channel.nio.NioEventLoop.run(NioEventLoop.java:459)
	at io.netty.util.concurrent.SingleThreadEventExecutor$5.run(SingleThreadEventExecutor.java:858)
	at java.base/java.lang.Thread.run(Thread.java:840)
01:03:20.345 INFO  vert.x-eventloop-thread-0 BaseServiceProxy     : -> GET /sso/ping,200|589ms
01:03:20.346 INFO  vert.x-eventloop-thread-0 SsoService           : sso ping {"result": "false"}
01:08:19.919 INFO  vert.x-eventloop-thread-0 BaseServiceProxy     : -> GET /sso/ping,200|166ms
01:08:19.920 INFO  vert.x-eventloop-thread-0 SsoService           : sso ping {"result": "true"}
01:13:19.907 INFO  vert.x-eventloop-thread-0 BaseServiceProxy     : -> GET /sso/ping,200|156ms
01:13:19.908 INFO  vert.x-eventloop-thread-0 SsoService           : sso ping {"result": "true"}
01:18:19.988 INFO  vert.x-eventloop-thread-0 BaseServiceProxy     : -> GET /sso/ping,200|238ms
01:18:19.989 INFO  vert.x-eventloop-thread-0 SsoService           : sso ping {"result": "true"}
01:23:19.909 INFO  vert.x-eventloop-thread-0 BaseServiceProxy     : -> GET /sso/ping,200|161ms
01:23:19.909 INFO  vert.x-eventloop-thread-0 SsoService           : sso ping {"result": "true"}
01:28:20.057 INFO  vert.x-eventloop-thread-0 BaseServiceProxy     : -> GET /sso/ping,200|310ms
01:28:20.058 INFO  vert.x-eventloop-thread-0 SsoService           : sso ping {"result": "true"}
01:33:19.939 INFO  vert.x-eventloop-thread-0 BaseServiceProxy     : -> GET /sso/ping,200|169ms
01:33:19.939 INFO  vert.x-eventloop-thread-0 SsoService           : sso ping {"result": "true"}
01:38:20.156 INFO  vert.x-eventloop-thread-0 BaseServiceProxy     : -> GET /sso/ping,200|385ms
01:38:20.157 INFO  vert.x-eventloop-thread-0 SsoService           : sso ping {"result": "true"}
01:43:20.088 INFO  vert.x-eventloop-thread-0 BaseServiceProxy     : -> GET /sso/ping,200|317ms
01:43:20.088 INFO  vert.x-eventloop-thread-0 SsoService           : sso ping {"result": "true"}
01:48:19.995 INFO  vert.x-eventloop-thread-0 BaseServiceProxy     : -> GET /sso/ping,200|210ms
01:48:19.997 INFO  vert.x-eventloop-thread-0 SsoService           : sso ping {"result": "true"}
01:53:20.075 INFO  vert.x-eventloop-thread-0 BaseServiceProxy     : -> GET /sso/ping,200|287ms
01:53:20.075 INFO  vert.x-eventloop-thread-0 SsoService           : sso ping {"result": "true"}
01:58:19.939 INFO  vert.x-eventloop-thread-0 BaseServiceProxy     : -> GET /sso/ping,200|150ms
01:58:19.939 INFO  vert.x-eventloop-thread-0 SsoService           : sso ping {"result": "true"}
02:03:19.995 INFO  vert.x-eventloop-thread-0 BaseServiceProxy     : -> GET /sso/ping,200|214ms
02:03:19.996 INFO  vert.x-eventloop-thread-0 SsoService           : sso ping {"result": "true"}
02:08:19.920 INFO  vert.x-eventloop-thread-0 BaseServiceProxy     : -> GET /sso/ping,200|143ms
02:08:19.921 INFO  vert.x-eventloop-thread-0 SsoService           : sso ping {"result": "true"}
02:13:20.431 INFO  vert.x-eventloop-thread-0 BaseServiceProxy     : -> GET /sso/ping,200|656ms
02:13:20.432 INFO  vert.x-eventloop-thread-0 SsoService           : sso ping {"result": "true"}
02:18:19.920 INFO  vert.x-eventloop-thread-0 BaseServiceProxy     : -> GET /sso/ping,200|143ms
02:18:19.920 INFO  vert.x-eventloop-thread-0 SsoService           : sso ping {"result": "true"}
02:23:19.979 INFO  vert.x-eventloop-thread-0 BaseServiceProxy     : -> GET /sso/ping,200|207ms
02:23:19.979 INFO  vert.x-eventloop-thread-0 SsoService           : sso ping {"result": "true"}
02:28:19.931 INFO  vert.x-eventloop-thread-0 BaseServiceProxy     : -> GET /sso/ping,200|160ms
02:28:19.931 INFO  vert.x-eventloop-thread-0 SsoService           : sso ping {"result": "true"}
02:33:19.916 INFO  vert.x-eventloop-thread-0 BaseServiceProxy     : -> GET /sso/ping,200|145ms
02:33:19.916 INFO  vert.x-eventloop-thread-0 SsoService           : sso ping {"result": "true"}
02:38:19.879 INFO  vert.x-eventloop-thread-0 BaseServiceProxy     : -> GET /sso/ping,200|154ms
02:38:19.881 INFO  vert.x-eventloop-thread-0 SsoService           : sso ping {"result": "true"}
02:43:19.874 INFO  vert.x-eventloop-thread-0 BaseServiceProxy     : -> GET /sso/ping,200|152ms
02:43:19.875 INFO  vert.x-eventloop-thread-0 SsoService           : sso ping {"result": "true"}
02:48:20.042 INFO  vert.x-eventloop-thread-0 BaseServiceProxy     : -> GET /sso/ping,200|322ms
02:48:20.042 INFO  vert.x-eventloop-thread-0 SsoService           : sso ping {"result": "true"}
02:53:19.898 INFO  vert.x-eventloop-thread-0 BaseServiceProxy     : -> GET /sso/ping,200|206ms
02:53:19.899 INFO  vert.x-eventloop-thread-0 SsoService           : sso ping {"result": "true"}
02:58:20.037 INFO  vert.x-eventloop-thread-0 BaseServiceProxy     : -> GET /sso/ping,200|351ms
02:58:20.037 INFO  vert.x-eventloop-thread-0 SsoService           : sso ping {"result": "true"}
03:03:19.858 INFO  vert.x-eventloop-thread-0 BaseServiceProxy     : -> GET /sso/ping,200|174ms
03:03:19.858 INFO  vert.x-eventloop-thread-0 SsoService           : sso ping {"result": "true"}
03:24:03.558 ERROR vert.x-eventloop-thread-0 ConnectionBase       : java.io.IOException: Operation timed out
03:24:03.558 ERROR vert.x-eventloop-thread-0 BaseServiceProxy     : request failed Operation timed out
java.io.IOException: Operation timed out
	at java.base/sun.nio.ch.SocketDispatcher.read0(Native Method)
	at java.base/sun.nio.ch.SocketDispatcher.read(SocketDispatcher.java:47)
	at java.base/sun.nio.ch.IOUtil.readIntoNativeBuffer(IOUtil.java:330)
	at java.base/sun.nio.ch.IOUtil.read(IOUtil.java:284)
	at java.base/sun.nio.ch.IOUtil.read(IOUtil.java:259)
	at java.base/sun.nio.ch.SocketChannelImpl.read(SocketChannelImpl.java:417)
	at io.netty.buffer.PooledUnsafeDirectByteBuf.setBytes(PooledUnsafeDirectByteBuf.java:288)
	at io.netty.buffer.AbstractByteBuf.writeBytes(AbstractByteBuf.java:1106)
	at io.netty.channel.socket.nio.NioSocketChannel.doReadBytes(NioSocketChannel.java:373)
	at io.netty.channel.nio.AbstractNioByteChannel$NioByteUnsafe.read(AbstractNioByteChannel.java:123)
	at io.netty.channel.nio.NioEventLoop.processSelectedKey(NioEventLoop.java:645)
	at io.netty.channel.nio.NioEventLoop.processSelectedKeysPlain(NioEventLoop.java:545)
	at io.netty.channel.nio.NioEventLoop.processSelectedKeys(NioEventLoop.java:499)
	at io.netty.channel.nio.NioEventLoop.run(NioEventLoop.java:459)
	at io.netty.util.concurrent.SingleThreadEventExecutor$5.run(SingleThreadEventExecutor.java:858)
	at java.base/java.lang.Thread.run(Thread.java:840)
03:28:45.304 INFO  vert.x-eventloop-thread-0 BaseServiceProxy     : -> GET /sso/ping,200|422ms
03:28:45.305 INFO  vert.x-eventloop-thread-0 SsoService           : sso ping {"result": "true"}
03:33:45.359 INFO  vert.x-eventloop-thread-0 BaseServiceProxy     : -> GET /sso/ping,200|477ms
03:33:45.360 INFO  vert.x-eventloop-thread-0 SsoService           : sso ping {"result": "true"}
03:38:45.056 INFO  vert.x-eventloop-thread-0 BaseServiceProxy     : -> GET /sso/ping,200|164ms
03:38:45.057 INFO  vert.x-eventloop-thread-0 SsoService           : sso ping {"result": "true"}
03:43:45.245 INFO  vert.x-eventloop-thread-0 BaseServiceProxy     : -> GET /sso/ping,200|345ms
03:43:45.245 INFO  vert.x-eventloop-thread-0 SsoService           : sso ping {"result": "true"}
03:48:45.064 INFO  vert.x-eventloop-thread-0 BaseServiceProxy     : -> GET /sso/ping,200|162ms
03:48:45.065 INFO  vert.x-eventloop-thread-0 SsoService           : sso ping {"result": "true"}
03:53:45.133 INFO  vert.x-eventloop-thread-0 BaseServiceProxy     : -> GET /sso/ping,200|230ms
03:53:45.133 INFO  vert.x-eventloop-thread-0 SsoService           : sso ping {"result": "true"}
03:58:45.077 INFO  vert.x-eventloop-thread-0 BaseServiceProxy     : -> GET /sso/ping,200|163ms
03:58:45.079 INFO  vert.x-eventloop-thread-0 SsoService           : sso ping {"result": "true"}
04:03:45.150 INFO  vert.x-eventloop-thread-0 BaseServiceProxy     : -> GET /sso/ping,200|234ms
04:03:45.151 INFO  vert.x-eventloop-thread-0 SsoService           : sso ping {"result": "true"}
04:08:45.123 INFO  vert.x-eventloop-thread-0 BaseServiceProxy     : -> GET /sso/ping,200|205ms
04:08:45.123 INFO  vert.x-eventloop-thread-0 SsoService           : sso ping {"result": "true"}
04:13:45.361 INFO  vert.x-eventloop-thread-0 BaseServiceProxy     : -> GET /sso/ping,200|462ms
04:13:45.361 INFO  vert.x-eventloop-thread-0 SsoService           : sso ping {"result": "true"}
04:18:45.101 INFO  vert.x-eventloop-thread-0 BaseServiceProxy     : -> GET /sso/ping,200|200ms
04:18:45.102 INFO  vert.x-eventloop-thread-0 SsoService           : sso ping {"result": "true"}
04:24:10.124 INFO  vert.x-eventloop-thread-0 BaseServiceProxy     : -> GET /sso/ping,200|377ms
04:24:10.124 INFO  vert.x-eventloop-thread-0 SsoService           : sso ping {"result": "true"}
05:08:41.637 ERROR vert.x-eventloop-thread-0 ConnectionBase       : java.io.IOException: Operation timed out
05:08:41.638 ERROR vert.x-eventloop-thread-0 BaseServiceProxy     : request failed Operation timed out
java.io.IOException: Operation timed out
	at java.base/sun.nio.ch.SocketDispatcher.read0(Native Method)
	at java.base/sun.nio.ch.SocketDispatcher.read(SocketDispatcher.java:47)
	at java.base/sun.nio.ch.IOUtil.readIntoNativeBuffer(IOUtil.java:330)
	at java.base/sun.nio.ch.IOUtil.read(IOUtil.java:284)
	at java.base/sun.nio.ch.IOUtil.read(IOUtil.java:259)
	at java.base/sun.nio.ch.SocketChannelImpl.read(SocketChannelImpl.java:417)
	at io.netty.buffer.PooledUnsafeDirectByteBuf.setBytes(PooledUnsafeDirectByteBuf.java:288)
	at io.netty.buffer.AbstractByteBuf.writeBytes(AbstractByteBuf.java:1106)
	at io.netty.channel.socket.nio.NioSocketChannel.doReadBytes(NioSocketChannel.java:373)
	at io.netty.channel.nio.AbstractNioByteChannel$NioByteUnsafe.read(AbstractNioByteChannel.java:123)
	at io.netty.channel.nio.NioEventLoop.processSelectedKey(NioEventLoop.java:645)
	at io.netty.channel.nio.NioEventLoop.processSelectedKeysPlain(NioEventLoop.java:545)
	at io.netty.channel.nio.NioEventLoop.processSelectedKeys(NioEventLoop.java:499)
	at io.netty.channel.nio.NioEventLoop.run(NioEventLoop.java:459)
	at io.netty.util.concurrent.SingleThreadEventExecutor$5.run(SingleThreadEventExecutor.java:858)
	at java.base/java.lang.Thread.run(Thread.java:840)
05:13:23.363 INFO  vert.x-eventloop-thread-0 BaseServiceProxy     : -> GET /sso/ping,200|278ms
05:13:23.364 INFO  vert.x-eventloop-thread-0 SsoService           : sso ping {"result": "true"}
05:18:23.242 INFO  vert.x-eventloop-thread-0 BaseServiceProxy     : -> GET /sso/ping,200|158ms
05:18:23.243 INFO  vert.x-eventloop-thread-0 SsoService           : sso ping {"result": "true"}
05:23:23.311 INFO  vert.x-eventloop-thread-0 BaseServiceProxy     : -> GET /sso/ping,200|228ms
05:23:23.312 INFO  vert.x-eventloop-thread-0 SsoService           : sso ping {"result": "true"}
05:28:23.281 INFO  vert.x-eventloop-thread-0 BaseServiceProxy     : -> GET /sso/ping,200|176ms
05:28:23.282 INFO  vert.x-eventloop-thread-0 SsoService           : sso ping {"result": "true"}
05:33:23.262 INFO  vert.x-eventloop-thread-0 BaseServiceProxy     : -> GET /sso/ping,200|155ms
05:33:23.262 INFO  vert.x-eventloop-thread-0 SsoService           : sso ping {"result": "true"}
05:38:23.268 INFO  vert.x-eventloop-thread-0 BaseServiceProxy     : -> GET /sso/ping,200|161ms
05:38:23.269 INFO  vert.x-eventloop-thread-0 SsoService           : sso ping {"result": "true"}
05:43:23.273 INFO  vert.x-eventloop-thread-0 BaseServiceProxy     : -> GET /sso/ping,200|174ms
05:43:23.273 INFO  vert.x-eventloop-thread-0 SsoService           : sso ping {"result": "true"}
05:48:23.258 INFO  vert.x-eventloop-thread-0 BaseServiceProxy     : -> GET /sso/ping,200|165ms
05:48:23.258 INFO  vert.x-eventloop-thread-0 SsoService           : sso ping {"result": "true"}
05:53:23.249 INFO  vert.x-eventloop-thread-0 BaseServiceProxy     : -> GET /sso/ping,200|156ms
05:53:23.250 INFO  vert.x-eventloop-thread-0 SsoService           : sso ping {"result": "true"}
05:58:23.262 INFO  vert.x-eventloop-thread-0 BaseServiceProxy     : -> GET /sso/ping,200|170ms
05:58:23.264 INFO  vert.x-eventloop-thread-0 SsoService           : sso ping {"result": "true"}
06:03:23.282 INFO  vert.x-eventloop-thread-0 BaseServiceProxy     : -> GET /sso/ping,200|168ms
06:03:23.283 INFO  vert.x-eventloop-thread-0 SsoService           : sso ping {"result": "true"}
06:55:03.536 ERROR vert.x-eventloop-thread-0 ConnectionBase       : java.io.IOException: Operation timed out
06:55:03.537 ERROR vert.x-eventloop-thread-0 BaseServiceProxy     : request failed Operation timed out
java.io.IOException: Operation timed out
	at java.base/sun.nio.ch.SocketDispatcher.read0(Native Method)
	at java.base/sun.nio.ch.SocketDispatcher.read(SocketDispatcher.java:47)
	at java.base/sun.nio.ch.IOUtil.readIntoNativeBuffer(IOUtil.java:330)
	at java.base/sun.nio.ch.IOUtil.read(IOUtil.java:284)
	at java.base/sun.nio.ch.IOUtil.read(IOUtil.java:259)
	at java.base/sun.nio.ch.SocketChannelImpl.read(SocketChannelImpl.java:417)
	at io.netty.buffer.PooledUnsafeDirectByteBuf.setBytes(PooledUnsafeDirectByteBuf.java:288)
	at io.netty.buffer.AbstractByteBuf.writeBytes(AbstractByteBuf.java:1106)
	at io.netty.channel.socket.nio.NioSocketChannel.doReadBytes(NioSocketChannel.java:373)
	at io.netty.channel.nio.AbstractNioByteChannel$NioByteUnsafe.read(AbstractNioByteChannel.java:123)
	at io.netty.channel.nio.NioEventLoop.processSelectedKey(NioEventLoop.java:645)
	at io.netty.channel.nio.NioEventLoop.processSelectedKeysPlain(NioEventLoop.java:545)
	at io.netty.channel.nio.NioEventLoop.processSelectedKeys(NioEventLoop.java:499)
	at io.netty.channel.nio.NioEventLoop.run(NioEventLoop.java:459)
	at io.netty.util.concurrent.SingleThreadEventExecutor$5.run(SingleThreadEventExecutor.java:858)
	at java.base/java.lang.Thread.run(Thread.java:840)
07:41:44.526 INFO  vert.x-eventloop-thread-0 BaseServiceProxy     : -> GET /sso/ping,200|369ms
07:41:44.527 INFO  vert.x-eventloop-thread-0 SsoService           : sso ping {"result": "true"}
07:46:44.492 INFO  vert.x-eventloop-thread-0 BaseServiceProxy     : -> GET /sso/ping,200|337ms
07:46:44.493 INFO  vert.x-eventloop-thread-0 SsoService           : sso ping {"result": "true"}
07:51:44.354 INFO  vert.x-eventloop-thread-0 BaseServiceProxy     : -> GET /sso/ping,200|199ms
07:51:44.356 INFO  vert.x-eventloop-thread-0 SsoService           : sso ping {"result": "true"}
07:56:44.532 INFO  vert.x-eventloop-thread-0 BaseServiceProxy     : -> GET /sso/ping,200|412ms
07:56:44.533 INFO  vert.x-eventloop-thread-0 SsoService           : sso ping {"result": "true"}
08:01:44.280 INFO  vert.x-eventloop-thread-0 BaseServiceProxy     : -> GET /sso/ping,200|162ms
08:01:44.282 INFO  vert.x-eventloop-thread-0 SsoService           : sso ping {"result": "true"}
08:06:44.273 INFO  vert.x-eventloop-thread-0 BaseServiceProxy     : -> GET /sso/ping,200|158ms
08:06:44.273 INFO  vert.x-eventloop-thread-0 SsoService           : sso ping {"result": "true"}
08:11:44.281 INFO  vert.x-eventloop-thread-0 BaseServiceProxy     : -> GET /sso/ping,200|163ms
08:11:44.283 INFO  vert.x-eventloop-thread-0 SsoService           : sso ping {"result": "true"}
08:16:44.296 INFO  vert.x-eventloop-thread-0 BaseServiceProxy     : -> GET /sso/ping,200|180ms
08:16:44.297 INFO  vert.x-eventloop-thread-0 SsoService           : sso ping {"result": "true"}
08:21:44.292 INFO  vert.x-eventloop-thread-0 BaseServiceProxy     : -> GET /sso/ping,200|178ms
08:21:44.293 INFO  vert.x-eventloop-thread-0 SsoService           : sso ping {"result": "true"}
08:26:44.268 INFO  vert.x-eventloop-thread-0 BaseServiceProxy     : -> GET /sso/ping,200|151ms
08:26:44.269 INFO  vert.x-eventloop-thread-0 SsoService           : sso ping {"result": "true"}
08:31:45.800 INFO  vert.x-eventloop-thread-0 BaseServiceProxy     : -> GET /sso/ping,200|1685ms
08:31:45.801 INFO  vert.x-eventloop-thread-0 SsoService           : sso ping {"result": "true"}
08:36:44.288 INFO  vert.x-eventloop-thread-0 BaseServiceProxy     : -> GET /sso/ping,200|174ms
08:36:44.289 INFO  vert.x-eventloop-thread-0 SsoService           : sso ping {"result": "true"}
08:41:44.331 INFO  vert.x-eventloop-thread-0 BaseServiceProxy     : -> GET /sso/ping,200|237ms
08:41:44.332 INFO  vert.x-eventloop-thread-0 SsoService           : sso ping {"result": "true"}
08:46:44.299 INFO  vert.x-eventloop-thread-0 BaseServiceProxy     : -> GET /sso/ping,200|208ms
08:46:44.300 INFO  vert.x-eventloop-thread-0 SsoService           : sso ping {"result": "true"}
08:51:44.272 INFO  vert.x-eventloop-thread-0 BaseServiceProxy     : -> GET /sso/ping,200|185ms
08:51:44.273 INFO  vert.x-eventloop-thread-0 SsoService           : sso ping {"result": "true"}
09:03:37.020 ERROR vert.x-eventloop-thread-0 ConnectionBase       : java.io.IOException: Operation timed out
09:03:37.021 ERROR vert.x-eventloop-thread-0 BaseServiceProxy     : request failed Operation timed out
java.io.IOException: Operation timed out
	at java.base/sun.nio.ch.SocketDispatcher.read0(Native Method)
	at java.base/sun.nio.ch.SocketDispatcher.read(SocketDispatcher.java:47)
	at java.base/sun.nio.ch.IOUtil.readIntoNativeBuffer(IOUtil.java:330)
	at java.base/sun.nio.ch.IOUtil.read(IOUtil.java:284)
	at java.base/sun.nio.ch.IOUtil.read(IOUtil.java:259)
	at java.base/sun.nio.ch.SocketChannelImpl.read(SocketChannelImpl.java:417)
	at io.netty.buffer.PooledUnsafeDirectByteBuf.setBytes(PooledUnsafeDirectByteBuf.java:288)
	at io.netty.buffer.AbstractByteBuf.writeBytes(AbstractByteBuf.java:1106)
	at io.netty.channel.socket.nio.NioSocketChannel.doReadBytes(NioSocketChannel.java:373)
	at io.netty.channel.nio.AbstractNioByteChannel$NioByteUnsafe.read(AbstractNioByteChannel.java:123)
	at io.netty.channel.nio.NioEventLoop.processSelectedKey(NioEventLoop.java:645)
	at io.netty.channel.nio.NioEventLoop.processSelectedKeysPlain(NioEventLoop.java:545)
	at io.netty.channel.nio.NioEventLoop.processSelectedKeys(NioEventLoop.java:499)
	at io.netty.channel.nio.NioEventLoop.run(NioEventLoop.java:459)
	at io.netty.util.concurrent.SingleThreadEventExecutor$5.run(SingleThreadEventExecutor.java:858)
	at java.base/java.lang.Thread.run(Thread.java:840)
09:08:18.731 INFO  vert.x-eventloop-thread-0 BaseServiceProxy     : -> GET /sso/ping,200|1486ms
09:08:18.733 INFO  vert.x-eventloop-thread-0 SsoService           : sso ping {"result": "false"}
09:13:17.758 INFO  vert.x-eventloop-thread-0 BaseServiceProxy     : -> GET /sso/ping,200|514ms
09:13:17.758 INFO  vert.x-eventloop-thread-0 SsoService           : sso ping {"result": "true"}
09:18:17.927 INFO  vert.x-eventloop-thread-0 BaseServiceProxy     : -> GET /sso/ping,200|686ms
09:18:17.928 INFO  vert.x-eventloop-thread-0 SsoService           : sso ping {"result": "true"}
09:23:18.039 INFO  vert.x-eventloop-thread-0 BaseServiceProxy     : -> GET /sso/ping,200|799ms
09:23:18.039 INFO  vert.x-eventloop-thread-0 SsoService           : sso ping {"result": "true"}
09:30:35.160 ERROR vert.x-eventloop-thread-0 ConnectionBase       : java.io.IOException: Operation timed out
09:30:35.161 ERROR vert.x-eventloop-thread-0 BaseServiceProxy     : request failed Operation timed out
java.io.IOException: Operation timed out
	at java.base/sun.nio.ch.SocketDispatcher.read0(Native Method)
	at java.base/sun.nio.ch.SocketDispatcher.read(SocketDispatcher.java:47)
	at java.base/sun.nio.ch.IOUtil.readIntoNativeBuffer(IOUtil.java:330)
	at java.base/sun.nio.ch.IOUtil.read(IOUtil.java:284)
	at java.base/sun.nio.ch.IOUtil.read(IOUtil.java:259)
	at java.base/sun.nio.ch.SocketChannelImpl.read(SocketChannelImpl.java:417)
	at io.netty.buffer.PooledUnsafeDirectByteBuf.setBytes(PooledUnsafeDirectByteBuf.java:288)
	at io.netty.buffer.AbstractByteBuf.writeBytes(AbstractByteBuf.java:1106)
	at io.netty.channel.socket.nio.NioSocketChannel.doReadBytes(NioSocketChannel.java:373)
	at io.netty.channel.nio.AbstractNioByteChannel$NioByteUnsafe.read(AbstractNioByteChannel.java:123)
	at io.netty.channel.nio.NioEventLoop.processSelectedKey(NioEventLoop.java:645)
	at io.netty.channel.nio.NioEventLoop.processSelectedKeysPlain(NioEventLoop.java:545)
	at io.netty.channel.nio.NioEventLoop.processSelectedKeys(NioEventLoop.java:499)
	at io.netty.channel.nio.NioEventLoop.run(NioEventLoop.java:459)
	at io.netty.util.concurrent.SingleThreadEventExecutor$5.run(SingleThreadEventExecutor.java:858)
	at java.base/java.lang.Thread.run(Thread.java:840)
09:33:17.486 INFO  vert.x-eventloop-thread-0 BaseServiceProxy     : -> GET /sso/ping,200|251ms
09:33:17.486 INFO  vert.x-eventloop-thread-0 SsoService           : sso ping {"result": "false"}
09:38:17.376 INFO  vert.x-eventloop-thread-0 BaseServiceProxy     : -> GET /sso/ping,200|144ms
09:38:17.376 INFO  vert.x-eventloop-thread-0 SsoService           : sso ping {"result": "true"}
09:43:17.374 INFO  vert.x-eventloop-thread-0 BaseServiceProxy     : -> GET /sso/ping,200|131ms
09:43:17.375 INFO  vert.x-eventloop-thread-0 SsoService           : sso ping {"result": "true"}
09:59:50.661 ERROR vert.x-eventloop-thread-0 ConnectionBase       : java.net.SocketException: Connection reset
09:59:50.661 ERROR vert.x-eventloop-thread-0 BaseServiceProxy     : request failed Connection reset
java.net.SocketException: Connection reset
	at java.base/sun.nio.ch.SocketChannelImpl.throwConnectionReset(SocketChannelImpl.java:394)
	at java.base/sun.nio.ch.SocketChannelImpl.read(SocketChannelImpl.java:426)
	at io.netty.buffer.PooledUnsafeDirectByteBuf.setBytes(PooledUnsafeDirectByteBuf.java:288)
	at io.netty.buffer.AbstractByteBuf.writeBytes(AbstractByteBuf.java:1106)
	at io.netty.channel.socket.nio.NioSocketChannel.doReadBytes(NioSocketChannel.java:373)
	at io.netty.channel.nio.AbstractNioByteChannel$NioByteUnsafe.read(AbstractNioByteChannel.java:123)
	at io.netty.channel.nio.NioEventLoop.processSelectedKey(NioEventLoop.java:645)
	at io.netty.channel.nio.NioEventLoop.processSelectedKeysPlain(NioEventLoop.java:545)
	at io.netty.channel.nio.NioEventLoop.processSelectedKeys(NioEventLoop.java:499)
	at io.netty.channel.nio.NioEventLoop.run(NioEventLoop.java:459)
	at io.netty.util.concurrent.SingleThreadEventExecutor$5.run(SingleThreadEventExecutor.java:858)
	at java.base/java.lang.Thread.run(Thread.java:840)
10:04:50.887 INFO  vert.x-eventloop-thread-0 BaseServiceProxy     : -> GET /sso/ping,200|238ms
10:04:50.887 INFO  vert.x-eventloop-thread-0 SsoService           : sso ping {"result": "true"}
10:09:50.780 INFO  vert.x-eventloop-thread-0 BaseServiceProxy     : -> GET /sso/ping,200|132ms
10:09:50.781 INFO  vert.x-eventloop-thread-0 SsoService           : sso ping {"result": "true"}
10:45:05.373 ERROR vert.x-eventloop-thread-0 ConnectionBase       : java.net.SocketException: Connection reset
10:45:05.374 ERROR vert.x-eventloop-thread-0 BaseServiceProxy     : request failed Connection reset
java.net.SocketException: Connection reset
	at java.base/sun.nio.ch.SocketChannelImpl.throwConnectionReset(SocketChannelImpl.java:394)
	at java.base/sun.nio.ch.SocketChannelImpl.read(SocketChannelImpl.java:426)
	at io.netty.buffer.PooledUnsafeDirectByteBuf.setBytes(PooledUnsafeDirectByteBuf.java:288)
	at io.netty.buffer.AbstractByteBuf.writeBytes(AbstractByteBuf.java:1106)
	at io.netty.channel.socket.nio.NioSocketChannel.doReadBytes(NioSocketChannel.java:373)
	at io.netty.channel.nio.AbstractNioByteChannel$NioByteUnsafe.read(AbstractNioByteChannel.java:123)
	at io.netty.channel.nio.NioEventLoop.processSelectedKey(NioEventLoop.java:645)
	at io.netty.channel.nio.NioEventLoop.processSelectedKeysPlain(NioEventLoop.java:545)
	at io.netty.channel.nio.NioEventLoop.processSelectedKeys(NioEventLoop.java:499)
	at io.netty.channel.nio.NioEventLoop.run(NioEventLoop.java:459)
	at io.netty.util.concurrent.SingleThreadEventExecutor$5.run(SingleThreadEventExecutor.java:858)
	at java.base/java.lang.Thread.run(Thread.java:840)
10:50:05.752 INFO  vert.x-eventloop-thread-0 BaseServiceProxy     : -> GET /sso/ping,200|424ms
10:50:05.752 INFO  vert.x-eventloop-thread-0 SsoService           : sso ping {"result": "true"}
10:55:05.477 INFO  vert.x-eventloop-thread-0 BaseServiceProxy     : -> GET /sso/ping,200|146ms
10:55:05.479 INFO  vert.x-eventloop-thread-0 SsoService           : sso ping {"result": "true"}
11:00:05.506 INFO  vert.x-eventloop-thread-0 BaseServiceProxy     : -> GET /sso/ping,200|160ms
11:00:05.506 INFO  vert.x-eventloop-thread-0 SsoService           : sso ping {"result": "true"}
11:05:05.514 INFO  vert.x-eventloop-thread-0 BaseServiceProxy     : -> GET /sso/ping,200|158ms
11:05:05.516 INFO  vert.x-eventloop-thread-0 SsoService           : sso ping {"result": "true"}
11:10:05.641 INFO  vert.x-eventloop-thread-0 BaseServiceProxy     : -> GET /sso/ping,200|282ms
11:10:05.642 INFO  vert.x-eventloop-thread-0 SsoService           : sso ping {"result": "true"}
11:15:05.515 INFO  vert.x-eventloop-thread-0 BaseServiceProxy     : -> GET /sso/ping,200|149ms
11:15:05.517 INFO  vert.x-eventloop-thread-0 SsoService           : sso ping {"result": "true"}
11:20:05.550 INFO  vert.x-eventloop-thread-0 BaseServiceProxy     : -> GET /sso/ping,200|176ms
11:20:05.551 INFO  vert.x-eventloop-thread-0 SsoService           : sso ping {"result": "true"}
11:25:05.593 INFO  vert.x-eventloop-thread-0 BaseServiceProxy     : -> GET /sso/ping,200|215ms
11:25:05.594 INFO  vert.x-eventloop-thread-0 SsoService           : sso ping {"result": "true"}
11:30:05.547 INFO  vert.x-eventloop-thread-0 BaseServiceProxy     : -> GET /sso/ping,200|166ms
11:30:05.549 INFO  vert.x-eventloop-thread-0 SsoService           : sso ping {"result": "true"}
11:35:05.547 INFO  vert.x-eventloop-thread-0 BaseServiceProxy     : -> GET /sso/ping,200|161ms
11:35:05.547 INFO  vert.x-eventloop-thread-0 SsoService           : sso ping {"result": "true"}
11:42:43.360 INFO  vert.x-eventloop-thread-0 BaseServiceProxy     : -> GET /sso/ping,200|201ms
11:42:43.361 INFO  vert.x-eventloop-thread-0 SsoService           : sso ping {"result": "true"}
11:47:43.342 INFO  vert.x-eventloop-thread-0 BaseServiceProxy     : -> GET /sso/ping,200|181ms
11:47:43.344 INFO  vert.x-eventloop-thread-0 SsoService           : sso ping {"result": "true"}
11:54:04.337 INFO  vert.x-eventloop-thread-0 BaseServiceProxy     : -> GET /sso/ping,200|181ms
11:54:04.337 INFO  vert.x-eventloop-thread-0 SsoService           : sso ping {"result": "true"}
11:58:30.682 WARN  vert.x-eventloop-thread-0 DefaultChannelPipeline : An exceptionCaught() event was fired, and it reached at the tail of the pipeline. It usually means the last handler in the pipeline did not handle the exception.
io.netty.handler.codec.DecoderException: javax.net.ssl.SSLHandshakeException: Received fatal alert: certificate_unknown
	at io.netty.handler.codec.ByteToMessageDecoder.callDecode(ByteToMessageDecoder.java:459)
	at io.netty.handler.codec.ByteToMessageDecoder.channelRead(ByteToMessageDecoder.java:265)
	at io.netty.channel.AbstractChannelHandlerContext.invokeChannelRead(AbstractChannelHandlerContext.java:362)
	at io.netty.channel.AbstractChannelHandlerContext.invokeChannelRead(AbstractChannelHandlerContext.java:348)
	at io.netty.channel.AbstractChannelHandlerContext.fireChannelRead(AbstractChannelHandlerContext.java:340)
	at io.netty.channel.DefaultChannelPipeline$HeadContext.channelRead(DefaultChannelPipeline.java:1359)
	at io.netty.channel.AbstractChannelHandlerContext.invokeChannelRead(AbstractChannelHandlerContext.java:362)
	at io.netty.channel.AbstractChannelHandlerContext.invokeChannelRead(AbstractChannelHandlerContext.java:348)
	at io.netty.channel.DefaultChannelPipeline.fireChannelRead(DefaultChannelPipeline.java:935)
	at io.netty.channel.nio.AbstractNioByteChannel$NioByteUnsafe.read(AbstractNioByteChannel.java:134)
	at io.netty.channel.nio.NioEventLoop.processSelectedKey(NioEventLoop.java:645)
	at io.netty.channel.nio.NioEventLoop.processSelectedKeysPlain(NioEventLoop.java:545)
	at io.netty.channel.nio.NioEventLoop.processSelectedKeys(NioEventLoop.java:499)
	at io.netty.channel.nio.NioEventLoop.run(NioEventLoop.java:459)
	at io.netty.util.concurrent.SingleThreadEventExecutor$5.run(SingleThreadEventExecutor.java:858)
	at java.base/java.lang.Thread.run(Thread.java:840)
Caused by: javax.net.ssl.SSLHandshakeException: Received fatal alert: certificate_unknown
	at java.base/sun.security.ssl.Alert.createSSLException(Alert.java:131)
	at java.base/sun.security.ssl.Alert.createSSLException(Alert.java:117)
	at java.base/sun.security.ssl.TransportContext.fatal(TransportContext.java:370)
	at java.base/sun.security.ssl.Alert$AlertConsumer.consume(Alert.java:293)
	at java.base/sun.security.ssl.TransportContext.dispatch(TransportContext.java:209)
	at java.base/sun.security.ssl.SSLTransport.decode(SSLTransport.java:172)
	at java.base/sun.security.ssl.SSLEngineImpl.decode(SSLEngineImpl.java:736)
	at java.base/sun.security.ssl.SSLEngineImpl.readRecord(SSLEngineImpl.java:691)
	at java.base/sun.security.ssl.SSLEngineImpl.unwrap(SSLEngineImpl.java:506)
	at java.base/sun.security.ssl.SSLEngineImpl.unwrap(SSLEngineImpl.java:482)
	at java.base/javax.net.ssl.SSLEngine.unwrap(SSLEngine.java:679)
	at io.netty.handler.ssl.SslHandler$SslEngineType$3.unwrap(SslHandler.java:281)
	at io.netty.handler.ssl.SslHandler.unwrap(SslHandler.java:1215)
	at io.netty.handler.ssl.SslHandler.decodeJdkCompatible(SslHandler.java:1127)
	at io.netty.handler.ssl.SslHandler.decode(SslHandler.java:1162)
	at io.netty.handler.codec.ByteToMessageDecoder.decodeRemovalReentryProtection(ByteToMessageDecoder.java:489)
	at io.netty.handler.codec.ByteToMessageDecoder.callDecode(ByteToMessageDecoder.java:428)
	... 15 common frames omitted
11:58:30.683 WARN  vert.x-eventloop-thread-0 DefaultChannelPipeline : An exceptionCaught() event was fired, and it reached at the tail of the pipeline. It usually means the last handler in the pipeline did not handle the exception.
io.netty.handler.codec.DecoderException: javax.net.ssl.SSLHandshakeException: Received fatal alert: certificate_unknown
	at io.netty.handler.codec.ByteToMessageDecoder.callDecode(ByteToMessageDecoder.java:459)
	at io.netty.handler.codec.ByteToMessageDecoder.channelRead(ByteToMessageDecoder.java:265)
	at io.netty.channel.AbstractChannelHandlerContext.invokeChannelRead(AbstractChannelHandlerContext.java:362)
	at io.netty.channel.AbstractChannelHandlerContext.invokeChannelRead(AbstractChannelHandlerContext.java:348)
	at io.netty.channel.AbstractChannelHandlerContext.fireChannelRead(AbstractChannelHandlerContext.java:340)
	at io.netty.channel.DefaultChannelPipeline$HeadContext.channelRead(DefaultChannelPipeline.java:1359)
	at io.netty.channel.AbstractChannelHandlerContext.invokeChannelRead(AbstractChannelHandlerContext.java:362)
	at io.netty.channel.AbstractChannelHandlerContext.invokeChannelRead(AbstractChannelHandlerContext.java:348)
	at io.netty.channel.DefaultChannelPipeline.fireChannelRead(DefaultChannelPipeline.java:935)
	at io.netty.channel.nio.AbstractNioByteChannel$NioByteUnsafe.read(AbstractNioByteChannel.java:134)
	at io.netty.channel.nio.NioEventLoop.processSelectedKey(NioEventLoop.java:645)
	at io.netty.channel.nio.NioEventLoop.processSelectedKeysPlain(NioEventLoop.java:545)
	at io.netty.channel.nio.NioEventLoop.processSelectedKeys(NioEventLoop.java:499)
	at io.netty.channel.nio.NioEventLoop.run(NioEventLoop.java:459)
	at io.netty.util.concurrent.SingleThreadEventExecutor$5.run(SingleThreadEventExecutor.java:858)
	at java.base/java.lang.Thread.run(Thread.java:840)
Caused by: javax.net.ssl.SSLHandshakeException: Received fatal alert: certificate_unknown
	at java.base/sun.security.ssl.Alert.createSSLException(Alert.java:131)
	at java.base/sun.security.ssl.Alert.createSSLException(Alert.java:117)
	at java.base/sun.security.ssl.TransportContext.fatal(TransportContext.java:370)
	at java.base/sun.security.ssl.Alert$AlertConsumer.consume(Alert.java:293)
	at java.base/sun.security.ssl.TransportContext.dispatch(TransportContext.java:209)
	at java.base/sun.security.ssl.SSLTransport.decode(SSLTransport.java:172)
	at java.base/sun.security.ssl.SSLEngineImpl.decode(SSLEngineImpl.java:736)
	at java.base/sun.security.ssl.SSLEngineImpl.readRecord(SSLEngineImpl.java:691)
	at java.base/sun.security.ssl.SSLEngineImpl.unwrap(SSLEngineImpl.java:506)
	at java.base/sun.security.ssl.SSLEngineImpl.unwrap(SSLEngineImpl.java:482)
	at java.base/javax.net.ssl.SSLEngine.unwrap(SSLEngine.java:679)
	at io.netty.handler.ssl.SslHandler$SslEngineType$3.unwrap(SslHandler.java:281)
	at io.netty.handler.ssl.SslHandler.unwrap(SslHandler.java:1215)
	at io.netty.handler.ssl.SslHandler.decodeJdkCompatible(SslHandler.java:1127)
	at io.netty.handler.ssl.SslHandler.decode(SslHandler.java:1162)
	at io.netty.handler.codec.ByteToMessageDecoder.decodeRemovalReentryProtection(ByteToMessageDecoder.java:489)
	at io.netty.handler.codec.ByteToMessageDecoder.callDecode(ByteToMessageDecoder.java:428)
	... 15 common frames omitted
11:58:31.063 INFO  vert.x-eventloop-thread-0 BaseServiceProxy     : -> GET /sso/Login?forwardTo=22&RL=1&ip2loc=US,200|367ms
11:58:31.063 INFO  vert.x-eventloop-thread-0 CookieManager        : set cookies [partnerID=""; Domain=.ibkr.com; Expires=Thu, 01 Jan 1970 00:00:10 GMT; Path=/; Secure;Secure;HttpOnly;SameSite=None, partnerID=""; Domain=.ibkr.com; Expires=Thu, 01 Jan 1970 00:00:10 GMT; Path=/; Secure;Secure;HttpOnly;SameSite=None, URL_PARAM="forwardTo=22&RL=1&ip2loc=US"; Version=1; Domain=.ibkr.com; Path=/; Secure;Secure, JSESSIONID=ECB19599DC1FDF6A9E660EAEB045C6B5.cwwwdam2-internet; Path=/sso; Secure; HttpOnly;Secure;SameSite=None, x-sess-uuid=0.879c7a5c.1760547510.7e1a47c; secure; HttpOnly]
11:58:31.063 DEBUG vert.x-eventloop-thread-0 BaseServiceProxy     : Remapping Set-cookies [partnerID=""; Domain=.ibkr.com; Expires=Thu, 01 Jan 1970 00:00:10 GMT; Path=/; Secure;Secure;HttpOnly;SameSite=None, partnerID=""; Domain=.ibkr.com; Expires=Thu, 01 Jan 1970 00:00:10 GMT; Path=/; Secure;Secure;HttpOnly;SameSite=None, URL_PARAM="forwardTo=22&RL=1&ip2loc=US"; Version=1; Domain=.ibkr.com; Path=/; Secure;Secure, JSESSIONID=ECB19599DC1FDF6A9E660EAEB045C6B5.cwwwdam2-internet; Path=/sso; Secure; HttpOnly;Secure;SameSite=None, x-sess-uuid=0.879c7a5c.1760547510.7e1a47c; secure; HttpOnly] -> 
11:58:31.097 WARN  vert.x-eventloop-thread-0 DefaultChannelPipeline : An exceptionCaught() event was fired, and it reached at the tail of the pipeline. It usually means the last handler in the pipeline did not handle the exception.
io.netty.handler.codec.DecoderException: javax.net.ssl.SSLHandshakeException: Received fatal alert: certificate_unknown
	at io.netty.handler.codec.ByteToMessageDecoder.callDecode(ByteToMessageDecoder.java:459)
	at io.netty.handler.codec.ByteToMessageDecoder.channelRead(ByteToMessageDecoder.java:265)
	at io.netty.channel.AbstractChannelHandlerContext.invokeChannelRead(AbstractChannelHandlerContext.java:362)
	at io.netty.channel.AbstractChannelHandlerContext.invokeChannelRead(AbstractChannelHandlerContext.java:348)
	at io.netty.channel.AbstractChannelHandlerContext.fireChannelRead(AbstractChannelHandlerContext.java:340)
	at io.netty.channel.DefaultChannelPipeline$HeadContext.channelRead(DefaultChannelPipeline.java:1359)
	at io.netty.channel.AbstractChannelHandlerContext.invokeChannelRead(AbstractChannelHandlerContext.java:362)
	at io.netty.channel.AbstractChannelHandlerContext.invokeChannelRead(AbstractChannelHandlerContext.java:348)
	at io.netty.channel.DefaultChannelPipeline.fireChannelRead(DefaultChannelPipeline.java:935)
	at io.netty.channel.nio.AbstractNioByteChannel$NioByteUnsafe.read(AbstractNioByteChannel.java:134)
	at io.netty.channel.nio.NioEventLoop.processSelectedKey(NioEventLoop.java:645)
	at io.netty.channel.nio.NioEventLoop.processSelectedKeysPlain(NioEventLoop.java:545)
	at io.netty.channel.nio.NioEventLoop.processSelectedKeys(NioEventLoop.java:499)
	at io.netty.channel.nio.NioEventLoop.run(NioEventLoop.java:459)
	at io.netty.util.concurrent.SingleThreadEventExecutor$5.run(SingleThreadEventExecutor.java:858)
	at java.base/java.lang.Thread.run(Thread.java:840)
Caused by: javax.net.ssl.SSLHandshakeException: Received fatal alert: certificate_unknown
	at java.base/sun.security.ssl.Alert.createSSLException(Alert.java:131)
	at java.base/sun.security.ssl.Alert.createSSLException(Alert.java:117)
	at java.base/sun.security.ssl.TransportContext.fatal(TransportContext.java:370)
	at java.base/sun.security.ssl.Alert$AlertConsumer.consume(Alert.java:293)
	at java.base/sun.security.ssl.TransportContext.dispatch(TransportContext.java:209)
	at java.base/sun.security.ssl.SSLTransport.decode(SSLTransport.java:172)
	at java.base/sun.security.ssl.SSLEngineImpl.decode(SSLEngineImpl.java:736)
	at java.base/sun.security.ssl.SSLEngineImpl.readRecord(SSLEngineImpl.java:691)
	at java.base/sun.security.ssl.SSLEngineImpl.unwrap(SSLEngineImpl.java:506)
	at java.base/sun.security.ssl.SSLEngineImpl.unwrap(SSLEngineImpl.java:482)
	at java.base/javax.net.ssl.SSLEngine.unwrap(SSLEngine.java:679)
	at io.netty.handler.ssl.SslHandler$SslEngineType$3.unwrap(SslHandler.java:281)
	at io.netty.handler.ssl.SslHandler.unwrap(SslHandler.java:1215)
	at io.netty.handler.ssl.SslHandler.decodeJdkCompatible(SslHandler.java:1127)
	at io.netty.handler.ssl.SslHandler.decode(SslHandler.java:1162)
	at io.netty.handler.codec.ByteToMessageDecoder.decodeRemovalReentryProtection(ByteToMessageDecoder.java:489)
	at io.netty.handler.codec.ByteToMessageDecoder.callDecode(ByteToMessageDecoder.java:428)
	... 15 common frames omitted
11:58:31.104 WARN  vert.x-eventloop-thread-0 DefaultChannelPipeline : An exceptionCaught() event was fired, and it reached at the tail of the pipeline. It usually means the last handler in the pipeline did not handle the exception.
io.netty.handler.codec.DecoderException: javax.net.ssl.SSLHandshakeException: Received fatal alert: certificate_unknown
	at io.netty.handler.codec.ByteToMessageDecoder.callDecode(ByteToMessageDecoder.java:459)
	at io.netty.handler.codec.ByteToMessageDecoder.channelRead(ByteToMessageDecoder.java:265)
	at io.netty.channel.AbstractChannelHandlerContext.invokeChannelRead(AbstractChannelHandlerContext.java:362)
	at io.netty.channel.AbstractChannelHandlerContext.invokeChannelRead(AbstractChannelHandlerContext.java:348)
	at io.netty.channel.AbstractChannelHandlerContext.fireChannelRead(AbstractChannelHandlerContext.java:340)
	at io.netty.channel.DefaultChannelPipeline$HeadContext.channelRead(DefaultChannelPipeline.java:1359)
	at io.netty.channel.AbstractChannelHandlerContext.invokeChannelRead(AbstractChannelHandlerContext.java:362)
	at io.netty.channel.AbstractChannelHandlerContext.invokeChannelRead(AbstractChannelHandlerContext.java:348)
	at io.netty.channel.DefaultChannelPipeline.fireChannelRead(DefaultChannelPipeline.java:935)
	at io.netty.channel.nio.AbstractNioByteChannel$NioByteUnsafe.read(AbstractNioByteChannel.java:134)
	at io.netty.channel.nio.NioEventLoop.processSelectedKey(NioEventLoop.java:645)
	at io.netty.channel.nio.NioEventLoop.processSelectedKeysPlain(NioEventLoop.java:545)
	at io.netty.channel.nio.NioEventLoop.processSelectedKeys(NioEventLoop.java:499)
	at io.netty.channel.nio.NioEventLoop.run(NioEventLoop.java:459)
	at io.netty.util.concurrent.SingleThreadEventExecutor$5.run(SingleThreadEventExecutor.java:858)
	at java.base/java.lang.Thread.run(Thread.java:840)
Caused by: javax.net.ssl.SSLHandshakeException: Received fatal alert: certificate_unknown
	at java.base/sun.security.ssl.Alert.createSSLException(Alert.java:131)
	at java.base/sun.security.ssl.Alert.createSSLException(Alert.java:117)
	at java.base/sun.security.ssl.TransportContext.fatal(TransportContext.java:370)
	at java.base/sun.security.ssl.Alert$AlertConsumer.consume(Alert.java:293)
	at java.base/sun.security.ssl.TransportContext.dispatch(TransportContext.java:209)
	at java.base/sun.security.ssl.SSLTransport.decode(SSLTransport.java:172)
	at java.base/sun.security.ssl.SSLEngineImpl.decode(SSLEngineImpl.java:736)
	at java.base/sun.security.ssl.SSLEngineImpl.readRecord(SSLEngineImpl.java:691)
	at java.base/sun.security.ssl.SSLEngineImpl.unwrap(SSLEngineImpl.java:506)
	at java.base/sun.security.ssl.SSLEngineImpl.unwrap(SSLEngineImpl.java:482)
	at java.base/javax.net.ssl.SSLEngine.unwrap(SSLEngine.java:679)
	at io.netty.handler.ssl.SslHandler$SslEngineType$3.unwrap(SslHandler.java:281)
	at io.netty.handler.ssl.SslHandler.unwrap(SslHandler.java:1215)
	at io.netty.handler.ssl.SslHandler.decodeJdkCompatible(SslHandler.java:1127)
	at io.netty.handler.ssl.SslHandler.decode(SslHandler.java:1162)
	at io.netty.handler.codec.ByteToMessageDecoder.decodeRemovalReentryProtection(ByteToMessageDecoder.java:489)
	at io.netty.handler.codec.ByteToMessageDecoder.callDecode(ByteToMessageDecoder.java:428)
	... 15 common frames omitted
11:58:31.108 WARN  vert.x-eventloop-thread-0 DefaultChannelPipeline : An exceptionCaught() event was fired, and it reached at the tail of the pipeline. It usually means the last handler in the pipeline did not handle the exception.
io.netty.handler.codec.DecoderException: javax.net.ssl.SSLHandshakeException: Received fatal alert: certificate_unknown
	at io.netty.handler.codec.ByteToMessageDecoder.callDecode(ByteToMessageDecoder.java:459)
	at io.netty.handler.codec.ByteToMessageDecoder.channelRead(ByteToMessageDecoder.java:265)
	at io.netty.channel.AbstractChannelHandlerContext.invokeChannelRead(AbstractChannelHandlerContext.java:362)
	at io.netty.channel.AbstractChannelHandlerContext.invokeChannelRead(AbstractChannelHandlerContext.java:348)
	at io.netty.channel.AbstractChannelHandlerContext.fireChannelRead(AbstractChannelHandlerContext.java:340)
	at io.netty.channel.DefaultChannelPipeline$HeadContext.channelRead(DefaultChannelPipeline.java:1359)
	at io.netty.channel.AbstractChannelHandlerContext.invokeChannelRead(AbstractChannelHandlerContext.java:362)
	at io.netty.channel.AbstractChannelHandlerContext.invokeChannelRead(AbstractChannelHandlerContext.java:348)
	at io.netty.channel.DefaultChannelPipeline.fireChannelRead(DefaultChannelPipeline.java:935)
	at io.netty.channel.nio.AbstractNioByteChannel$NioByteUnsafe.read(AbstractNioByteChannel.java:134)
	at io.netty.channel.nio.NioEventLoop.processSelectedKey(NioEventLoop.java:645)
	at io.netty.channel.nio.NioEventLoop.processSelectedKeysPlain(NioEventLoop.java:545)
	at io.netty.channel.nio.NioEventLoop.processSelectedKeys(NioEventLoop.java:499)
	at io.netty.channel.nio.NioEventLoop.run(NioEventLoop.java:459)
	at io.netty.util.concurrent.SingleThreadEventExecutor$5.run(SingleThreadEventExecutor.java:858)
	at java.base/java.lang.Thread.run(Thread.java:840)
Caused by: javax.net.ssl.SSLHandshakeException: Received fatal alert: certificate_unknown
	at java.base/sun.security.ssl.Alert.createSSLException(Alert.java:131)
	at java.base/sun.security.ssl.Alert.createSSLException(Alert.java:117)
	at java.base/sun.security.ssl.TransportContext.fatal(TransportContext.java:370)
	at java.base/sun.security.ssl.Alert$AlertConsumer.consume(Alert.java:293)
	at java.base/sun.security.ssl.TransportContext.dispatch(TransportContext.java:209)
	at java.base/sun.security.ssl.SSLTransport.decode(SSLTransport.java:172)
	at java.base/sun.security.ssl.SSLEngineImpl.decode(SSLEngineImpl.java:736)
	at java.base/sun.security.ssl.SSLEngineImpl.readRecord(SSLEngineImpl.java:691)
	at java.base/sun.security.ssl.SSLEngineImpl.unwrap(SSLEngineImpl.java:506)
	at java.base/sun.security.ssl.SSLEngineImpl.unwrap(SSLEngineImpl.java:482)
	at java.base/javax.net.ssl.SSLEngine.unwrap(SSLEngine.java:679)
	at io.netty.handler.ssl.SslHandler$SslEngineType$3.unwrap(SslHandler.java:281)
	at io.netty.handler.ssl.SslHandler.unwrap(SslHandler.java:1215)
	at io.netty.handler.ssl.SslHandler.decodeJdkCompatible(SslHandler.java:1127)
	at io.netty.handler.ssl.SslHandler.decode(SslHandler.java:1162)
	at io.netty.handler.codec.ByteToMessageDecoder.decodeRemovalReentryProtection(ByteToMessageDecoder.java:489)
	at io.netty.handler.codec.ByteToMessageDecoder.callDecode(ByteToMessageDecoder.java:428)
	... 15 common frames omitted
11:58:31.113 WARN  vert.x-eventloop-thread-0 DefaultChannelPipeline : An exceptionCaught() event was fired, and it reached at the tail of the pipeline. It usually means the last handler in the pipeline did not handle the exception.
io.netty.handler.codec.DecoderException: javax.net.ssl.SSLHandshakeException: Received fatal alert: certificate_unknown
	at io.netty.handler.codec.ByteToMessageDecoder.callDecode(ByteToMessageDecoder.java:459)
	at io.netty.handler.codec.ByteToMessageDecoder.channelRead(ByteToMessageDecoder.java:265)
	at io.netty.channel.AbstractChannelHandlerContext.invokeChannelRead(AbstractChannelHandlerContext.java:362)
	at io.netty.channel.AbstractChannelHandlerContext.invokeChannelRead(AbstractChannelHandlerContext.java:348)
	at io.netty.channel.AbstractChannelHandlerContext.fireChannelRead(AbstractChannelHandlerContext.java:340)
	at io.netty.channel.DefaultChannelPipeline$HeadContext.channelRead(DefaultChannelPipeline.java:1359)
	at io.netty.channel.AbstractChannelHandlerContext.invokeChannelRead(AbstractChannelHandlerContext.java:362)
	at io.netty.channel.AbstractChannelHandlerContext.invokeChannelRead(AbstractChannelHandlerContext.java:348)
	at io.netty.channel.DefaultChannelPipeline.fireChannelRead(DefaultChannelPipeline.java:935)
	at io.netty.channel.nio.AbstractNioByteChannel$NioByteUnsafe.read(AbstractNioByteChannel.java:134)
	at io.netty.channel.nio.NioEventLoop.processSelectedKey(NioEventLoop.java:645)
	at io.netty.channel.nio.NioEventLoop.processSelectedKeysPlain(NioEventLoop.java:545)
	at io.netty.channel.nio.NioEventLoop.processSelectedKeys(NioEventLoop.java:499)
	at io.netty.channel.nio.NioEventLoop.run(NioEventLoop.java:459)
	at io.netty.util.concurrent.SingleThreadEventExecutor$5.run(SingleThreadEventExecutor.java:858)
	at java.base/java.lang.Thread.run(Thread.java:840)
Caused by: javax.net.ssl.SSLHandshakeException: Received fatal alert: certificate_unknown
	at java.base/sun.security.ssl.Alert.createSSLException(Alert.java:131)
	at java.base/sun.security.ssl.Alert.createSSLException(Alert.java:117)
	at java.base/sun.security.ssl.TransportContext.fatal(TransportContext.java:370)
	at java.base/sun.security.ssl.Alert$AlertConsumer.consume(Alert.java:293)
	at java.base/sun.security.ssl.TransportContext.dispatch(TransportContext.java:209)
	at java.base/sun.security.ssl.SSLTransport.decode(SSLTransport.java:172)
	at java.base/sun.security.ssl.SSLEngineImpl.decode(SSLEngineImpl.java:736)
	at java.base/sun.security.ssl.SSLEngineImpl.readRecord(SSLEngineImpl.java:691)
	at java.base/sun.security.ssl.SSLEngineImpl.unwrap(SSLEngineImpl.java:506)
	at java.base/sun.security.ssl.SSLEngineImpl.unwrap(SSLEngineImpl.java:482)
	at java.base/javax.net.ssl.SSLEngine.unwrap(SSLEngine.java:679)
	at io.netty.handler.ssl.SslHandler$SslEngineType$3.unwrap(SslHandler.java:281)
	at io.netty.handler.ssl.SslHandler.unwrap(SslHandler.java:1215)
	at io.netty.handler.ssl.SslHandler.decodeJdkCompatible(SslHandler.java:1127)
	at io.netty.handler.ssl.SslHandler.decode(SslHandler.java:1162)
	at io.netty.handler.codec.ByteToMessageDecoder.decodeRemovalReentryProtection(ByteToMessageDecoder.java:489)
	at io.netty.handler.codec.ByteToMessageDecoder.callDecode(ByteToMessageDecoder.java:428)
	... 15 common frames omitted
11:58:31.115 WARN  vert.x-eventloop-thread-0 DefaultChannelPipeline : An exceptionCaught() event was fired, and it reached at the tail of the pipeline. It usually means the last handler in the pipeline did not handle the exception.
io.netty.handler.codec.DecoderException: javax.net.ssl.SSLHandshakeException: Received fatal alert: certificate_unknown
	at io.netty.handler.codec.ByteToMessageDecoder.callDecode(ByteToMessageDecoder.java:459)
	at io.netty.handler.codec.ByteToMessageDecoder.channelRead(ByteToMessageDecoder.java:265)
	at io.netty.channel.AbstractChannelHandlerContext.invokeChannelRead(AbstractChannelHandlerContext.java:362)
	at io.netty.channel.AbstractChannelHandlerContext.invokeChannelRead(AbstractChannelHandlerContext.java:348)
	at io.netty.channel.AbstractChannelHandlerContext.fireChannelRead(AbstractChannelHandlerContext.java:340)
	at io.netty.channel.DefaultChannelPipeline$HeadContext.channelRead(DefaultChannelPipeline.java:1359)
	at io.netty.channel.AbstractChannelHandlerContext.invokeChannelRead(AbstractChannelHandlerContext.java:362)
	at io.netty.channel.AbstractChannelHandlerContext.invokeChannelRead(AbstractChannelHandlerContext.java:348)
	at io.netty.channel.DefaultChannelPipeline.fireChannelRead(DefaultChannelPipeline.java:935)
	at io.netty.channel.nio.AbstractNioByteChannel$NioByteUnsafe.read(AbstractNioByteChannel.java:134)
	at io.netty.channel.nio.NioEventLoop.processSelectedKey(NioEventLoop.java:645)
	at io.netty.channel.nio.NioEventLoop.processSelectedKeysPlain(NioEventLoop.java:545)
	at io.netty.channel.nio.NioEventLoop.processSelectedKeys(NioEventLoop.java:499)
	at io.netty.channel.nio.NioEventLoop.run(NioEventLoop.java:459)
	at io.netty.util.concurrent.SingleThreadEventExecutor$5.run(SingleThreadEventExecutor.java:858)
	at java.base/java.lang.Thread.run(Thread.java:840)
Caused by: javax.net.ssl.SSLHandshakeException: Received fatal alert: certificate_unknown
	at java.base/sun.security.ssl.Alert.createSSLException(Alert.java:131)
	at java.base/sun.security.ssl.Alert.createSSLException(Alert.java:117)
	at java.base/sun.security.ssl.TransportContext.fatal(TransportContext.java:370)
	at java.base/sun.security.ssl.Alert$AlertConsumer.consume(Alert.java:293)
	at java.base/sun.security.ssl.TransportContext.dispatch(TransportContext.java:209)
	at java.base/sun.security.ssl.SSLTransport.decode(SSLTransport.java:172)
	at java.base/sun.security.ssl.SSLEngineImpl.decode(SSLEngineImpl.java:736)
	at java.base/sun.security.ssl.SSLEngineImpl.readRecord(SSLEngineImpl.java:691)
	at java.base/sun.security.ssl.SSLEngineImpl.unwrap(SSLEngineImpl.java:506)
	at java.base/sun.security.ssl.SSLEngineImpl.unwrap(SSLEngineImpl.java:482)
	at java.base/javax.net.ssl.SSLEngine.unwrap(SSLEngine.java:679)
	at io.netty.handler.ssl.SslHandler$SslEngineType$3.unwrap(SslHandler.java:281)
	at io.netty.handler.ssl.SslHandler.unwrap(SslHandler.java:1215)
	at io.netty.handler.ssl.SslHandler.decodeJdkCompatible(SslHandler.java:1127)
	at io.netty.handler.ssl.SslHandler.decode(SslHandler.java:1162)
	at io.netty.handler.codec.ByteToMessageDecoder.decodeRemovalReentryProtection(ByteToMessageDecoder.java:489)
	at io.netty.handler.codec.ByteToMessageDecoder.callDecode(ByteToMessageDecoder.java:428)
	... 15 common frames omitted
11:58:31.117 WARN  vert.x-eventloop-thread-0 DefaultChannelPipeline : An exceptionCaught() event was fired, and it reached at the tail of the pipeline. It usually means the last handler in the pipeline did not handle the exception.
io.netty.handler.codec.DecoderException: javax.net.ssl.SSLHandshakeException: Received fatal alert: certificate_unknown
	at io.netty.handler.codec.ByteToMessageDecoder.callDecode(ByteToMessageDecoder.java:459)
	at io.netty.handler.codec.ByteToMessageDecoder.channelRead(ByteToMessageDecoder.java:265)
	at io.netty.channel.AbstractChannelHandlerContext.invokeChannelRead(AbstractChannelHandlerContext.java:362)
	at io.netty.channel.AbstractChannelHandlerContext.invokeChannelRead(AbstractChannelHandlerContext.java:348)
	at io.netty.channel.AbstractChannelHandlerContext.fireChannelRead(AbstractChannelHandlerContext.java:340)
	at io.netty.channel.DefaultChannelPipeline$HeadContext.channelRead(DefaultChannelPipeline.java:1359)
	at io.netty.channel.AbstractChannelHandlerContext.invokeChannelRead(AbstractChannelHandlerContext.java:362)
	at io.netty.channel.AbstractChannelHandlerContext.invokeChannelRead(AbstractChannelHandlerContext.java:348)
	at io.netty.channel.DefaultChannelPipeline.fireChannelRead(DefaultChannelPipeline.java:935)
	at io.netty.channel.nio.AbstractNioByteChannel$NioByteUnsafe.read(AbstractNioByteChannel.java:134)
	at io.netty.channel.nio.NioEventLoop.processSelectedKey(NioEventLoop.java:645)
	at io.netty.channel.nio.NioEventLoop.processSelectedKeysPlain(NioEventLoop.java:545)
	at io.netty.channel.nio.NioEventLoop.processSelectedKeys(NioEventLoop.java:499)
	at io.netty.channel.nio.NioEventLoop.run(NioEventLoop.java:459)
	at io.netty.util.concurrent.SingleThreadEventExecutor$5.run(SingleThreadEventExecutor.java:858)
	at java.base/java.lang.Thread.run(Thread.java:840)
Caused by: javax.net.ssl.SSLHandshakeException: Received fatal alert: certificate_unknown
	at java.base/sun.security.ssl.Alert.createSSLException(Alert.java:131)
	at java.base/sun.security.ssl.Alert.createSSLException(Alert.java:117)
	at java.base/sun.security.ssl.TransportContext.fatal(TransportContext.java:370)
	at java.base/sun.security.ssl.Alert$AlertConsumer.consume(Alert.java:293)
	at java.base/sun.security.ssl.TransportContext.dispatch(TransportContext.java:209)
	at java.base/sun.security.ssl.SSLTransport.decode(SSLTransport.java:172)
	at java.base/sun.security.ssl.SSLEngineImpl.decode(SSLEngineImpl.java:736)
	at java.base/sun.security.ssl.SSLEngineImpl.readRecord(SSLEngineImpl.java:691)
	at java.base/sun.security.ssl.SSLEngineImpl.unwrap(SSLEngineImpl.java:506)
	at java.base/sun.security.ssl.SSLEngineImpl.unwrap(SSLEngineImpl.java:482)
	at java.base/javax.net.ssl.SSLEngine.unwrap(SSLEngine.java:679)
	at io.netty.handler.ssl.SslHandler$SslEngineType$3.unwrap(SslHandler.java:281)
	at io.netty.handler.ssl.SslHandler.unwrap(SslHandler.java:1215)
	at io.netty.handler.ssl.SslHandler.decodeJdkCompatible(SslHandler.java:1127)
	at io.netty.handler.ssl.SslHandler.decode(SslHandler.java:1162)
	at io.netty.handler.codec.ByteToMessageDecoder.decodeRemovalReentryProtection(ByteToMessageDecoder.java:489)
	at io.netty.handler.codec.ByteToMessageDecoder.callDecode(ByteToMessageDecoder.java:428)
	... 15 common frames omitted
11:58:31.148 WARN  vert.x-eventloop-thread-0 DefaultChannelPipeline : An exceptionCaught() event was fired, and it reached at the tail of the pipeline. It usually means the last handler in the pipeline did not handle the exception.
io.netty.handler.codec.DecoderException: javax.net.ssl.SSLHandshakeException: Received fatal alert: certificate_unknown
	at io.netty.handler.codec.ByteToMessageDecoder.callDecode(ByteToMessageDecoder.java:459)
	at io.netty.handler.codec.ByteToMessageDecoder.channelRead(ByteToMessageDecoder.java:265)
	at io.netty.channel.AbstractChannelHandlerContext.invokeChannelRead(AbstractChannelHandlerContext.java:362)
	at io.netty.channel.AbstractChannelHandlerContext.invokeChannelRead(AbstractChannelHandlerContext.java:348)
	at io.netty.channel.AbstractChannelHandlerContext.fireChannelRead(AbstractChannelHandlerContext.java:340)
	at io.netty.channel.DefaultChannelPipeline$HeadContext.channelRead(DefaultChannelPipeline.java:1359)
	at io.netty.channel.AbstractChannelHandlerContext.invokeChannelRead(AbstractChannelHandlerContext.java:362)
	at io.netty.channel.AbstractChannelHandlerContext.invokeChannelRead(AbstractChannelHandlerContext.java:348)
	at io.netty.channel.DefaultChannelPipeline.fireChannelRead(DefaultChannelPipeline.java:935)
	at io.netty.channel.nio.AbstractNioByteChannel$NioByteUnsafe.read(AbstractNioByteChannel.java:134)
	at io.netty.channel.nio.NioEventLoop.processSelectedKey(NioEventLoop.java:645)
	at io.netty.channel.nio.NioEventLoop.processSelectedKeysPlain(NioEventLoop.java:545)
	at io.netty.channel.nio.NioEventLoop.processSelectedKeys(NioEventLoop.java:499)
	at io.netty.channel.nio.NioEventLoop.run(NioEventLoop.java:459)
	at io.netty.util.concurrent.SingleThreadEventExecutor$5.run(SingleThreadEventExecutor.java:858)
	at java.base/java.lang.Thread.run(Thread.java:840)
Caused by: javax.net.ssl.SSLHandshakeException: Received fatal alert: certificate_unknown
	at java.base/sun.security.ssl.Alert.createSSLException(Alert.java:131)
	at java.base/sun.security.ssl.Alert.createSSLException(Alert.java:117)
	at java.base/sun.security.ssl.TransportContext.fatal(TransportContext.java:370)
	at java.base/sun.security.ssl.Alert$AlertConsumer.consume(Alert.java:293)
	at java.base/sun.security.ssl.TransportContext.dispatch(TransportContext.java:209)
	at java.base/sun.security.ssl.SSLTransport.decode(SSLTransport.java:172)
	at java.base/sun.security.ssl.SSLEngineImpl.decode(SSLEngineImpl.java:736)
	at java.base/sun.security.ssl.SSLEngineImpl.readRecord(SSLEngineImpl.java:691)
	at java.base/sun.security.ssl.SSLEngineImpl.unwrap(SSLEngineImpl.java:506)
	at java.base/sun.security.ssl.SSLEngineImpl.unwrap(SSLEngineImpl.java:482)
	at java.base/javax.net.ssl.SSLEngine.unwrap(SSLEngine.java:679)
	at io.netty.handler.ssl.SslHandler$SslEngineType$3.unwrap(SslHandler.java:281)
	at io.netty.handler.ssl.SslHandler.unwrap(SslHandler.java:1215)
	at io.netty.handler.ssl.SslHandler.decodeJdkCompatible(SslHandler.java:1127)
	at io.netty.handler.ssl.SslHandler.decode(SslHandler.java:1162)
	at io.netty.handler.codec.ByteToMessageDecoder.decodeRemovalReentryProtection(ByteToMessageDecoder.java:489)
	at io.netty.handler.codec.ByteToMessageDecoder.callDecode(ByteToMessageDecoder.java:428)
	... 15 common frames omitted
11:58:31.150 WARN  vert.x-eventloop-thread-0 DefaultChannelPipeline : An exceptionCaught() event was fired, and it reached at the tail of the pipeline. It usually means the last handler in the pipeline did not handle the exception.
io.netty.handler.codec.DecoderException: javax.net.ssl.SSLHandshakeException: Received fatal alert: certificate_unknown
	at io.netty.handler.codec.ByteToMessageDecoder.callDecode(ByteToMessageDecoder.java:459)
	at io.netty.handler.codec.ByteToMessageDecoder.channelRead(ByteToMessageDecoder.java:265)
	at io.netty.channel.AbstractChannelHandlerContext.invokeChannelRead(AbstractChannelHandlerContext.java:362)
	at io.netty.channel.AbstractChannelHandlerContext.invokeChannelRead(AbstractChannelHandlerContext.java:348)
	at io.netty.channel.AbstractChannelHandlerContext.fireChannelRead(AbstractChannelHandlerContext.java:340)
	at io.netty.channel.DefaultChannelPipeline$HeadContext.channelRead(DefaultChannelPipeline.java:1359)
	at io.netty.channel.AbstractChannelHandlerContext.invokeChannelRead(AbstractChannelHandlerContext.java:362)
	at io.netty.channel.AbstractChannelHandlerContext.invokeChannelRead(AbstractChannelHandlerContext.java:348)
	at io.netty.channel.DefaultChannelPipeline.fireChannelRead(DefaultChannelPipeline.java:935)
	at io.netty.channel.nio.AbstractNioByteChannel$NioByteUnsafe.read(AbstractNioByteChannel.java:134)
	at io.netty.channel.nio.NioEventLoop.processSelectedKey(NioEventLoop.java:645)
	at io.netty.channel.nio.NioEventLoop.processSelectedKeysPlain(NioEventLoop.java:545)
	at io.netty.channel.nio.NioEventLoop.processSelectedKeys(NioEventLoop.java:499)
	at io.netty.channel.nio.NioEventLoop.run(NioEventLoop.java:459)
	at io.netty.util.concurrent.SingleThreadEventExecutor$5.run(SingleThreadEventExecutor.java:858)
	at java.base/java.lang.Thread.run(Thread.java:840)
Caused by: javax.net.ssl.SSLHandshakeException: Received fatal alert: certificate_unknown
	at java.base/sun.security.ssl.Alert.createSSLException(Alert.java:131)
	at java.base/sun.security.ssl.Alert.createSSLException(Alert.java:117)
	at java.base/sun.security.ssl.TransportContext.fatal(TransportContext.java:370)
	at java.base/sun.security.ssl.Alert$AlertConsumer.consume(Alert.java:293)
	at java.base/sun.security.ssl.TransportContext.dispatch(TransportContext.java:209)
	at java.base/sun.security.ssl.SSLTransport.decode(SSLTransport.java:172)
	at java.base/sun.security.ssl.SSLEngineImpl.decode(SSLEngineImpl.java:736)
	at java.base/sun.security.ssl.SSLEngineImpl.readRecord(SSLEngineImpl.java:691)
	at java.base/sun.security.ssl.SSLEngineImpl.unwrap(SSLEngineImpl.java:506)
	at java.base/sun.security.ssl.SSLEngineImpl.unwrap(SSLEngineImpl.java:482)
	at java.base/javax.net.ssl.SSLEngine.unwrap(SSLEngine.java:679)
	at io.netty.handler.ssl.SslHandler$SslEngineType$3.unwrap(SslHandler.java:281)
	at io.netty.handler.ssl.SslHandler.unwrap(SslHandler.java:1215)
	at io.netty.handler.ssl.SslHandler.decodeJdkCompatible(SslHandler.java:1127)
	at io.netty.handler.ssl.SslHandler.decode(SslHandler.java:1162)
	at io.netty.handler.codec.ByteToMessageDecoder.decodeRemovalReentryProtection(ByteToMessageDecoder.java:489)
	at io.netty.handler.codec.ByteToMessageDecoder.callDecode(ByteToMessageDecoder.java:428)
	... 15 common frames omitted
11:58:31.333 INFO  vert.x-eventloop-thread-0 BaseServiceProxy     : -> GET /css/bootstrap-5.2.2/bootstrap.min.css,200|236ms
11:58:31.407 INFO  vert.x-eventloop-thread-0 BaseServiceProxy     : -> GET /css/bootstrap-switch-3.3.2/bootstrap-switch.min.css,200|256ms
11:58:31.420 INFO  vert.x-eventloop-thread-0 BaseServiceProxy     : -> GET /css/ibkr/theme-ibkr-portal.min.css,200|270ms
11:58:31.458 INFO  vert.x-eventloop-thread-0 BaseServiceProxy     : -> GET /css/fontawesome-6.4.2/all.min.css,200|309ms
11:58:31.460 INFO  vert.x-eventloop-thread-0 BaseServiceProxy     : -> GET /css/reg-am/login.min.css,200|341ms
11:58:31.592 INFO  vert.x-eventloop-thread-0 BaseServiceProxy     : -> GET /scripts/common/js/bootstrap-5.2.2/bootstrap.bundle.min.js,200|178ms
11:58:31.624 INFO  vert.x-eventloop-thread-0 BaseServiceProxy     : -> GET /scripts/common/js/jquery-3.7.0/jquery.min.js,200|473ms
11:58:31.707 INFO  vert.x-eventloop-thread-0 BaseServiceProxy     : -> GET /sso/lib/xyz.bundle.min.js,200|267ms
11:58:31.707 INFO  vert.x-eventloop-thread-0 CookieManager        : set cookies [x-sess-uuid=0.889c7a5c.1760547511.5e2c19a; secure; HttpOnly]
11:58:31.708 DEBUG vert.x-eventloop-thread-0 BaseServiceProxy     : Remapping Set-cookies [x-sess-uuid=0.889c7a5c.1760547511.5e2c19a; secure; HttpOnly] -> 
11:58:31.928 INFO  vert.x-eventloop-thread-0 BaseServiceProxy     : -> GET /images/common/logos/ibkr/interactive-brokers.svg,200|88ms
11:58:31.997 INFO  vert.x-eventloop-thread-0 BaseServiceProxy     : -> GET /fonts/proxima-nova/Proxima-Nova-Semibold.woff2,200|143ms
11:58:32.000 INFO  vert.x-eventloop-thread-0 BaseServiceProxy     : -> GET /fonts/fontawesome-6.4.2/webfonts/fa-brands-400.woff2,200|146ms
11:58:32.007 INFO  vert.x-eventloop-thread-0 BaseServiceProxy     : -> GET /fonts/proxima-nova/Proxima-Nova-Regular.woff2,200|155ms
11:58:32.043 INFO  vert.x-eventloop-thread-0 BaseServiceProxy     : -> GET /fonts/fontawesome-6.4.2/webfonts/fa-solid-900.woff2,200|190ms
11:58:32.088 INFO  vert.x-eventloop-thread-0 BaseServiceProxy     : -> GET /sso/report,200|222ms
11:58:32.089 INFO  vert.x-eventloop-thread-0 CookieManager        : set cookies [x-sess-uuid=0.879c7a5c.1760547511.7f46cf9; secure; HttpOnly]
11:58:32.089 DEBUG vert.x-eventloop-thread-0 BaseServiceProxy     : Remapping Set-cookies [x-sess-uuid=0.879c7a5c.1760547511.7f46cf9; secure; HttpOnly] -> 
11:58:45.383 INFO  vert.x-eventloop-thread-0 BaseServiceProxy     : -> GET /sso/Authenticator,200|150ms
11:58:45.383 INFO  vert.x-eventloop-thread-0 CookieManager        : set cookies [x-sess-uuid=0.889c7a5c.1760547525.5e2cc69; secure; HttpOnly]
11:58:45.384 DEBUG vert.x-eventloop-thread-0 BaseServiceProxy     : Remapping Set-cookies [x-sess-uuid=0.889c7a5c.1760547525.5e2cc69; secure; HttpOnly] -> 
11:58:45.577 INFO  vert.x-eventloop-thread-0 BaseServiceProxy     : -> GET /sso/Authenticator,200|187ms
11:58:45.577 INFO  vert.x-eventloop-thread-0 CookieManager        : set cookies [x-sess-uuid=0.879c7a5c.1760547525.7f46e90; secure; HttpOnly]
11:58:45.577 DEBUG vert.x-eventloop-thread-0 BaseServiceProxy     : Remapping Set-cookies [x-sess-uuid=0.879c7a5c.1760547525.7f46e90; secure; HttpOnly] -> 
11:58:45.795 INFO  vert.x-eventloop-thread-0 BaseServiceProxy     : -> GET /sso/Authenticator,200|213ms
11:58:45.796 INFO  vert.x-eventloop-thread-0 CookieManager        : set cookies [x-sess-uuid=0.889c7a5c.1760547525.5e2cc48; secure; HttpOnly]
11:58:45.796 DEBUG vert.x-eventloop-thread-0 BaseServiceProxy     : Remapping Set-cookies [x-sess-uuid=0.889c7a5c.1760547525.5e2cc48; secure; HttpOnly] -> 
11:59:04.310 INFO  vert.x-eventloop-thread-0 BaseServiceProxy     : -> GET /sso/ping,200|160ms
11:59:04.310 INFO  vert.x-eventloop-thread-0 SsoService           : sso ping {"result": "true"}
11:59:13.580 INFO  vert.x-eventloop-thread-0 BaseServiceProxy     : -> GET /sso/Authenticator,200|1096ms
11:59:13.580 INFO  vert.x-eventloop-thread-0 CookieManager        : set cookies [x-sess-uuid=0.879c7a5c.1760547552.7f46ff5; secure; HttpOnly]
11:59:13.580 DEBUG vert.x-eventloop-thread-0 BaseServiceProxy     : Remapping Set-cookies [x-sess-uuid=0.879c7a5c.1760547552.7f46ff5; secure; HttpOnly] -> 
11:59:14.298 INFO  vert.x-eventloop-thread-0 BaseServiceProxy     : -> GET /sso/Dispatcher,302|691ms
11:59:14.298 INFO  vert.x-eventloop-thread-0 CookieManager        : set cookies [USERID=161951889; Domain=.ibkr.com; Path=/; Secure;Secure;SameSite=None, x-sess-uuid=0.889c7a5c.1760547553.5e3c0bb; secure; HttpOnly]
11:59:14.298 DEBUG vert.x-eventloop-thread-0 BaseServiceProxy     : Remapping Set-cookies [USERID=161951889; Domain=.ibkr.com; Path=/; Secure;Secure;SameSite=None, x-sess-uuid=0.889c7a5c.1760547553.5e3c0bb; secure; HttpOnly] -> 
11:59:14.299 INFO  vert.x-eventloop-thread-0 GatewayHttpProxy     : Client login succeeds
11:59:14.684 INFO  vert.x-eventloop-thread-0 BaseServiceProxy     : -> GET /v1/api/sso/validate?gw=1,200|385ms
11:59:14.684 DEBUG vert.x-eventloop-thread-0 ClientPortalService  : portal validate response: {"SFT":"4","IS_PENDING_APPLICANT":false,"SF_ENABLED":true,"HARDWARE_INFO":"","UNIQUE_LOGIN_ID":"161951889-1760547552668","AUTH_TIME":1760547553171,"SF_CONFIG":"4,5.2a","USER_NAME":"txltlm423","CREDENTIAL_TYPE":5,"IS_FREE_TRIAL":false,"LOGIN_TYPE":1,"LANDING_APP":"PORTAL","CREDENTIAL":"emanuelefaja","ANOMALOUS_LOGIN":false,"RESULT":true,"IP":"179.33.221.228","USER_ID":161951889,"EXPIRES":1760547554462,"TOKEN":"23fd67e7e84ac5600d58baa5cbec5baa89b9e275","took":24,"IS_MASTER":false,"features":{"env":"PROD","wlms":true,"realtime":true,"bond":true,"optionChains":true,"calendar":true,"newMf":true},"region":"IL"}
11:59:14.685 INFO  vert.x-eventloop-thread-0 GatewayHttpProxy     : authenticated to cp
11:59:14.686 DEBUG vert.x-eventloop-thread-0 BaseServiceProxy     : cancel timer SsoService 4
11:59:14.686 DEBUG vert.x-eventloop-thread-0 BaseServiceProxy     : start timer 300000 SsoService
11:59:14.687 DEBUG vert.x-eventloop-thread-0 BaseServiceProxy     : forward event ON_SSO_VALIDATION, payload 161951889
11:59:15.115 INFO  vert.x-eventloop-thread-0 BaseServiceProxy     : -> GET /v1/api/one/user,200|430ms
11:59:15.115 INFO  vert.x-eventloop-thread-0 ClientPortalService  : get user reply {"username":"txltlm423","features":{"env":"PROD","wlms":true,"realtime":true,"bond":true,"optionChains":true,"calendar":true,"newMf":true},"wbId":"","uar":{"portfolioAnalyst":true,"userInfo":true,"messageCenter":true,"accountDetails":true,"tradingRestrictions":true,"tws":true,"fyi":true,"voting":true,"forum":true,"recentTransactions":true},"props":{"isIBAMClient":false,"ReadOnlySession":null},"firstApprovedDate":1756094400000,"accts":{"U21556226":{"isIBAMClient":false,"clearingStatus":"O","openDate":1756008000000,"isFAClient":false,"isFunded":true,"tradingPermissions":["CRYPTO","OPT","WAR","STK","CASH","FOP"]}},"hasBrokerageAccessInd":true,"fa":false,"has2fa":false,"islite":false,"ispaper":false,"applicants":[{"id":21037924,"type":"INDIVIDUAL","businessType":"INDEPENDENT","nlcode":"en_US","legalCountry":{"name":"Panama","alpha3":"PAN"}}]}
11:59:16.329 INFO  vert.x-eventloop-thread-0 SsoService           : sso init status=200, url=https://api.ibkr.com/v1/api/ssodh/init
11:59:16.607 DEBUG vert.x-eventloop-thread-0 SsoService           : K 76e0f704bab0170d1e88b80d67a990973776e9e9
11:59:16.607 DEBUG vert.x-eventloop-thread-0 BaseServiceProxy     : forward event ON_SSODH_COMPLETED, payload none
11:59:16.607 DEBUG vert.x-eventloop-thread-0 GatewayHttpProxy     : delaying authentication for 3000
11:59:16.611 ERROR vert.x-eventloop-thread-0 ContextImpl          : Unhandled exception
java.lang.NullPointerException: Cannot read the array length because "mac" is null
	at ibgroup.web.core.clientportal.gw.utils.TstTokenUtils.getMacAddress(TstTokenUtils.java:22)
	at ibgroup.web.core.clientportal.gw.services.SsoService.getMac(SsoService.java:81)
	at ibgroup.web.core.clientportal.gw.services.SsoService.getDeviceId(SsoService.java:70)
	at ibgroup.web.core.clientportal.gw.services.SsoService.setTstToken(SsoService.java:88)
	at ibgroup.web.core.clientportal.gw.http.GatewayHttpProxy.onEvent(GatewayHttpProxy.java:213)
	at ibgroup.web.core.clientportal.gw.http.GatewayHttpProxy.lambda$new$1(GatewayHttpProxy.java:56)
	at ibgroup.web.core.clientportal.gw.services.BaseServiceProxy.lambda$null$0(BaseServiceProxy.java:67)
	at java.base/java.util.ArrayList.forEach(ArrayList.java:1511)
	at ibgroup.web.core.clientportal.gw.services.BaseServiceProxy.lambda$on$1(BaseServiceProxy.java:67)
	at io.vertx.core.impl.ContextImpl.lambda$wrapTask$2(ContextImpl.java:344)
	at io.netty.util.concurrent.AbstractEventExecutor.safeExecute(AbstractEventExecutor.java:163)
	at io.netty.util.concurrent.SingleThreadEventExecutor.runAllTasks(SingleThreadEventExecutor.java:403)
	at io.netty.channel.nio.NioEventLoop.run(NioEventLoop.java:463)
	at io.netty.util.concurrent.SingleThreadEventExecutor$5.run(SingleThreadEventExecutor.java:858)
	at java.base/java.lang.Thread.run(Thread.java:840)
11:59:19.764 INFO  vert.x-eventloop-thread-0 BaseServiceProxy     : -> GET /v1/api/iserver/auth/status,200|155ms
11:59:19.765 DEBUG vert.x-eventloop-thread-0 ClientPortalService  : status {"authenticated":false,"competing":false,"connected":false,"MAC":"F4:03:43:CD:BD:C0"}
11:59:19.765 INFO  vert.x-eventloop-thread-0 ClientPortalService  : process auth status {"authenticated":false,"competing":false,"connected":false,"MAC":"F4:03:43:CD:BD:C0"}
11:59:19.766 DEBUG vert.x-eventloop-thread-0 ClientPortalService  : auth brokerage, k=76e0f704bab0170d1e88b80d67a990973776e9e9, post={"username":"txltlm423","machineId":"2e631edf","compete":true}
11:59:21.566 INFO  vert.x-eventloop-thread-0 BaseServiceProxy     : -> POST https://api.ibkr.com/v1/api/iserver/auth/ssodh/init,200|1800ms
11:59:21.567 DEBUG vert.x-eventloop-thread-0 ClientPortalService  : iserver init : {"passed":true,"authenticated":true,"connected":true,"competing":false,"hardware_info":"32fab343|F4:03:43:CD:BD:C0"}
11:59:21.567 INFO  vert.x-eventloop-thread-0 ClientPortalService  : process auth status {"passed":true,"authenticated":true,"connected":true,"competing":false,"hardware_info":"32fab343|F4:03:43:CD:BD:C0"}
11:59:21.567 DEBUG vert.x-eventloop-thread-0 BaseServiceProxy     : start timer 30000 ClientPortalService
11:59:21.704 INFO  vert.x-eventloop-thread-0 BaseServiceProxy     : -> GET /v1/api/iserver/accounts,200|137ms
11:59:21.705 DEBUG vert.x-eventloop-thread-0 ClientPortalService  : iserver accounts {"accounts":["U21556226"],"acctProps":{"U21556226":{"hasChildAccounts":false,"supportsCashQty":true,"liteUnderPro":false,"noFXConv":false,"isProp":false,"supportsFractions":true,"allowCustomerTime":false,"autoFx":false}},"aliases":{"U21556226":"U21556226"},"allowFeatures":{"showGFIS":true,"showEUCostReport":false,"allowEventContract":true,"allowFXConv":true,"allowFinancialLens":false,"allowMTA":true,"allowTypeAhead":true,"allowEventTrading":true,"snapshotRefreshTimeout":30,"liteUser":false,"showWebNews":true,"research":true,"debugPnl":true,"showTaxOpt":true,"showImpactDashboard":true,"allowDynAccount":false,"allowCrypto":false,"allowFA":false,"allowLiteUnderPro":false,"allowedAssetTypes":"STK,CFD,OPT,FOP,WAR,FUT,BAG,PDC,CASH,IND,BOND,BILL,FUND,SLB,News,CMDTY,IOPT,ICU,ICS,PHYSS,CRYPTO","restrictTradeSubscription":false,"showUkUserLabels":false,"sideBySide":true},"chartPeriods":{"STK":["*"],"CFD":["*"],"OPT":["2h","1d","2d","1w","1m"],"FOP":["2h","1d","2d","1w","1m"],"WAR":["*"],"IOPT":["*"],"FUT":["*"],"CASH":["*"],"IND":["*"],"BOND":["*"],"FUND":["*"],"CMDTY":["*"],"PHYSS":["*"],"CRYPTO":["*"]},"groups":[],"profiles":[],"selectedAccount":"U21556226","serverInfo":{"serverName":"JisfC9124","serverVersion":"Build 10.40.1b, Sep 24, 2025 12:16:06 PM"},"sessionId":"68ef1f99.00000579","isFT":false,"isPaper":false}
11:59:51.734 INFO  vert.x-eventloop-thread-0 BaseServiceProxy     : -> GET /v1/api/tickle,200|165ms
11:59:51.734 DEBUG vert.x-eventloop-thread-0 ClientPortalService  : tickle {"session":"a6346c55aa4507d2494c3fa8dd04d907","ssoExpires":562785,"collission":false,"userId":161951889,"hmds":{"error":"no bridge"},"iserver":{"authStatus":{"authenticated":true,"competing":false,"connected":true,"message":"","MAC":"F4:03:43:CD:BD:C0","serverInfo":{"serverName":"JisfC9124","serverVersion":"Build 10.40.1b, Sep 24, 2025 12:16:06 PM"},"hardware_info":"32fab343|F4:03:43:CD:BD:C0"}}}
12:00:21.729 INFO  vert.x-eventloop-thread-0 BaseServiceProxy     : -> GET /v1/api/tickle,200|160ms
12:00:21.731 DEBUG vert.x-eventloop-thread-0 ClientPortalService  : tickle {"session":"a6346c55aa4507d2494c3fa8dd04d907","ssoExpires":532785,"collission":false,"userId":161951889,"hmds":{"error":"no bridge"},"iserver":{"authStatus":{"authenticated":true,"competing":false,"connected":true,"message":"","MAC":"F4:03:43:CD:BD:C0","serverInfo":{"serverName":"JisfC9124","serverVersion":"Build 10.40.1b, Sep 24, 2025 12:16:06 PM"},"hardware_info":"32fab343|F4:03:43:CD:BD:C0"}}}
12:00:51.723 INFO  vert.x-eventloop-thread-0 BaseServiceProxy     : -> GET /v1/api/tickle,200|152ms
12:00:51.723 DEBUG vert.x-eventloop-thread-0 ClientPortalService  : tickle {"session":"a6346c55aa4507d2494c3fa8dd04d907","ssoExpires":502792,"collission":false,"userId":161951889,"hmds":{"error":"no bridge"},"iserver":{"authStatus":{"authenticated":true,"competing":false,"connected":true,"message":"","MAC":"F4:03:43:CD:BD:C0","serverInfo":{"serverName":"JisfC9124","serverVersion":"Build 10.40.1b, Sep 24, 2025 12:16:06 PM"},"hardware_info":"32fab343|F4:03:43:CD:BD:C0"}}}
