-> GET /sso/Login?forwardTo=22&RL=1&ip2loc=US
<- 200 GET /sso/Login?forwardTo=22&RL=1&ip2loc=US
-> GET /css/bootstrap-5.2.2/bootstrap.min.css
-> GET /css/reg-am/login.min.css
-> GET /css/ibkr/theme-ibkr-portal.min.css
-> GET /css/fontawesome-6.4.2/all.min.css
-> GET /css/bootstrap-switch-3.3.2/bootstrap-switch.min.css
-> GET /scripts/common/js/jquery-3.7.0/jquery.min.js
<- 200 GET /css/bootstrap-5.2.2/bootstrap.min.css
<- 200 GET /css/bootstrap-switch-3.3.2/bootstrap-switch.min.css
-> GET /scripts/common/js/bootstrap-5.2.2/bootstrap.bundle.min.js
<- 200 GET /css/reg-am/login.min.css
-> GET /sso/lib/xyz.bundle.min.js
<- 200 GET /css/fontawesome-6.4.2/all.min.css
<- 200 GET /css/ibkr/theme-ibkr-portal.min.css
<- 200 GET /sso/lib/xyz.bundle.min.js
<- 200 GET /scripts/common/js/jquery-3.7.0/jquery.min.js
<- 200 GET /scripts/common/js/bootstrap-5.2.2/bootstrap.bundle.min.js
-> GET /images/common/logos/ibkr/interactive-brokers.svg
-> GET /fonts/proxima-nova/Proxima-Nova-Regular.woff2
-> GET /fonts/fontawesome-6.4.2/webfonts/fa-brands-400.woff2
-> GET /fonts/proxima-nova/Proxima-Nova-Semibold.woff2
-> GET /fonts/fontawesome-6.4.2/webfonts/fa-solid-900.woff2
-> POST /sso/report
<- 200 GET /fonts/fontawesome-6.4.2/webfonts/fa-brands-400.woff2
<- 200 GET /fonts/proxima-nova/Proxima-Nova-Regular.woff2
<- 200 GET /images/common/logos/ibkr/interactive-brokers.svg
<- 200 GET /fonts/fontawesome-6.4.2/webfonts/fa-solid-900.woff2
<- 200 GET /fonts/proxima-nova/Proxima-Nova-Semibold.woff2
-> GET /images/web/favicons/home-screen-icon-128x128.png
<- 200 POST /sso/report
<- 200 GET /images/web/favicons/home-screen-icon-128x128.png
-> POST /sso/Authenticator
<- 200 POST /sso/Authenticator
-> POST /sso/Authenticator
<- 200 POST /sso/Authenticator
-> POST /sso/Authenticator
<- 200 POST /sso/Authenticator
-> POST /sso/Authenticator
<- 200 POST /sso/Authenticator
-> POST /sso/Authenticator
<- 200 POST /sso/Authenticator
-> POST /sso/Authenticator
<- 200 POST /sso/Authenticator
-> POST /sso/Authenticator
<- 200 POST /sso/Authenticator
-> POST /sso/Authenticator
<- 200 POST /sso/Authenticator
-> POST /sso/Authenticator
<- 200 POST /sso/Authenticator
-> POST /sso/Authenticator
<- 200 POST /sso/Authenticator
-> POST /sso/Dispatcher
<- 302 POST /sso/Dispatcher
-> request: /v1/api/sso/validate?gw=1
-> GET /v1/api/sso/validate?gw=1,200|291ms
-> request: /v1/api/one/user
-> request: /v1/api/ssodh/init
-> sso GET https://api.ibkr.com/v1/api/ssodh/init
-> GET /v1/api/one/user,200|513ms
-> request: /v1/api/ssodh/st
-> sso GET https://api.ibkr.com/v1/api/ssodh/st
-> request: /v1/api/iserver/auth/status
-> GET /v1/api/iserver/auth/status,200|234ms
-> request: /v1/api/iserver/auth/ssodh/init
-> POST https://api.ibkr.com/v1/api/iserver/auth/ssodh/init,200|1722ms
-> request: /v1/api/iserver/accounts
-> GET /v1/api/iserver/accounts,200|185ms
-> GET /v1/api/iserver/secdef/search?symbol=SOFI
<- 200 GET /v1/api/iserver/secdef/search?symbol=SOFI
-> GET /v1/api/iserver/marketdata/snapshot?conids=494162724&fields=31,84,85,86,88,7220,82,83
<- 200 GET /v1/api/iserver/marketdata/snapshot?conids=494162724&fields=31,84,85,86,88,7220,82,83
-> GET /v1/api/iserver/marketdata/snapshot?conids=494162724&fields=31,84,85,86,88,7220,82,83
<- 200 GET /v1/api/iserver/marketdata/snapshot?conids=494162724&fields=31,84,85,86,88,7220,82,83
-> GET /v1/api/iserver/secdef/search?symbol=SOFI
<- 200 GET /v1/api/iserver/secdef/search?symbol=SOFI
-> GET /v1/api/iserver/secdef/search?symbol=HOOD
<- 200 GET /v1/api/iserver/secdef/search?symbol=HOOD
-> GET /v1/api/iserver/secdef/search?symbol=HIMS
<- 200 GET /v1/api/iserver/secdef/search?symbol=HIMS
-> GET /v1/api/iserver/secdef/search?symbol=SHOP
<- 200 GET /v1/api/iserver/secdef/search?symbol=SHOP
-> GET /v1/api/iserver/secdef/search?symbol=UBER
<- 200 GET /v1/api/iserver/secdef/search?symbol=UBER
-> GET /v1/api/iserver/marketdata/snapshot?conids=494162724,504546674,466188387,195014116,365207014&fields=31,84,85,86,88,7220,82,83
<- 200 GET /v1/api/iserver/marketdata/snapshot?conids=494162724,504546674,466188387,195014116,365207014&fields=31,84,85,86,88,7220,82,83
-> GET /v1/api/iserver/marketdata/snapshot?conids=494162724,504546674,466188387,195014116,365207014&fields=31,84,85,86,88,7220,82,83
<- 200 GET /v1/api/iserver/marketdata/snapshot?conids=494162724,504546674,466188387,195014116,365207014&fields=31,84,85,86,88,7220,82,83
-> request: /v1/api/tickle
-> GET /v1/api/tickle,200|183ms
-> request: /v1/api/tickle
-> GET /v1/api/tickle,200|377ms
-> request: /v1/api/tickle
-> GET /v1/api/tickle,200|207ms
-> request: /v1/api/tickle
-> GET /v1/api/tickle,200|386ms
-> request: /v1/api/tickle
-> GET /v1/api/tickle,200|377ms
-> request: /v1/api/tickle
-> GET /v1/api/tickle,200|285ms
-> request: /v1/api/tickle
-> GET /v1/api/tickle,200|387ms
-> request: /v1/api/tickle
-> GET /v1/api/tickle,200|181ms
-> request: /v1/api/tickle
-> GET /v1/api/tickle,200|400ms
-> GET /v1/api/iserver/secdef/search?symbol=SOFI
<- 200 GET /v1/api/iserver/secdef/search?symbol=SOFI
-> GET /v1/api/iserver/marketdata/snapshot?conids=494162724&fields=31
<- 200 GET /v1/api/iserver/marketdata/snapshot?conids=494162724&fields=31
-> GET /v1/api/iserver/marketdata/snapshot?conids=494162724&fields=31
<- 200 GET /v1/api/iserver/marketdata/snapshot?conids=494162724&fields=31
-> request: /sso/ping
-> GET /sso/ping,200|178ms
-> GET /v1/api/iserver/secdef/search?symbol=SOFI
<- 200 GET /v1/api/iserver/secdef/search?symbol=SOFI
-> GET /v1/api/iserver/marketdata/snapshot?conids=494162724&fields=31
<- 200 GET /v1/api/iserver/marketdata/snapshot?conids=494162724&fields=31
-> request: /v1/api/tickle
-> GET /v1/api/iserver/marketdata/snapshot?conids=494162724&fields=31
-> GET /v1/api/tickle,200|262ms
<- 200 GET /v1/api/iserver/marketdata/snapshot?conids=494162724&fields=31
-> GET /v1/api/iserver/secdef/strikes?conid=494162724&secType=OPT&month=OCT25
<- 200 GET /v1/api/iserver/secdef/strikes?conid=494162724&secType=OPT&month=OCT25
-> GET /v1/api/iserver/secdef/info?conid=494162724&month=OCT25&strike=25.00&secType=OPT&right=P
<- 200 GET /v1/api/iserver/secdef/info?conid=494162724&month=OCT25&strike=25.00&secType=OPT&right=P
-> GET /v1/api/iserver/secdef/info?conid=494162724&month=OCT25&strike=25.50&secType=OPT&right=P
<- 200 GET /v1/api/iserver/secdef/info?conid=494162724&month=OCT25&strike=25.50&secType=OPT&right=P
-> GET /v1/api/iserver/secdef/info?conid=494162724&month=OCT25&strike=26.00&secType=OPT&right=P
<- 200 GET /v1/api/iserver/secdef/info?conid=494162724&month=OCT25&strike=26.00&secType=OPT&right=P
-> GET /v1/api/iserver/secdef/info?conid=494162724&month=OCT25&strike=26.50&secType=OPT&right=P
<- 200 GET /v1/api/iserver/secdef/info?conid=494162724&month=OCT25&strike=26.50&secType=OPT&right=P
-> GET /v1/api/iserver/secdef/info?conid=494162724&month=OCT25&strike=27.00&secType=OPT&right=P
<- 200 GET /v1/api/iserver/secdef/info?conid=494162724&month=OCT25&strike=27.00&secType=OPT&right=P
-> GET /v1/api/iserver/secdef/info?conid=494162724&month=OCT25&strike=27.50&secType=OPT&right=P
<- 200 GET /v1/api/iserver/secdef/info?conid=494162724&month=OCT25&strike=27.50&secType=OPT&right=P
-> GET /v1/api/iserver/secdef/info?conid=494162724&month=OCT25&strike=28.00&secType=OPT&right=P
<- 200 GET /v1/api/iserver/secdef/info?conid=494162724&month=OCT25&strike=28.00&secType=OPT&right=P
-> GET /v1/api/iserver/secdef/info?conid=494162724&month=OCT25&strike=28.50&secType=OPT&right=P
<- 200 GET /v1/api/iserver/secdef/info?conid=494162724&month=OCT25&strike=28.50&secType=OPT&right=P
-> GET /v1/api/iserver/secdef/info?conid=494162724&month=OCT25&strike=29.00&secType=OPT&right=P
<- 200 GET /v1/api/iserver/secdef/info?conid=494162724&month=OCT25&strike=29.00&secType=OPT&right=P
-> GET /v1/api/iserver/secdef/info?conid=494162724&month=OCT25&strike=29.50&secType=OPT&right=P
<- 200 GET /v1/api/iserver/secdef/info?conid=494162724&month=OCT25&strike=29.50&secType=OPT&right=P
-> GET /v1/api/iserver/secdef/info?conid=494162724&month=OCT25&strike=30.00&secType=OPT&right=P
<- 200 GET /v1/api/iserver/secdef/info?conid=494162724&month=OCT25&strike=30.00&secType=OPT&right=P
-> GET /v1/api/iserver/secdef/info?conid=494162724&month=OCT25&strike=30.50&secType=OPT&right=P
<- 200 GET /v1/api/iserver/secdef/info?conid=494162724&month=OCT25&strike=30.50&secType=OPT&right=P
-> request: /v1/api/tickle
-> GET /v1/api/tickle,200|167ms
-> GET /v1/api/iserver/secdef/search?symbol=SOFI
<- 200 GET /v1/api/iserver/secdef/search?symbol=SOFI
-> GET /v1/api/iserver/marketdata/snapshot?conids=494162724&fields=31
<- 200 GET /v1/api/iserver/marketdata/snapshot?conids=494162724&fields=31
-> GET /v1/api/iserver/marketdata/snapshot?conids=494162724&fields=31
<- 200 GET /v1/api/iserver/marketdata/snapshot?conids=494162724&fields=31
-> GET /v1/api/iserver/secdef/strikes?conid=494162724&secType=OPT&month=OCT25
<- 200 GET /v1/api/iserver/secdef/strikes?conid=494162724&secType=OPT&month=OCT25
-> GET /v1/api/iserver/secdef/info?conid=494162724&month=OCT25&strike=25.00&secType=OPT&right=P
<- 200 GET /v1/api/iserver/secdef/info?conid=494162724&month=OCT25&strike=25.00&secType=OPT&right=P
-> GET /v1/api/iserver/secdef/info?conid=494162724&month=OCT25&strike=25.50&secType=OPT&right=P
<- 200 GET /v1/api/iserver/secdef/info?conid=494162724&month=OCT25&strike=25.50&secType=OPT&right=P
-> GET /v1/api/iserver/secdef/info?conid=494162724&month=OCT25&strike=26.00&secType=OPT&right=P
<- 200 GET /v1/api/iserver/secdef/info?conid=494162724&month=OCT25&strike=26.00&secType=OPT&right=P
-> GET /v1/api/iserver/secdef/info?conid=494162724&month=OCT25&strike=26.50&secType=OPT&right=P
<- 200 GET /v1/api/iserver/secdef/info?conid=494162724&month=OCT25&strike=26.50&secType=OPT&right=P
-> GET /v1/api/iserver/secdef/info?conid=494162724&month=OCT25&strike=27.00&secType=OPT&right=P
<- 200 GET /v1/api/iserver/secdef/info?conid=494162724&month=OCT25&strike=27.00&secType=OPT&right=P
-> GET /v1/api/iserver/secdef/info?conid=494162724&month=OCT25&strike=27.50&secType=OPT&right=P
<- 200 GET /v1/api/iserver/secdef/info?conid=494162724&month=OCT25&strike=27.50&secType=OPT&right=P
-> GET /v1/api/iserver/secdef/info?conid=494162724&month=OCT25&strike=28.00&secType=OPT&right=P
<- 200 GET /v1/api/iserver/secdef/info?conid=494162724&month=OCT25&strike=28.00&secType=OPT&right=P
-> GET /v1/api/iserver/secdef/info?conid=494162724&month=OCT25&strike=28.50&secType=OPT&right=P
<- 200 GET /v1/api/iserver/secdef/info?conid=494162724&month=OCT25&strike=28.50&secType=OPT&right=P
-> GET /v1/api/iserver/secdef/info?conid=494162724&month=OCT25&strike=29.00&secType=OPT&right=P
<- 200 GET /v1/api/iserver/secdef/info?conid=494162724&month=OCT25&strike=29.00&secType=OPT&right=P
-> GET /v1/api/iserver/secdef/info?conid=494162724&month=OCT25&strike=29.50&secType=OPT&right=P
<- 200 GET /v1/api/iserver/secdef/info?conid=494162724&month=OCT25&strike=29.50&secType=OPT&right=P
-> GET /v1/api/iserver/secdef/info?conid=494162724&month=OCT25&strike=30.00&secType=OPT&right=P
<- 200 GET /v1/api/iserver/secdef/info?conid=494162724&month=OCT25&strike=30.00&secType=OPT&right=P
-> GET /v1/api/iserver/secdef/info?conid=494162724&month=OCT25&strike=30.50&secType=OPT&right=P
<- 200 GET /v1/api/iserver/secdef/info?conid=494162724&month=OCT25&strike=30.50&secType=OPT&right=P
-> request: /v1/api/tickle
-> GET /v1/api/tickle,200|161ms
-> request: /v1/api/tickle
-> GET /v1/api/tickle,200|343ms
-> request: /v1/api/tickle
-> GET /v1/api/tickle,200|242ms
-> request: /v1/api/tickle
-> GET /v1/api/tickle,200|160ms
-> request: /v1/api/tickle
-> GET /v1/api/tickle,200|257ms
-> request: /v1/api/tickle
-> GET /v1/api/tickle,200|228ms
-> request: /v1/api/tickle
-> GET /v1/api/tickle,200|396ms
-> GET /v1/api/iserver/secdef/search?symbol=SOFI
<- 200 GET /v1/api/iserver/secdef/search?symbol=SOFI
-> GET /v1/api/iserver/marketdata/snapshot?conids=494162724&fields=31
<- 200 GET /v1/api/iserver/marketdata/snapshot?conids=494162724&fields=31
-> GET /v1/api/iserver/marketdata/snapshot?conids=494162724&fields=31
<- 200 GET /v1/api/iserver/marketdata/snapshot?conids=494162724&fields=31
-> GET /v1/api/iserver/secdef/search?symbol=SOFI
<- 200 GET /v1/api/iserver/secdef/search?symbol=SOFI
-> GET /v1/api/iserver/marketdata/snapshot?conids=494162724&fields=31
<- 200 GET /v1/api/iserver/marketdata/snapshot?conids=494162724&fields=31
-> GET /v1/api/iserver/marketdata/snapshot?conids=494162724&fields=31
<- 200 GET /v1/api/iserver/marketdata/snapshot?conids=494162724&fields=31
-> GET /v1/api/iserver/secdef/strikes?conid=494162724&secType=OPT&month=OCT25
<- 200 GET /v1/api/iserver/secdef/strikes?conid=494162724&secType=OPT&month=OCT25
-> GET /v1/api/iserver/secdef/info?conid=494162724&month=OCT25&strike=26.00&secType=OPT&right=P
<- 200 GET /v1/api/iserver/secdef/info?conid=494162724&month=OCT25&strike=26.00&secType=OPT&right=P
-> GET /v1/api/iserver/marketdata/snapshot?conids=797882435&fields=31,84,85,86,88,7283,7308
<- 200 GET /v1/api/iserver/marketdata/snapshot?conids=797882435&fields=31,84,85,86,88,7283,7308
-> GET /v1/api/iserver/marketdata/snapshot?conids=797882435&fields=31,84,85,86,88,7283,7308
<- 200 GET /v1/api/iserver/marketdata/snapshot?conids=797882435&fields=31,84,85,86,88,7283,7308
-> GET /v1/api/iserver/secdef/info?conid=494162724&month=OCT25&strike=26.50&secType=OPT&right=P
<- 200 GET /v1/api/iserver/secdef/info?conid=494162724&month=OCT25&strike=26.50&secType=OPT&right=P
-> GET /v1/api/iserver/marketdata/snapshot?conids=816280703&fields=31,84,85,86,88,7283,7308
<- 200 GET /v1/api/iserver/marketdata/snapshot?conids=816280703&fields=31,84,85,86,88,7283,7308
-> GET /v1/api/iserver/marketdata/snapshot?conids=816280703&fields=31,84,85,86,88,7283,7308
<- 200 GET /v1/api/iserver/marketdata/snapshot?conids=816280703&fields=31,84,85,86,88,7283,7308
-> GET /v1/api/iserver/secdef/info?conid=494162724&month=OCT25&strike=27.00&secType=OPT&right=P
<- 200 GET /v1/api/iserver/secdef/info?conid=494162724&month=OCT25&strike=27.00&secType=OPT&right=P
-> GET /v1/api/iserver/marketdata/snapshot?conids=797882468&fields=31,84,85,86,88,7283,7308
<- 200 GET /v1/api/iserver/marketdata/snapshot?conids=797882468&fields=31,84,85,86,88,7283,7308
-> GET /v1/api/iserver/marketdata/snapshot?conids=797882468&fields=31,84,85,86,88,7283,7308
<- 200 GET /v1/api/iserver/marketdata/snapshot?conids=797882468&fields=31,84,85,86,88,7283,7308
-> GET /v1/api/iserver/secdef/info?conid=494162724&month=OCT25&strike=27.50&secType=OPT&right=P
<- 200 GET /v1/api/iserver/secdef/info?conid=494162724&month=OCT25&strike=27.50&secType=OPT&right=P
-> GET /v1/api/iserver/marketdata/snapshot?conids=816280749&fields=31,84,85,86,88,7283,7308
<- 200 GET /v1/api/iserver/marketdata/snapshot?conids=816280749&fields=31,84,85,86,88,7283,7308
-> GET /v1/api/iserver/marketdata/snapshot?conids=816280749&fields=31,84,85,86,88,7283,7308
<- 200 GET /v1/api/iserver/marketdata/snapshot?conids=816280749&fields=31,84,85,86,88,7283,7308
-> GET /v1/api/iserver/secdef/info?conid=494162724&month=OCT25&strike=28.00&secType=OPT&right=P
<- 200 GET /v1/api/iserver/secdef/info?conid=494162724&month=OCT25&strike=28.00&secType=OPT&right=P
-> GET /v1/api/iserver/marketdata/snapshot?conids=797882495&fields=31,84,85,86,88,7283,7308
-> request: /v1/api/tickle
<- 200 GET /v1/api/iserver/marketdata/snapshot?conids=797882495&fields=31,84,85,86,88,7283,7308
-> GET /v1/api/tickle,200|217ms
-> GET /v1/api/iserver/marketdata/snapshot?conids=797882495&fields=31,84,85,86,88,7283,7308
<- 200 GET /v1/api/iserver/marketdata/snapshot?conids=797882495&fields=31,84,85,86,88,7283,7308
-> GET /v1/api/iserver/secdef/info?conid=494162724&month=OCT25&strike=28.50&secType=OPT&right=P
<- 200 GET /v1/api/iserver/secdef/info?conid=494162724&month=OCT25&strike=28.50&secType=OPT&right=P
-> GET /v1/api/iserver/marketdata/snapshot?conids=816280806&fields=31,84,85,86,88,7283,7308
<- 200 GET /v1/api/iserver/marketdata/snapshot?conids=816280806&fields=31,84,85,86,88,7283,7308
-> GET /v1/api/iserver/marketdata/snapshot?conids=816280806&fields=31,84,85,86,88,7283,7308
<- 200 GET /v1/api/iserver/marketdata/snapshot?conids=816280806&fields=31,84,85,86,88,7283,7308
-> GET /v1/api/iserver/secdef/info?conid=494162724&month=OCT25&strike=29.00&secType=OPT&right=P
<- 200 GET /v1/api/iserver/secdef/info?conid=494162724&month=OCT25&strike=29.00&secType=OPT&right=P
-> GET /v1/api/iserver/marketdata/snapshot?conids=797882516&fields=31,84,85,86,88,7283,7308
<- 200 GET /v1/api/iserver/marketdata/snapshot?conids=797882516&fields=31,84,85,86,88,7283,7308
-> GET /v1/api/iserver/marketdata/snapshot?conids=797882516&fields=31,84,85,86,88,7283,7308
<- 200 GET /v1/api/iserver/marketdata/snapshot?conids=797882516&fields=31,84,85,86,88,7283,7308
-> GET /v1/api/iserver/secdef/info?conid=494162724&month=OCT25&strike=29.50&secType=OPT&right=P
<- 200 GET /v1/api/iserver/secdef/info?conid=494162724&month=OCT25&strike=29.50&secType=OPT&right=P
-> GET /v1/api/iserver/marketdata/snapshot?conids=816280855&fields=31,84,85,86,88,7283,7308
<- 200 GET /v1/api/iserver/marketdata/snapshot?conids=816280855&fields=31,84,85,86,88,7283,7308
-> GET /v1/api/iserver/marketdata/snapshot?conids=816280855&fields=31,84,85,86,88,7283,7308
<- 200 GET /v1/api/iserver/marketdata/snapshot?conids=816280855&fields=31,84,85,86,88,7283,7308
-> request: /sso/ping
-> GET /sso/ping,200|461ms
-> request: /v1/api/tickle
-> GET /v1/api/tickle,200|206ms
-> request: /v1/api/tickle
-> GET /v1/api/tickle,200|222ms
-> request: /v1/api/tickle
-> GET /v1/api/tickle,200|347ms
-> request: /v1/api/tickle
-> GET /v1/api/tickle,200|208ms
-> request: /v1/api/tickle
-> GET /v1/api/tickle,200|187ms
-> request: /v1/api/tickle
-> GET /v1/api/tickle,200|357ms
-> request: /v1/api/tickle
-> GET /v1/api/tickle,200|300ms
-> request: /v1/api/tickle
-> GET /v1/api/tickle,200|467ms
-> request: /v1/api/tickle
-> GET /v1/api/tickle,200|198ms
-> request: /v1/api/tickle
-> GET /v1/api/tickle,200|375ms
-> request: /sso/ping
-> GET /sso/ping,200|163ms
-> request: /v1/api/tickle
-> GET /v1/api/tickle,200|373ms
-> request: /v1/api/tickle
-> GET /v1/api/tickle,200|254ms
-> request: /v1/api/tickle
-> GET /v1/api/tickle,200|178ms
-> request: /v1/api/tickle
-> GET /v1/api/tickle,200|283ms
-> request: /v1/api/tickle
-> GET /v1/api/tickle,200|388ms
-> request: /v1/api/tickle
-> GET /v1/api/tickle,200|152ms
-> request: /v1/api/tickle
-> GET /v1/api/tickle,200|317ms
-> request: /v1/api/tickle
-> GET /v1/api/tickle,200|169ms
-> request: /v1/api/tickle
-> GET /v1/api/tickle,200|309ms
-> request: /v1/api/tickle
-> GET /v1/api/tickle,200|195ms
-> request: /sso/ping
-> GET /sso/ping,200|383ms
-> request: /v1/api/tickle
-> GET /v1/api/tickle,200|307ms
-> request: /v1/api/tickle
-> GET /v1/api/tickle,200|200ms
-> request: /v1/api/tickle
-> GET /v1/api/tickle,200|184ms
-> request: /v1/api/tickle
-> GET /v1/api/tickle,200|182ms
-> request: /v1/api/tickle
-> GET /v1/api/tickle,200|152ms
-> request: /v1/api/tickle
-> GET /v1/api/tickle,200|216ms
-> request: /v1/api/tickle
-> GET /v1/api/tickle,200|200ms
-> request: /v1/api/tickle
-> GET /v1/api/tickle,200|499ms
-> request: /v1/api/tickle
-> GET /v1/api/tickle,200|174ms
-> request: /v1/api/tickle
-> GET /v1/api/tickle,200|196ms
-> request: /sso/ping
-> GET /sso/ping,200|177ms
-> request: /v1/api/tickle
-> GET /v1/api/tickle,200|190ms
-> request: /v1/api/tickle
-> GET /v1/api/tickle,200|184ms
-> request: /v1/api/tickle
-> GET /v1/api/tickle,200|761ms
-> request: /v1/api/tickle
-> GET /v1/api/tickle,200|355ms
-> request: /v1/api/tickle
-> GET /v1/api/tickle,200|153ms
-> request: /v1/api/tickle
-> GET /v1/api/tickle,200|363ms
-> request: /v1/api/tickle
-> GET /v1/api/tickle,200|237ms
-> request: /v1/api/tickle
-> GET /v1/api/tickle,200|472ms
-> request: /v1/api/tickle
-> GET /v1/api/tickle,200|439ms
-> request: /v1/api/tickle
-> GET /v1/api/tickle,200|280ms
-> request: /sso/ping
-> GET /sso/ping,200|183ms
-> request: /v1/api/tickle
-> GET /v1/api/tickle,200|406ms
-> request: /v1/api/tickle
-> GET /v1/api/tickle,200|206ms
-> request: /v1/api/tickle
-> GET /v1/api/tickle,200|230ms
-> request: /v1/api/tickle
-> GET /v1/api/tickle,200|207ms
-> request: /v1/api/tickle
-> GET /v1/api/tickle,200|160ms
-> request: /v1/api/tickle
-> GET /v1/api/tickle,200|217ms
-> request: /v1/api/tickle
-> GET /v1/api/tickle,200|231ms
-> request: /v1/api/tickle
-> GET /v1/api/tickle,200|218ms
-> request: /v1/api/tickle
-> GET /v1/api/tickle,200|286ms
-> request: /v1/api/tickle
-> GET /v1/api/tickle,200|224ms
-> request: /sso/ping
-> GET /sso/ping,200|154ms
-> request: /v1/api/tickle
-> GET /v1/api/tickle,200|257ms
-> request: /v1/api/tickle
-> GET /v1/api/tickle,200|305ms
-> request: /v1/api/tickle
-> GET /v1/api/tickle,200|421ms
-> request: /v1/api/tickle
-> GET /v1/api/tickle,200|184ms
-> request: /v1/api/tickle
-> GET /v1/api/tickle,200|210ms
-> request: /v1/api/tickle
-> GET /v1/api/tickle,200|405ms
-> request: /v1/api/tickle
-> GET /v1/api/tickle,200|211ms
-> request: /v1/api/tickle
-> GET /v1/api/tickle,200|363ms
-> request: /v1/api/tickle
-> GET /v1/api/tickle,200|201ms
-> request: /v1/api/tickle
-> GET /v1/api/tickle,200|242ms
-> request: /sso/ping
-> GET /sso/ping,200|156ms
-> request: /v1/api/tickle
-> GET /v1/api/tickle,200|554ms
-> request: /v1/api/tickle
-> GET /v1/api/tickle,200|352ms
-> request: /v1/api/tickle
-> GET /v1/api/tickle,200|866ms
-> request: /v1/api/tickle
-> GET /v1/api/tickle,200|204ms
-> request: /v1/api/tickle
-> GET /v1/api/tickle,200|355ms
-> request: /v1/api/tickle
-> GET /v1/api/tickle,200|194ms
-> request: /v1/api/tickle
-> GET /v1/api/tickle,200|242ms
-> request: /v1/api/tickle
-> GET /v1/api/tickle,200|199ms
-> request: /v1/api/tickle
-> GET /v1/api/tickle,200|336ms
-> request: /v1/api/tickle
-> GET /v1/api/tickle,200|187ms
-> request: /sso/ping
-> GET /sso/ping,200|377ms
-> request: /v1/api/tickle
-> GET /v1/api/tickle,200|159ms
-> request: /v1/api/tickle
-> GET /v1/api/tickle,200|196ms
-> request: /v1/api/tickle
-> GET /v1/api/tickle,200|162ms
-> request: /v1/api/tickle
-> GET /v1/api/tickle,200|213ms
-> request: /v1/api/tickle
-> GET /v1/api/tickle,200|417ms
-> request: /v1/api/tickle
-> GET /v1/api/tickle,200|400ms
-> request: /v1/api/tickle
-> GET /v1/api/tickle,200|179ms
-> request: /v1/api/tickle
-> GET /v1/api/tickle,200|284ms
-> request: /v1/api/tickle
-> GET /v1/api/tickle,200|158ms
-> request: /v1/api/tickle
-> GET /v1/api/tickle,200|415ms
-> request: /sso/ping
-> GET /sso/ping,200|161ms
-> request: /v1/api/tickle
-> GET /v1/api/tickle,200|283ms
-> request: /v1/api/tickle
-> GET /v1/api/tickle,200|187ms
-> request: /v1/api/tickle
-> GET /v1/api/tickle,200|310ms
-> request: /v1/api/tickle
-> GET /v1/api/tickle,200|240ms
-> request: /v1/api/tickle
-> GET /v1/api/tickle,200|234ms
-> request: /v1/api/tickle
-> GET /v1/api/tickle,200|218ms
-> request: /v1/api/tickle
-> GET /v1/api/tickle,200|340ms
-> request: /v1/api/tickle
-> GET /v1/api/tickle,200|175ms
-> request: /v1/api/tickle
-> GET /v1/api/tickle,200|160ms
-> request: /v1/api/tickle
-> GET /v1/api/tickle,200|349ms
-> request: /sso/ping
-> GET /sso/ping,200|341ms
-> request: /v1/api/tickle
-> GET /v1/api/tickle,200|161ms
-> request: /v1/api/tickle
-> GET /v1/api/tickle,200|459ms
-> request: /v1/api/tickle
-> GET /v1/api/tickle,200|463ms
-> request: /v1/api/tickle
-> GET /v1/api/tickle,200|174ms
-> request: /v1/api/tickle
-> GET /v1/api/tickle,200|193ms
-> request: /v1/api/tickle
-> GET /v1/api/tickle,200|198ms
-> request: /v1/api/tickle
-> GET /v1/api/tickle,200|216ms
-> request: /v1/api/tickle
-> GET /v1/api/tickle,200|337ms
-> request: /v1/api/tickle
-> GET /v1/api/tickle,200|263ms
-> request: /v1/api/tickle
-> GET /v1/api/tickle,200|157ms
-> request: /sso/ping
-> GET /sso/ping,200|166ms
-> request: /v1/api/tickle
-> GET /v1/api/tickle,200|352ms
-> request: /v1/api/tickle
-> GET /v1/api/tickle,200|161ms
-> request: /v1/api/tickle
-> GET /v1/api/tickle,200|195ms
-> request: /v1/api/tickle
-> GET /v1/api/tickle,200|182ms
-> request: /v1/api/tickle
-> GET /v1/api/tickle,200|196ms
-> request: /v1/api/tickle
-> GET /v1/api/tickle,200|252ms
-> request: /v1/api/tickle
-> GET /v1/api/tickle,200|160ms
-> request: /v1/api/tickle
-> GET /v1/api/tickle,200|420ms
-> request: /v1/api/tickle
-> GET /v1/api/tickle,200|167ms
-> request: /v1/api/tickle
-> GET /v1/api/tickle,200|233ms
-> request: /sso/ping
-> GET /sso/ping,200|173ms
-> request: /v1/api/tickle
-> GET /v1/api/tickle,200|325ms
-> request: /v1/api/tickle
-> GET /v1/api/tickle,200|313ms
-> request: /v1/api/tickle
-> GET /v1/api/tickle,200|181ms
-> request: /v1/api/tickle
-> GET /v1/api/tickle,200|174ms
-> request: /v1/api/tickle
-> GET /v1/api/tickle,200|336ms
-> request: /v1/api/tickle
-> GET /v1/api/tickle,200|337ms
-> request: /v1/api/tickle
-> GET /v1/api/tickle,200|321ms
-> request: /v1/api/tickle
-> GET /v1/api/tickle,200|171ms
-> request: /v1/api/tickle
-> GET /v1/api/tickle,200|329ms
-> request: /v1/api/tickle
-> GET /v1/api/tickle,200|220ms
-> request: /sso/ping
-> GET /sso/ping,200|162ms
-> request: /v1/api/tickle
-> GET /v1/api/tickle,200|334ms
-> request: /v1/api/tickle
-> GET /v1/api/tickle,200|381ms
-> request: /v1/api/tickle
-> GET /v1/api/tickle,200|573ms
-> request: /v1/api/tickle
-> GET /v1/api/tickle,200|236ms
-> request: /v1/api/tickle
-> GET /v1/api/tickle,200|196ms
-> request: /v1/api/tickle
-> GET /v1/api/tickle,200|213ms
-> request: /v1/api/tickle
-> GET /v1/api/tickle,200|161ms
-> request: /v1/api/tickle
-> GET /v1/api/tickle,200|322ms
-> request: /v1/api/tickle
-> GET /v1/api/tickle,200|262ms
-> request: /v1/api/tickle
-> GET /v1/api/tickle,200|375ms
-> request: /sso/ping
-> GET /sso/ping,200|222ms
-> request: /v1/api/tickle
-> GET /v1/api/tickle,200|350ms
-> request: /v1/api/tickle
-> GET /v1/api/tickle,200|160ms
-> request: /v1/api/tickle
-> GET /v1/api/tickle,200|390ms
-> request: /v1/api/tickle
-> GET /v1/api/tickle,200|216ms
-> request: /v1/api/tickle
-> GET /v1/api/tickle,200|254ms
-> request: /v1/api/tickle
-> GET /v1/api/tickle,200|297ms
-> request: /v1/api/tickle
-> GET /v1/api/tickle,200|526ms
-> request: /v1/api/tickle
-> GET /v1/api/tickle,200|189ms
-> request: /v1/api/tickle
-> GET /v1/api/tickle,200|178ms
-> GET /v1/api/iserver/secdef/search?symbol=VIX
<- 200 GET /v1/api/iserver/secdef/search?symbol=VIX
-> GET /v1/api/iserver/marketdata/snapshot?conids=13455763&fields=31,84,85,86,88,7220,82,83
<- 200 GET /v1/api/iserver/marketdata/snapshot?conids=13455763&fields=31,84,85,86,88,7220,82,83
-> GET /v1/api/iserver/marketdata/snapshot?conids=13455763&fields=31,84,85,86,88,7220,82,83
<- 200 GET /v1/api/iserver/marketdata/snapshot?conids=13455763&fields=31,84,85,86,88,7220,82,83
-> request: /v1/api/tickle
-> GET /v1/api/tickle,200|167ms
-> request: /sso/ping
-> GET /sso/ping,200|164ms
-> request: /v1/api/tickle
-> GET /v1/api/tickle,200|220ms
-> request: /v1/api/tickle
-> GET /v1/api/tickle,200|181ms
-> request: /v1/api/tickle
-> GET /v1/api/tickle,200|175ms
-> request: /v1/api/tickle
-> GET /v1/api/tickle,200|442ms
-> request: /v1/api/tickle
-> GET /v1/api/tickle,200|330ms
-> request: /v1/api/tickle
-> GET /v1/api/tickle,200|187ms
-> request: /v1/api/tickle
-> GET /v1/api/tickle,200|182ms
-> request: /v1/api/tickle
-> GET /v1/api/tickle,200|198ms
-> request: /v1/api/tickle
-> GET /v1/api/tickle,200|455ms
-> request: /v1/api/tickle
-> GET /v1/api/tickle,200|239ms
-> request: /sso/ping
-> GET /sso/ping,200|168ms
-> request: /v1/api/tickle
-> GET /v1/api/tickle,200|362ms
-> request: /v1/api/tickle
-> GET /v1/api/tickle,200|261ms
-> request: /v1/api/tickle
-> GET /v1/api/tickle,200|368ms
-> request: /v1/api/tickle
-> GET /v1/api/tickle,200|264ms
-> request: /v1/api/tickle
-> GET /v1/api/tickle,200|216ms
-> request: /v1/api/tickle
-> GET /v1/api/tickle,200|278ms
-> request: /v1/api/tickle
-> GET /v1/api/tickle,200|269ms
-> request: /v1/api/tickle
-> GET /v1/api/tickle,200|265ms
-> request: /v1/api/tickle
-> GET /v1/api/tickle,200|359ms
-> request: /v1/api/tickle
-> GET /v1/api/tickle,200|328ms
-> request: /sso/ping
-> GET /sso/ping,200|357ms
-> request: /v1/api/tickle
-> GET /v1/api/tickle,200|289ms
-> request: /v1/api/tickle
-> GET /v1/api/tickle,200|264ms
-> request: /v1/api/tickle
-> GET /v1/api/tickle,200|336ms
-> request: /v1/api/tickle
-> GET /v1/api/tickle,200|331ms
-> request: /v1/api/tickle
-> GET /v1/api/tickle,200|234ms
-> request: /v1/api/tickle
-> GET /v1/api/tickle,200|209ms
-> request: /v1/api/tickle
-> GET /v1/api/tickle,200|243ms
-> request: /v1/api/tickle
-> GET /v1/api/tickle,200|327ms
-> request: /v1/api/tickle
-> GET /v1/api/tickle,200|409ms
-> request: /v1/api/tickle
-> GET /v1/api/tickle,200|238ms
-> request: /sso/ping
-> GET /sso/ping,200|176ms
-> request: /v1/api/tickle
-> GET /v1/api/tickle,200|238ms
-> request: /v1/api/tickle
-> GET /v1/api/tickle,200|226ms
-> request: /v1/api/tickle
-> GET /v1/api/tickle,200|250ms
-> request: /v1/api/tickle
-> GET /v1/api/tickle,200|191ms
-> request: /v1/api/tickle
-> GET /v1/api/tickle,200|258ms
-> request: /v1/api/tickle
-> GET /v1/api/tickle,200|174ms
-> request: /v1/api/tickle
-> GET /v1/api/tickle,200|172ms
-> request: /v1/api/tickle
-> GET /v1/api/tickle,200|240ms
-> request: /v1/api/tickle
-> GET /v1/api/tickle,200|162ms
-> request: /v1/api/tickle
-> GET /v1/api/tickle,200|387ms
-> request: /sso/ping
-> GET /sso/ping,200|325ms
-> request: /v1/api/tickle
-> GET /v1/api/tickle,200|162ms
-> request: /v1/api/tickle
-> GET /v1/api/tickle,200|205ms
-> request: /v1/api/tickle
-> GET /v1/api/tickle,200|211ms
-> request: /v1/api/tickle
-> GET /v1/api/tickle,200|194ms
-> request: /v1/api/tickle
-> GET /v1/api/tickle,200|161ms
-> request: /v1/api/tickle
-> GET /v1/api/tickle,200|209ms
-> request: /v1/api/tickle
-> GET /v1/api/tickle,200|241ms
-> request: /v1/api/tickle
-> GET /v1/api/tickle,200|216ms
-> request: /v1/api/tickle
-> GET /v1/api/tickle,200|353ms
-> request: /v1/api/tickle
-> GET /v1/api/tickle,200|208ms
-> request: /sso/ping
-> GET /sso/ping,200|167ms
-> request: /v1/api/tickle
-> GET /v1/api/tickle,200|201ms
-> request: /v1/api/tickle
-> GET /v1/api/tickle,200|175ms
-> request: /v1/api/tickle
-> GET /v1/api/tickle,200|304ms
-> request: /v1/api/tickle
-> GET /v1/api/tickle,200|471ms
-> request: /v1/api/tickle
-> GET /v1/api/tickle,200|413ms
-> request: /v1/api/tickle
-> GET /v1/api/tickle,200|319ms
-> request: /v1/api/tickle
-> GET /v1/api/tickle,200|158ms
-> request: /v1/api/tickle
-> GET /v1/api/tickle,200|178ms
-> request: /v1/api/tickle
-> GET /v1/api/tickle,200|204ms
-> request: /v1/api/tickle
-> GET /v1/api/tickle,200|231ms
-> request: /sso/ping
-> GET /sso/ping,200|319ms
-> request: /v1/api/tickle
-> GET /v1/api/tickle,200|229ms
-> request: /v1/api/tickle
-> GET /v1/api/tickle,200|162ms
-> request: /v1/api/tickle
-> GET /v1/api/tickle,200|196ms
-> request: /v1/api/tickle
-> GET /v1/api/tickle,200|231ms
-> request: /v1/api/sso/validate?gw=1
-> request: /v1/api/sso/validate?gw=1
-> GET /v1/api/sso/validate?gw=1,200|185ms
-> request: /v1/api/one/user
-> request: /v1/api/ssodh/init
-> sso GET https://api.ibkr.com/v1/api/ssodh/init
-> GET /v1/api/sso/validate?gw=1,200|233ms
-> request: /v1/api/one/user
-> request: /v1/api/ssodh/init
-> sso GET https://api.ibkr.com/v1/api/ssodh/init
-> GET /v1/api/one/user,200|313ms
-> GET /v1/api/one/user,200|363ms
-> request: /sso/ping
-> GET /sso/ping,200|155ms
-> request: /sso/ping
-> request: /sso/ping
-> request: /sso/ping
-> request: /sso/ping
-> request: /sso/ping
-> request: /sso/ping
-> GET /sso/ping,200|318ms
-> request: /sso/ping
-> GET /sso/ping,200|165ms
-> request: /sso/ping
-> GET /sso/ping,200|175ms
-> request: /sso/ping
-> GET /sso/ping,200|158ms
-> request: /sso/ping
-> GET /sso/ping,200|216ms
-> request: /sso/ping
-> GET /sso/ping,200|178ms
-> request: /sso/ping
-> GET /sso/ping,200|236ms
-> request: /sso/ping
-> GET /sso/ping,200|146ms
-> request: /sso/ping
-> GET /sso/ping,200|141ms
-> request: /sso/ping
-> GET /sso/ping,200|142ms
-> request: /sso/ping
-> GET /sso/ping,200|322ms
-> request: /sso/ping
-> GET /sso/ping,200|142ms
-> request: /sso/ping
-> GET /sso/ping,200|230ms
-> request: /sso/ping
-> GET /sso/ping,200|150ms
-> request: /sso/ping
-> GET /sso/ping,200|135ms
-> request: /sso/ping
-> GET /sso/ping,200|195ms
-> request: /sso/ping
-> GET /sso/ping,200|148ms
-> request: /sso/ping
-> GET /sso/ping,200|160ms
-> request: /sso/ping
-> GET /sso/ping,200|166ms
-> request: /sso/ping
-> GET /sso/ping,200|199ms
-> request: /sso/ping
-> GET /sso/ping,200|146ms
-> request: /sso/ping
-> GET /sso/ping,200|153ms
-> request: /sso/ping
-> GET /sso/ping,200|149ms
-> request: /sso/ping
-> GET /sso/ping,200|163ms
-> request: /sso/ping
-> GET /sso/ping,200|135ms
-> request: /sso/ping
-> GET /sso/ping,200|141ms
-> request: /sso/ping
-> GET /sso/ping,200|137ms
-> request: /sso/ping
-> GET /sso/ping,200|154ms
-> request: /sso/ping
-> GET /sso/ping,200|169ms
-> request: /sso/ping
-> GET /sso/ping,200|279ms
-> request: /sso/ping
-> GET /sso/ping,200|155ms
-> request: /sso/ping
-> GET /sso/ping,200|155ms
-> request: /sso/ping
-> GET /sso/ping,200|169ms
-> request: /sso/ping
-> GET /sso/ping,200|151ms
-> request: /sso/ping
-> GET /sso/ping,200|244ms
-> request: /sso/ping
-> GET /sso/ping,200|140ms
-> request: /sso/ping
-> GET /sso/ping,200|227ms
-> request: /sso/ping
-> GET /sso/ping,200|142ms
-> request: /sso/ping
-> GET /sso/ping,200|145ms
-> request: /sso/ping
-> GET /sso/ping,200|142ms
-> request: /sso/ping
-> GET /sso/ping,200|180ms
-> request: /sso/ping
-> GET /sso/ping,200|156ms
-> request: /sso/ping
-> GET /sso/ping,200|148ms
