-> request: /sso/ping
-> request: /sso/ping
-> GET /sso/ping,200|589ms
-> request: /sso/ping
-> GET /sso/ping,200|166ms
-> request: /sso/ping
-> GET /sso/ping,200|156ms
-> request: /sso/ping
-> GET /sso/ping,200|238ms
-> request: /sso/ping
-> GET /sso/ping,200|161ms
-> request: /sso/ping
-> GET /sso/ping,200|310ms
-> request: /sso/ping
-> GET /sso/ping,200|169ms
-> request: /sso/ping
-> GET /sso/ping,200|385ms
-> request: /sso/ping
-> GET /sso/ping,200|317ms
-> request: /sso/ping
-> GET /sso/ping,200|210ms
-> request: /sso/ping
-> GET /sso/ping,200|287ms
-> request: /sso/ping
-> GET /sso/ping,200|150ms
-> request: /sso/ping
-> GET /sso/ping,200|214ms
-> request: /sso/ping
-> GET /sso/ping,200|143ms
-> request: /sso/ping
-> GET /sso/ping,200|656ms
-> request: /sso/ping
-> GET /sso/ping,200|143ms
-> request: /sso/ping
-> GET /sso/ping,200|207ms
-> request: /sso/ping
-> GET /sso/ping,200|160ms
-> request: /sso/ping
-> GET /sso/ping,200|145ms
-> request: /sso/ping
-> GET /sso/ping,200|154ms
-> request: /sso/ping
-> GET /sso/ping,200|152ms
-> request: /sso/ping
-> GET /sso/ping,200|322ms
-> request: /sso/ping
-> GET /sso/ping,200|206ms
-> request: /sso/ping
-> GET /sso/ping,200|351ms
-> request: /sso/ping
-> GET /sso/ping,200|174ms
-> request: /sso/ping
-> request: /sso/ping
-> GET /sso/ping,200|422ms
-> request: /sso/ping
-> GET /sso/ping,200|477ms
-> request: /sso/ping
-> GET /sso/ping,200|164ms
-> request: /sso/ping
-> GET /sso/ping,200|345ms
-> request: /sso/ping
-> GET /sso/ping,200|162ms
-> request: /sso/ping
-> GET /sso/ping,200|230ms
-> request: /sso/ping
-> GET /sso/ping,200|163ms
-> request: /sso/ping
-> GET /sso/ping,200|234ms
-> request: /sso/ping
-> GET /sso/ping,200|205ms
-> request: /sso/ping
-> GET /sso/ping,200|462ms
-> request: /sso/ping
-> GET /sso/ping,200|200ms
-> request: /sso/ping
-> GET /sso/ping,200|377ms
-> request: /sso/ping
-> request: /sso/ping
-> GET /sso/ping,200|278ms
-> request: /sso/ping
-> GET /sso/ping,200|158ms
-> request: /sso/ping
-> GET /sso/ping,200|228ms
-> request: /sso/ping
-> GET /sso/ping,200|176ms
-> request: /sso/ping
-> GET /sso/ping,200|155ms
-> request: /sso/ping
-> GET /sso/ping,200|161ms
-> request: /sso/ping
-> GET /sso/ping,200|174ms
-> request: /sso/ping
-> GET /sso/ping,200|165ms
-> request: /sso/ping
-> GET /sso/ping,200|156ms
-> request: /sso/ping
-> GET /sso/ping,200|170ms
-> request: /sso/ping
-> GET /sso/ping,200|168ms
-> request: /sso/ping
-> request: /sso/ping
-> GET /sso/ping,200|369ms
-> request: /sso/ping
-> GET /sso/ping,200|337ms
-> request: /sso/ping
-> GET /sso/ping,200|199ms
-> request: /sso/ping
-> GET /sso/ping,200|412ms
-> request: /sso/ping
-> GET /sso/ping,200|162ms
-> request: /sso/ping
-> GET /sso/ping,200|158ms
-> request: /sso/ping
-> GET /sso/ping,200|163ms
-> request: /sso/ping
-> GET /sso/ping,200|180ms
-> request: /sso/ping
-> GET /sso/ping,200|178ms
-> request: /sso/ping
-> GET /sso/ping,200|151ms
-> request: /sso/ping
-> GET /sso/ping,200|1685ms
-> request: /sso/ping
-> GET /sso/ping,200|174ms
-> request: /sso/ping
-> GET /sso/ping,200|237ms
-> request: /sso/ping
-> GET /sso/ping,200|208ms
-> request: /sso/ping
-> GET /sso/ping,200|185ms
-> request: /sso/ping
-> request: /sso/ping
-> GET /sso/ping,200|1486ms
-> request: /sso/ping
-> GET /sso/ping,200|514ms
-> request: /sso/ping
-> GET /sso/ping,200|686ms
-> request: /sso/ping
-> GET /sso/ping,200|799ms
-> request: /sso/ping
-> request: /sso/ping
-> GET /sso/ping,200|251ms
-> request: /sso/ping
-> GET /sso/ping,200|144ms
-> request: /sso/ping
-> GET /sso/ping,200|131ms
-> request: /sso/ping
-> request: /sso/ping
-> GET /sso/ping,200|238ms
-> request: /sso/ping
-> GET /sso/ping,200|132ms
-> request: /sso/ping
-> request: /sso/ping
-> GET /sso/ping,200|424ms
-> request: /sso/ping
-> GET /sso/ping,200|146ms
-> request: /sso/ping
-> GET /sso/ping,200|160ms
-> request: /sso/ping
-> GET /sso/ping,200|158ms
-> request: /sso/ping
-> GET /sso/ping,200|282ms
-> request: /sso/ping
-> GET /sso/ping,200|149ms
-> request: /sso/ping
-> GET /sso/ping,200|176ms
-> request: /sso/ping
-> GET /sso/ping,200|215ms
-> request: /sso/ping
-> GET /sso/ping,200|166ms
-> request: /sso/ping
-> GET /sso/ping,200|161ms
-> request: /sso/ping
-> GET /sso/ping,200|201ms
-> request: /sso/ping
-> GET /sso/ping,200|181ms
-> request: /sso/ping
-> GET /sso/ping,200|181ms
-> GET /sso/Login?forwardTo=22&RL=1&ip2loc=US
<- 200 GET /sso/Login?forwardTo=22&RL=1&ip2loc=US
-> GET /css/bootstrap-5.2.2/bootstrap.min.css
-> GET /css/reg-am/login.min.css
-> GET /css/fontawesome-6.4.2/all.min.css
-> GET /css/ibkr/theme-ibkr-portal.min.css
-> GET /css/bootstrap-switch-3.3.2/bootstrap-switch.min.css
-> GET /scripts/common/js/jquery-3.7.0/jquery.min.js
<- 200 GET /css/bootstrap-5.2.2/bootstrap.min.css
<- 200 GET /css/bootstrap-switch-3.3.2/bootstrap-switch.min.css
-> GET /scripts/common/js/bootstrap-5.2.2/bootstrap.bundle.min.js
<- 200 GET /css/ibkr/theme-ibkr-portal.min.css
-> GET /sso/lib/xyz.bundle.min.js
<- 200 GET /css/fontawesome-6.4.2/all.min.css
<- 200 GET /css/reg-am/login.min.css
<- 200 GET /scripts/common/js/bootstrap-5.2.2/bootstrap.bundle.min.js
<- 200 GET /scripts/common/js/jquery-3.7.0/jquery.min.js
<- 200 GET /sso/lib/xyz.bundle.min.js
-> GET /images/common/logos/ibkr/interactive-brokers.svg
-> GET /fonts/proxima-nova/Proxima-Nova-Regular.woff2
-> GET /fonts/fontawesome-6.4.2/webfonts/fa-solid-900.woff2
-> GET /fonts/fontawesome-6.4.2/webfonts/fa-brands-400.woff2
-> GET /fonts/proxima-nova/Proxima-Nova-Semibold.woff2
-> POST /sso/report
<- 200 GET /images/common/logos/ibkr/interactive-brokers.svg
<- 200 GET /fonts/proxima-nova/Proxima-Nova-Semibold.woff2
<- 200 GET /fonts/fontawesome-6.4.2/webfonts/fa-brands-400.woff2
<- 200 GET /fonts/proxima-nova/Proxima-Nova-Regular.woff2
<- 200 GET /fonts/fontawesome-6.4.2/webfonts/fa-solid-900.woff2
<- 200 POST /sso/report
-> POST /sso/Authenticator
<- 200 POST /sso/Authenticator
-> POST /sso/Authenticator
<- 200 POST /sso/Authenticator
-> POST /sso/Authenticator
<- 200 POST /sso/Authenticator
-> request: /sso/ping
-> GET /sso/ping,200|160ms
-> POST /sso/Authenticator
<- 200 POST /sso/Authenticator
-> POST /sso/Dispatcher
<- 302 POST /sso/Dispatcher
-> request: /v1/api/sso/validate?gw=1
-> GET /v1/api/sso/validate?gw=1,200|385ms
-> request: /v1/api/one/user
-> request: /v1/api/ssodh/init
-> sso GET https://api.ibkr.com/v1/api/ssodh/init
-> GET /v1/api/one/user,200|430ms
-> request: /v1/api/ssodh/st
-> sso GET https://api.ibkr.com/v1/api/ssodh/st
-> request: /v1/api/iserver/auth/status
-> GET /v1/api/iserver/auth/status,200|155ms
-> request: /v1/api/iserver/auth/ssodh/init
-> POST https://api.ibkr.com/v1/api/iserver/auth/ssodh/init,200|1800ms
-> request: /v1/api/iserver/accounts
-> GET /v1/api/iserver/accounts,200|137ms
-> request: /v1/api/tickle
-> GET /v1/api/tickle,200|165ms
-> request: /v1/api/tickle
-> GET /v1/api/tickle,200|160ms
-> request: /v1/api/tickle
-> GET /v1/api/tickle,200|152ms
