00:10:16.720 INFO  vert.x-eventloop-thread-0 BaseServiceProxy     : -> GET /sso/ping,200|575ms
00:10:16.721 INFO  vert.x-eventloop-thread-0 SsoService           : sso ping {"result": "true"}
01:59:30.280 ERROR vert.x-eventloop-thread-0 ConnectionBase       : java.io.IOException: Operation timed out
01:59:30.281 ERROR vert.x-eventloop-thread-0 BaseServiceProxy     : request failed Operation timed out
java.io.IOException: Operation timed out
	at java.base/sun.nio.ch.SocketDispatcher.read0(Native Method)
	at java.base/sun.nio.ch.SocketDispatcher.read(SocketDispatcher.java:47)
	at java.base/sun.nio.ch.IOUtil.readIntoNativeBuffer(IOUtil.java:330)
	at java.base/sun.nio.ch.IOUtil.read(IOUtil.java:284)
	at java.base/sun.nio.ch.IOUtil.read(IOUtil.java:259)
	at java.base/sun.nio.ch.SocketChannelImpl.read(SocketChannelImpl.java:417)
	at io.netty.buffer.PooledUnsafeDirectByteBuf.setBytes(PooledUnsafeDirectByteBuf.java:288)
	at io.netty.buffer.AbstractByteBuf.writeBytes(AbstractByteBuf.java:1106)
	at io.netty.channel.socket.nio.NioSocketChannel.doReadBytes(NioSocketChannel.java:373)
	at io.netty.channel.nio.AbstractNioByteChannel$NioByteUnsafe.read(AbstractNioByteChannel.java:123)
	at io.netty.channel.nio.NioEventLoop.processSelectedKey(NioEventLoop.java:645)
	at io.netty.channel.nio.NioEventLoop.processSelectedKeysPlain(NioEventLoop.java:545)
	at io.netty.channel.nio.NioEventLoop.processSelectedKeys(NioEventLoop.java:499)
	at io.netty.channel.nio.NioEventLoop.run(NioEventLoop.java:459)
	at io.netty.util.concurrent.SingleThreadEventExecutor$5.run(SingleThreadEventExecutor.java:858)
	at java.base/java.lang.Thread.run(Thread.java:840)
03:21:10.028 INFO  vert.x-eventloop-thread-0 BaseServiceProxy     : -> GET /sso/ping,200|712ms
03:21:10.029 INFO  vert.x-eventloop-thread-0 SsoService           : sso ping {"result": "false"}
05:05:39.525 ERROR vert.x-eventloop-thread-0 ConnectionBase       : java.io.IOException: Operation timed out
05:05:39.526 ERROR vert.x-eventloop-thread-0 BaseServiceProxy     : request failed Operation timed out
java.io.IOException: Operation timed out
	at java.base/sun.nio.ch.SocketDispatcher.read0(Native Method)
	at java.base/sun.nio.ch.SocketDispatcher.read(SocketDispatcher.java:47)
	at java.base/sun.nio.ch.IOUtil.readIntoNativeBuffer(IOUtil.java:330)
	at java.base/sun.nio.ch.IOUtil.read(IOUtil.java:284)
	at java.base/sun.nio.ch.IOUtil.read(IOUtil.java:259)
	at java.base/sun.nio.ch.SocketChannelImpl.read(SocketChannelImpl.java:417)
	at io.netty.buffer.PooledUnsafeDirectByteBuf.setBytes(PooledUnsafeDirectByteBuf.java:288)
	at io.netty.buffer.AbstractByteBuf.writeBytes(AbstractByteBuf.java:1106)
	at io.netty.channel.socket.nio.NioSocketChannel.doReadBytes(NioSocketChannel.java:373)
	at io.netty.channel.nio.AbstractNioByteChannel$NioByteUnsafe.read(AbstractNioByteChannel.java:123)
	at io.netty.channel.nio.NioEventLoop.processSelectedKey(NioEventLoop.java:645)
	at io.netty.channel.nio.NioEventLoop.processSelectedKeysPlain(NioEventLoop.java:545)
	at io.netty.channel.nio.NioEventLoop.processSelectedKeys(NioEventLoop.java:499)
	at io.netty.channel.nio.NioEventLoop.run(NioEventLoop.java:459)
	at io.netty.util.concurrent.SingleThreadEventExecutor$5.run(SingleThreadEventExecutor.java:858)
	at java.base/java.lang.Thread.run(Thread.java:840)
06:22:30.478 INFO  vert.x-eventloop-thread-0 BaseServiceProxy     : -> GET /sso/ping,200|927ms
06:22:30.479 INFO  vert.x-eventloop-thread-0 SsoService           : sso ping {"result": "false"}
08:07:26.105 ERROR vert.x-eventloop-thread-0 ConnectionBase       : java.io.IOException: Operation timed out
08:07:26.105 ERROR vert.x-eventloop-thread-0 BaseServiceProxy     : request failed Operation timed out
java.io.IOException: Operation timed out
	at java.base/sun.nio.ch.SocketDispatcher.read0(Native Method)
	at java.base/sun.nio.ch.SocketDispatcher.read(SocketDispatcher.java:47)
	at java.base/sun.nio.ch.IOUtil.readIntoNativeBuffer(IOUtil.java:330)
	at java.base/sun.nio.ch.IOUtil.read(IOUtil.java:284)
	at java.base/sun.nio.ch.IOUtil.read(IOUtil.java:259)
	at java.base/sun.nio.ch.SocketChannelImpl.read(SocketChannelImpl.java:417)
	at io.netty.buffer.PooledUnsafeDirectByteBuf.setBytes(PooledUnsafeDirectByteBuf.java:288)
	at io.netty.buffer.AbstractByteBuf.writeBytes(AbstractByteBuf.java:1106)
	at io.netty.channel.socket.nio.NioSocketChannel.doReadBytes(NioSocketChannel.java:373)
	at io.netty.channel.nio.AbstractNioByteChannel$NioByteUnsafe.read(AbstractNioByteChannel.java:123)
	at io.netty.channel.nio.NioEventLoop.processSelectedKey(NioEventLoop.java:645)
	at io.netty.channel.nio.NioEventLoop.processSelectedKeysPlain(NioEventLoop.java:545)
	at io.netty.channel.nio.NioEventLoop.processSelectedKeys(NioEventLoop.java:499)
	at io.netty.channel.nio.NioEventLoop.run(NioEventLoop.java:459)
	at io.netty.util.concurrent.SingleThreadEventExecutor$5.run(SingleThreadEventExecutor.java:858)
	at java.base/java.lang.Thread.run(Thread.java:840)
09:03:55.671 INFO  vert.x-eventloop-thread-0 BaseServiceProxy     : -> GET /sso/ping,200|656ms
09:03:55.673 INFO  vert.x-eventloop-thread-0 SsoService           : sso ping {"result": "true"}
09:08:55.159 INFO  vert.x-eventloop-thread-0 BaseServiceProxy     : -> GET /sso/ping,200|142ms
09:08:55.159 INFO  vert.x-eventloop-thread-0 SsoService           : sso ping {"result": "true"}
09:13:55.591 INFO  vert.x-eventloop-thread-0 BaseServiceProxy     : -> GET /sso/ping,200|572ms
09:13:55.592 INFO  vert.x-eventloop-thread-0 SsoService           : sso ping {"result": "true"}
09:18:55.231 INFO  vert.x-eventloop-thread-0 BaseServiceProxy     : -> GET /sso/ping,200|207ms
09:18:55.232 INFO  vert.x-eventloop-thread-0 SsoService           : sso ping {"result": "true"}
09:23:55.172 INFO  vert.x-eventloop-thread-0 BaseServiceProxy     : -> GET /sso/ping,200|147ms
09:23:55.173 INFO  vert.x-eventloop-thread-0 SsoService           : sso ping {"result": "true"}
09:28:55.211 INFO  vert.x-eventloop-thread-0 BaseServiceProxy     : -> GET /sso/ping,200|170ms
09:28:55.212 INFO  vert.x-eventloop-thread-0 SsoService           : sso ping {"result": "true"}
09:33:55.207 INFO  vert.x-eventloop-thread-0 BaseServiceProxy     : -> GET /sso/ping,200|151ms
09:33:55.208 INFO  vert.x-eventloop-thread-0 SsoService           : sso ping {"result": "true"}
10:57:13.459 ERROR vert.x-eventloop-thread-0 ConnectionBase       : java.io.IOException: Operation timed out
10:57:13.459 ERROR vert.x-eventloop-thread-0 BaseServiceProxy     : request failed Operation timed out
java.io.IOException: Operation timed out
	at java.base/sun.nio.ch.SocketDispatcher.read0(Native Method)
	at java.base/sun.nio.ch.SocketDispatcher.read(SocketDispatcher.java:47)
	at java.base/sun.nio.ch.IOUtil.readIntoNativeBuffer(IOUtil.java:330)
	at java.base/sun.nio.ch.IOUtil.read(IOUtil.java:284)
	at java.base/sun.nio.ch.IOUtil.read(IOUtil.java:259)
	at java.base/sun.nio.ch.SocketChannelImpl.read(SocketChannelImpl.java:417)
	at io.netty.buffer.PooledUnsafeDirectByteBuf.setBytes(PooledUnsafeDirectByteBuf.java:288)
	at io.netty.buffer.AbstractByteBuf.writeBytes(AbstractByteBuf.java:1106)
	at io.netty.channel.socket.nio.NioSocketChannel.doReadBytes(NioSocketChannel.java:373)
	at io.netty.channel.nio.AbstractNioByteChannel$NioByteUnsafe.read(AbstractNioByteChannel.java:123)
	at io.netty.channel.nio.NioEventLoop.processSelectedKey(NioEventLoop.java:645)
	at io.netty.channel.nio.NioEventLoop.processSelectedKeysPlain(NioEventLoop.java:545)
	at io.netty.channel.nio.NioEventLoop.processSelectedKeys(NioEventLoop.java:499)
	at io.netty.channel.nio.NioEventLoop.run(NioEventLoop.java:459)
	at io.netty.util.concurrent.SingleThreadEventExecutor$5.run(SingleThreadEventExecutor.java:858)
	at java.base/java.lang.Thread.run(Thread.java:840)
12:13:37.236 INFO  vert.x-eventloop-thread-0 BaseServiceProxy     : -> GET /sso/ping,200|383ms
12:13:37.236 INFO  vert.x-eventloop-thread-0 SsoService           : sso ping {"result": "true"}
14:02:50.147 ERROR vert.x-eventloop-thread-0 ConnectionBase       : java.io.IOException: Operation timed out
14:02:50.148 ERROR vert.x-eventloop-thread-0 BaseServiceProxy     : request failed Operation timed out
java.io.IOException: Operation timed out
	at java.base/sun.nio.ch.SocketDispatcher.read0(Native Method)
	at java.base/sun.nio.ch.SocketDispatcher.read(SocketDispatcher.java:47)
	at java.base/sun.nio.ch.IOUtil.readIntoNativeBuffer(IOUtil.java:330)
	at java.base/sun.nio.ch.IOUtil.read(IOUtil.java:284)
	at java.base/sun.nio.ch.IOUtil.read(IOUtil.java:259)
	at java.base/sun.nio.ch.SocketChannelImpl.read(SocketChannelImpl.java:417)
	at io.netty.buffer.PooledUnsafeDirectByteBuf.setBytes(PooledUnsafeDirectByteBuf.java:288)
	at io.netty.buffer.AbstractByteBuf.writeBytes(AbstractByteBuf.java:1106)
	at io.netty.channel.socket.nio.NioSocketChannel.doReadBytes(NioSocketChannel.java:373)
	at io.netty.channel.nio.AbstractNioByteChannel$NioByteUnsafe.read(AbstractNioByteChannel.java:123)
	at io.netty.channel.nio.NioEventLoop.processSelectedKey(NioEventLoop.java:645)
	at io.netty.channel.nio.NioEventLoop.processSelectedKeysPlain(NioEventLoop.java:545)
	at io.netty.channel.nio.NioEventLoop.processSelectedKeys(NioEventLoop.java:499)
	at io.netty.channel.nio.NioEventLoop.run(NioEventLoop.java:459)
	at io.netty.util.concurrent.SingleThreadEventExecutor$5.run(SingleThreadEventExecutor.java:858)
	at java.base/java.lang.Thread.run(Thread.java:840)
15:11:58.228 INFO  vert.x-eventloop-thread-0 BaseServiceProxy     : -> GET /sso/ping,200|318ms
15:11:58.228 INFO  vert.x-eventloop-thread-0 SsoService           : sso ping {"result": "true"}
16:12:55.149 ERROR vert.x-eventloop-thread-0 ConnectionBase       : java.io.IOException: Operation timed out
16:12:55.150 ERROR vert.x-eventloop-thread-0 BaseServiceProxy     : request failed Operation timed out
java.io.IOException: Operation timed out
	at java.base/sun.nio.ch.SocketDispatcher.read0(Native Method)
	at java.base/sun.nio.ch.SocketDispatcher.read(SocketDispatcher.java:47)
	at java.base/sun.nio.ch.IOUtil.readIntoNativeBuffer(IOUtil.java:330)
	at java.base/sun.nio.ch.IOUtil.read(IOUtil.java:284)
	at java.base/sun.nio.ch.IOUtil.read(IOUtil.java:259)
	at java.base/sun.nio.ch.SocketChannelImpl.read(SocketChannelImpl.java:417)
	at io.netty.buffer.PooledUnsafeDirectByteBuf.setBytes(PooledUnsafeDirectByteBuf.java:288)
	at io.netty.buffer.AbstractByteBuf.writeBytes(AbstractByteBuf.java:1106)
	at io.netty.channel.socket.nio.NioSocketChannel.doReadBytes(NioSocketChannel.java:373)
	at io.netty.channel.nio.AbstractNioByteChannel$NioByteUnsafe.read(AbstractNioByteChannel.java:123)
	at io.netty.channel.nio.NioEventLoop.processSelectedKey(NioEventLoop.java:645)
	at io.netty.channel.nio.NioEventLoop.processSelectedKeysPlain(NioEventLoop.java:545)
	at io.netty.channel.nio.NioEventLoop.processSelectedKeys(NioEventLoop.java:499)
	at io.netty.channel.nio.NioEventLoop.run(NioEventLoop.java:459)
	at io.netty.util.concurrent.SingleThreadEventExecutor$5.run(SingleThreadEventExecutor.java:858)
	at java.base/java.lang.Thread.run(Thread.java:840)
16:17:21.628 INFO  vert.x-eventloop-thread-0 BaseServiceProxy     : -> GET /sso/ping,200|739ms
16:17:21.628 INFO  vert.x-eventloop-thread-0 SsoService           : sso ping {"result": "true"}
16:22:48.877 INFO  vert.x-eventloop-thread-0 BaseServiceProxy     : -> GET /sso/ping,200|176ms
16:22:48.877 INFO  vert.x-eventloop-thread-0 SsoService           : sso ping {"result": "true"}
17:38:03.284 ERROR vert.x-eventloop-thread-0 ConnectionBase       : java.io.IOException: Operation timed out
17:38:03.284 ERROR vert.x-eventloop-thread-0 BaseServiceProxy     : request failed Operation timed out
java.io.IOException: Operation timed out
	at java.base/sun.nio.ch.SocketDispatcher.read0(Native Method)
	at java.base/sun.nio.ch.SocketDispatcher.read(SocketDispatcher.java:47)
	at java.base/sun.nio.ch.IOUtil.readIntoNativeBuffer(IOUtil.java:330)
	at java.base/sun.nio.ch.IOUtil.read(IOUtil.java:284)
	at java.base/sun.nio.ch.IOUtil.read(IOUtil.java:259)
	at java.base/sun.nio.ch.SocketChannelImpl.read(SocketChannelImpl.java:417)
	at io.netty.buffer.PooledUnsafeDirectByteBuf.setBytes(PooledUnsafeDirectByteBuf.java:288)
	at io.netty.buffer.AbstractByteBuf.writeBytes(AbstractByteBuf.java:1106)
	at io.netty.channel.socket.nio.NioSocketChannel.doReadBytes(NioSocketChannel.java:373)
	at io.netty.channel.nio.AbstractNioByteChannel$NioByteUnsafe.read(AbstractNioByteChannel.java:123)
	at io.netty.channel.nio.NioEventLoop.processSelectedKey(NioEventLoop.java:645)
	at io.netty.channel.nio.NioEventLoop.processSelectedKeysPlain(NioEventLoop.java:545)
	at io.netty.channel.nio.NioEventLoop.processSelectedKeys(NioEventLoop.java:499)
	at io.netty.channel.nio.NioEventLoop.run(NioEventLoop.java:459)
	at io.netty.util.concurrent.SingleThreadEventExecutor$5.run(SingleThreadEventExecutor.java:858)
	at java.base/java.lang.Thread.run(Thread.java:840)
18:38:36.950 INFO  vert.x-eventloop-thread-0 BaseServiceProxy     : -> GET /sso/ping,200|702ms
18:38:36.950 INFO  vert.x-eventloop-thread-0 SsoService           : sso ping {"result": "true"}
18:45:24.550 ERROR vert.x-eventloop-thread-0 ConnectionBase       : java.io.IOException: Operation timed out
18:45:24.551 ERROR vert.x-eventloop-thread-0 BaseServiceProxy     : request failed Operation timed out
java.io.IOException: Operation timed out
	at java.base/sun.nio.ch.SocketDispatcher.read0(Native Method)
	at java.base/sun.nio.ch.SocketDispatcher.read(SocketDispatcher.java:47)
	at java.base/sun.nio.ch.IOUtil.readIntoNativeBuffer(IOUtil.java:330)
	at java.base/sun.nio.ch.IOUtil.read(IOUtil.java:284)
	at java.base/sun.nio.ch.IOUtil.read(IOUtil.java:259)
	at java.base/sun.nio.ch.SocketChannelImpl.read(SocketChannelImpl.java:417)
	at io.netty.buffer.PooledUnsafeDirectByteBuf.setBytes(PooledUnsafeDirectByteBuf.java:288)
	at io.netty.buffer.AbstractByteBuf.writeBytes(AbstractByteBuf.java:1106)
	at io.netty.channel.socket.nio.NioSocketChannel.doReadBytes(NioSocketChannel.java:373)
	at io.netty.channel.nio.AbstractNioByteChannel$NioByteUnsafe.read(AbstractNioByteChannel.java:123)
	at io.netty.channel.nio.NioEventLoop.processSelectedKey(NioEventLoop.java:645)
	at io.netty.channel.nio.NioEventLoop.processSelectedKeysPlain(NioEventLoop.java:545)
	at io.netty.channel.nio.NioEventLoop.processSelectedKeys(NioEventLoop.java:499)
	at io.netty.channel.nio.NioEventLoop.run(NioEventLoop.java:459)
	at io.netty.util.concurrent.SingleThreadEventExecutor$5.run(SingleThreadEventExecutor.java:858)
	at java.base/java.lang.Thread.run(Thread.java:840)
18:49:53.153 INFO  vert.x-eventloop-thread-0 BaseServiceProxy     : -> GET /sso/ping,200|302ms
18:49:53.153 INFO  vert.x-eventloop-thread-0 SsoService           : sso ping {"result": "true"}
18:54:53.064 INFO  vert.x-eventloop-thread-0 BaseServiceProxy     : -> GET /sso/ping,200|199ms
18:54:53.065 INFO  vert.x-eventloop-thread-0 SsoService           : sso ping {"result": "true"}
18:59:53.280 INFO  vert.x-eventloop-thread-0 BaseServiceProxy     : -> GET /sso/ping,200|415ms
18:59:53.280 INFO  vert.x-eventloop-thread-0 SsoService           : sso ping {"result": "true"}
19:04:53.294 INFO  vert.x-eventloop-thread-0 BaseServiceProxy     : -> GET /sso/ping,200|427ms
19:04:53.294 INFO  vert.x-eventloop-thread-0 SsoService           : sso ping {"result": "true"}
19:09:53.242 INFO  vert.x-eventloop-thread-0 BaseServiceProxy     : -> GET /sso/ping,200|366ms
19:09:53.242 INFO  vert.x-eventloop-thread-0 SsoService           : sso ping {"result": "true"}
19:14:53.054 INFO  vert.x-eventloop-thread-0 BaseServiceProxy     : -> GET /sso/ping,200|176ms
19:14:53.054 INFO  vert.x-eventloop-thread-0 SsoService           : sso ping {"result": "true"}
19:19:53.037 INFO  vert.x-eventloop-thread-0 BaseServiceProxy     : -> GET /sso/ping,200|158ms
19:19:53.037 INFO  vert.x-eventloop-thread-0 SsoService           : sso ping {"result": "true"}
19:24:53.010 INFO  vert.x-eventloop-thread-0 BaseServiceProxy     : -> GET /sso/ping,200|174ms
19:24:53.010 INFO  vert.x-eventloop-thread-0 SsoService           : sso ping {"result": "true"}
19:29:53.072 INFO  vert.x-eventloop-thread-0 BaseServiceProxy     : -> GET /sso/ping,200|236ms
19:29:53.073 INFO  vert.x-eventloop-thread-0 SsoService           : sso ping {"result": "true"}
19:34:53.053 INFO  vert.x-eventloop-thread-0 BaseServiceProxy     : -> GET /sso/ping,200|217ms
19:34:53.054 INFO  vert.x-eventloop-thread-0 SsoService           : sso ping {"result": "true"}
19:39:53.043 INFO  vert.x-eventloop-thread-0 BaseServiceProxy     : -> GET /sso/ping,200|217ms
19:39:53.043 INFO  vert.x-eventloop-thread-0 SsoService           : sso ping {"result": "true"}
19:49:44.533 ERROR vert.x-eventloop-thread-0 ConnectionBase       : java.io.IOException: Operation timed out
19:49:44.534 ERROR vert.x-eventloop-thread-0 BaseServiceProxy     : request failed Operation timed out
java.io.IOException: Operation timed out
	at java.base/sun.nio.ch.SocketDispatcher.read0(Native Method)
	at java.base/sun.nio.ch.SocketDispatcher.read(SocketDispatcher.java:47)
	at java.base/sun.nio.ch.IOUtil.readIntoNativeBuffer(IOUtil.java:330)
	at java.base/sun.nio.ch.IOUtil.read(IOUtil.java:284)
	at java.base/sun.nio.ch.IOUtil.read(IOUtil.java:259)
	at java.base/sun.nio.ch.SocketChannelImpl.read(SocketChannelImpl.java:417)
	at io.netty.buffer.PooledUnsafeDirectByteBuf.setBytes(PooledUnsafeDirectByteBuf.java:288)
	at io.netty.buffer.AbstractByteBuf.writeBytes(AbstractByteBuf.java:1106)
	at io.netty.channel.socket.nio.NioSocketChannel.doReadBytes(NioSocketChannel.java:373)
	at io.netty.channel.nio.AbstractNioByteChannel$NioByteUnsafe.read(AbstractNioByteChannel.java:123)
	at io.netty.channel.nio.NioEventLoop.processSelectedKey(NioEventLoop.java:645)
	at io.netty.channel.nio.NioEventLoop.processSelectedKeysPlain(NioEventLoop.java:545)
	at io.netty.channel.nio.NioEventLoop.processSelectedKeys(NioEventLoop.java:499)
	at io.netty.channel.nio.NioEventLoop.run(NioEventLoop.java:459)
	at io.netty.util.concurrent.SingleThreadEventExecutor$5.run(SingleThreadEventExecutor.java:858)
	at java.base/java.lang.Thread.run(Thread.java:840)
19:59:43.899 INFO  vert.x-eventloop-thread-0 BaseServiceProxy     : -> GET /sso/ping,200|616ms
19:59:43.899 INFO  vert.x-eventloop-thread-0 SsoService           : sso ping {"result": "true"}
20:04:43.636 INFO  vert.x-eventloop-thread-0 BaseServiceProxy     : -> GET /sso/ping,200|354ms
20:04:43.639 INFO  vert.x-eventloop-thread-0 SsoService           : sso ping {"result": "true"}
20:09:43.604 INFO  vert.x-eventloop-thread-0 BaseServiceProxy     : -> GET /sso/ping,200|322ms
20:09:43.605 INFO  vert.x-eventloop-thread-0 SsoService           : sso ping {"result": "true"}
20:14:43.610 INFO  vert.x-eventloop-thread-0 BaseServiceProxy     : -> GET /sso/ping,200|330ms
20:14:43.612 INFO  vert.x-eventloop-thread-0 SsoService           : sso ping {"result": "true"}
20:19:43.502 INFO  vert.x-eventloop-thread-0 BaseServiceProxy     : -> GET /sso/ping,200|226ms
20:19:43.504 INFO  vert.x-eventloop-thread-0 SsoService           : sso ping {"result": "true"}
20:24:43.504 INFO  vert.x-eventloop-thread-0 BaseServiceProxy     : -> GET /sso/ping,200|248ms
20:24:43.505 INFO  vert.x-eventloop-thread-0 SsoService           : sso ping {"result": "true"}
20:57:43.657 ERROR vert.x-eventloop-thread-0 ConnectionBase       : java.io.IOException: Operation timed out
20:57:43.658 ERROR vert.x-eventloop-thread-0 BaseServiceProxy     : request failed Operation timed out
java.io.IOException: Operation timed out
	at java.base/sun.nio.ch.SocketDispatcher.read0(Native Method)
	at java.base/sun.nio.ch.SocketDispatcher.read(SocketDispatcher.java:47)
	at java.base/sun.nio.ch.IOUtil.readIntoNativeBuffer(IOUtil.java:330)
	at java.base/sun.nio.ch.IOUtil.read(IOUtil.java:284)
	at java.base/sun.nio.ch.IOUtil.read(IOUtil.java:259)
	at java.base/sun.nio.ch.SocketChannelImpl.read(SocketChannelImpl.java:417)
	at io.netty.buffer.PooledUnsafeDirectByteBuf.setBytes(PooledUnsafeDirectByteBuf.java:288)
	at io.netty.buffer.AbstractByteBuf.writeBytes(AbstractByteBuf.java:1106)
	at io.netty.channel.socket.nio.NioSocketChannel.doReadBytes(NioSocketChannel.java:373)
	at io.netty.channel.nio.AbstractNioByteChannel$NioByteUnsafe.read(AbstractNioByteChannel.java:123)
	at io.netty.channel.nio.NioEventLoop.processSelectedKey(NioEventLoop.java:645)
	at io.netty.channel.nio.NioEventLoop.processSelectedKeysPlain(NioEventLoop.java:545)
	at io.netty.channel.nio.NioEventLoop.processSelectedKeys(NioEventLoop.java:499)
	at io.netty.channel.nio.NioEventLoop.run(NioEventLoop.java:459)
	at io.netty.util.concurrent.SingleThreadEventExecutor$5.run(SingleThreadEventExecutor.java:858)
	at java.base/java.lang.Thread.run(Thread.java:840)
21:02:19.737 INFO  vert.x-eventloop-thread-0 BaseServiceProxy     : -> GET /sso/ping,200|591ms
21:02:19.738 INFO  vert.x-eventloop-thread-0 SsoService           : sso ping {"result": "true"}
21:07:19.319 INFO  vert.x-eventloop-thread-0 BaseServiceProxy     : -> GET /sso/ping,200|174ms
21:07:19.319 INFO  vert.x-eventloop-thread-0 SsoService           : sso ping {"result": "true"}
21:12:19.354 INFO  vert.x-eventloop-thread-0 BaseServiceProxy     : -> GET /sso/ping,200|224ms
21:12:19.354 INFO  vert.x-eventloop-thread-0 SsoService           : sso ping {"result": "true"}
21:17:19.303 INFO  vert.x-eventloop-thread-0 BaseServiceProxy     : -> GET /sso/ping,200|186ms
21:17:19.304 INFO  vert.x-eventloop-thread-0 SsoService           : sso ping {"result": "true"}
21:23:22.792 ERROR vert.x-eventloop-thread-0 ConnectionBase       : java.io.IOException: Operation timed out
21:23:22.792 ERROR vert.x-eventloop-thread-0 BaseServiceProxy     : request failed Operation timed out
java.io.IOException: Operation timed out
	at java.base/sun.nio.ch.SocketDispatcher.read0(Native Method)
	at java.base/sun.nio.ch.SocketDispatcher.read(SocketDispatcher.java:47)
	at java.base/sun.nio.ch.IOUtil.readIntoNativeBuffer(IOUtil.java:330)
	at java.base/sun.nio.ch.IOUtil.read(IOUtil.java:284)
	at java.base/sun.nio.ch.IOUtil.read(IOUtil.java:259)
	at java.base/sun.nio.ch.SocketChannelImpl.read(SocketChannelImpl.java:417)
	at io.netty.buffer.PooledUnsafeDirectByteBuf.setBytes(PooledUnsafeDirectByteBuf.java:288)
	at io.netty.buffer.AbstractByteBuf.writeBytes(AbstractByteBuf.java:1106)
	at io.netty.channel.socket.nio.NioSocketChannel.doReadBytes(NioSocketChannel.java:373)
	at io.netty.channel.nio.AbstractNioByteChannel$NioByteUnsafe.read(AbstractNioByteChannel.java:123)
	at io.netty.channel.nio.NioEventLoop.processSelectedKey(NioEventLoop.java:645)
	at io.netty.channel.nio.NioEventLoop.processSelectedKeysPlain(NioEventLoop.java:545)
	at io.netty.channel.nio.NioEventLoop.processSelectedKeys(NioEventLoop.java:499)
	at io.netty.channel.nio.NioEventLoop.run(NioEventLoop.java:459)
	at io.netty.util.concurrent.SingleThreadEventExecutor$5.run(SingleThreadEventExecutor.java:858)
	at java.base/java.lang.Thread.run(Thread.java:840)
21:27:19.821 INFO  vert.x-eventloop-thread-0 BaseServiceProxy     : -> GET /sso/ping,200|709ms
21:27:19.822 INFO  vert.x-eventloop-thread-0 SsoService           : sso ping {"result": "false"}
22:15:35.332 INFO  vert.x-eventloop-thread-0 BaseServiceProxy     : -> GET /sso/ping,200|436ms
22:15:35.333 INFO  vert.x-eventloop-thread-0 SsoService           : sso ping {"result": "true"}
23:45:50.511 ERROR vert.x-eventloop-thread-0 ConnectionBase       : java.net.SocketException: Connection reset
23:45:50.511 ERROR vert.x-eventloop-thread-0 BaseServiceProxy     : request failed Connection reset
java.net.SocketException: Connection reset
	at java.base/sun.nio.ch.SocketChannelImpl.throwConnectionReset(SocketChannelImpl.java:394)
	at java.base/sun.nio.ch.SocketChannelImpl.read(SocketChannelImpl.java:426)
	at io.netty.buffer.PooledUnsafeDirectByteBuf.setBytes(PooledUnsafeDirectByteBuf.java:288)
	at io.netty.buffer.AbstractByteBuf.writeBytes(AbstractByteBuf.java:1106)
	at io.netty.channel.socket.nio.NioSocketChannel.doReadBytes(NioSocketChannel.java:373)
	at io.netty.channel.nio.AbstractNioByteChannel$NioByteUnsafe.read(AbstractNioByteChannel.java:123)
	at io.netty.channel.nio.NioEventLoop.processSelectedKey(NioEventLoop.java:645)
	at io.netty.channel.nio.NioEventLoop.processSelectedKeysPlain(NioEventLoop.java:545)
	at io.netty.channel.nio.NioEventLoop.processSelectedKeys(NioEventLoop.java:499)
	at io.netty.channel.nio.NioEventLoop.run(NioEventLoop.java:459)
	at io.netty.util.concurrent.SingleThreadEventExecutor$5.run(SingleThreadEventExecutor.java:858)
	at java.base/java.lang.Thread.run(Thread.java:840)
