01:17:26.194 INFO  vert.x-eventloop-thread-0 BaseServiceProxy     : -> GET /sso/ping,200|373ms
01:17:26.196 INFO  vert.x-eventloop-thread-0 SsoService           : sso ping {"result": "false"}
03:15:25.867 ERROR vert.x-eventloop-thread-0 ConnectionBase       : java.net.SocketException: Connection reset
03:15:25.867 ERROR vert.x-eventloop-thread-0 BaseServiceProxy     : request failed Connection reset
java.net.SocketException: Connection reset
	at java.base/sun.nio.ch.SocketChannelImpl.throwConnectionReset(SocketChannelImpl.java:394)
	at java.base/sun.nio.ch.SocketChannelImpl.read(SocketChannelImpl.java:426)
	at io.netty.buffer.PooledUnsafeDirectByteBuf.setBytes(PooledUnsafeDirectByteBuf.java:288)
	at io.netty.buffer.AbstractByteBuf.writeBytes(AbstractByteBuf.java:1106)
	at io.netty.channel.socket.nio.NioSocketChannel.doReadBytes(NioSocketChannel.java:373)
	at io.netty.channel.nio.AbstractNioByteChannel$NioByteUnsafe.read(AbstractNioByteChannel.java:123)
	at io.netty.channel.nio.NioEventLoop.processSelectedKey(NioEventLoop.java:645)
	at io.netty.channel.nio.NioEventLoop.processSelectedKeysPlain(NioEventLoop.java:545)
	at io.netty.channel.nio.NioEventLoop.processSelectedKeys(NioEventLoop.java:499)
	at io.netty.channel.nio.NioEventLoop.run(NioEventLoop.java:459)
	at io.netty.util.concurrent.SingleThreadEventExecutor$5.run(SingleThreadEventExecutor.java:858)
	at java.base/java.lang.Thread.run(Thread.java:840)
04:57:44.029 INFO  vert.x-eventloop-thread-0 BaseServiceProxy     : -> GET /sso/ping,200|355ms
04:57:44.030 INFO  vert.x-eventloop-thread-0 SsoService           : sso ping {"result": "false"}
06:44:47.305 ERROR vert.x-eventloop-thread-0 ConnectionBase       : java.net.SocketException: Connection reset
06:44:47.305 ERROR vert.x-eventloop-thread-0 BaseServiceProxy     : request failed Connection reset
java.net.SocketException: Connection reset
	at java.base/sun.nio.ch.SocketChannelImpl.throwConnectionReset(SocketChannelImpl.java:394)
	at java.base/sun.nio.ch.SocketChannelImpl.read(SocketChannelImpl.java:426)
	at io.netty.buffer.PooledUnsafeDirectByteBuf.setBytes(PooledUnsafeDirectByteBuf.java:288)
	at io.netty.buffer.AbstractByteBuf.writeBytes(AbstractByteBuf.java:1106)
	at io.netty.channel.socket.nio.NioSocketChannel.doReadBytes(NioSocketChannel.java:373)
	at io.netty.channel.nio.AbstractNioByteChannel$NioByteUnsafe.read(AbstractNioByteChannel.java:123)
	at io.netty.channel.nio.NioEventLoop.processSelectedKey(NioEventLoop.java:645)
	at io.netty.channel.nio.NioEventLoop.processSelectedKeysPlain(NioEventLoop.java:545)
	at io.netty.channel.nio.NioEventLoop.processSelectedKeys(NioEventLoop.java:499)
	at io.netty.channel.nio.NioEventLoop.run(NioEventLoop.java:459)
	at io.netty.util.concurrent.SingleThreadEventExecutor$5.run(SingleThreadEventExecutor.java:858)
	at java.base/java.lang.Thread.run(Thread.java:840)
08:15:10.057 INFO  vert.x-eventloop-thread-0 BaseServiceProxy     : -> GET /sso/ping,200|473ms
08:15:10.057 INFO  vert.x-eventloop-thread-0 SsoService           : sso ping {"result": "false"}
09:37:08.824 ERROR vert.x-eventloop-thread-0 ConnectionBase       : java.net.SocketException: Connection reset
09:37:08.824 ERROR vert.x-eventloop-thread-0 BaseServiceProxy     : request failed Connection reset
java.net.SocketException: Connection reset
	at java.base/sun.nio.ch.SocketChannelImpl.throwConnectionReset(SocketChannelImpl.java:394)
	at java.base/sun.nio.ch.SocketChannelImpl.read(SocketChannelImpl.java:426)
	at io.netty.buffer.PooledUnsafeDirectByteBuf.setBytes(PooledUnsafeDirectByteBuf.java:288)
	at io.netty.buffer.AbstractByteBuf.writeBytes(AbstractByteBuf.java:1106)
	at io.netty.channel.socket.nio.NioSocketChannel.doReadBytes(NioSocketChannel.java:373)
	at io.netty.channel.nio.AbstractNioByteChannel$NioByteUnsafe.read(AbstractNioByteChannel.java:123)
	at io.netty.channel.nio.NioEventLoop.processSelectedKey(NioEventLoop.java:645)
	at io.netty.channel.nio.NioEventLoop.processSelectedKeysPlain(NioEventLoop.java:545)
	at io.netty.channel.nio.NioEventLoop.processSelectedKeys(NioEventLoop.java:499)
	at io.netty.channel.nio.NioEventLoop.run(NioEventLoop.java:459)
	at io.netty.util.concurrent.SingleThreadEventExecutor$5.run(SingleThreadEventExecutor.java:858)
	at java.base/java.lang.Thread.run(Thread.java:840)
09:42:09.162 INFO  vert.x-eventloop-thread-0 BaseServiceProxy     : -> GET /sso/ping,200|391ms
09:42:09.164 INFO  vert.x-eventloop-thread-0 SsoService           : sso ping {"result": "true"}
09:47:09.181 INFO  vert.x-eventloop-thread-0 BaseServiceProxy     : -> GET /sso/ping,200|410ms
09:47:09.181 INFO  vert.x-eventloop-thread-0 SsoService           : sso ping {"result": "true"}
09:52:09.200 INFO  vert.x-eventloop-thread-0 BaseServiceProxy     : -> GET /sso/ping,200|395ms
09:52:09.201 INFO  vert.x-eventloop-thread-0 SsoService           : sso ping {"result": "true"}
09:57:09.326 INFO  vert.x-eventloop-thread-0 BaseServiceProxy     : -> GET /sso/ping,200|518ms
09:57:09.326 INFO  vert.x-eventloop-thread-0 SsoService           : sso ping {"result": "true"}
10:02:09.240 INFO  vert.x-eventloop-thread-0 BaseServiceProxy     : -> GET /sso/ping,200|428ms
10:02:09.240 INFO  vert.x-eventloop-thread-0 SsoService           : sso ping {"result": "true"}
10:07:09.120 INFO  vert.x-eventloop-thread-0 BaseServiceProxy     : -> GET /sso/ping,200|324ms
10:07:09.120 INFO  vert.x-eventloop-thread-0 SsoService           : sso ping {"result": "true"}
10:12:09.150 INFO  vert.x-eventloop-thread-0 BaseServiceProxy     : -> GET /sso/ping,200|370ms
10:12:09.150 INFO  vert.x-eventloop-thread-0 SsoService           : sso ping {"result": "true"}
11:07:51.907 INFO  vert.x-eventloop-thread-0 BaseServiceProxy     : -> GET /sso/ping,200|1165ms
11:07:51.908 INFO  vert.x-eventloop-thread-0 SsoService           : sso ping {"result": "true"}
12:51:50.989 ERROR vert.x-eventloop-thread-0 ConnectionBase       : java.net.SocketException: Connection reset
12:51:50.989 ERROR vert.x-eventloop-thread-0 BaseServiceProxy     : request failed Connection reset
java.net.SocketException: Connection reset
	at java.base/sun.nio.ch.SocketChannelImpl.throwConnectionReset(SocketChannelImpl.java:394)
	at java.base/sun.nio.ch.SocketChannelImpl.read(SocketChannelImpl.java:426)
	at io.netty.buffer.PooledUnsafeDirectByteBuf.setBytes(PooledUnsafeDirectByteBuf.java:288)
	at io.netty.buffer.AbstractByteBuf.writeBytes(AbstractByteBuf.java:1106)
	at io.netty.channel.socket.nio.NioSocketChannel.doReadBytes(NioSocketChannel.java:373)
	at io.netty.channel.nio.AbstractNioByteChannel$NioByteUnsafe.read(AbstractNioByteChannel.java:123)
	at io.netty.channel.nio.NioEventLoop.processSelectedKey(NioEventLoop.java:645)
	at io.netty.channel.nio.NioEventLoop.processSelectedKeysPlain(NioEventLoop.java:545)
	at io.netty.channel.nio.NioEventLoop.processSelectedKeys(NioEventLoop.java:499)
	at io.netty.channel.nio.NioEventLoop.run(NioEventLoop.java:459)
	at io.netty.util.concurrent.SingleThreadEventExecutor$5.run(SingleThreadEventExecutor.java:858)
	at java.base/java.lang.Thread.run(Thread.java:840)
13:09:19.618 INFO  vert.x-eventloop-thread-0 BaseServiceProxy     : -> GET /sso/ping,200|374ms
13:09:19.619 INFO  vert.x-eventloop-thread-0 SsoService           : sso ping {"result": "true"}
13:14:19.695 INFO  vert.x-eventloop-thread-0 BaseServiceProxy     : -> GET /sso/ping,200|451ms
13:14:19.695 INFO  vert.x-eventloop-thread-0 SsoService           : sso ping {"result": "true"}
13:19:20.001 INFO  vert.x-eventloop-thread-0 BaseServiceProxy     : -> GET /sso/ping,200|758ms
13:19:20.001 INFO  vert.x-eventloop-thread-0 SsoService           : sso ping {"result": "true"}
13:24:19.635 INFO  vert.x-eventloop-thread-0 BaseServiceProxy     : -> GET /sso/ping,200|393ms
13:24:19.636 INFO  vert.x-eventloop-thread-0 SsoService           : sso ping {"result": "true"}
13:29:19.658 INFO  vert.x-eventloop-thread-0 BaseServiceProxy     : -> GET /sso/ping,200|416ms
13:29:19.658 INFO  vert.x-eventloop-thread-0 SsoService           : sso ping {"result": "true"}
13:34:19.899 INFO  vert.x-eventloop-thread-0 BaseServiceProxy     : -> GET /sso/ping,200|658ms
13:34:19.899 INFO  vert.x-eventloop-thread-0 SsoService           : sso ping {"result": "true"}
13:39:19.588 INFO  vert.x-eventloop-thread-0 BaseServiceProxy     : -> GET /sso/ping,200|348ms
13:39:19.588 INFO  vert.x-eventloop-thread-0 SsoService           : sso ping {"result": "true"}
13:58:11.497 INFO  vert.x-eventloop-thread-0 BaseServiceProxy     : -> GET /sso/ping,200|382ms
13:58:11.498 INFO  vert.x-eventloop-thread-0 SsoService           : sso ping {"result": "true"}
14:03:11.546 INFO  vert.x-eventloop-thread-0 BaseServiceProxy     : -> GET /sso/ping,200|434ms
14:03:11.547 INFO  vert.x-eventloop-thread-0 SsoService           : sso ping {"result": "true"}
15:51:32.621 ERROR vert.x-eventloop-thread-0 ConnectionBase       : java.net.SocketException: Connection reset
15:51:32.621 ERROR vert.x-eventloop-thread-0 BaseServiceProxy     : request failed Connection reset
java.net.SocketException: Connection reset
	at java.base/sun.nio.ch.SocketChannelImpl.throwConnectionReset(SocketChannelImpl.java:394)
	at java.base/sun.nio.ch.SocketChannelImpl.read(SocketChannelImpl.java:426)
	at io.netty.buffer.PooledUnsafeDirectByteBuf.setBytes(PooledUnsafeDirectByteBuf.java:288)
	at io.netty.buffer.AbstractByteBuf.writeBytes(AbstractByteBuf.java:1106)
	at io.netty.channel.socket.nio.NioSocketChannel.doReadBytes(NioSocketChannel.java:373)
	at io.netty.channel.nio.AbstractNioByteChannel$NioByteUnsafe.read(AbstractNioByteChannel.java:123)
	at io.netty.channel.nio.NioEventLoop.processSelectedKey(NioEventLoop.java:645)
	at io.netty.channel.nio.NioEventLoop.processSelectedKeysPlain(NioEventLoop.java:545)
	at io.netty.channel.nio.NioEventLoop.processSelectedKeys(NioEventLoop.java:499)
	at io.netty.channel.nio.NioEventLoop.run(NioEventLoop.java:459)
	at io.netty.util.concurrent.SingleThreadEventExecutor$5.run(SingleThreadEventExecutor.java:858)
	at java.base/java.lang.Thread.run(Thread.java:840)
17:40:22.379 INFO  vert.x-eventloop-thread-0 BaseServiceProxy     : -> GET /sso/ping,200|784ms
17:40:22.380 INFO  vert.x-eventloop-thread-0 SsoService           : sso ping {"result": "false"}
19:08:10.888 ERROR vert.x-eventloop-thread-0 ConnectionBase       : java.net.SocketException: Connection reset
19:08:10.888 ERROR vert.x-eventloop-thread-0 BaseServiceProxy     : request failed Connection reset
java.net.SocketException: Connection reset
	at java.base/sun.nio.ch.SocketChannelImpl.throwConnectionReset(SocketChannelImpl.java:394)
	at java.base/sun.nio.ch.SocketChannelImpl.read(SocketChannelImpl.java:426)
	at io.netty.buffer.PooledUnsafeDirectByteBuf.setBytes(PooledUnsafeDirectByteBuf.java:288)
	at io.netty.buffer.AbstractByteBuf.writeBytes(AbstractByteBuf.java:1106)
	at io.netty.channel.socket.nio.NioSocketChannel.doReadBytes(NioSocketChannel.java:373)
	at io.netty.channel.nio.AbstractNioByteChannel$NioByteUnsafe.read(AbstractNioByteChannel.java:123)
	at io.netty.channel.nio.NioEventLoop.processSelectedKey(NioEventLoop.java:645)
	at io.netty.channel.nio.NioEventLoop.processSelectedKeysPlain(NioEventLoop.java:545)
	at io.netty.channel.nio.NioEventLoop.processSelectedKeys(NioEventLoop.java:499)
	at io.netty.channel.nio.NioEventLoop.run(NioEventLoop.java:459)
	at io.netty.util.concurrent.SingleThreadEventExecutor$5.run(SingleThreadEventExecutor.java:858)
	at java.base/java.lang.Thread.run(Thread.java:840)
20:12:59.208 INFO  vert.x-eventloop-thread-0 BaseServiceProxy     : -> GET /sso/ping,200|609ms
20:12:59.208 INFO  vert.x-eventloop-thread-0 SsoService           : sso ping {"result": "true"}
20:29:30.776 ERROR vert.x-eventloop-thread-0 ConnectionBase       : java.net.SocketException: Connection reset
20:29:30.776 ERROR vert.x-eventloop-thread-0 BaseServiceProxy     : request failed Connection reset
java.net.SocketException: Connection reset
	at java.base/sun.nio.ch.SocketChannelImpl.throwConnectionReset(SocketChannelImpl.java:394)
	at java.base/sun.nio.ch.SocketChannelImpl.read(SocketChannelImpl.java:426)
	at io.netty.buffer.PooledUnsafeDirectByteBuf.setBytes(PooledUnsafeDirectByteBuf.java:288)
	at io.netty.buffer.AbstractByteBuf.writeBytes(AbstractByteBuf.java:1106)
	at io.netty.channel.socket.nio.NioSocketChannel.doReadBytes(NioSocketChannel.java:373)
	at io.netty.channel.nio.AbstractNioByteChannel$NioByteUnsafe.read(AbstractNioByteChannel.java:123)
	at io.netty.channel.nio.NioEventLoop.processSelectedKey(NioEventLoop.java:645)
	at io.netty.channel.nio.NioEventLoop.processSelectedKeysPlain(NioEventLoop.java:545)
	at io.netty.channel.nio.NioEventLoop.processSelectedKeys(NioEventLoop.java:499)
	at io.netty.channel.nio.NioEventLoop.run(NioEventLoop.java:459)
	at io.netty.util.concurrent.SingleThreadEventExecutor$5.run(SingleThreadEventExecutor.java:858)
	at java.base/java.lang.Thread.run(Thread.java:840)
20:34:31.045 INFO  vert.x-eventloop-thread-0 BaseServiceProxy     : -> GET /sso/ping,200|330ms
20:34:31.046 INFO  vert.x-eventloop-thread-0 SsoService           : sso ping {"result": "true"}
20:39:31.265 INFO  vert.x-eventloop-thread-0 BaseServiceProxy     : -> GET /sso/ping,200|569ms
20:39:31.265 INFO  vert.x-eventloop-thread-0 SsoService           : sso ping {"result": "false"}
20:44:30.860 INFO  vert.x-eventloop-thread-0 BaseServiceProxy     : -> GET /sso/ping,200|166ms
20:44:30.861 INFO  vert.x-eventloop-thread-0 SsoService           : sso ping {"result": "true"}
20:49:30.999 INFO  vert.x-eventloop-thread-0 BaseServiceProxy     : -> GET /sso/ping,200|305ms
20:49:30.999 INFO  vert.x-eventloop-thread-0 SsoService           : sso ping {"result": "true"}
20:54:30.845 INFO  vert.x-eventloop-thread-0 BaseServiceProxy     : -> GET /sso/ping,200|151ms
20:54:30.845 INFO  vert.x-eventloop-thread-0 SsoService           : sso ping {"result": "true"}
20:59:31.064 INFO  vert.x-eventloop-thread-0 BaseServiceProxy     : -> GET /sso/ping,200|406ms
20:59:31.064 INFO  vert.x-eventloop-thread-0 SsoService           : sso ping {"result": "true"}
21:04:30.836 INFO  vert.x-eventloop-thread-0 BaseServiceProxy     : -> GET /sso/ping,200|180ms
21:04:30.837 INFO  vert.x-eventloop-thread-0 SsoService           : sso ping {"result": "true"}
21:09:30.871 INFO  vert.x-eventloop-thread-0 BaseServiceProxy     : -> GET /sso/ping,200|217ms
21:09:30.871 INFO  vert.x-eventloop-thread-0 SsoService           : sso ping {"result": "true"}
21:14:30.855 INFO  vert.x-eventloop-thread-0 BaseServiceProxy     : -> GET /sso/ping,200|187ms
21:14:30.855 INFO  vert.x-eventloop-thread-0 SsoService           : sso ping {"result": "true"}
21:19:31.247 INFO  vert.x-eventloop-thread-0 BaseServiceProxy     : -> GET /sso/ping,200|580ms
21:19:31.248 INFO  vert.x-eventloop-thread-0 SsoService           : sso ping {"result": "true"}
21:24:30.855 INFO  vert.x-eventloop-thread-0 BaseServiceProxy     : -> GET /sso/ping,200|189ms
21:24:30.855 INFO  vert.x-eventloop-thread-0 SsoService           : sso ping {"result": "true"}
21:29:30.964 INFO  vert.x-eventloop-thread-0 BaseServiceProxy     : -> GET /sso/ping,200|310ms
21:29:30.965 INFO  vert.x-eventloop-thread-0 SsoService           : sso ping {"result": "true"}
21:34:31.007 INFO  vert.x-eventloop-thread-0 BaseServiceProxy     : -> GET /sso/ping,200|355ms
21:34:31.007 INFO  vert.x-eventloop-thread-0 SsoService           : sso ping {"result": "true"}
21:39:31.155 INFO  vert.x-eventloop-thread-0 BaseServiceProxy     : -> GET /sso/ping,200|506ms
21:39:31.155 INFO  vert.x-eventloop-thread-0 SsoService           : sso ping {"result": "true"}
21:44:31.047 INFO  vert.x-eventloop-thread-0 BaseServiceProxy     : -> GET /sso/ping,200|378ms
21:44:31.047 INFO  vert.x-eventloop-thread-0 SsoService           : sso ping {"result": "true"}
21:49:30.995 INFO  vert.x-eventloop-thread-0 BaseServiceProxy     : -> GET /sso/ping,200|327ms
21:49:30.995 INFO  vert.x-eventloop-thread-0 SsoService           : sso ping {"result": "true"}
21:54:31.017 INFO  vert.x-eventloop-thread-0 BaseServiceProxy     : -> GET /sso/ping,200|350ms
21:54:31.017 INFO  vert.x-eventloop-thread-0 SsoService           : sso ping {"result": "true"}
21:59:31.008 INFO  vert.x-eventloop-thread-0 BaseServiceProxy     : -> GET /sso/ping,200|330ms
21:59:31.008 INFO  vert.x-eventloop-thread-0 SsoService           : sso ping {"result": "true"}
22:04:31.140 INFO  vert.x-eventloop-thread-0 BaseServiceProxy     : -> GET /sso/ping,200|461ms
22:04:31.141 INFO  vert.x-eventloop-thread-0 SsoService           : sso ping {"result": "true"}
22:09:30.930 INFO  vert.x-eventloop-thread-0 BaseServiceProxy     : -> GET /sso/ping,200|251ms
22:09:30.930 INFO  vert.x-eventloop-thread-0 SsoService           : sso ping {"result": "true"}
22:14:31.138 INFO  vert.x-eventloop-thread-0 BaseServiceProxy     : -> GET /sso/ping,200|472ms
22:14:31.140 INFO  vert.x-eventloop-thread-0 SsoService           : sso ping {"result": "true"}
22:19:30.939 INFO  vert.x-eventloop-thread-0 BaseServiceProxy     : -> GET /sso/ping,200|274ms
22:19:30.939 INFO  vert.x-eventloop-thread-0 SsoService           : sso ping {"result": "true"}
22:24:31.021 INFO  vert.x-eventloop-thread-0 BaseServiceProxy     : -> GET /sso/ping,200|358ms
22:24:31.021 INFO  vert.x-eventloop-thread-0 SsoService           : sso ping {"result": "true"}
22:29:30.975 INFO  vert.x-eventloop-thread-0 BaseServiceProxy     : -> GET /sso/ping,200|319ms
22:29:30.976 INFO  vert.x-eventloop-thread-0 SsoService           : sso ping {"result": "true"}
22:34:30.915 INFO  vert.x-eventloop-thread-0 BaseServiceProxy     : -> GET /sso/ping,200|261ms
22:34:30.916 INFO  vert.x-eventloop-thread-0 SsoService           : sso ping {"result": "true"}
22:39:31.217 INFO  vert.x-eventloop-thread-0 BaseServiceProxy     : -> GET /sso/ping,200|564ms
22:39:31.218 INFO  vert.x-eventloop-thread-0 SsoService           : sso ping {"result": "true"}
22:44:30.886 INFO  vert.x-eventloop-thread-0 BaseServiceProxy     : -> GET /sso/ping,200|234ms
22:44:30.886 INFO  vert.x-eventloop-thread-0 SsoService           : sso ping {"result": "true"}
23:04:08.692 ERROR vert.x-eventloop-thread-0 ConnectionBase       : java.io.IOException: Operation timed out
23:04:08.693 ERROR vert.x-eventloop-thread-0 BaseServiceProxy     : request failed Operation timed out
java.io.IOException: Operation timed out
	at java.base/sun.nio.ch.SocketDispatcher.read0(Native Method)
	at java.base/sun.nio.ch.SocketDispatcher.read(SocketDispatcher.java:47)
	at java.base/sun.nio.ch.IOUtil.readIntoNativeBuffer(IOUtil.java:330)
	at java.base/sun.nio.ch.IOUtil.read(IOUtil.java:284)
	at java.base/sun.nio.ch.IOUtil.read(IOUtil.java:259)
	at java.base/sun.nio.ch.SocketChannelImpl.read(SocketChannelImpl.java:417)
	at io.netty.buffer.PooledUnsafeDirectByteBuf.setBytes(PooledUnsafeDirectByteBuf.java:288)
	at io.netty.buffer.AbstractByteBuf.writeBytes(AbstractByteBuf.java:1106)
	at io.netty.channel.socket.nio.NioSocketChannel.doReadBytes(NioSocketChannel.java:373)
	at io.netty.channel.nio.AbstractNioByteChannel$NioByteUnsafe.read(AbstractNioByteChannel.java:123)
	at io.netty.channel.nio.NioEventLoop.processSelectedKey(NioEventLoop.java:645)
	at io.netty.channel.nio.NioEventLoop.processSelectedKeysPlain(NioEventLoop.java:545)
	at io.netty.channel.nio.NioEventLoop.processSelectedKeys(NioEventLoop.java:499)
	at io.netty.channel.nio.NioEventLoop.run(NioEventLoop.java:459)
	at io.netty.util.concurrent.SingleThreadEventExecutor$5.run(SingleThreadEventExecutor.java:858)
	at java.base/java.lang.Thread.run(Thread.java:840)
