00:08:01.367 ERROR vert.x-eventloop-thread-0 ConnectionBase       : java.net.SocketException: Connection reset
00:08:01.369 ERROR vert.x-eventloop-thread-0 BaseServiceProxy     : request failed Connection reset
java.net.SocketException: Connection reset
	at java.base/sun.nio.ch.SocketChannelImpl.throwConnectionReset(SocketChannelImpl.java:394)
	at java.base/sun.nio.ch.SocketChannelImpl.read(SocketChannelImpl.java:426)
	at io.netty.buffer.PooledUnsafeDirectByteBuf.setBytes(PooledUnsafeDirectByteBuf.java:288)
	at io.netty.buffer.AbstractByteBuf.writeBytes(AbstractByteBuf.java:1106)
	at io.netty.channel.socket.nio.NioSocketChannel.doReadBytes(NioSocketChannel.java:373)
	at io.netty.channel.nio.AbstractNioByteChannel$NioByteUnsafe.read(AbstractNioByteChannel.java:123)
	at io.netty.channel.nio.NioEventLoop.processSelectedKey(NioEventLoop.java:645)
	at io.netty.channel.nio.NioEventLoop.processSelectedKeysPlain(NioEventLoop.java:545)
	at io.netty.channel.nio.NioEventLoop.processSelectedKeys(NioEventLoop.java:499)
	at io.netty.channel.nio.NioEventLoop.run(NioEventLoop.java:459)
	at io.netty.util.concurrent.SingleThreadEventExecutor$5.run(SingleThreadEventExecutor.java:858)
	at java.base/java.lang.Thread.run(Thread.java:840)
00:13:03.260 INFO  vert.x-eventloop-thread-0 BaseServiceProxy     : -> GET /sso/ping,200|1950ms
00:13:03.260 INFO  vert.x-eventloop-thread-0 SsoService           : sso ping {"result": "true"}
00:18:01.844 INFO  vert.x-eventloop-thread-0 BaseServiceProxy     : -> GET /sso/ping,200|536ms
00:18:01.844 INFO  vert.x-eventloop-thread-0 SsoService           : sso ping {"result": "true"}
00:23:01.648 INFO  vert.x-eventloop-thread-0 BaseServiceProxy     : -> GET /sso/ping,200|337ms
00:23:01.649 INFO  vert.x-eventloop-thread-0 SsoService           : sso ping {"result": "true"}
00:28:01.409 INFO  vert.x-eventloop-thread-0 BaseServiceProxy     : -> GET /sso/ping,200|96ms
00:28:01.409 INFO  vert.x-eventloop-thread-0 SsoService           : sso ping {"result": "true"}
00:33:01.554 INFO  vert.x-eventloop-thread-0 BaseServiceProxy     : -> GET /sso/ping,200|244ms
00:33:01.554 INFO  vert.x-eventloop-thread-0 SsoService           : sso ping {"result": "true"}
00:53:49.198 ERROR vert.x-eventloop-thread-0 ConnectionBase       : java.net.SocketException: Connection reset
00:53:49.198 ERROR vert.x-eventloop-thread-0 BaseServiceProxy     : request failed Connection reset
java.net.SocketException: Connection reset
	at java.base/sun.nio.ch.SocketChannelImpl.throwConnectionReset(SocketChannelImpl.java:394)
	at java.base/sun.nio.ch.SocketChannelImpl.read(SocketChannelImpl.java:426)
	at io.netty.buffer.PooledUnsafeDirectByteBuf.setBytes(PooledUnsafeDirectByteBuf.java:288)
	at io.netty.buffer.AbstractByteBuf.writeBytes(AbstractByteBuf.java:1106)
	at io.netty.channel.socket.nio.NioSocketChannel.doReadBytes(NioSocketChannel.java:373)
	at io.netty.channel.nio.AbstractNioByteChannel$NioByteUnsafe.read(AbstractNioByteChannel.java:123)
	at io.netty.channel.nio.NioEventLoop.processSelectedKey(NioEventLoop.java:645)
	at io.netty.channel.nio.NioEventLoop.processSelectedKeysPlain(NioEventLoop.java:545)
	at io.netty.channel.nio.NioEventLoop.processSelectedKeys(NioEventLoop.java:499)
	at io.netty.channel.nio.NioEventLoop.run(NioEventLoop.java:459)
	at io.netty.util.concurrent.SingleThreadEventExecutor$5.run(SingleThreadEventExecutor.java:858)
	at java.base/java.lang.Thread.run(Thread.java:840)
01:53:37.393 INFO  vert.x-eventloop-thread-0 BaseServiceProxy     : -> GET /sso/ping,200|203ms
01:53:37.394 INFO  vert.x-eventloop-thread-0 SsoService           : sso ping {"result": "true"}
02:31:38.512 ERROR vert.x-eventloop-thread-0 ConnectionBase       : java.net.SocketException: Connection reset
02:31:38.512 ERROR vert.x-eventloop-thread-0 BaseServiceProxy     : request failed Connection reset
java.net.SocketException: Connection reset
	at java.base/sun.nio.ch.SocketChannelImpl.throwConnectionReset(SocketChannelImpl.java:394)
	at java.base/sun.nio.ch.SocketChannelImpl.read(SocketChannelImpl.java:426)
	at io.netty.buffer.PooledUnsafeDirectByteBuf.setBytes(PooledUnsafeDirectByteBuf.java:288)
	at io.netty.buffer.AbstractByteBuf.writeBytes(AbstractByteBuf.java:1106)
	at io.netty.channel.socket.nio.NioSocketChannel.doReadBytes(NioSocketChannel.java:373)
	at io.netty.channel.nio.AbstractNioByteChannel$NioByteUnsafe.read(AbstractNioByteChannel.java:123)
	at io.netty.channel.nio.NioEventLoop.processSelectedKey(NioEventLoop.java:645)
	at io.netty.channel.nio.NioEventLoop.processSelectedKeysPlain(NioEventLoop.java:545)
	at io.netty.channel.nio.NioEventLoop.processSelectedKeys(NioEventLoop.java:499)
	at io.netty.channel.nio.NioEventLoop.run(NioEventLoop.java:459)
	at io.netty.util.concurrent.SingleThreadEventExecutor$5.run(SingleThreadEventExecutor.java:858)
	at java.base/java.lang.Thread.run(Thread.java:840)
08:39:30.627 ERROR vert.x-eventloop-thread-0 BaseServiceProxy     : request failed api.ibkr.com: nodename nor servname provided, or not known
java.net.UnknownHostException: api.ibkr.com: nodename nor servname provided, or not known
	at java.base/java.net.Inet4AddressImpl.lookupAllHostAddr(Native Method)
	at java.base/java.net.InetAddress$PlatformNameService.lookupAllHostAddr(InetAddress.java:934)
	at java.base/java.net.InetAddress.getAddressesFromNameService(InetAddress.java:1543)
	at java.base/java.net.InetAddress$NameServiceAddresses.get(InetAddress.java:852)
	at java.base/java.net.InetAddress.getAllByName0(InetAddress.java:1533)
	at java.base/java.net.InetAddress.getAllByName(InetAddress.java:1385)
	at java.base/java.net.InetAddress.getAllByName(InetAddress.java:1306)
	at java.base/java.net.InetAddress.getByName(InetAddress.java:1256)
	at io.netty.util.internal.SocketUtils$8.run(SocketUtils.java:146)
	at io.netty.util.internal.SocketUtils$8.run(SocketUtils.java:143)
	at java.base/java.security.AccessController.doPrivileged(AccessController.java:569)
	at io.netty.util.internal.SocketUtils.addressByName(SocketUtils.java:143)
	at io.netty.resolver.DefaultNameResolver.doResolve(DefaultNameResolver.java:43)
	at io.netty.resolver.SimpleNameResolver.resolve(SimpleNameResolver.java:63)
	at io.netty.resolver.SimpleNameResolver.resolve(SimpleNameResolver.java:55)
	at io.netty.resolver.InetSocketAddressResolver.doResolve(InetSocketAddressResolver.java:57)
	at io.netty.resolver.InetSocketAddressResolver.doResolve(InetSocketAddressResolver.java:32)
	at io.netty.resolver.AbstractAddressResolver.resolve(AbstractAddressResolver.java:108)
	at io.netty.bootstrap.Bootstrap.doResolveAndConnect0(Bootstrap.java:208)
	at io.netty.bootstrap.Bootstrap.doResolveAndConnect(Bootstrap.java:170)
	at io.netty.bootstrap.Bootstrap.connect(Bootstrap.java:145)
	at io.vertx.core.net.impl.ChannelProvider.connect(ChannelProvider.java:38)
	at io.vertx.core.http.impl.ConnectionManager$ChannelConnector.connect(ConnectionManager.java:537)
	at io.vertx.core.http.impl.ConnectionManager$ConnQueue.createNewConnection(ConnectionManager.java:294)
	at io.vertx.core.http.impl.ConnectionManager$ConnQueue.getConnection(ConnectionManager.java:237)
	at io.vertx.core.http.impl.ConnectionManager.getConnectionForRequest(ConnectionManager.java:171)
	at io.vertx.core.http.impl.HttpClientImpl.getConnectionForRequest(HttpClientImpl.java:950)
	at io.vertx.core.http.impl.HttpClientRequestImpl.connect(HttpClientRequestImpl.java:745)
	at io.vertx.core.http.impl.HttpClientRequestImpl.write(HttpClientRequestImpl.java:867)
	at io.vertx.core.http.impl.HttpClientRequestImpl.end(HttpClientRequestImpl.java:358)
	at ibgroup.web.core.clientportal.gw.services.SsoService.tickleSession(SsoService.java:255)
	at ibgroup.web.core.clientportal.gw.services.SsoService.onTimerEvent(SsoService.java:100)
	at io.vertx.core.impl.VertxImpl$InternalTimerHandler.handle(VertxImpl.java:870)
	at io.vertx.core.impl.VertxImpl$InternalTimerHandler.handle(VertxImpl.java:829)
	at io.vertx.core.impl.ContextImpl.lambda$wrapTask$2(ContextImpl.java:344)
	at io.netty.util.concurrent.AbstractEventExecutor.safeExecute(AbstractEventExecutor.java:163)
	at io.netty.util.concurrent.SingleThreadEventExecutor.runAllTasks(SingleThreadEventExecutor.java:403)
	at io.netty.channel.nio.NioEventLoop.run(NioEventLoop.java:463)
	at io.netty.util.concurrent.SingleThreadEventExecutor$5.run(SingleThreadEventExecutor.java:858)
	at java.base/java.lang.Thread.run(Thread.java:840)
15:08:04.622 ERROR vert.x-eventloop-thread-0 BaseServiceProxy     : request failed api.ibkr.com: nodename nor servname provided, or not known
java.net.UnknownHostException: api.ibkr.com: nodename nor servname provided, or not known
	at java.base/java.net.Inet4AddressImpl.lookupAllHostAddr(Native Method)
	at java.base/java.net.InetAddress$PlatformNameService.lookupAllHostAddr(InetAddress.java:934)
	at java.base/java.net.InetAddress.getAddressesFromNameService(InetAddress.java:1543)
	at java.base/java.net.InetAddress$NameServiceAddresses.get(InetAddress.java:852)
	at java.base/java.net.InetAddress.getAllByName0(InetAddress.java:1533)
	at java.base/java.net.InetAddress.getAllByName(InetAddress.java:1385)
	at java.base/java.net.InetAddress.getAllByName(InetAddress.java:1306)
	at java.base/java.net.InetAddress.getByName(InetAddress.java:1256)
	at io.netty.util.internal.SocketUtils$8.run(SocketUtils.java:146)
	at io.netty.util.internal.SocketUtils$8.run(SocketUtils.java:143)
	at java.base/java.security.AccessController.doPrivileged(AccessController.java:569)
	at io.netty.util.internal.SocketUtils.addressByName(SocketUtils.java:143)
	at io.netty.resolver.DefaultNameResolver.doResolve(DefaultNameResolver.java:43)
	at io.netty.resolver.SimpleNameResolver.resolve(SimpleNameResolver.java:63)
	at io.netty.resolver.SimpleNameResolver.resolve(SimpleNameResolver.java:55)
	at io.netty.resolver.InetSocketAddressResolver.doResolve(InetSocketAddressResolver.java:57)
	at io.netty.resolver.InetSocketAddressResolver.doResolve(InetSocketAddressResolver.java:32)
	at io.netty.resolver.AbstractAddressResolver.resolve(AbstractAddressResolver.java:108)
	at io.netty.bootstrap.Bootstrap.doResolveAndConnect0(Bootstrap.java:208)
	at io.netty.bootstrap.Bootstrap.doResolveAndConnect(Bootstrap.java:170)
	at io.netty.bootstrap.Bootstrap.connect(Bootstrap.java:145)
	at io.vertx.core.net.impl.ChannelProvider.connect(ChannelProvider.java:38)
	at io.vertx.core.http.impl.ConnectionManager$ChannelConnector.connect(ConnectionManager.java:537)
	at io.vertx.core.http.impl.ConnectionManager$ConnQueue.createNewConnection(ConnectionManager.java:294)
	at io.vertx.core.http.impl.ConnectionManager$ConnQueue.getConnection(ConnectionManager.java:237)
	at io.vertx.core.http.impl.ConnectionManager.getConnectionForRequest(ConnectionManager.java:171)
	at io.vertx.core.http.impl.HttpClientImpl.getConnectionForRequest(HttpClientImpl.java:950)
	at io.vertx.core.http.impl.HttpClientRequestImpl.connect(HttpClientRequestImpl.java:745)
	at io.vertx.core.http.impl.HttpClientRequestImpl.write(HttpClientRequestImpl.java:867)
	at io.vertx.core.http.impl.HttpClientRequestImpl.end(HttpClientRequestImpl.java:358)
	at ibgroup.web.core.clientportal.gw.services.SsoService.tickleSession(SsoService.java:255)
	at ibgroup.web.core.clientportal.gw.services.SsoService.onTimerEvent(SsoService.java:100)
	at io.vertx.core.impl.VertxImpl$InternalTimerHandler.handle(VertxImpl.java:870)
	at io.vertx.core.impl.VertxImpl$InternalTimerHandler.handle(VertxImpl.java:829)
	at io.vertx.core.impl.ContextImpl.lambda$wrapTask$2(ContextImpl.java:344)
	at io.netty.util.concurrent.AbstractEventExecutor.safeExecute(AbstractEventExecutor.java:163)
	at io.netty.util.concurrent.SingleThreadEventExecutor.runAllTasks(SingleThreadEventExecutor.java:403)
	at io.netty.channel.nio.NioEventLoop.run(NioEventLoop.java:463)
	at io.netty.util.concurrent.SingleThreadEventExecutor$5.run(SingleThreadEventExecutor.java:858)
	at java.base/java.lang.Thread.run(Thread.java:840)
15:13:19.646 ERROR vert.x-eventloop-thread-0 BaseServiceProxy     : request failed api.ibkr.com: nodename nor servname provided, or not known
java.net.UnknownHostException: api.ibkr.com: nodename nor servname provided, or not known
	at java.base/java.net.Inet4AddressImpl.lookupAllHostAddr(Native Method)
	at java.base/java.net.InetAddress$PlatformNameService.lookupAllHostAddr(InetAddress.java:934)
	at java.base/java.net.InetAddress.getAddressesFromNameService(InetAddress.java:1543)
	at java.base/java.net.InetAddress$NameServiceAddresses.get(InetAddress.java:852)
	at java.base/java.net.InetAddress.getAllByName0(InetAddress.java:1533)
	at java.base/java.net.InetAddress.getAllByName(InetAddress.java:1385)
	at java.base/java.net.InetAddress.getAllByName(InetAddress.java:1306)
	at java.base/java.net.InetAddress.getByName(InetAddress.java:1256)
	at io.netty.util.internal.SocketUtils$8.run(SocketUtils.java:146)
	at io.netty.util.internal.SocketUtils$8.run(SocketUtils.java:143)
	at java.base/java.security.AccessController.doPrivileged(AccessController.java:569)
	at io.netty.util.internal.SocketUtils.addressByName(SocketUtils.java:143)
	at io.netty.resolver.DefaultNameResolver.doResolve(DefaultNameResolver.java:43)
	at io.netty.resolver.SimpleNameResolver.resolve(SimpleNameResolver.java:63)
	at io.netty.resolver.SimpleNameResolver.resolve(SimpleNameResolver.java:55)
	at io.netty.resolver.InetSocketAddressResolver.doResolve(InetSocketAddressResolver.java:57)
	at io.netty.resolver.InetSocketAddressResolver.doResolve(InetSocketAddressResolver.java:32)
	at io.netty.resolver.AbstractAddressResolver.resolve(AbstractAddressResolver.java:108)
	at io.netty.bootstrap.Bootstrap.doResolveAndConnect0(Bootstrap.java:208)
	at io.netty.bootstrap.Bootstrap.doResolveAndConnect(Bootstrap.java:170)
	at io.netty.bootstrap.Bootstrap.connect(Bootstrap.java:145)
	at io.vertx.core.net.impl.ChannelProvider.connect(ChannelProvider.java:38)
	at io.vertx.core.http.impl.ConnectionManager$ChannelConnector.connect(ConnectionManager.java:537)
	at io.vertx.core.http.impl.ConnectionManager$ConnQueue.createNewConnection(ConnectionManager.java:294)
	at io.vertx.core.http.impl.ConnectionManager$ConnQueue.getConnection(ConnectionManager.java:237)
	at io.vertx.core.http.impl.ConnectionManager.getConnectionForRequest(ConnectionManager.java:171)
	at io.vertx.core.http.impl.HttpClientImpl.getConnectionForRequest(HttpClientImpl.java:950)
	at io.vertx.core.http.impl.HttpClientRequestImpl.connect(HttpClientRequestImpl.java:745)
	at io.vertx.core.http.impl.HttpClientRequestImpl.write(HttpClientRequestImpl.java:867)
	at io.vertx.core.http.impl.HttpClientRequestImpl.end(HttpClientRequestImpl.java:358)
	at ibgroup.web.core.clientportal.gw.services.SsoService.tickleSession(SsoService.java:255)
	at ibgroup.web.core.clientportal.gw.services.SsoService.onTimerEvent(SsoService.java:100)
	at io.vertx.core.impl.VertxImpl$InternalTimerHandler.handle(VertxImpl.java:870)
	at io.vertx.core.impl.VertxImpl$InternalTimerHandler.handle(VertxImpl.java:829)
	at io.vertx.core.impl.ContextImpl.lambda$wrapTask$2(ContextImpl.java:344)
	at io.netty.util.concurrent.AbstractEventExecutor.safeExecute(AbstractEventExecutor.java:163)
	at io.netty.util.concurrent.SingleThreadEventExecutor.runAllTasks(SingleThreadEventExecutor.java:403)
	at io.netty.channel.nio.NioEventLoop.run(NioEventLoop.java:463)
	at io.netty.util.concurrent.SingleThreadEventExecutor$5.run(SingleThreadEventExecutor.java:858)
	at java.base/java.lang.Thread.run(Thread.java:840)
15:18:34.383 ERROR vert.x-eventloop-thread-0 BaseServiceProxy     : request failed api.ibkr.com: nodename nor servname provided, or not known
java.net.UnknownHostException: api.ibkr.com: nodename nor servname provided, or not known
	at java.base/java.net.Inet4AddressImpl.lookupAllHostAddr(Native Method)
	at java.base/java.net.InetAddress$PlatformNameService.lookupAllHostAddr(InetAddress.java:934)
	at java.base/java.net.InetAddress.getAddressesFromNameService(InetAddress.java:1543)
	at java.base/java.net.InetAddress$NameServiceAddresses.get(InetAddress.java:852)
	at java.base/java.net.InetAddress.getAllByName0(InetAddress.java:1533)
	at java.base/java.net.InetAddress.getAllByName(InetAddress.java:1385)
	at java.base/java.net.InetAddress.getAllByName(InetAddress.java:1306)
	at java.base/java.net.InetAddress.getByName(InetAddress.java:1256)
	at io.netty.util.internal.SocketUtils$8.run(SocketUtils.java:146)
	at io.netty.util.internal.SocketUtils$8.run(SocketUtils.java:143)
	at java.base/java.security.AccessController.doPrivileged(AccessController.java:569)
	at io.netty.util.internal.SocketUtils.addressByName(SocketUtils.java:143)
	at io.netty.resolver.DefaultNameResolver.doResolve(DefaultNameResolver.java:43)
	at io.netty.resolver.SimpleNameResolver.resolve(SimpleNameResolver.java:63)
	at io.netty.resolver.SimpleNameResolver.resolve(SimpleNameResolver.java:55)
	at io.netty.resolver.InetSocketAddressResolver.doResolve(InetSocketAddressResolver.java:57)
	at io.netty.resolver.InetSocketAddressResolver.doResolve(InetSocketAddressResolver.java:32)
	at io.netty.resolver.AbstractAddressResolver.resolve(AbstractAddressResolver.java:108)
	at io.netty.bootstrap.Bootstrap.doResolveAndConnect0(Bootstrap.java:208)
	at io.netty.bootstrap.Bootstrap.doResolveAndConnect(Bootstrap.java:170)
	at io.netty.bootstrap.Bootstrap.connect(Bootstrap.java:145)
	at io.vertx.core.net.impl.ChannelProvider.connect(ChannelProvider.java:38)
	at io.vertx.core.http.impl.ConnectionManager$ChannelConnector.connect(ConnectionManager.java:537)
	at io.vertx.core.http.impl.ConnectionManager$ConnQueue.createNewConnection(ConnectionManager.java:294)
	at io.vertx.core.http.impl.ConnectionManager$ConnQueue.getConnection(ConnectionManager.java:237)
	at io.vertx.core.http.impl.ConnectionManager.getConnectionForRequest(ConnectionManager.java:171)
	at io.vertx.core.http.impl.HttpClientImpl.getConnectionForRequest(HttpClientImpl.java:950)
	at io.vertx.core.http.impl.HttpClientRequestImpl.connect(HttpClientRequestImpl.java:745)
	at io.vertx.core.http.impl.HttpClientRequestImpl.write(HttpClientRequestImpl.java:867)
	at io.vertx.core.http.impl.HttpClientRequestImpl.end(HttpClientRequestImpl.java:358)
	at ibgroup.web.core.clientportal.gw.services.SsoService.tickleSession(SsoService.java:255)
	at ibgroup.web.core.clientportal.gw.services.SsoService.onTimerEvent(SsoService.java:100)
	at io.vertx.core.impl.VertxImpl$InternalTimerHandler.handle(VertxImpl.java:870)
	at io.vertx.core.impl.VertxImpl$InternalTimerHandler.handle(VertxImpl.java:829)
	at io.vertx.core.impl.ContextImpl.lambda$wrapTask$2(ContextImpl.java:344)
	at io.netty.util.concurrent.AbstractEventExecutor.safeExecute(AbstractEventExecutor.java:163)
	at io.netty.util.concurrent.SingleThreadEventExecutor.runAllTasks(SingleThreadEventExecutor.java:403)
	at io.netty.channel.nio.NioEventLoop.run(NioEventLoop.java:463)
	at io.netty.util.concurrent.SingleThreadEventExecutor$5.run(SingleThreadEventExecutor.java:858)
	at java.base/java.lang.Thread.run(Thread.java:840)
15:23:50.173 ERROR vert.x-eventloop-thread-0 BaseServiceProxy     : request failed api.ibkr.com: nodename nor servname provided, or not known
java.net.UnknownHostException: api.ibkr.com: nodename nor servname provided, or not known
	at java.base/java.net.Inet4AddressImpl.lookupAllHostAddr(Native Method)
	at java.base/java.net.InetAddress$PlatformNameService.lookupAllHostAddr(InetAddress.java:934)
	at java.base/java.net.InetAddress.getAddressesFromNameService(InetAddress.java:1543)
	at java.base/java.net.InetAddress$NameServiceAddresses.get(InetAddress.java:852)
	at java.base/java.net.InetAddress.getAllByName0(InetAddress.java:1533)
	at java.base/java.net.InetAddress.getAllByName(InetAddress.java:1385)
	at java.base/java.net.InetAddress.getAllByName(InetAddress.java:1306)
	at java.base/java.net.InetAddress.getByName(InetAddress.java:1256)
	at io.netty.util.internal.SocketUtils$8.run(SocketUtils.java:146)
	at io.netty.util.internal.SocketUtils$8.run(SocketUtils.java:143)
	at java.base/java.security.AccessController.doPrivileged(AccessController.java:569)
	at io.netty.util.internal.SocketUtils.addressByName(SocketUtils.java:143)
	at io.netty.resolver.DefaultNameResolver.doResolve(DefaultNameResolver.java:43)
	at io.netty.resolver.SimpleNameResolver.resolve(SimpleNameResolver.java:63)
	at io.netty.resolver.SimpleNameResolver.resolve(SimpleNameResolver.java:55)
	at io.netty.resolver.InetSocketAddressResolver.doResolve(InetSocketAddressResolver.java:57)
	at io.netty.resolver.InetSocketAddressResolver.doResolve(InetSocketAddressResolver.java:32)
	at io.netty.resolver.AbstractAddressResolver.resolve(AbstractAddressResolver.java:108)
	at io.netty.bootstrap.Bootstrap.doResolveAndConnect0(Bootstrap.java:208)
	at io.netty.bootstrap.Bootstrap.doResolveAndConnect(Bootstrap.java:170)
	at io.netty.bootstrap.Bootstrap.connect(Bootstrap.java:145)
	at io.vertx.core.net.impl.ChannelProvider.connect(ChannelProvider.java:38)
	at io.vertx.core.http.impl.ConnectionManager$ChannelConnector.connect(ConnectionManager.java:537)
	at io.vertx.core.http.impl.ConnectionManager$ConnQueue.createNewConnection(ConnectionManager.java:294)
	at io.vertx.core.http.impl.ConnectionManager$ConnQueue.getConnection(ConnectionManager.java:237)
	at io.vertx.core.http.impl.ConnectionManager.getConnectionForRequest(ConnectionManager.java:171)
	at io.vertx.core.http.impl.HttpClientImpl.getConnectionForRequest(HttpClientImpl.java:950)
	at io.vertx.core.http.impl.HttpClientRequestImpl.connect(HttpClientRequestImpl.java:745)
	at io.vertx.core.http.impl.HttpClientRequestImpl.write(HttpClientRequestImpl.java:867)
	at io.vertx.core.http.impl.HttpClientRequestImpl.end(HttpClientRequestImpl.java:358)
	at ibgroup.web.core.clientportal.gw.services.SsoService.tickleSession(SsoService.java:255)
	at ibgroup.web.core.clientportal.gw.services.SsoService.onTimerEvent(SsoService.java:100)
	at io.vertx.core.impl.VertxImpl$InternalTimerHandler.handle(VertxImpl.java:870)
	at io.vertx.core.impl.VertxImpl$InternalTimerHandler.handle(VertxImpl.java:829)
	at io.vertx.core.impl.ContextImpl.lambda$wrapTask$2(ContextImpl.java:344)
	at io.netty.util.concurrent.AbstractEventExecutor.safeExecute(AbstractEventExecutor.java:163)
	at io.netty.util.concurrent.SingleThreadEventExecutor.runAllTasks(SingleThreadEventExecutor.java:403)
	at io.netty.channel.nio.NioEventLoop.run(NioEventLoop.java:463)
	at io.netty.util.concurrent.SingleThreadEventExecutor$5.run(SingleThreadEventExecutor.java:858)
	at java.base/java.lang.Thread.run(Thread.java:840)
15:29:05.580 ERROR vert.x-eventloop-thread-0 BaseServiceProxy     : request failed api.ibkr.com: nodename nor servname provided, or not known
java.net.UnknownHostException: api.ibkr.com: nodename nor servname provided, or not known
	at java.base/java.net.Inet4AddressImpl.lookupAllHostAddr(Native Method)
	at java.base/java.net.InetAddress$PlatformNameService.lookupAllHostAddr(InetAddress.java:934)
	at java.base/java.net.InetAddress.getAddressesFromNameService(InetAddress.java:1543)
	at java.base/java.net.InetAddress$NameServiceAddresses.get(InetAddress.java:852)
	at java.base/java.net.InetAddress.getAllByName0(InetAddress.java:1533)
	at java.base/java.net.InetAddress.getAllByName(InetAddress.java:1385)
	at java.base/java.net.InetAddress.getAllByName(InetAddress.java:1306)
	at java.base/java.net.InetAddress.getByName(InetAddress.java:1256)
	at io.netty.util.internal.SocketUtils$8.run(SocketUtils.java:146)
	at io.netty.util.internal.SocketUtils$8.run(SocketUtils.java:143)
	at java.base/java.security.AccessController.doPrivileged(AccessController.java:569)
	at io.netty.util.internal.SocketUtils.addressByName(SocketUtils.java:143)
	at io.netty.resolver.DefaultNameResolver.doResolve(DefaultNameResolver.java:43)
	at io.netty.resolver.SimpleNameResolver.resolve(SimpleNameResolver.java:63)
	at io.netty.resolver.SimpleNameResolver.resolve(SimpleNameResolver.java:55)
	at io.netty.resolver.InetSocketAddressResolver.doResolve(InetSocketAddressResolver.java:57)
	at io.netty.resolver.InetSocketAddressResolver.doResolve(InetSocketAddressResolver.java:32)
	at io.netty.resolver.AbstractAddressResolver.resolve(AbstractAddressResolver.java:108)
	at io.netty.bootstrap.Bootstrap.doResolveAndConnect0(Bootstrap.java:208)
	at io.netty.bootstrap.Bootstrap.doResolveAndConnect(Bootstrap.java:170)
	at io.netty.bootstrap.Bootstrap.connect(Bootstrap.java:145)
	at io.vertx.core.net.impl.ChannelProvider.connect(ChannelProvider.java:38)
	at io.vertx.core.http.impl.ConnectionManager$ChannelConnector.connect(ConnectionManager.java:537)
	at io.vertx.core.http.impl.ConnectionManager$ConnQueue.createNewConnection(ConnectionManager.java:294)
	at io.vertx.core.http.impl.ConnectionManager$ConnQueue.getConnection(ConnectionManager.java:237)
	at io.vertx.core.http.impl.ConnectionManager.getConnectionForRequest(ConnectionManager.java:171)
	at io.vertx.core.http.impl.HttpClientImpl.getConnectionForRequest(HttpClientImpl.java:950)
	at io.vertx.core.http.impl.HttpClientRequestImpl.connect(HttpClientRequestImpl.java:745)
	at io.vertx.core.http.impl.HttpClientRequestImpl.write(HttpClientRequestImpl.java:867)
	at io.vertx.core.http.impl.HttpClientRequestImpl.end(HttpClientRequestImpl.java:358)
	at ibgroup.web.core.clientportal.gw.services.SsoService.tickleSession(SsoService.java:255)
	at ibgroup.web.core.clientportal.gw.services.SsoService.onTimerEvent(SsoService.java:100)
	at io.vertx.core.impl.VertxImpl$InternalTimerHandler.handle(VertxImpl.java:870)
	at io.vertx.core.impl.VertxImpl$InternalTimerHandler.handle(VertxImpl.java:829)
	at io.vertx.core.impl.ContextImpl.lambda$wrapTask$2(ContextImpl.java:344)
	at io.netty.util.concurrent.AbstractEventExecutor.safeExecute(AbstractEventExecutor.java:163)
	at io.netty.util.concurrent.SingleThreadEventExecutor.runAllTasks(SingleThreadEventExecutor.java:403)
	at io.netty.channel.nio.NioEventLoop.run(NioEventLoop.java:463)
	at io.netty.util.concurrent.SingleThreadEventExecutor$5.run(SingleThreadEventExecutor.java:858)
	at java.base/java.lang.Thread.run(Thread.java:840)
15:34:20.593 ERROR vert.x-eventloop-thread-0 BaseServiceProxy     : request failed api.ibkr.com: nodename nor servname provided, or not known
java.net.UnknownHostException: api.ibkr.com: nodename nor servname provided, or not known
	at java.base/java.net.Inet4AddressImpl.lookupAllHostAddr(Native Method)
	at java.base/java.net.InetAddress$PlatformNameService.lookupAllHostAddr(InetAddress.java:934)
	at java.base/java.net.InetAddress.getAddressesFromNameService(InetAddress.java:1543)
	at java.base/java.net.InetAddress$NameServiceAddresses.get(InetAddress.java:852)
	at java.base/java.net.InetAddress.getAllByName0(InetAddress.java:1533)
	at java.base/java.net.InetAddress.getAllByName(InetAddress.java:1385)
	at java.base/java.net.InetAddress.getAllByName(InetAddress.java:1306)
	at java.base/java.net.InetAddress.getByName(InetAddress.java:1256)
	at io.netty.util.internal.SocketUtils$8.run(SocketUtils.java:146)
	at io.netty.util.internal.SocketUtils$8.run(SocketUtils.java:143)
	at java.base/java.security.AccessController.doPrivileged(AccessController.java:569)
	at io.netty.util.internal.SocketUtils.addressByName(SocketUtils.java:143)
	at io.netty.resolver.DefaultNameResolver.doResolve(DefaultNameResolver.java:43)
	at io.netty.resolver.SimpleNameResolver.resolve(SimpleNameResolver.java:63)
	at io.netty.resolver.SimpleNameResolver.resolve(SimpleNameResolver.java:55)
	at io.netty.resolver.InetSocketAddressResolver.doResolve(InetSocketAddressResolver.java:57)
	at io.netty.resolver.InetSocketAddressResolver.doResolve(InetSocketAddressResolver.java:32)
	at io.netty.resolver.AbstractAddressResolver.resolve(AbstractAddressResolver.java:108)
	at io.netty.bootstrap.Bootstrap.doResolveAndConnect0(Bootstrap.java:208)
	at io.netty.bootstrap.Bootstrap.doResolveAndConnect(Bootstrap.java:170)
	at io.netty.bootstrap.Bootstrap.connect(Bootstrap.java:145)
	at io.vertx.core.net.impl.ChannelProvider.connect(ChannelProvider.java:38)
	at io.vertx.core.http.impl.ConnectionManager$ChannelConnector.connect(ConnectionManager.java:537)
	at io.vertx.core.http.impl.ConnectionManager$ConnQueue.createNewConnection(ConnectionManager.java:294)
	at io.vertx.core.http.impl.ConnectionManager$ConnQueue.getConnection(ConnectionManager.java:237)
	at io.vertx.core.http.impl.ConnectionManager.getConnectionForRequest(ConnectionManager.java:171)
	at io.vertx.core.http.impl.HttpClientImpl.getConnectionForRequest(HttpClientImpl.java:950)
	at io.vertx.core.http.impl.HttpClientRequestImpl.connect(HttpClientRequestImpl.java:745)
	at io.vertx.core.http.impl.HttpClientRequestImpl.write(HttpClientRequestImpl.java:867)
	at io.vertx.core.http.impl.HttpClientRequestImpl.end(HttpClientRequestImpl.java:358)
	at ibgroup.web.core.clientportal.gw.services.SsoService.tickleSession(SsoService.java:255)
	at ibgroup.web.core.clientportal.gw.services.SsoService.onTimerEvent(SsoService.java:100)
	at io.vertx.core.impl.VertxImpl$InternalTimerHandler.handle(VertxImpl.java:870)
	at io.vertx.core.impl.VertxImpl$InternalTimerHandler.handle(VertxImpl.java:829)
	at io.vertx.core.impl.ContextImpl.lambda$wrapTask$2(ContextImpl.java:344)
	at io.netty.util.concurrent.AbstractEventExecutor.safeExecute(AbstractEventExecutor.java:163)
	at io.netty.util.concurrent.SingleThreadEventExecutor.runAllTasks(SingleThreadEventExecutor.java:403)
	at io.netty.channel.nio.NioEventLoop.run(NioEventLoop.java:463)
	at io.netty.util.concurrent.SingleThreadEventExecutor$5.run(SingleThreadEventExecutor.java:858)
	at java.base/java.lang.Thread.run(Thread.java:840)
15:39:35.924 ERROR vert.x-eventloop-thread-0 BaseServiceProxy     : request failed api.ibkr.com: nodename nor servname provided, or not known
java.net.UnknownHostException: api.ibkr.com: nodename nor servname provided, or not known
	at java.base/java.net.Inet4AddressImpl.lookupAllHostAddr(Native Method)
	at java.base/java.net.InetAddress$PlatformNameService.lookupAllHostAddr(InetAddress.java:934)
	at java.base/java.net.InetAddress.getAddressesFromNameService(InetAddress.java:1543)
	at java.base/java.net.InetAddress$NameServiceAddresses.get(InetAddress.java:852)
	at java.base/java.net.InetAddress.getAllByName0(InetAddress.java:1533)
	at java.base/java.net.InetAddress.getAllByName(InetAddress.java:1385)
	at java.base/java.net.InetAddress.getAllByName(InetAddress.java:1306)
	at java.base/java.net.InetAddress.getByName(InetAddress.java:1256)
	at io.netty.util.internal.SocketUtils$8.run(SocketUtils.java:146)
	at io.netty.util.internal.SocketUtils$8.run(SocketUtils.java:143)
	at java.base/java.security.AccessController.doPrivileged(AccessController.java:569)
	at io.netty.util.internal.SocketUtils.addressByName(SocketUtils.java:143)
	at io.netty.resolver.DefaultNameResolver.doResolve(DefaultNameResolver.java:43)
	at io.netty.resolver.SimpleNameResolver.resolve(SimpleNameResolver.java:63)
	at io.netty.resolver.SimpleNameResolver.resolve(SimpleNameResolver.java:55)
	at io.netty.resolver.InetSocketAddressResolver.doResolve(InetSocketAddressResolver.java:57)
	at io.netty.resolver.InetSocketAddressResolver.doResolve(InetSocketAddressResolver.java:32)
	at io.netty.resolver.AbstractAddressResolver.resolve(AbstractAddressResolver.java:108)
	at io.netty.bootstrap.Bootstrap.doResolveAndConnect0(Bootstrap.java:208)
	at io.netty.bootstrap.Bootstrap.doResolveAndConnect(Bootstrap.java:170)
	at io.netty.bootstrap.Bootstrap.connect(Bootstrap.java:145)
	at io.vertx.core.net.impl.ChannelProvider.connect(ChannelProvider.java:38)
	at io.vertx.core.http.impl.ConnectionManager$ChannelConnector.connect(ConnectionManager.java:537)
	at io.vertx.core.http.impl.ConnectionManager$ConnQueue.createNewConnection(ConnectionManager.java:294)
	at io.vertx.core.http.impl.ConnectionManager$ConnQueue.getConnection(ConnectionManager.java:237)
	at io.vertx.core.http.impl.ConnectionManager.getConnectionForRequest(ConnectionManager.java:171)
	at io.vertx.core.http.impl.HttpClientImpl.getConnectionForRequest(HttpClientImpl.java:950)
	at io.vertx.core.http.impl.HttpClientRequestImpl.connect(HttpClientRequestImpl.java:745)
	at io.vertx.core.http.impl.HttpClientRequestImpl.write(HttpClientRequestImpl.java:867)
	at io.vertx.core.http.impl.HttpClientRequestImpl.end(HttpClientRequestImpl.java:358)
	at ibgroup.web.core.clientportal.gw.services.SsoService.tickleSession(SsoService.java:255)
	at ibgroup.web.core.clientportal.gw.services.SsoService.onTimerEvent(SsoService.java:100)
	at io.vertx.core.impl.VertxImpl$InternalTimerHandler.handle(VertxImpl.java:870)
	at io.vertx.core.impl.VertxImpl$InternalTimerHandler.handle(VertxImpl.java:829)
	at io.vertx.core.impl.ContextImpl.lambda$wrapTask$2(ContextImpl.java:344)
	at io.netty.util.concurrent.AbstractEventExecutor.safeExecute(AbstractEventExecutor.java:163)
	at io.netty.util.concurrent.SingleThreadEventExecutor.runAllTasks(SingleThreadEventExecutor.java:403)
	at io.netty.channel.nio.NioEventLoop.run(NioEventLoop.java:463)
	at io.netty.util.concurrent.SingleThreadEventExecutor$5.run(SingleThreadEventExecutor.java:858)
	at java.base/java.lang.Thread.run(Thread.java:840)
15:44:51.401 ERROR vert.x-eventloop-thread-0 BaseServiceProxy     : request failed api.ibkr.com: nodename nor servname provided, or not known
java.net.UnknownHostException: api.ibkr.com: nodename nor servname provided, or not known
	at java.base/java.net.Inet4AddressImpl.lookupAllHostAddr(Native Method)
	at java.base/java.net.InetAddress$PlatformNameService.lookupAllHostAddr(InetAddress.java:934)
	at java.base/java.net.InetAddress.getAddressesFromNameService(InetAddress.java:1543)
	at java.base/java.net.InetAddress$NameServiceAddresses.get(InetAddress.java:852)
	at java.base/java.net.InetAddress.getAllByName0(InetAddress.java:1533)
	at java.base/java.net.InetAddress.getAllByName(InetAddress.java:1385)
	at java.base/java.net.InetAddress.getAllByName(InetAddress.java:1306)
	at java.base/java.net.InetAddress.getByName(InetAddress.java:1256)
	at io.netty.util.internal.SocketUtils$8.run(SocketUtils.java:146)
	at io.netty.util.internal.SocketUtils$8.run(SocketUtils.java:143)
	at java.base/java.security.AccessController.doPrivileged(AccessController.java:569)
	at io.netty.util.internal.SocketUtils.addressByName(SocketUtils.java:143)
	at io.netty.resolver.DefaultNameResolver.doResolve(DefaultNameResolver.java:43)
	at io.netty.resolver.SimpleNameResolver.resolve(SimpleNameResolver.java:63)
	at io.netty.resolver.SimpleNameResolver.resolve(SimpleNameResolver.java:55)
	at io.netty.resolver.InetSocketAddressResolver.doResolve(InetSocketAddressResolver.java:57)
	at io.netty.resolver.InetSocketAddressResolver.doResolve(InetSocketAddressResolver.java:32)
	at io.netty.resolver.AbstractAddressResolver.resolve(AbstractAddressResolver.java:108)
	at io.netty.bootstrap.Bootstrap.doResolveAndConnect0(Bootstrap.java:208)
	at io.netty.bootstrap.Bootstrap.doResolveAndConnect(Bootstrap.java:170)
	at io.netty.bootstrap.Bootstrap.connect(Bootstrap.java:145)
	at io.vertx.core.net.impl.ChannelProvider.connect(ChannelProvider.java:38)
	at io.vertx.core.http.impl.ConnectionManager$ChannelConnector.connect(ConnectionManager.java:537)
	at io.vertx.core.http.impl.ConnectionManager$ConnQueue.createNewConnection(ConnectionManager.java:294)
	at io.vertx.core.http.impl.ConnectionManager$ConnQueue.getConnection(ConnectionManager.java:237)
	at io.vertx.core.http.impl.ConnectionManager.getConnectionForRequest(ConnectionManager.java:171)
	at io.vertx.core.http.impl.HttpClientImpl.getConnectionForRequest(HttpClientImpl.java:950)
	at io.vertx.core.http.impl.HttpClientRequestImpl.connect(HttpClientRequestImpl.java:745)
	at io.vertx.core.http.impl.HttpClientRequestImpl.write(HttpClientRequestImpl.java:867)
	at io.vertx.core.http.impl.HttpClientRequestImpl.end(HttpClientRequestImpl.java:358)
	at ibgroup.web.core.clientportal.gw.services.SsoService.tickleSession(SsoService.java:255)
	at ibgroup.web.core.clientportal.gw.services.SsoService.onTimerEvent(SsoService.java:100)
	at io.vertx.core.impl.VertxImpl$InternalTimerHandler.handle(VertxImpl.java:870)
	at io.vertx.core.impl.VertxImpl$InternalTimerHandler.handle(VertxImpl.java:829)
	at io.vertx.core.impl.ContextImpl.lambda$wrapTask$2(ContextImpl.java:344)
	at io.netty.util.concurrent.AbstractEventExecutor.safeExecute(AbstractEventExecutor.java:163)
	at io.netty.util.concurrent.SingleThreadEventExecutor.runAllTasks(SingleThreadEventExecutor.java:403)
	at io.netty.channel.nio.NioEventLoop.run(NioEventLoop.java:463)
	at io.netty.util.concurrent.SingleThreadEventExecutor$5.run(SingleThreadEventExecutor.java:858)
	at java.base/java.lang.Thread.run(Thread.java:840)
15:50:04.656 INFO  vert.x-eventloop-thread-0 BaseServiceProxy     : -> GET /sso/ping,200|1848ms
15:50:04.658 INFO  vert.x-eventloop-thread-0 SsoService           : sso ping {"result": "false"}
15:55:07.607 INFO  vert.x-eventloop-thread-0 BaseServiceProxy     : -> GET /sso/ping,200|846ms
15:55:08.720 INFO  vert.x-eventloop-thread-0 SsoService           : sso ping {"result": "true"}
16:00:11.174 INFO  vert.x-eventloop-thread-0 BaseServiceProxy     : -> GET /sso/ping,200|384ms
16:00:11.176 INFO  vert.x-eventloop-thread-0 SsoService           : sso ping {"result": "true"}
16:05:24.034 INFO  vert.x-eventloop-thread-0 BaseServiceProxy     : -> GET /sso/ping,200|7332ms
16:05:24.035 INFO  vert.x-eventloop-thread-0 SsoService           : sso ping {"result": "true"}
16:10:21.450 INFO  vert.x-eventloop-thread-0 BaseServiceProxy     : -> GET /sso/ping,200|502ms
16:10:21.451 INFO  vert.x-eventloop-thread-0 SsoService           : sso ping {"result": "true"}
17:03:26.193 ERROR vert.x-eventloop-thread-0 BaseServiceProxy     : request failed api.ibkr.com: nodename nor servname provided, or not known
java.net.UnknownHostException: api.ibkr.com: nodename nor servname provided, or not known
	at java.base/java.net.Inet4AddressImpl.lookupAllHostAddr(Native Method)
	at java.base/java.net.InetAddress$PlatformNameService.lookupAllHostAddr(InetAddress.java:934)
	at java.base/java.net.InetAddress.getAddressesFromNameService(InetAddress.java:1543)
	at java.base/java.net.InetAddress$NameServiceAddresses.get(InetAddress.java:852)
	at java.base/java.net.InetAddress.getAllByName0(InetAddress.java:1533)
	at java.base/java.net.InetAddress.getAllByName(InetAddress.java:1385)
	at java.base/java.net.InetAddress.getAllByName(InetAddress.java:1306)
	at java.base/java.net.InetAddress.getByName(InetAddress.java:1256)
	at io.netty.util.internal.SocketUtils$8.run(SocketUtils.java:146)
	at io.netty.util.internal.SocketUtils$8.run(SocketUtils.java:143)
	at java.base/java.security.AccessController.doPrivileged(AccessController.java:569)
	at io.netty.util.internal.SocketUtils.addressByName(SocketUtils.java:143)
	at io.netty.resolver.DefaultNameResolver.doResolve(DefaultNameResolver.java:43)
	at io.netty.resolver.SimpleNameResolver.resolve(SimpleNameResolver.java:63)
	at io.netty.resolver.SimpleNameResolver.resolve(SimpleNameResolver.java:55)
	at io.netty.resolver.InetSocketAddressResolver.doResolve(InetSocketAddressResolver.java:57)
	at io.netty.resolver.InetSocketAddressResolver.doResolve(InetSocketAddressResolver.java:32)
	at io.netty.resolver.AbstractAddressResolver.resolve(AbstractAddressResolver.java:108)
	at io.netty.bootstrap.Bootstrap.doResolveAndConnect0(Bootstrap.java:208)
	at io.netty.bootstrap.Bootstrap.doResolveAndConnect(Bootstrap.java:170)
	at io.netty.bootstrap.Bootstrap.connect(Bootstrap.java:145)
	at io.vertx.core.net.impl.ChannelProvider.connect(ChannelProvider.java:38)
	at io.vertx.core.http.impl.ConnectionManager$ChannelConnector.connect(ConnectionManager.java:537)
	at io.vertx.core.http.impl.ConnectionManager$ConnQueue.createNewConnection(ConnectionManager.java:294)
	at io.vertx.core.http.impl.ConnectionManager$ConnQueue.getConnection(ConnectionManager.java:237)
	at io.vertx.core.http.impl.ConnectionManager.getConnectionForRequest(ConnectionManager.java:171)
	at io.vertx.core.http.impl.HttpClientImpl.getConnectionForRequest(HttpClientImpl.java:950)
	at io.vertx.core.http.impl.HttpClientRequestImpl.connect(HttpClientRequestImpl.java:745)
	at io.vertx.core.http.impl.HttpClientRequestImpl.write(HttpClientRequestImpl.java:867)
	at io.vertx.core.http.impl.HttpClientRequestImpl.end(HttpClientRequestImpl.java:358)
	at ibgroup.web.core.clientportal.gw.services.SsoService.tickleSession(SsoService.java:255)
	at ibgroup.web.core.clientportal.gw.services.SsoService.onTimerEvent(SsoService.java:100)
	at io.vertx.core.impl.VertxImpl$InternalTimerHandler.handle(VertxImpl.java:870)
	at io.vertx.core.impl.VertxImpl$InternalTimerHandler.handle(VertxImpl.java:829)
	at io.vertx.core.impl.ContextImpl.lambda$wrapTask$2(ContextImpl.java:344)
	at io.netty.util.concurrent.AbstractEventExecutor.safeExecute(AbstractEventExecutor.java:163)
	at io.netty.util.concurrent.SingleThreadEventExecutor.runAllTasks(SingleThreadEventExecutor.java:403)
	at io.netty.channel.nio.NioEventLoop.run(NioEventLoop.java:463)
	at io.netty.util.concurrent.SingleThreadEventExecutor$5.run(SingleThreadEventExecutor.java:858)
	at java.base/java.lang.Thread.run(Thread.java:840)
17:05:33.239 ERROR vert.x-eventloop-thread-0 ConnectionBase       : java.io.IOException: Operation timed out
17:05:33.240 ERROR vert.x-eventloop-thread-0 BaseServiceProxy     : request failed Operation timed out
java.io.IOException: Operation timed out
	at java.base/sun.nio.ch.SocketDispatcher.read0(Native Method)
	at java.base/sun.nio.ch.SocketDispatcher.read(SocketDispatcher.java:47)
	at java.base/sun.nio.ch.IOUtil.readIntoNativeBuffer(IOUtil.java:330)
	at java.base/sun.nio.ch.IOUtil.read(IOUtil.java:284)
	at java.base/sun.nio.ch.IOUtil.read(IOUtil.java:259)
	at java.base/sun.nio.ch.SocketChannelImpl.read(SocketChannelImpl.java:417)
	at io.netty.buffer.PooledUnsafeDirectByteBuf.setBytes(PooledUnsafeDirectByteBuf.java:288)
	at io.netty.buffer.AbstractByteBuf.writeBytes(AbstractByteBuf.java:1106)
	at io.netty.channel.socket.nio.NioSocketChannel.doReadBytes(NioSocketChannel.java:373)
	at io.netty.channel.nio.AbstractNioByteChannel$NioByteUnsafe.read(AbstractNioByteChannel.java:123)
	at io.netty.channel.nio.NioEventLoop.processSelectedKey(NioEventLoop.java:645)
	at io.netty.channel.nio.NioEventLoop.processSelectedKeysPlain(NioEventLoop.java:545)
	at io.netty.channel.nio.NioEventLoop.processSelectedKeys(NioEventLoop.java:499)
	at io.netty.channel.nio.NioEventLoop.run(NioEventLoop.java:459)
	at io.netty.util.concurrent.SingleThreadEventExecutor$5.run(SingleThreadEventExecutor.java:858)
	at java.base/java.lang.Thread.run(Thread.java:840)
17:08:41.973 ERROR vert.x-eventloop-thread-0 BaseServiceProxy     : request failed api.ibkr.com: nodename nor servname provided, or not known
java.net.UnknownHostException: api.ibkr.com: nodename nor servname provided, or not known
	at java.base/java.net.Inet4AddressImpl.lookupAllHostAddr(Native Method)
	at java.base/java.net.InetAddress$PlatformNameService.lookupAllHostAddr(InetAddress.java:934)
	at java.base/java.net.InetAddress.getAddressesFromNameService(InetAddress.java:1543)
	at java.base/java.net.InetAddress$NameServiceAddresses.get(InetAddress.java:852)
	at java.base/java.net.InetAddress.getAllByName0(InetAddress.java:1533)
	at java.base/java.net.InetAddress.getAllByName(InetAddress.java:1385)
	at java.base/java.net.InetAddress.getAllByName(InetAddress.java:1306)
	at java.base/java.net.InetAddress.getByName(InetAddress.java:1256)
	at io.netty.util.internal.SocketUtils$8.run(SocketUtils.java:146)
	at io.netty.util.internal.SocketUtils$8.run(SocketUtils.java:143)
	at java.base/java.security.AccessController.doPrivileged(AccessController.java:569)
	at io.netty.util.internal.SocketUtils.addressByName(SocketUtils.java:143)
	at io.netty.resolver.DefaultNameResolver.doResolve(DefaultNameResolver.java:43)
	at io.netty.resolver.SimpleNameResolver.resolve(SimpleNameResolver.java:63)
	at io.netty.resolver.SimpleNameResolver.resolve(SimpleNameResolver.java:55)
	at io.netty.resolver.InetSocketAddressResolver.doResolve(InetSocketAddressResolver.java:57)
	at io.netty.resolver.InetSocketAddressResolver.doResolve(InetSocketAddressResolver.java:32)
	at io.netty.resolver.AbstractAddressResolver.resolve(AbstractAddressResolver.java:108)
	at io.netty.bootstrap.Bootstrap.doResolveAndConnect0(Bootstrap.java:208)
	at io.netty.bootstrap.Bootstrap.doResolveAndConnect(Bootstrap.java:170)
	at io.netty.bootstrap.Bootstrap.connect(Bootstrap.java:145)
	at io.vertx.core.net.impl.ChannelProvider.connect(ChannelProvider.java:38)
	at io.vertx.core.http.impl.ConnectionManager$ChannelConnector.connect(ConnectionManager.java:537)
	at io.vertx.core.http.impl.ConnectionManager$ConnQueue.createNewConnection(ConnectionManager.java:294)
	at io.vertx.core.http.impl.ConnectionManager$ConnQueue.getConnection(ConnectionManager.java:237)
	at io.vertx.core.http.impl.ConnectionManager.getConnectionForRequest(ConnectionManager.java:171)
	at io.vertx.core.http.impl.HttpClientImpl.getConnectionForRequest(HttpClientImpl.java:950)
	at io.vertx.core.http.impl.HttpClientRequestImpl.connect(HttpClientRequestImpl.java:745)
	at io.vertx.core.http.impl.HttpClientRequestImpl.write(HttpClientRequestImpl.java:867)
	at io.vertx.core.http.impl.HttpClientRequestImpl.end(HttpClientRequestImpl.java:358)
	at ibgroup.web.core.clientportal.gw.services.SsoService.tickleSession(SsoService.java:255)
	at ibgroup.web.core.clientportal.gw.services.SsoService.onTimerEvent(SsoService.java:100)
	at io.vertx.core.impl.VertxImpl$InternalTimerHandler.handle(VertxImpl.java:870)
	at io.vertx.core.impl.VertxImpl$InternalTimerHandler.handle(VertxImpl.java:829)
	at io.vertx.core.impl.ContextImpl.lambda$wrapTask$2(ContextImpl.java:344)
	at io.netty.util.concurrent.AbstractEventExecutor.safeExecute(AbstractEventExecutor.java:163)
	at io.netty.util.concurrent.SingleThreadEventExecutor.runAllTasks(SingleThreadEventExecutor.java:403)
	at io.netty.channel.nio.NioEventLoop.run(NioEventLoop.java:463)
	at io.netty.util.concurrent.SingleThreadEventExecutor$5.run(SingleThreadEventExecutor.java:858)
	at java.base/java.lang.Thread.run(Thread.java:840)
17:13:57.711 ERROR vert.x-eventloop-thread-0 BaseServiceProxy     : request failed api.ibkr.com: nodename nor servname provided, or not known
java.net.UnknownHostException: api.ibkr.com: nodename nor servname provided, or not known
	at java.base/java.net.Inet4AddressImpl.lookupAllHostAddr(Native Method)
	at java.base/java.net.InetAddress$PlatformNameService.lookupAllHostAddr(InetAddress.java:934)
	at java.base/java.net.InetAddress.getAddressesFromNameService(InetAddress.java:1543)
	at java.base/java.net.InetAddress$NameServiceAddresses.get(InetAddress.java:852)
	at java.base/java.net.InetAddress.getAllByName0(InetAddress.java:1533)
	at java.base/java.net.InetAddress.getAllByName(InetAddress.java:1385)
	at java.base/java.net.InetAddress.getAllByName(InetAddress.java:1306)
	at java.base/java.net.InetAddress.getByName(InetAddress.java:1256)
	at io.netty.util.internal.SocketUtils$8.run(SocketUtils.java:146)
	at io.netty.util.internal.SocketUtils$8.run(SocketUtils.java:143)
	at java.base/java.security.AccessController.doPrivileged(AccessController.java:569)
	at io.netty.util.internal.SocketUtils.addressByName(SocketUtils.java:143)
	at io.netty.resolver.DefaultNameResolver.doResolve(DefaultNameResolver.java:43)
	at io.netty.resolver.SimpleNameResolver.resolve(SimpleNameResolver.java:63)
	at io.netty.resolver.SimpleNameResolver.resolve(SimpleNameResolver.java:55)
	at io.netty.resolver.InetSocketAddressResolver.doResolve(InetSocketAddressResolver.java:57)
	at io.netty.resolver.InetSocketAddressResolver.doResolve(InetSocketAddressResolver.java:32)
	at io.netty.resolver.AbstractAddressResolver.resolve(AbstractAddressResolver.java:108)
	at io.netty.bootstrap.Bootstrap.doResolveAndConnect0(Bootstrap.java:208)
	at io.netty.bootstrap.Bootstrap.doResolveAndConnect(Bootstrap.java:170)
	at io.netty.bootstrap.Bootstrap.connect(Bootstrap.java:145)
	at io.vertx.core.net.impl.ChannelProvider.connect(ChannelProvider.java:38)
	at io.vertx.core.http.impl.ConnectionManager$ChannelConnector.connect(ConnectionManager.java:537)
	at io.vertx.core.http.impl.ConnectionManager$ConnQueue.createNewConnection(ConnectionManager.java:294)
	at io.vertx.core.http.impl.ConnectionManager$ConnQueue.getConnection(ConnectionManager.java:237)
	at io.vertx.core.http.impl.ConnectionManager.getConnectionForRequest(ConnectionManager.java:171)
	at io.vertx.core.http.impl.HttpClientImpl.getConnectionForRequest(HttpClientImpl.java:950)
	at io.vertx.core.http.impl.HttpClientRequestImpl.connect(HttpClientRequestImpl.java:745)
	at io.vertx.core.http.impl.HttpClientRequestImpl.write(HttpClientRequestImpl.java:867)
	at io.vertx.core.http.impl.HttpClientRequestImpl.end(HttpClientRequestImpl.java:358)
	at ibgroup.web.core.clientportal.gw.services.SsoService.tickleSession(SsoService.java:255)
	at ibgroup.web.core.clientportal.gw.services.SsoService.onTimerEvent(SsoService.java:100)
	at io.vertx.core.impl.VertxImpl$InternalTimerHandler.handle(VertxImpl.java:870)
	at io.vertx.core.impl.VertxImpl$InternalTimerHandler.handle(VertxImpl.java:829)
	at io.vertx.core.impl.ContextImpl.lambda$wrapTask$2(ContextImpl.java:344)
	at io.netty.util.concurrent.AbstractEventExecutor.safeExecute(AbstractEventExecutor.java:163)
	at io.netty.util.concurrent.SingleThreadEventExecutor.runAllTasks(SingleThreadEventExecutor.java:403)
	at io.netty.channel.nio.NioEventLoop.run(NioEventLoop.java:463)
	at io.netty.util.concurrent.SingleThreadEventExecutor$5.run(SingleThreadEventExecutor.java:858)
	at java.base/java.lang.Thread.run(Thread.java:840)
17:19:13.823 ERROR vert.x-eventloop-thread-0 BaseServiceProxy     : request failed api.ibkr.com: nodename nor servname provided, or not known
java.net.UnknownHostException: api.ibkr.com: nodename nor servname provided, or not known
	at java.base/java.net.Inet4AddressImpl.lookupAllHostAddr(Native Method)
	at java.base/java.net.InetAddress$PlatformNameService.lookupAllHostAddr(InetAddress.java:934)
	at java.base/java.net.InetAddress.getAddressesFromNameService(InetAddress.java:1543)
	at java.base/java.net.InetAddress$NameServiceAddresses.get(InetAddress.java:852)
	at java.base/java.net.InetAddress.getAllByName0(InetAddress.java:1533)
	at java.base/java.net.InetAddress.getAllByName(InetAddress.java:1385)
	at java.base/java.net.InetAddress.getAllByName(InetAddress.java:1306)
	at java.base/java.net.InetAddress.getByName(InetAddress.java:1256)
	at io.netty.util.internal.SocketUtils$8.run(SocketUtils.java:146)
	at io.netty.util.internal.SocketUtils$8.run(SocketUtils.java:143)
	at java.base/java.security.AccessController.doPrivileged(AccessController.java:569)
	at io.netty.util.internal.SocketUtils.addressByName(SocketUtils.java:143)
	at io.netty.resolver.DefaultNameResolver.doResolve(DefaultNameResolver.java:43)
	at io.netty.resolver.SimpleNameResolver.resolve(SimpleNameResolver.java:63)
	at io.netty.resolver.SimpleNameResolver.resolve(SimpleNameResolver.java:55)
	at io.netty.resolver.InetSocketAddressResolver.doResolve(InetSocketAddressResolver.java:57)
	at io.netty.resolver.InetSocketAddressResolver.doResolve(InetSocketAddressResolver.java:32)
	at io.netty.resolver.AbstractAddressResolver.resolve(AbstractAddressResolver.java:108)
	at io.netty.bootstrap.Bootstrap.doResolveAndConnect0(Bootstrap.java:208)
	at io.netty.bootstrap.Bootstrap.doResolveAndConnect(Bootstrap.java:170)
	at io.netty.bootstrap.Bootstrap.connect(Bootstrap.java:145)
	at io.vertx.core.net.impl.ChannelProvider.connect(ChannelProvider.java:38)
	at io.vertx.core.http.impl.ConnectionManager$ChannelConnector.connect(ConnectionManager.java:537)
	at io.vertx.core.http.impl.ConnectionManager$ConnQueue.createNewConnection(ConnectionManager.java:294)
	at io.vertx.core.http.impl.ConnectionManager$ConnQueue.getConnection(ConnectionManager.java:237)
	at io.vertx.core.http.impl.ConnectionManager.getConnectionForRequest(ConnectionManager.java:171)
	at io.vertx.core.http.impl.HttpClientImpl.getConnectionForRequest(HttpClientImpl.java:950)
	at io.vertx.core.http.impl.HttpClientRequestImpl.connect(HttpClientRequestImpl.java:745)
	at io.vertx.core.http.impl.HttpClientRequestImpl.write(HttpClientRequestImpl.java:867)
	at io.vertx.core.http.impl.HttpClientRequestImpl.end(HttpClientRequestImpl.java:358)
	at ibgroup.web.core.clientportal.gw.services.SsoService.tickleSession(SsoService.java:255)
	at ibgroup.web.core.clientportal.gw.services.SsoService.onTimerEvent(SsoService.java:100)
	at io.vertx.core.impl.VertxImpl$InternalTimerHandler.handle(VertxImpl.java:870)
	at io.vertx.core.impl.VertxImpl$InternalTimerHandler.handle(VertxImpl.java:829)
	at io.vertx.core.impl.ContextImpl.lambda$wrapTask$2(ContextImpl.java:344)
	at io.netty.util.concurrent.AbstractEventExecutor.safeExecute(AbstractEventExecutor.java:163)
	at io.netty.util.concurrent.SingleThreadEventExecutor.runAllTasks(SingleThreadEventExecutor.java:403)
	at io.netty.channel.nio.NioEventLoop.run(NioEventLoop.java:463)
	at io.netty.util.concurrent.SingleThreadEventExecutor$5.run(SingleThreadEventExecutor.java:858)
	at java.base/java.lang.Thread.run(Thread.java:840)
17:24:29.673 ERROR vert.x-eventloop-thread-0 BaseServiceProxy     : request failed api.ibkr.com: nodename nor servname provided, or not known
java.net.UnknownHostException: api.ibkr.com: nodename nor servname provided, or not known
	at java.base/java.net.Inet4AddressImpl.lookupAllHostAddr(Native Method)
	at java.base/java.net.InetAddress$PlatformNameService.lookupAllHostAddr(InetAddress.java:934)
	at java.base/java.net.InetAddress.getAddressesFromNameService(InetAddress.java:1543)
	at java.base/java.net.InetAddress$NameServiceAddresses.get(InetAddress.java:852)
	at java.base/java.net.InetAddress.getAllByName0(InetAddress.java:1533)
	at java.base/java.net.InetAddress.getAllByName(InetAddress.java:1385)
	at java.base/java.net.InetAddress.getAllByName(InetAddress.java:1306)
	at java.base/java.net.InetAddress.getByName(InetAddress.java:1256)
	at io.netty.util.internal.SocketUtils$8.run(SocketUtils.java:146)
	at io.netty.util.internal.SocketUtils$8.run(SocketUtils.java:143)
	at java.base/java.security.AccessController.doPrivileged(AccessController.java:569)
	at io.netty.util.internal.SocketUtils.addressByName(SocketUtils.java:143)
	at io.netty.resolver.DefaultNameResolver.doResolve(DefaultNameResolver.java:43)
	at io.netty.resolver.SimpleNameResolver.resolve(SimpleNameResolver.java:63)
	at io.netty.resolver.SimpleNameResolver.resolve(SimpleNameResolver.java:55)
	at io.netty.resolver.InetSocketAddressResolver.doResolve(InetSocketAddressResolver.java:57)
	at io.netty.resolver.InetSocketAddressResolver.doResolve(InetSocketAddressResolver.java:32)
	at io.netty.resolver.AbstractAddressResolver.resolve(AbstractAddressResolver.java:108)
	at io.netty.bootstrap.Bootstrap.doResolveAndConnect0(Bootstrap.java:208)
	at io.netty.bootstrap.Bootstrap.doResolveAndConnect(Bootstrap.java:170)
	at io.netty.bootstrap.Bootstrap.connect(Bootstrap.java:145)
	at io.vertx.core.net.impl.ChannelProvider.connect(ChannelProvider.java:38)
	at io.vertx.core.http.impl.ConnectionManager$ChannelConnector.connect(ConnectionManager.java:537)
	at io.vertx.core.http.impl.ConnectionManager$ConnQueue.createNewConnection(ConnectionManager.java:294)
	at io.vertx.core.http.impl.ConnectionManager$ConnQueue.getConnection(ConnectionManager.java:237)
	at io.vertx.core.http.impl.ConnectionManager.getConnectionForRequest(ConnectionManager.java:171)
	at io.vertx.core.http.impl.HttpClientImpl.getConnectionForRequest(HttpClientImpl.java:950)
	at io.vertx.core.http.impl.HttpClientRequestImpl.connect(HttpClientRequestImpl.java:745)
	at io.vertx.core.http.impl.HttpClientRequestImpl.write(HttpClientRequestImpl.java:867)
	at io.vertx.core.http.impl.HttpClientRequestImpl.end(HttpClientRequestImpl.java:358)
	at ibgroup.web.core.clientportal.gw.services.SsoService.tickleSession(SsoService.java:255)
	at ibgroup.web.core.clientportal.gw.services.SsoService.onTimerEvent(SsoService.java:100)
	at io.vertx.core.impl.VertxImpl$InternalTimerHandler.handle(VertxImpl.java:870)
	at io.vertx.core.impl.VertxImpl$InternalTimerHandler.handle(VertxImpl.java:829)
	at io.vertx.core.impl.ContextImpl.lambda$wrapTask$2(ContextImpl.java:344)
	at io.netty.util.concurrent.AbstractEventExecutor.safeExecute(AbstractEventExecutor.java:163)
	at io.netty.util.concurrent.SingleThreadEventExecutor.runAllTasks(SingleThreadEventExecutor.java:403)
	at io.netty.channel.nio.NioEventLoop.run(NioEventLoop.java:463)
	at io.netty.util.concurrent.SingleThreadEventExecutor$5.run(SingleThreadEventExecutor.java:858)
	at java.base/java.lang.Thread.run(Thread.java:840)
17:29:45.687 ERROR vert.x-eventloop-thread-0 BaseServiceProxy     : request failed api.ibkr.com: nodename nor servname provided, or not known
java.net.UnknownHostException: api.ibkr.com: nodename nor servname provided, or not known
	at java.base/java.net.Inet4AddressImpl.lookupAllHostAddr(Native Method)
	at java.base/java.net.InetAddress$PlatformNameService.lookupAllHostAddr(InetAddress.java:934)
	at java.base/java.net.InetAddress.getAddressesFromNameService(InetAddress.java:1543)
	at java.base/java.net.InetAddress$NameServiceAddresses.get(InetAddress.java:852)
	at java.base/java.net.InetAddress.getAllByName0(InetAddress.java:1533)
	at java.base/java.net.InetAddress.getAllByName(InetAddress.java:1385)
	at java.base/java.net.InetAddress.getAllByName(InetAddress.java:1306)
	at java.base/java.net.InetAddress.getByName(InetAddress.java:1256)
	at io.netty.util.internal.SocketUtils$8.run(SocketUtils.java:146)
	at io.netty.util.internal.SocketUtils$8.run(SocketUtils.java:143)
	at java.base/java.security.AccessController.doPrivileged(AccessController.java:569)
	at io.netty.util.internal.SocketUtils.addressByName(SocketUtils.java:143)
	at io.netty.resolver.DefaultNameResolver.doResolve(DefaultNameResolver.java:43)
	at io.netty.resolver.SimpleNameResolver.resolve(SimpleNameResolver.java:63)
	at io.netty.resolver.SimpleNameResolver.resolve(SimpleNameResolver.java:55)
	at io.netty.resolver.InetSocketAddressResolver.doResolve(InetSocketAddressResolver.java:57)
	at io.netty.resolver.InetSocketAddressResolver.doResolve(InetSocketAddressResolver.java:32)
	at io.netty.resolver.AbstractAddressResolver.resolve(AbstractAddressResolver.java:108)
	at io.netty.bootstrap.Bootstrap.doResolveAndConnect0(Bootstrap.java:208)
	at io.netty.bootstrap.Bootstrap.doResolveAndConnect(Bootstrap.java:170)
	at io.netty.bootstrap.Bootstrap.connect(Bootstrap.java:145)
	at io.vertx.core.net.impl.ChannelProvider.connect(ChannelProvider.java:38)
	at io.vertx.core.http.impl.ConnectionManager$ChannelConnector.connect(ConnectionManager.java:537)
	at io.vertx.core.http.impl.ConnectionManager$ConnQueue.createNewConnection(ConnectionManager.java:294)
	at io.vertx.core.http.impl.ConnectionManager$ConnQueue.getConnection(ConnectionManager.java:237)
	at io.vertx.core.http.impl.ConnectionManager.getConnectionForRequest(ConnectionManager.java:171)
	at io.vertx.core.http.impl.HttpClientImpl.getConnectionForRequest(HttpClientImpl.java:950)
	at io.vertx.core.http.impl.HttpClientRequestImpl.connect(HttpClientRequestImpl.java:745)
	at io.vertx.core.http.impl.HttpClientRequestImpl.write(HttpClientRequestImpl.java:867)
	at io.vertx.core.http.impl.HttpClientRequestImpl.end(HttpClientRequestImpl.java:358)
	at ibgroup.web.core.clientportal.gw.services.SsoService.tickleSession(SsoService.java:255)
	at ibgroup.web.core.clientportal.gw.services.SsoService.onTimerEvent(SsoService.java:100)
	at io.vertx.core.impl.VertxImpl$InternalTimerHandler.handle(VertxImpl.java:870)
	at io.vertx.core.impl.VertxImpl$InternalTimerHandler.handle(VertxImpl.java:829)
	at io.vertx.core.impl.ContextImpl.lambda$wrapTask$2(ContextImpl.java:344)
	at io.netty.util.concurrent.AbstractEventExecutor.safeExecute(AbstractEventExecutor.java:163)
	at io.netty.util.concurrent.SingleThreadEventExecutor.runAllTasks(SingleThreadEventExecutor.java:403)
	at io.netty.channel.nio.NioEventLoop.run(NioEventLoop.java:463)
	at io.netty.util.concurrent.SingleThreadEventExecutor$5.run(SingleThreadEventExecutor.java:858)
	at java.base/java.lang.Thread.run(Thread.java:840)
17:35:02.251 ERROR vert.x-eventloop-thread-0 BaseServiceProxy     : request failed api.ibkr.com: nodename nor servname provided, or not known
java.net.UnknownHostException: api.ibkr.com: nodename nor servname provided, or not known
	at java.base/java.net.Inet4AddressImpl.lookupAllHostAddr(Native Method)
	at java.base/java.net.InetAddress$PlatformNameService.lookupAllHostAddr(InetAddress.java:934)
	at java.base/java.net.InetAddress.getAddressesFromNameService(InetAddress.java:1543)
	at java.base/java.net.InetAddress$NameServiceAddresses.get(InetAddress.java:852)
	at java.base/java.net.InetAddress.getAllByName0(InetAddress.java:1533)
	at java.base/java.net.InetAddress.getAllByName(InetAddress.java:1385)
	at java.base/java.net.InetAddress.getAllByName(InetAddress.java:1306)
	at java.base/java.net.InetAddress.getByName(InetAddress.java:1256)
	at io.netty.util.internal.SocketUtils$8.run(SocketUtils.java:146)
	at io.netty.util.internal.SocketUtils$8.run(SocketUtils.java:143)
	at java.base/java.security.AccessController.doPrivileged(AccessController.java:569)
	at io.netty.util.internal.SocketUtils.addressByName(SocketUtils.java:143)
	at io.netty.resolver.DefaultNameResolver.doResolve(DefaultNameResolver.java:43)
	at io.netty.resolver.SimpleNameResolver.resolve(SimpleNameResolver.java:63)
	at io.netty.resolver.SimpleNameResolver.resolve(SimpleNameResolver.java:55)
	at io.netty.resolver.InetSocketAddressResolver.doResolve(InetSocketAddressResolver.java:57)
	at io.netty.resolver.InetSocketAddressResolver.doResolve(InetSocketAddressResolver.java:32)
	at io.netty.resolver.AbstractAddressResolver.resolve(AbstractAddressResolver.java:108)
	at io.netty.bootstrap.Bootstrap.doResolveAndConnect0(Bootstrap.java:208)
	at io.netty.bootstrap.Bootstrap.doResolveAndConnect(Bootstrap.java:170)
	at io.netty.bootstrap.Bootstrap.connect(Bootstrap.java:145)
	at io.vertx.core.net.impl.ChannelProvider.connect(ChannelProvider.java:38)
	at io.vertx.core.http.impl.ConnectionManager$ChannelConnector.connect(ConnectionManager.java:537)
	at io.vertx.core.http.impl.ConnectionManager$ConnQueue.createNewConnection(ConnectionManager.java:294)
	at io.vertx.core.http.impl.ConnectionManager$ConnQueue.getConnection(ConnectionManager.java:237)
	at io.vertx.core.http.impl.ConnectionManager.getConnectionForRequest(ConnectionManager.java:171)
	at io.vertx.core.http.impl.HttpClientImpl.getConnectionForRequest(HttpClientImpl.java:950)
	at io.vertx.core.http.impl.HttpClientRequestImpl.connect(HttpClientRequestImpl.java:745)
	at io.vertx.core.http.impl.HttpClientRequestImpl.write(HttpClientRequestImpl.java:867)
	at io.vertx.core.http.impl.HttpClientRequestImpl.end(HttpClientRequestImpl.java:358)
	at ibgroup.web.core.clientportal.gw.services.SsoService.tickleSession(SsoService.java:255)
	at ibgroup.web.core.clientportal.gw.services.SsoService.onTimerEvent(SsoService.java:100)
	at io.vertx.core.impl.VertxImpl$InternalTimerHandler.handle(VertxImpl.java:870)
	at io.vertx.core.impl.VertxImpl$InternalTimerHandler.handle(VertxImpl.java:829)
	at io.vertx.core.impl.ContextImpl.lambda$wrapTask$2(ContextImpl.java:344)
	at io.netty.util.concurrent.AbstractEventExecutor.safeExecute(AbstractEventExecutor.java:163)
	at io.netty.util.concurrent.SingleThreadEventExecutor.runAllTasks(SingleThreadEventExecutor.java:403)
	at io.netty.channel.nio.NioEventLoop.run(NioEventLoop.java:463)
	at io.netty.util.concurrent.SingleThreadEventExecutor$5.run(SingleThreadEventExecutor.java:858)
	at java.base/java.lang.Thread.run(Thread.java:840)
17:40:18.173 ERROR vert.x-eventloop-thread-0 BaseServiceProxy     : request failed api.ibkr.com: nodename nor servname provided, or not known
java.net.UnknownHostException: api.ibkr.com: nodename nor servname provided, or not known
	at java.base/java.net.Inet4AddressImpl.lookupAllHostAddr(Native Method)
	at java.base/java.net.InetAddress$PlatformNameService.lookupAllHostAddr(InetAddress.java:934)
	at java.base/java.net.InetAddress.getAddressesFromNameService(InetAddress.java:1543)
	at java.base/java.net.InetAddress$NameServiceAddresses.get(InetAddress.java:852)
	at java.base/java.net.InetAddress.getAllByName0(InetAddress.java:1533)
	at java.base/java.net.InetAddress.getAllByName(InetAddress.java:1385)
	at java.base/java.net.InetAddress.getAllByName(InetAddress.java:1306)
	at java.base/java.net.InetAddress.getByName(InetAddress.java:1256)
	at io.netty.util.internal.SocketUtils$8.run(SocketUtils.java:146)
	at io.netty.util.internal.SocketUtils$8.run(SocketUtils.java:143)
	at java.base/java.security.AccessController.doPrivileged(AccessController.java:569)
	at io.netty.util.internal.SocketUtils.addressByName(SocketUtils.java:143)
	at io.netty.resolver.DefaultNameResolver.doResolve(DefaultNameResolver.java:43)
	at io.netty.resolver.SimpleNameResolver.resolve(SimpleNameResolver.java:63)
	at io.netty.resolver.SimpleNameResolver.resolve(SimpleNameResolver.java:55)
	at io.netty.resolver.InetSocketAddressResolver.doResolve(InetSocketAddressResolver.java:57)
	at io.netty.resolver.InetSocketAddressResolver.doResolve(InetSocketAddressResolver.java:32)
	at io.netty.resolver.AbstractAddressResolver.resolve(AbstractAddressResolver.java:108)
	at io.netty.bootstrap.Bootstrap.doResolveAndConnect0(Bootstrap.java:208)
	at io.netty.bootstrap.Bootstrap.doResolveAndConnect(Bootstrap.java:170)
	at io.netty.bootstrap.Bootstrap.connect(Bootstrap.java:145)
	at io.vertx.core.net.impl.ChannelProvider.connect(ChannelProvider.java:38)
	at io.vertx.core.http.impl.ConnectionManager$ChannelConnector.connect(ConnectionManager.java:537)
	at io.vertx.core.http.impl.ConnectionManager$ConnQueue.createNewConnection(ConnectionManager.java:294)
	at io.vertx.core.http.impl.ConnectionManager$ConnQueue.getConnection(ConnectionManager.java:237)
	at io.vertx.core.http.impl.ConnectionManager.getConnectionForRequest(ConnectionManager.java:171)
	at io.vertx.core.http.impl.HttpClientImpl.getConnectionForRequest(HttpClientImpl.java:950)
	at io.vertx.core.http.impl.HttpClientRequestImpl.connect(HttpClientRequestImpl.java:745)
	at io.vertx.core.http.impl.HttpClientRequestImpl.write(HttpClientRequestImpl.java:867)
	at io.vertx.core.http.impl.HttpClientRequestImpl.end(HttpClientRequestImpl.java:358)
	at ibgroup.web.core.clientportal.gw.services.SsoService.tickleSession(SsoService.java:255)
	at ibgroup.web.core.clientportal.gw.services.SsoService.onTimerEvent(SsoService.java:100)
	at io.vertx.core.impl.VertxImpl$InternalTimerHandler.handle(VertxImpl.java:870)
	at io.vertx.core.impl.VertxImpl$InternalTimerHandler.handle(VertxImpl.java:829)
	at io.vertx.core.impl.ContextImpl.lambda$wrapTask$2(ContextImpl.java:344)
	at io.netty.util.concurrent.AbstractEventExecutor.safeExecute(AbstractEventExecutor.java:163)
	at io.netty.util.concurrent.SingleThreadEventExecutor.runAllTasks(SingleThreadEventExecutor.java:403)
	at io.netty.channel.nio.NioEventLoop.run(NioEventLoop.java:463)
	at io.netty.util.concurrent.SingleThreadEventExecutor$5.run(SingleThreadEventExecutor.java:858)
	at java.base/java.lang.Thread.run(Thread.java:840)
17:45:34.340 ERROR vert.x-eventloop-thread-0 BaseServiceProxy     : request failed api.ibkr.com: nodename nor servname provided, or not known
java.net.UnknownHostException: api.ibkr.com: nodename nor servname provided, or not known
	at java.base/java.net.Inet4AddressImpl.lookupAllHostAddr(Native Method)
	at java.base/java.net.InetAddress$PlatformNameService.lookupAllHostAddr(InetAddress.java:934)
	at java.base/java.net.InetAddress.getAddressesFromNameService(InetAddress.java:1543)
	at java.base/java.net.InetAddress$NameServiceAddresses.get(InetAddress.java:852)
	at java.base/java.net.InetAddress.getAllByName0(InetAddress.java:1533)
	at java.base/java.net.InetAddress.getAllByName(InetAddress.java:1385)
	at java.base/java.net.InetAddress.getAllByName(InetAddress.java:1306)
	at java.base/java.net.InetAddress.getByName(InetAddress.java:1256)
	at io.netty.util.internal.SocketUtils$8.run(SocketUtils.java:146)
	at io.netty.util.internal.SocketUtils$8.run(SocketUtils.java:143)
	at java.base/java.security.AccessController.doPrivileged(AccessController.java:569)
	at io.netty.util.internal.SocketUtils.addressByName(SocketUtils.java:143)
	at io.netty.resolver.DefaultNameResolver.doResolve(DefaultNameResolver.java:43)
	at io.netty.resolver.SimpleNameResolver.resolve(SimpleNameResolver.java:63)
	at io.netty.resolver.SimpleNameResolver.resolve(SimpleNameResolver.java:55)
	at io.netty.resolver.InetSocketAddressResolver.doResolve(InetSocketAddressResolver.java:57)
	at io.netty.resolver.InetSocketAddressResolver.doResolve(InetSocketAddressResolver.java:32)
	at io.netty.resolver.AbstractAddressResolver.resolve(AbstractAddressResolver.java:108)
	at io.netty.bootstrap.Bootstrap.doResolveAndConnect0(Bootstrap.java:208)
	at io.netty.bootstrap.Bootstrap.doResolveAndConnect(Bootstrap.java:170)
	at io.netty.bootstrap.Bootstrap.connect(Bootstrap.java:145)
	at io.vertx.core.net.impl.ChannelProvider.connect(ChannelProvider.java:38)
	at io.vertx.core.http.impl.ConnectionManager$ChannelConnector.connect(ConnectionManager.java:537)
	at io.vertx.core.http.impl.ConnectionManager$ConnQueue.createNewConnection(ConnectionManager.java:294)
	at io.vertx.core.http.impl.ConnectionManager$ConnQueue.getConnection(ConnectionManager.java:237)
	at io.vertx.core.http.impl.ConnectionManager.getConnectionForRequest(ConnectionManager.java:171)
	at io.vertx.core.http.impl.HttpClientImpl.getConnectionForRequest(HttpClientImpl.java:950)
	at io.vertx.core.http.impl.HttpClientRequestImpl.connect(HttpClientRequestImpl.java:745)
	at io.vertx.core.http.impl.HttpClientRequestImpl.write(HttpClientRequestImpl.java:867)
	at io.vertx.core.http.impl.HttpClientRequestImpl.end(HttpClientRequestImpl.java:358)
	at ibgroup.web.core.clientportal.gw.services.SsoService.tickleSession(SsoService.java:255)
	at ibgroup.web.core.clientportal.gw.services.SsoService.onTimerEvent(SsoService.java:100)
	at io.vertx.core.impl.VertxImpl$InternalTimerHandler.handle(VertxImpl.java:870)
	at io.vertx.core.impl.VertxImpl$InternalTimerHandler.handle(VertxImpl.java:829)
	at io.vertx.core.impl.ContextImpl.lambda$wrapTask$2(ContextImpl.java:344)
	at io.netty.util.concurrent.AbstractEventExecutor.safeExecute(AbstractEventExecutor.java:163)
	at io.netty.util.concurrent.SingleThreadEventExecutor.runAllTasks(SingleThreadEventExecutor.java:403)
	at io.netty.channel.nio.NioEventLoop.run(NioEventLoop.java:463)
	at io.netty.util.concurrent.SingleThreadEventExecutor$5.run(SingleThreadEventExecutor.java:858)
	at java.base/java.lang.Thread.run(Thread.java:840)
18:24:39.986 INFO  vert.x-eventloop-thread-0 BaseServiceProxy     : -> GET /sso/ping,200|482ms
18:24:39.986 INFO  vert.x-eventloop-thread-0 SsoService           : sso ping {"result": "true"}
18:29:39.690 INFO  vert.x-eventloop-thread-0 BaseServiceProxy     : -> GET /sso/ping,200|184ms
18:29:39.692 INFO  vert.x-eventloop-thread-0 SsoService           : sso ping {"result": "true"}
18:34:39.714 INFO  vert.x-eventloop-thread-0 BaseServiceProxy     : -> GET /sso/ping,200|206ms
18:34:39.715 INFO  vert.x-eventloop-thread-0 SsoService           : sso ping {"result": "true"}
18:39:39.632 INFO  vert.x-eventloop-thread-0 BaseServiceProxy     : -> GET /sso/ping,200|173ms
18:39:39.633 INFO  vert.x-eventloop-thread-0 SsoService           : sso ping {"result": "true"}
18:45:02.360 INFO  vert.x-eventloop-thread-0 BaseServiceProxy     : -> GET /sso/ping,200|247ms
18:45:02.362 INFO  vert.x-eventloop-thread-0 SsoService           : sso ping {"result": "true"}
18:50:02.542 INFO  vert.x-eventloop-thread-0 BaseServiceProxy     : -> GET /sso/ping,200|429ms
18:50:02.543 INFO  vert.x-eventloop-thread-0 SsoService           : sso ping {"result": "true"}
18:55:02.284 INFO  vert.x-eventloop-thread-0 BaseServiceProxy     : -> GET /sso/ping,200|170ms
18:55:02.285 INFO  vert.x-eventloop-thread-0 SsoService           : sso ping {"result": "true"}
19:00:02.499 INFO  vert.x-eventloop-thread-0 BaseServiceProxy     : -> GET /sso/ping,200|369ms
19:00:02.499 INFO  vert.x-eventloop-thread-0 SsoService           : sso ping {"result": "true"}
20:25:13.518 ERROR vert.x-eventloop-thread-0 ConnectionBase       : java.io.IOException: Operation timed out
20:25:13.519 ERROR vert.x-eventloop-thread-0 BaseServiceProxy     : request failed Operation timed out
java.io.IOException: Operation timed out
	at java.base/sun.nio.ch.SocketDispatcher.read0(Native Method)
	at java.base/sun.nio.ch.SocketDispatcher.read(SocketDispatcher.java:47)
	at java.base/sun.nio.ch.IOUtil.readIntoNativeBuffer(IOUtil.java:330)
	at java.base/sun.nio.ch.IOUtil.read(IOUtil.java:284)
	at java.base/sun.nio.ch.IOUtil.read(IOUtil.java:259)
	at java.base/sun.nio.ch.SocketChannelImpl.read(SocketChannelImpl.java:417)
	at io.netty.buffer.PooledUnsafeDirectByteBuf.setBytes(PooledUnsafeDirectByteBuf.java:288)
	at io.netty.buffer.AbstractByteBuf.writeBytes(AbstractByteBuf.java:1106)
	at io.netty.channel.socket.nio.NioSocketChannel.doReadBytes(NioSocketChannel.java:373)
	at io.netty.channel.nio.AbstractNioByteChannel$NioByteUnsafe.read(AbstractNioByteChannel.java:123)
	at io.netty.channel.nio.NioEventLoop.processSelectedKey(NioEventLoop.java:645)
	at io.netty.channel.nio.NioEventLoop.processSelectedKeysPlain(NioEventLoop.java:545)
	at io.netty.channel.nio.NioEventLoop.processSelectedKeys(NioEventLoop.java:499)
	at io.netty.channel.nio.NioEventLoop.run(NioEventLoop.java:459)
	at io.netty.util.concurrent.SingleThreadEventExecutor$5.run(SingleThreadEventExecutor.java:858)
	at java.base/java.lang.Thread.run(Thread.java:840)
21:36:53.821 INFO  vert.x-eventloop-thread-0 BaseServiceProxy     : -> GET /sso/ping,200|361ms
21:36:53.822 INFO  vert.x-eventloop-thread-0 SsoService           : sso ping {"result": "true"}
23:01:00.147 ERROR vert.x-eventloop-thread-0 ConnectionBase       : java.io.IOException: Operation timed out
23:01:00.148 ERROR vert.x-eventloop-thread-0 BaseServiceProxy     : request failed Operation timed out
java.io.IOException: Operation timed out
	at java.base/sun.nio.ch.SocketDispatcher.read0(Native Method)
	at java.base/sun.nio.ch.SocketDispatcher.read(SocketDispatcher.java:47)
	at java.base/sun.nio.ch.IOUtil.readIntoNativeBuffer(IOUtil.java:330)
	at java.base/sun.nio.ch.IOUtil.read(IOUtil.java:284)
	at java.base/sun.nio.ch.IOUtil.read(IOUtil.java:259)
	at java.base/sun.nio.ch.SocketChannelImpl.read(SocketChannelImpl.java:417)
	at io.netty.buffer.PooledUnsafeDirectByteBuf.setBytes(PooledUnsafeDirectByteBuf.java:288)
	at io.netty.buffer.AbstractByteBuf.writeBytes(AbstractByteBuf.java:1106)
	at io.netty.channel.socket.nio.NioSocketChannel.doReadBytes(NioSocketChannel.java:373)
	at io.netty.channel.nio.AbstractNioByteChannel$NioByteUnsafe.read(AbstractNioByteChannel.java:123)
	at io.netty.channel.nio.NioEventLoop.processSelectedKey(NioEventLoop.java:645)
	at io.netty.channel.nio.NioEventLoop.processSelectedKeysPlain(NioEventLoop.java:545)
	at io.netty.channel.nio.NioEventLoop.processSelectedKeys(NioEventLoop.java:499)
	at io.netty.channel.nio.NioEventLoop.run(NioEventLoop.java:459)
	at io.netty.util.concurrent.SingleThreadEventExecutor$5.run(SingleThreadEventExecutor.java:858)
	at java.base/java.lang.Thread.run(Thread.java:840)
