00:04:16.654 INFO  vert.x-eventloop-thread-0 BaseServiceProxy     : -> GET /sso/ping,200|67ms
00:04:16.656 INFO  vert.x-eventloop-thread-0 SsoService           : sso ping {"result": "true"}
00:09:16.686 INFO  vert.x-eventloop-thread-0 BaseServiceProxy     : -> GET /sso/ping,200|99ms
00:09:16.687 INFO  vert.x-eventloop-thread-0 SsoService           : sso ping {"result": "true"}
00:14:16.667 INFO  vert.x-eventloop-thread-0 BaseServiceProxy     : -> GET /sso/ping,200|80ms
00:14:16.667 INFO  vert.x-eventloop-thread-0 SsoService           : sso ping {"result": "true"}
00:19:16.709 INFO  vert.x-eventloop-thread-0 BaseServiceProxy     : -> GET /sso/ping,200|120ms
00:19:16.711 INFO  vert.x-eventloop-thread-0 SsoService           : sso ping {"result": "true"}
00:24:16.637 INFO  vert.x-eventloop-thread-0 BaseServiceProxy     : -> GET /sso/ping,200|83ms
00:24:16.638 INFO  vert.x-eventloop-thread-0 SsoService           : sso ping {"result": "true"}
00:29:16.646 INFO  vert.x-eventloop-thread-0 BaseServiceProxy     : -> GET /sso/ping,200|95ms
00:29:16.647 INFO  vert.x-eventloop-thread-0 SsoService           : sso ping {"result": "true"}
00:34:16.636 INFO  vert.x-eventloop-thread-0 BaseServiceProxy     : -> GET /sso/ping,200|87ms
00:34:16.636 INFO  vert.x-eventloop-thread-0 SsoService           : sso ping {"result": "true"}
00:39:16.620 INFO  vert.x-eventloop-thread-0 BaseServiceProxy     : -> GET /sso/ping,200|87ms
00:39:16.621 INFO  vert.x-eventloop-thread-0 SsoService           : sso ping {"result": "true"}
00:44:16.609 INFO  vert.x-eventloop-thread-0 BaseServiceProxy     : -> GET /sso/ping,200|81ms
00:44:16.612 INFO  vert.x-eventloop-thread-0 SsoService           : sso ping {"result": "true"}
00:49:16.594 INFO  vert.x-eventloop-thread-0 BaseServiceProxy     : -> GET /sso/ping,200|69ms
00:49:16.613 INFO  vert.x-eventloop-thread-0 SsoService           : sso ping {"result": "true"}
00:54:16.748 INFO  vert.x-eventloop-thread-0 BaseServiceProxy     : -> GET /sso/ping,200|209ms
00:54:16.749 INFO  vert.x-eventloop-thread-0 SsoService           : sso ping {"result": "true"}
02:02:53.107 ERROR vert.x-eventloop-thread-0 ConnectionBase       : java.net.SocketException: Connection reset
02:02:53.108 ERROR vert.x-eventloop-thread-0 BaseServiceProxy     : request failed Connection reset
java.net.SocketException: Connection reset
	at java.base/sun.nio.ch.SocketChannelImpl.throwConnectionReset(SocketChannelImpl.java:394)
	at java.base/sun.nio.ch.SocketChannelImpl.read(SocketChannelImpl.java:426)
	at io.netty.buffer.PooledUnsafeDirectByteBuf.setBytes(PooledUnsafeDirectByteBuf.java:288)
	at io.netty.buffer.AbstractByteBuf.writeBytes(AbstractByteBuf.java:1106)
	at io.netty.channel.socket.nio.NioSocketChannel.doReadBytes(NioSocketChannel.java:373)
	at io.netty.channel.nio.AbstractNioByteChannel$NioByteUnsafe.read(AbstractNioByteChannel.java:123)
	at io.netty.channel.nio.NioEventLoop.processSelectedKey(NioEventLoop.java:645)
	at io.netty.channel.nio.NioEventLoop.processSelectedKeysPlain(NioEventLoop.java:545)
	at io.netty.channel.nio.NioEventLoop.processSelectedKeys(NioEventLoop.java:499)
	at io.netty.channel.nio.NioEventLoop.run(NioEventLoop.java:459)
	at io.netty.util.concurrent.SingleThreadEventExecutor$5.run(SingleThreadEventExecutor.java:858)
	at java.base/java.lang.Thread.run(Thread.java:840)
03:12:59.980 INFO  vert.x-eventloop-thread-0 BaseServiceProxy     : -> GET /sso/ping,200|177ms
03:12:59.980 INFO  vert.x-eventloop-thread-0 SsoService           : sso ping {"result": "true"}
04:47:40.669 ERROR vert.x-eventloop-thread-0 ConnectionBase       : java.net.SocketException: Connection reset
04:47:40.669 ERROR vert.x-eventloop-thread-0 BaseServiceProxy     : request failed Connection reset
java.net.SocketException: Connection reset
	at java.base/sun.nio.ch.SocketChannelImpl.throwConnectionReset(SocketChannelImpl.java:394)
	at java.base/sun.nio.ch.SocketChannelImpl.read(SocketChannelImpl.java:426)
	at io.netty.buffer.PooledUnsafeDirectByteBuf.setBytes(PooledUnsafeDirectByteBuf.java:288)
	at io.netty.buffer.AbstractByteBuf.writeBytes(AbstractByteBuf.java:1106)
	at io.netty.channel.socket.nio.NioSocketChannel.doReadBytes(NioSocketChannel.java:373)
	at io.netty.channel.nio.AbstractNioByteChannel$NioByteUnsafe.read(AbstractNioByteChannel.java:123)
	at io.netty.channel.nio.NioEventLoop.processSelectedKey(NioEventLoop.java:645)
	at io.netty.channel.nio.NioEventLoop.processSelectedKeysPlain(NioEventLoop.java:545)
	at io.netty.channel.nio.NioEventLoop.processSelectedKeys(NioEventLoop.java:499)
	at io.netty.channel.nio.NioEventLoop.run(NioEventLoop.java:459)
	at io.netty.util.concurrent.SingleThreadEventExecutor$5.run(SingleThreadEventExecutor.java:858)
	at java.base/java.lang.Thread.run(Thread.java:840)
05:30:31.995 INFO  vert.x-eventloop-thread-0 BaseServiceProxy     : -> GET /sso/ping,200|154ms
05:30:31.995 INFO  vert.x-eventloop-thread-0 SsoService           : sso ping {"result": "true"}
05:35:31.942 INFO  vert.x-eventloop-thread-0 BaseServiceProxy     : -> GET /sso/ping,200|89ms
05:35:31.942 INFO  vert.x-eventloop-thread-0 SsoService           : sso ping {"result": "true"}
05:40:31.914 INFO  vert.x-eventloop-thread-0 BaseServiceProxy     : -> GET /sso/ping,200|62ms
05:40:31.914 INFO  vert.x-eventloop-thread-0 SsoService           : sso ping {"result": "true"}
05:45:31.919 INFO  vert.x-eventloop-thread-0 BaseServiceProxy     : -> GET /sso/ping,200|68ms
05:45:31.919 INFO  vert.x-eventloop-thread-0 SsoService           : sso ping {"result": "true"}
05:50:31.934 INFO  vert.x-eventloop-thread-0 BaseServiceProxy     : -> GET /sso/ping,200|68ms
05:50:31.935 INFO  vert.x-eventloop-thread-0 SsoService           : sso ping {"result": "true"}
05:55:31.941 INFO  vert.x-eventloop-thread-0 BaseServiceProxy     : -> GET /sso/ping,200|74ms
05:55:31.941 INFO  vert.x-eventloop-thread-0 SsoService           : sso ping {"result": "true"}
06:00:31.936 INFO  vert.x-eventloop-thread-0 BaseServiceProxy     : -> GET /sso/ping,200|68ms
06:00:31.936 INFO  vert.x-eventloop-thread-0 SsoService           : sso ping {"result": "true"}
06:05:31.942 INFO  vert.x-eventloop-thread-0 BaseServiceProxy     : -> GET /sso/ping,200|67ms
06:05:31.942 INFO  vert.x-eventloop-thread-0 SsoService           : sso ping {"result": "true"}
06:10:31.944 INFO  vert.x-eventloop-thread-0 BaseServiceProxy     : -> GET /sso/ping,200|68ms
06:10:31.945 INFO  vert.x-eventloop-thread-0 SsoService           : sso ping {"result": "true"}
06:15:31.947 INFO  vert.x-eventloop-thread-0 BaseServiceProxy     : -> GET /sso/ping,200|70ms
06:15:31.947 INFO  vert.x-eventloop-thread-0 SsoService           : sso ping {"result": "true"}
06:20:31.949 INFO  vert.x-eventloop-thread-0 BaseServiceProxy     : -> GET /sso/ping,200|71ms
06:20:31.949 INFO  vert.x-eventloop-thread-0 SsoService           : sso ping {"result": "true"}
06:25:31.960 INFO  vert.x-eventloop-thread-0 BaseServiceProxy     : -> GET /sso/ping,200|81ms
06:25:31.961 INFO  vert.x-eventloop-thread-0 SsoService           : sso ping {"result": "true"}
06:30:31.952 INFO  vert.x-eventloop-thread-0 BaseServiceProxy     : -> GET /sso/ping,200|72ms
06:30:31.953 INFO  vert.x-eventloop-thread-0 SsoService           : sso ping {"result": "true"}
07:09:06.123 ERROR vert.x-eventloop-thread-0 ConnectionBase       : java.net.SocketException: Connection reset
07:09:06.124 ERROR vert.x-eventloop-thread-0 BaseServiceProxy     : request failed Connection reset
java.net.SocketException: Connection reset
	at java.base/sun.nio.ch.SocketChannelImpl.throwConnectionReset(SocketChannelImpl.java:394)
	at java.base/sun.nio.ch.SocketChannelImpl.read(SocketChannelImpl.java:426)
	at io.netty.buffer.PooledUnsafeDirectByteBuf.setBytes(PooledUnsafeDirectByteBuf.java:288)
	at io.netty.buffer.AbstractByteBuf.writeBytes(AbstractByteBuf.java:1106)
	at io.netty.channel.socket.nio.NioSocketChannel.doReadBytes(NioSocketChannel.java:373)
	at io.netty.channel.nio.AbstractNioByteChannel$NioByteUnsafe.read(AbstractNioByteChannel.java:123)
	at io.netty.channel.nio.NioEventLoop.processSelectedKey(NioEventLoop.java:645)
	at io.netty.channel.nio.NioEventLoop.processSelectedKeysPlain(NioEventLoop.java:545)
	at io.netty.channel.nio.NioEventLoop.processSelectedKeys(NioEventLoop.java:499)
	at io.netty.channel.nio.NioEventLoop.run(NioEventLoop.java:459)
	at io.netty.util.concurrent.SingleThreadEventExecutor$5.run(SingleThreadEventExecutor.java:858)
	at java.base/java.lang.Thread.run(Thread.java:840)
07:30:22.645 INFO  vert.x-eventloop-thread-0 BaseServiceProxy     : -> GET /sso/ping,200|177ms
07:30:22.646 INFO  vert.x-eventloop-thread-0 SsoService           : sso ping {"result": "true"}
07:35:22.538 INFO  vert.x-eventloop-thread-0 BaseServiceProxy     : -> GET /sso/ping,200|71ms
07:35:22.538 INFO  vert.x-eventloop-thread-0 SsoService           : sso ping {"result": "true"}
07:40:22.548 INFO  vert.x-eventloop-thread-0 BaseServiceProxy     : -> GET /sso/ping,200|80ms
07:40:22.549 INFO  vert.x-eventloop-thread-0 SsoService           : sso ping {"result": "true"}
07:45:22.530 INFO  vert.x-eventloop-thread-0 BaseServiceProxy     : -> GET /sso/ping,200|80ms
07:45:22.530 INFO  vert.x-eventloop-thread-0 SsoService           : sso ping {"result": "true"}
07:50:22.517 INFO  vert.x-eventloop-thread-0 BaseServiceProxy     : -> GET /sso/ping,200|70ms
07:50:22.517 INFO  vert.x-eventloop-thread-0 SsoService           : sso ping {"result": "true"}
07:55:22.576 INFO  vert.x-eventloop-thread-0 BaseServiceProxy     : -> GET /sso/ping,200|129ms
07:55:22.577 INFO  vert.x-eventloop-thread-0 SsoService           : sso ping {"result": "true"}
08:00:22.550 INFO  vert.x-eventloop-thread-0 BaseServiceProxy     : -> GET /sso/ping,200|104ms
08:00:22.551 INFO  vert.x-eventloop-thread-0 SsoService           : sso ping {"result": "true"}
08:05:22.497 INFO  vert.x-eventloop-thread-0 BaseServiceProxy     : -> GET /sso/ping,200|111ms
08:05:22.497 INFO  vert.x-eventloop-thread-0 SsoService           : sso ping {"result": "true"}
08:10:22.495 INFO  vert.x-eventloop-thread-0 BaseServiceProxy     : -> GET /sso/ping,200|114ms
08:10:22.495 INFO  vert.x-eventloop-thread-0 SsoService           : sso ping {"result": "true"}
08:15:22.447 INFO  vert.x-eventloop-thread-0 BaseServiceProxy     : -> GET /sso/ping,200|71ms
08:15:22.448 INFO  vert.x-eventloop-thread-0 SsoService           : sso ping {"result": "true"}
08:20:22.381 INFO  vert.x-eventloop-thread-0 BaseServiceProxy     : -> GET /sso/ping,200|77ms
08:20:22.381 INFO  vert.x-eventloop-thread-0 SsoService           : sso ping {"result": "true"}
08:25:22.378 INFO  vert.x-eventloop-thread-0 BaseServiceProxy     : -> GET /sso/ping,200|82ms
08:25:22.379 INFO  vert.x-eventloop-thread-0 SsoService           : sso ping {"result": "true"}
09:09:56.134 ERROR vert.x-eventloop-thread-0 ConnectionBase       : java.net.SocketException: Connection reset
09:09:56.134 ERROR vert.x-eventloop-thread-0 BaseServiceProxy     : request failed Connection reset
java.net.SocketException: Connection reset
	at java.base/sun.nio.ch.SocketChannelImpl.throwConnectionReset(SocketChannelImpl.java:394)
	at java.base/sun.nio.ch.SocketChannelImpl.read(SocketChannelImpl.java:426)
	at io.netty.buffer.PooledUnsafeDirectByteBuf.setBytes(PooledUnsafeDirectByteBuf.java:288)
	at io.netty.buffer.AbstractByteBuf.writeBytes(AbstractByteBuf.java:1106)
	at io.netty.channel.socket.nio.NioSocketChannel.doReadBytes(NioSocketChannel.java:373)
	at io.netty.channel.nio.AbstractNioByteChannel$NioByteUnsafe.read(AbstractNioByteChannel.java:123)
	at io.netty.channel.nio.NioEventLoop.processSelectedKey(NioEventLoop.java:645)
	at io.netty.channel.nio.NioEventLoop.processSelectedKeysPlain(NioEventLoop.java:545)
	at io.netty.channel.nio.NioEventLoop.processSelectedKeys(NioEventLoop.java:499)
	at io.netty.channel.nio.NioEventLoop.run(NioEventLoop.java:459)
	at io.netty.util.concurrent.SingleThreadEventExecutor$5.run(SingleThreadEventExecutor.java:858)
	at java.base/java.lang.Thread.run(Thread.java:840)
09:14:56.301 INFO  vert.x-eventloop-thread-0 BaseServiceProxy     : -> GET /sso/ping,200|214ms
09:14:56.301 INFO  vert.x-eventloop-thread-0 SsoService           : sso ping {"result": "true"}
09:19:56.267 INFO  vert.x-eventloop-thread-0 BaseServiceProxy     : -> GET /sso/ping,200|137ms
09:19:56.268 INFO  vert.x-eventloop-thread-0 SsoService           : sso ping {"result": "true"}
09:24:56.212 INFO  vert.x-eventloop-thread-0 BaseServiceProxy     : -> GET /sso/ping,200|86ms
09:24:56.212 INFO  vert.x-eventloop-thread-0 SsoService           : sso ping {"result": "true"}
09:29:56.225 INFO  vert.x-eventloop-thread-0 BaseServiceProxy     : -> GET /sso/ping,200|102ms
09:29:56.226 INFO  vert.x-eventloop-thread-0 SsoService           : sso ping {"result": "true"}
09:34:56.274 INFO  vert.x-eventloop-thread-0 BaseServiceProxy     : -> GET /sso/ping,200|74ms
09:34:56.275 INFO  vert.x-eventloop-thread-0 SsoService           : sso ping {"result": "true"}
09:39:56.359 INFO  vert.x-eventloop-thread-0 BaseServiceProxy     : -> GET /sso/ping,200|158ms
09:39:56.359 INFO  vert.x-eventloop-thread-0 SsoService           : sso ping {"result": "true"}
09:44:56.332 INFO  vert.x-eventloop-thread-0 BaseServiceProxy     : -> GET /sso/ping,200|129ms
09:44:56.333 INFO  vert.x-eventloop-thread-0 SsoService           : sso ping {"result": "true"}
09:49:56.281 INFO  vert.x-eventloop-thread-0 BaseServiceProxy     : -> GET /sso/ping,200|78ms
09:49:56.282 INFO  vert.x-eventloop-thread-0 SsoService           : sso ping {"result": "true"}
09:54:56.439 INFO  vert.x-eventloop-thread-0 BaseServiceProxy     : -> GET /sso/ping,200|194ms
09:54:56.439 INFO  vert.x-eventloop-thread-0 SsoService           : sso ping {"result": "true"}
09:59:56.335 INFO  vert.x-eventloop-thread-0 BaseServiceProxy     : -> GET /sso/ping,200|88ms
09:59:56.337 INFO  vert.x-eventloop-thread-0 SsoService           : sso ping {"result": "true"}
10:04:56.380 INFO  vert.x-eventloop-thread-0 BaseServiceProxy     : -> GET /sso/ping,200|128ms
10:04:56.381 INFO  vert.x-eventloop-thread-0 SsoService           : sso ping {"result": "true"}
10:13:31.752 INFO  vert.x-eventloop-thread-0 BaseServiceProxy     : -> GET /sso/ping,200|255ms
10:13:31.752 INFO  vert.x-eventloop-thread-0 SsoService           : sso ping {"result": "true"}
10:18:31.723 INFO  vert.x-eventloop-thread-0 BaseServiceProxy     : -> GET /sso/ping,200|222ms
10:18:31.724 INFO  vert.x-eventloop-thread-0 SsoService           : sso ping {"result": "true"}
10:23:31.612 INFO  vert.x-eventloop-thread-0 BaseServiceProxy     : -> GET /sso/ping,200|109ms
10:23:31.616 INFO  vert.x-eventloop-thread-0 SsoService           : sso ping {"result": "true"}
10:28:31.575 INFO  vert.x-eventloop-thread-0 BaseServiceProxy     : -> GET /sso/ping,200|68ms
10:28:31.575 INFO  vert.x-eventloop-thread-0 SsoService           : sso ping {"result": "true"}
10:33:31.617 INFO  vert.x-eventloop-thread-0 BaseServiceProxy     : -> GET /sso/ping,200|94ms
10:33:31.619 INFO  vert.x-eventloop-thread-0 SsoService           : sso ping {"result": "true"}
10:38:31.728 INFO  vert.x-eventloop-thread-0 BaseServiceProxy     : -> GET /sso/ping,200|201ms
10:38:31.729 INFO  vert.x-eventloop-thread-0 SsoService           : sso ping {"result": "true"}
10:43:31.796 INFO  vert.x-eventloop-thread-0 BaseServiceProxy     : -> GET /sso/ping,200|265ms
10:43:31.798 INFO  vert.x-eventloop-thread-0 SsoService           : sso ping {"result": "true"}
10:48:31.684 INFO  vert.x-eventloop-thread-0 BaseServiceProxy     : -> GET /sso/ping,200|148ms
10:48:31.686 INFO  vert.x-eventloop-thread-0 SsoService           : sso ping {"result": "true"}
10:53:31.829 INFO  vert.x-eventloop-thread-0 BaseServiceProxy     : -> GET /sso/ping,200|289ms
10:53:31.830 INFO  vert.x-eventloop-thread-0 SsoService           : sso ping {"result": "true"}
10:58:31.599 INFO  vert.x-eventloop-thread-0 BaseServiceProxy     : -> GET /sso/ping,200|56ms
10:58:31.601 INFO  vert.x-eventloop-thread-0 SsoService           : sso ping {"result": "true"}
11:03:31.623 INFO  vert.x-eventloop-thread-0 BaseServiceProxy     : -> GET /sso/ping,200|75ms
11:03:31.624 INFO  vert.x-eventloop-thread-0 SsoService           : sso ping {"result": "true"}
11:08:31.775 INFO  vert.x-eventloop-thread-0 BaseServiceProxy     : -> GET /sso/ping,200|223ms
11:08:31.777 INFO  vert.x-eventloop-thread-0 SsoService           : sso ping {"result": "true"}
11:13:31.614 INFO  vert.x-eventloop-thread-0 BaseServiceProxy     : -> GET /sso/ping,200|58ms
11:13:31.614 INFO  vert.x-eventloop-thread-0 SsoService           : sso ping {"result": "true"}
11:18:45.325 INFO  vert.x-eventloop-thread-0 BaseServiceProxy     : -> GET /sso/ping,200|80ms
11:18:45.325 INFO  vert.x-eventloop-thread-0 SsoService           : sso ping {"result": "true"}
11:23:45.335 INFO  vert.x-eventloop-thread-0 BaseServiceProxy     : -> GET /sso/ping,200|84ms
11:23:45.336 INFO  vert.x-eventloop-thread-0 SsoService           : sso ping {"result": "true"}
11:28:45.313 INFO  vert.x-eventloop-thread-0 BaseServiceProxy     : -> GET /sso/ping,200|60ms
11:28:45.314 INFO  vert.x-eventloop-thread-0 SsoService           : sso ping {"result": "true"}
11:33:45.494 INFO  vert.x-eventloop-thread-0 BaseServiceProxy     : -> GET /sso/ping,200|237ms
11:33:45.494 INFO  vert.x-eventloop-thread-0 SsoService           : sso ping {"result": "true"}
11:38:45.329 INFO  vert.x-eventloop-thread-0 BaseServiceProxy     : -> GET /sso/ping,200|77ms
11:38:45.329 INFO  vert.x-eventloop-thread-0 SsoService           : sso ping {"result": "true"}
11:43:45.377 INFO  vert.x-eventloop-thread-0 BaseServiceProxy     : -> GET /sso/ping,200|122ms
11:43:45.377 INFO  vert.x-eventloop-thread-0 SsoService           : sso ping {"result": "true"}
11:48:45.340 INFO  vert.x-eventloop-thread-0 BaseServiceProxy     : -> GET /sso/ping,200|81ms
11:48:45.341 INFO  vert.x-eventloop-thread-0 SsoService           : sso ping {"result": "true"}
11:53:45.334 INFO  vert.x-eventloop-thread-0 BaseServiceProxy     : -> GET /sso/ping,200|73ms
11:53:45.335 INFO  vert.x-eventloop-thread-0 SsoService           : sso ping {"result": "true"}
11:58:45.291 INFO  vert.x-eventloop-thread-0 BaseServiceProxy     : -> GET /sso/ping,200|61ms
11:58:45.291 INFO  vert.x-eventloop-thread-0 SsoService           : sso ping {"result": "true"}
12:03:46.573 INFO  vert.x-eventloop-thread-0 BaseServiceProxy     : -> GET /sso/ping,200|1343ms
12:03:46.574 INFO  vert.x-eventloop-thread-0 SsoService           : sso ping {"result": "true"}
12:08:46.504 INFO  vert.x-eventloop-thread-0 BaseServiceProxy     : -> GET /sso/ping,200|1272ms
12:08:46.505 INFO  vert.x-eventloop-thread-0 SsoService           : sso ping {"result": "true"}
12:34:24.082 ERROR vert.x-eventloop-thread-0 ConnectionBase       : java.net.SocketException: Connection reset
12:34:24.083 ERROR vert.x-eventloop-thread-0 BaseServiceProxy     : request failed Connection reset
java.net.SocketException: Connection reset
	at java.base/sun.nio.ch.SocketChannelImpl.throwConnectionReset(SocketChannelImpl.java:394)
	at java.base/sun.nio.ch.SocketChannelImpl.read(SocketChannelImpl.java:426)
	at io.netty.buffer.PooledUnsafeDirectByteBuf.setBytes(PooledUnsafeDirectByteBuf.java:288)
	at io.netty.buffer.AbstractByteBuf.writeBytes(AbstractByteBuf.java:1106)
	at io.netty.channel.socket.nio.NioSocketChannel.doReadBytes(NioSocketChannel.java:373)
	at io.netty.channel.nio.AbstractNioByteChannel$NioByteUnsafe.read(AbstractNioByteChannel.java:123)
	at io.netty.channel.nio.NioEventLoop.processSelectedKey(NioEventLoop.java:645)
	at io.netty.channel.nio.NioEventLoop.processSelectedKeysPlain(NioEventLoop.java:545)
	at io.netty.channel.nio.NioEventLoop.processSelectedKeys(NioEventLoop.java:499)
	at io.netty.channel.nio.NioEventLoop.run(NioEventLoop.java:459)
	at io.netty.util.concurrent.SingleThreadEventExecutor$5.run(SingleThreadEventExecutor.java:858)
	at java.base/java.lang.Thread.run(Thread.java:840)
12:39:24.241 INFO  vert.x-eventloop-thread-0 BaseServiceProxy     : -> GET /sso/ping,200|192ms
12:39:24.242 INFO  vert.x-eventloop-thread-0 SsoService           : sso ping {"result": "true"}
12:44:24.193 INFO  vert.x-eventloop-thread-0 BaseServiceProxy     : -> GET /sso/ping,200|160ms
12:44:24.193 INFO  vert.x-eventloop-thread-0 SsoService           : sso ping {"result": "true"}
12:49:24.121 INFO  vert.x-eventloop-thread-0 BaseServiceProxy     : -> GET /sso/ping,200|92ms
12:49:24.122 INFO  vert.x-eventloop-thread-0 SsoService           : sso ping {"result": "true"}
12:54:24.089 INFO  vert.x-eventloop-thread-0 BaseServiceProxy     : -> GET /sso/ping,200|61ms
12:54:24.089 INFO  vert.x-eventloop-thread-0 SsoService           : sso ping {"result": "true"}
12:59:24.123 INFO  vert.x-eventloop-thread-0 BaseServiceProxy     : -> GET /sso/ping,200|95ms
12:59:24.124 INFO  vert.x-eventloop-thread-0 SsoService           : sso ping {"result": "true"}
13:04:24.130 INFO  vert.x-eventloop-thread-0 BaseServiceProxy     : -> GET /sso/ping,200|97ms
13:04:24.131 INFO  vert.x-eventloop-thread-0 SsoService           : sso ping {"result": "true"}
13:09:24.105 INFO  vert.x-eventloop-thread-0 BaseServiceProxy     : -> GET /sso/ping,200|72ms
13:09:24.106 INFO  vert.x-eventloop-thread-0 SsoService           : sso ping {"result": "true"}
13:14:24.120 INFO  vert.x-eventloop-thread-0 BaseServiceProxy     : -> GET /sso/ping,200|87ms
13:14:24.121 INFO  vert.x-eventloop-thread-0 SsoService           : sso ping {"result": "true"}
13:19:24.107 INFO  vert.x-eventloop-thread-0 BaseServiceProxy     : -> GET /sso/ping,200|72ms
13:19:24.107 INFO  vert.x-eventloop-thread-0 SsoService           : sso ping {"result": "true"}
13:24:24.142 INFO  vert.x-eventloop-thread-0 BaseServiceProxy     : -> GET /sso/ping,200|126ms
13:24:24.143 INFO  vert.x-eventloop-thread-0 SsoService           : sso ping {"result": "true"}
13:29:24.309 INFO  vert.x-eventloop-thread-0 BaseServiceProxy     : -> GET /sso/ping,200|292ms
13:29:24.311 INFO  vert.x-eventloop-thread-0 SsoService           : sso ping {"result": "true"}
13:36:17.870 INFO  vert.x-eventloop-thread-0 BaseServiceProxy     : -> GET /sso/ping,200|140ms
13:36:17.870 INFO  vert.x-eventloop-thread-0 SsoService           : sso ping {"result": "true"}
14:20:34.493 ERROR vert.x-eventloop-thread-0 ConnectionBase       : java.net.SocketException: Connection reset
14:20:34.494 ERROR vert.x-eventloop-thread-0 BaseServiceProxy     : request failed Connection reset
java.net.SocketException: Connection reset
	at java.base/sun.nio.ch.SocketChannelImpl.throwConnectionReset(SocketChannelImpl.java:394)
	at java.base/sun.nio.ch.SocketChannelImpl.read(SocketChannelImpl.java:426)
	at io.netty.buffer.PooledUnsafeDirectByteBuf.setBytes(PooledUnsafeDirectByteBuf.java:288)
	at io.netty.buffer.AbstractByteBuf.writeBytes(AbstractByteBuf.java:1106)
	at io.netty.channel.socket.nio.NioSocketChannel.doReadBytes(NioSocketChannel.java:373)
	at io.netty.channel.nio.AbstractNioByteChannel$NioByteUnsafe.read(AbstractNioByteChannel.java:123)
	at io.netty.channel.nio.NioEventLoop.processSelectedKey(NioEventLoop.java:645)
	at io.netty.channel.nio.NioEventLoop.processSelectedKeysPlain(NioEventLoop.java:545)
	at io.netty.channel.nio.NioEventLoop.processSelectedKeys(NioEventLoop.java:499)
	at io.netty.channel.nio.NioEventLoop.run(NioEventLoop.java:459)
	at io.netty.util.concurrent.SingleThreadEventExecutor$5.run(SingleThreadEventExecutor.java:858)
	at java.base/java.lang.Thread.run(Thread.java:840)
14:25:34.699 INFO  vert.x-eventloop-thread-0 BaseServiceProxy     : -> GET /sso/ping,200|239ms
14:25:34.700 INFO  vert.x-eventloop-thread-0 SsoService           : sso ping {"result": "true"}
14:30:34.556 INFO  vert.x-eventloop-thread-0 BaseServiceProxy     : -> GET /sso/ping,200|81ms
14:30:34.557 INFO  vert.x-eventloop-thread-0 SsoService           : sso ping {"result": "true"}
14:35:34.542 INFO  vert.x-eventloop-thread-0 BaseServiceProxy     : -> GET /sso/ping,200|68ms
14:35:34.543 INFO  vert.x-eventloop-thread-0 SsoService           : sso ping {"result": "true"}
14:40:34.734 INFO  vert.x-eventloop-thread-0 BaseServiceProxy     : -> GET /sso/ping,200|259ms
14:40:34.734 INFO  vert.x-eventloop-thread-0 SsoService           : sso ping {"result": "true"}
14:45:34.659 INFO  vert.x-eventloop-thread-0 BaseServiceProxy     : -> GET /sso/ping,200|183ms
14:45:34.660 INFO  vert.x-eventloop-thread-0 SsoService           : sso ping {"result": "true"}
15:18:46.228 ERROR vert.x-eventloop-thread-0 ConnectionBase       : java.net.SocketException: Connection reset
15:18:46.229 ERROR vert.x-eventloop-thread-0 BaseServiceProxy     : request failed Connection reset
java.net.SocketException: Connection reset
	at java.base/sun.nio.ch.SocketChannelImpl.throwConnectionReset(SocketChannelImpl.java:394)
	at java.base/sun.nio.ch.SocketChannelImpl.read(SocketChannelImpl.java:426)
	at io.netty.buffer.PooledUnsafeDirectByteBuf.setBytes(PooledUnsafeDirectByteBuf.java:288)
	at io.netty.buffer.AbstractByteBuf.writeBytes(AbstractByteBuf.java:1106)
	at io.netty.channel.socket.nio.NioSocketChannel.doReadBytes(NioSocketChannel.java:373)
	at io.netty.channel.nio.AbstractNioByteChannel$NioByteUnsafe.read(AbstractNioByteChannel.java:123)
	at io.netty.channel.nio.NioEventLoop.processSelectedKey(NioEventLoop.java:645)
	at io.netty.channel.nio.NioEventLoop.processSelectedKeysPlain(NioEventLoop.java:545)
	at io.netty.channel.nio.NioEventLoop.processSelectedKeys(NioEventLoop.java:499)
	at io.netty.channel.nio.NioEventLoop.run(NioEventLoop.java:459)
	at io.netty.util.concurrent.SingleThreadEventExecutor$5.run(SingleThreadEventExecutor.java:858)
	at java.base/java.lang.Thread.run(Thread.java:840)
15:23:46.444 INFO  vert.x-eventloop-thread-0 BaseServiceProxy     : -> GET /sso/ping,200|245ms
15:23:46.445 INFO  vert.x-eventloop-thread-0 SsoService           : sso ping {"result": "true"}
15:28:46.298 INFO  vert.x-eventloop-thread-0 BaseServiceProxy     : -> GET /sso/ping,200|84ms
15:28:46.299 INFO  vert.x-eventloop-thread-0 SsoService           : sso ping {"result": "true"}
15:33:46.328 INFO  vert.x-eventloop-thread-0 BaseServiceProxy     : -> GET /sso/ping,200|114ms
15:33:46.328 INFO  vert.x-eventloop-thread-0 SsoService           : sso ping {"result": "true"}
15:38:46.291 INFO  vert.x-eventloop-thread-0 BaseServiceProxy     : -> GET /sso/ping,200|76ms
15:38:46.292 INFO  vert.x-eventloop-thread-0 SsoService           : sso ping {"result": "true"}
15:43:46.287 INFO  vert.x-eventloop-thread-0 BaseServiceProxy     : -> GET /sso/ping,200|71ms
15:43:46.289 INFO  vert.x-eventloop-thread-0 SsoService           : sso ping {"result": "true"}
15:55:06.420 INFO  vert.x-eventloop-thread-0 BaseServiceProxy     : -> GET /sso/ping,200|161ms
15:55:06.421 INFO  vert.x-eventloop-thread-0 SsoService           : sso ping {"result": "true"}
16:36:56.974 ERROR vert.x-eventloop-thread-0 ConnectionBase       : java.net.SocketException: Connection reset
16:36:56.974 ERROR vert.x-eventloop-thread-0 BaseServiceProxy     : request failed Connection reset
java.net.SocketException: Connection reset
	at java.base/sun.nio.ch.SocketChannelImpl.throwConnectionReset(SocketChannelImpl.java:394)
	at java.base/sun.nio.ch.SocketChannelImpl.read(SocketChannelImpl.java:426)
	at io.netty.buffer.PooledUnsafeDirectByteBuf.setBytes(PooledUnsafeDirectByteBuf.java:288)
	at io.netty.buffer.AbstractByteBuf.writeBytes(AbstractByteBuf.java:1106)
	at io.netty.channel.socket.nio.NioSocketChannel.doReadBytes(NioSocketChannel.java:373)
	at io.netty.channel.nio.AbstractNioByteChannel$NioByteUnsafe.read(AbstractNioByteChannel.java:123)
	at io.netty.channel.nio.NioEventLoop.processSelectedKey(NioEventLoop.java:645)
	at io.netty.channel.nio.NioEventLoop.processSelectedKeysPlain(NioEventLoop.java:545)
	at io.netty.channel.nio.NioEventLoop.processSelectedKeys(NioEventLoop.java:499)
	at io.netty.channel.nio.NioEventLoop.run(NioEventLoop.java:459)
	at io.netty.util.concurrent.SingleThreadEventExecutor$5.run(SingleThreadEventExecutor.java:858)
	at java.base/java.lang.Thread.run(Thread.java:840)
16:43:50.816 INFO  vert.x-eventloop-thread-0 BaseServiceProxy     : -> GET /sso/ping,200|225ms
16:43:50.817 INFO  vert.x-eventloop-thread-0 SsoService           : sso ping {"result": "true"}
16:48:50.684 INFO  vert.x-eventloop-thread-0 BaseServiceProxy     : -> GET /sso/ping,200|97ms
16:48:50.686 INFO  vert.x-eventloop-thread-0 SsoService           : sso ping {"result": "true"}
16:53:50.726 INFO  vert.x-eventloop-thread-0 BaseServiceProxy     : -> GET /sso/ping,200|110ms
16:53:50.726 INFO  vert.x-eventloop-thread-0 SsoService           : sso ping {"result": "true"}
16:58:50.782 INFO  vert.x-eventloop-thread-0 BaseServiceProxy     : -> GET /sso/ping,200|166ms
16:58:50.783 INFO  vert.x-eventloop-thread-0 SsoService           : sso ping {"result": "true"}
17:04:39.298 INFO  vert.x-eventloop-thread-0 BaseServiceProxy     : -> GET /sso/ping,200|67ms
17:04:39.298 INFO  vert.x-eventloop-thread-0 SsoService           : sso ping {"result": "true"}
17:09:39.331 INFO  vert.x-eventloop-thread-0 BaseServiceProxy     : -> GET /sso/ping,200|93ms
17:09:39.332 INFO  vert.x-eventloop-thread-0 SsoService           : sso ping {"result": "true"}
17:14:39.486 INFO  vert.x-eventloop-thread-0 BaseServiceProxy     : -> GET /sso/ping,200|248ms
17:14:39.488 INFO  vert.x-eventloop-thread-0 SsoService           : sso ping {"result": "true"}
17:19:39.325 INFO  vert.x-eventloop-thread-0 BaseServiceProxy     : -> GET /sso/ping,200|88ms
17:19:39.326 INFO  vert.x-eventloop-thread-0 SsoService           : sso ping {"result": "true"}
17:44:13.755 ERROR vert.x-eventloop-thread-0 ConnectionBase       : java.net.SocketException: Connection reset
17:44:13.756 ERROR vert.x-eventloop-thread-0 BaseServiceProxy     : request failed Connection reset
java.net.SocketException: Connection reset
	at java.base/sun.nio.ch.SocketChannelImpl.throwConnectionReset(SocketChannelImpl.java:394)
	at java.base/sun.nio.ch.SocketChannelImpl.read(SocketChannelImpl.java:426)
	at io.netty.buffer.PooledUnsafeDirectByteBuf.setBytes(PooledUnsafeDirectByteBuf.java:288)
	at io.netty.buffer.AbstractByteBuf.writeBytes(AbstractByteBuf.java:1106)
	at io.netty.channel.socket.nio.NioSocketChannel.doReadBytes(NioSocketChannel.java:373)
	at io.netty.channel.nio.AbstractNioByteChannel$NioByteUnsafe.read(AbstractNioByteChannel.java:123)
	at io.netty.channel.nio.NioEventLoop.processSelectedKey(NioEventLoop.java:645)
	at io.netty.channel.nio.NioEventLoop.processSelectedKeysPlain(NioEventLoop.java:545)
	at io.netty.channel.nio.NioEventLoop.processSelectedKeys(NioEventLoop.java:499)
	at io.netty.channel.nio.NioEventLoop.run(NioEventLoop.java:459)
	at io.netty.util.concurrent.SingleThreadEventExecutor$5.run(SingleThreadEventExecutor.java:858)
	at java.base/java.lang.Thread.run(Thread.java:840)
17:49:13.992 INFO  vert.x-eventloop-thread-0 BaseServiceProxy     : -> GET /sso/ping,200|272ms
17:49:13.993 INFO  vert.x-eventloop-thread-0 SsoService           : sso ping {"result": "true"}
17:54:13.809 INFO  vert.x-eventloop-thread-0 BaseServiceProxy     : -> GET /sso/ping,200|92ms
17:54:13.810 INFO  vert.x-eventloop-thread-0 SsoService           : sso ping {"result": "true"}
17:59:13.868 INFO  vert.x-eventloop-thread-0 BaseServiceProxy     : -> GET /sso/ping,200|126ms
17:59:13.870 INFO  vert.x-eventloop-thread-0 SsoService           : sso ping {"result": "true"}
18:55:52.104 ERROR vert.x-eventloop-thread-0 ConnectionBase       : java.net.SocketException: Connection reset
18:55:52.105 ERROR vert.x-eventloop-thread-0 BaseServiceProxy     : request failed Connection reset
java.net.SocketException: Connection reset
	at java.base/sun.nio.ch.SocketChannelImpl.throwConnectionReset(SocketChannelImpl.java:394)
	at java.base/sun.nio.ch.SocketChannelImpl.read(SocketChannelImpl.java:426)
	at io.netty.buffer.PooledUnsafeDirectByteBuf.setBytes(PooledUnsafeDirectByteBuf.java:288)
	at io.netty.buffer.AbstractByteBuf.writeBytes(AbstractByteBuf.java:1106)
	at io.netty.channel.socket.nio.NioSocketChannel.doReadBytes(NioSocketChannel.java:373)
	at io.netty.channel.nio.AbstractNioByteChannel$NioByteUnsafe.read(AbstractNioByteChannel.java:123)
	at io.netty.channel.nio.NioEventLoop.processSelectedKey(NioEventLoop.java:645)
	at io.netty.channel.nio.NioEventLoop.processSelectedKeysPlain(NioEventLoop.java:545)
	at io.netty.channel.nio.NioEventLoop.processSelectedKeys(NioEventLoop.java:499)
	at io.netty.channel.nio.NioEventLoop.run(NioEventLoop.java:459)
	at io.netty.util.concurrent.SingleThreadEventExecutor$5.run(SingleThreadEventExecutor.java:858)
	at java.base/java.lang.Thread.run(Thread.java:840)
19:00:52.281 INFO  vert.x-eventloop-thread-0 BaseServiceProxy     : -> GET /sso/ping,200|217ms
19:00:52.282 INFO  vert.x-eventloop-thread-0 SsoService           : sso ping {"result": "true"}
19:05:52.220 INFO  vert.x-eventloop-thread-0 BaseServiceProxy     : -> GET /sso/ping,200|174ms
19:05:52.221 INFO  vert.x-eventloop-thread-0 SsoService           : sso ping {"result": "true"}
19:11:15.852 INFO  vert.x-eventloop-thread-0 BaseServiceProxy     : -> GET /sso/ping,200|104ms
19:11:15.852 INFO  vert.x-eventloop-thread-0 SsoService           : sso ping {"result": "true"}
19:16:15.900 INFO  vert.x-eventloop-thread-0 BaseServiceProxy     : -> GET /sso/ping,200|152ms
19:16:15.900 INFO  vert.x-eventloop-thread-0 SsoService           : sso ping {"result": "true"}
19:21:15.876 INFO  vert.x-eventloop-thread-0 BaseServiceProxy     : -> GET /sso/ping,200|123ms
19:21:15.877 INFO  vert.x-eventloop-thread-0 SsoService           : sso ping {"result": "true"}
19:26:15.842 INFO  vert.x-eventloop-thread-0 BaseServiceProxy     : -> GET /sso/ping,200|89ms
19:26:15.842 INFO  vert.x-eventloop-thread-0 SsoService           : sso ping {"result": "true"}
19:31:15.890 INFO  vert.x-eventloop-thread-0 BaseServiceProxy     : -> GET /sso/ping,200|137ms
19:31:15.891 INFO  vert.x-eventloop-thread-0 SsoService           : sso ping {"result": "true"}
19:36:16.380 INFO  vert.x-eventloop-thread-0 BaseServiceProxy     : -> GET /sso/ping,200|619ms
19:36:16.380 INFO  vert.x-eventloop-thread-0 SsoService           : sso ping {"result": "true"}
19:41:15.854 INFO  vert.x-eventloop-thread-0 BaseServiceProxy     : -> GET /sso/ping,200|93ms
19:41:15.854 INFO  vert.x-eventloop-thread-0 SsoService           : sso ping {"result": "true"}
19:46:15.831 INFO  vert.x-eventloop-thread-0 BaseServiceProxy     : -> GET /sso/ping,200|69ms
19:46:15.832 INFO  vert.x-eventloop-thread-0 SsoService           : sso ping {"result": "true"}
19:51:15.825 INFO  vert.x-eventloop-thread-0 BaseServiceProxy     : -> GET /sso/ping,200|62ms
19:51:15.825 INFO  vert.x-eventloop-thread-0 SsoService           : sso ping {"result": "true"}
19:56:15.830 INFO  vert.x-eventloop-thread-0 BaseServiceProxy     : -> GET /sso/ping,200|67ms
19:56:15.830 INFO  vert.x-eventloop-thread-0 SsoService           : sso ping {"result": "true"}
20:01:15.918 INFO  vert.x-eventloop-thread-0 BaseServiceProxy     : -> GET /sso/ping,200|154ms
20:01:15.918 INFO  vert.x-eventloop-thread-0 SsoService           : sso ping {"result": "true"}
20:44:32.810 ERROR vert.x-eventloop-thread-0 ConnectionBase       : java.net.SocketException: Connection reset
20:44:32.810 ERROR vert.x-eventloop-thread-0 BaseServiceProxy     : request failed Connection reset
java.net.SocketException: Connection reset
	at java.base/sun.nio.ch.SocketChannelImpl.throwConnectionReset(SocketChannelImpl.java:394)
	at java.base/sun.nio.ch.SocketChannelImpl.read(SocketChannelImpl.java:426)
	at io.netty.buffer.PooledUnsafeDirectByteBuf.setBytes(PooledUnsafeDirectByteBuf.java:288)
	at io.netty.buffer.AbstractByteBuf.writeBytes(AbstractByteBuf.java:1106)
	at io.netty.channel.socket.nio.NioSocketChannel.doReadBytes(NioSocketChannel.java:373)
	at io.netty.channel.nio.AbstractNioByteChannel$NioByteUnsafe.read(AbstractNioByteChannel.java:123)
	at io.netty.channel.nio.NioEventLoop.processSelectedKey(NioEventLoop.java:645)
	at io.netty.channel.nio.NioEventLoop.processSelectedKeysPlain(NioEventLoop.java:545)
	at io.netty.channel.nio.NioEventLoop.processSelectedKeys(NioEventLoop.java:499)
	at io.netty.channel.nio.NioEventLoop.run(NioEventLoop.java:459)
	at io.netty.util.concurrent.SingleThreadEventExecutor$5.run(SingleThreadEventExecutor.java:858)
	at java.base/java.lang.Thread.run(Thread.java:840)
20:49:32.977 INFO  vert.x-eventloop-thread-0 BaseServiceProxy     : -> GET /sso/ping,200|195ms
20:49:32.977 INFO  vert.x-eventloop-thread-0 SsoService           : sso ping {"result": "true"}
20:54:32.933 INFO  vert.x-eventloop-thread-0 BaseServiceProxy     : -> GET /sso/ping,200|149ms
20:54:32.934 INFO  vert.x-eventloop-thread-0 SsoService           : sso ping {"result": "true"}
20:59:32.867 INFO  vert.x-eventloop-thread-0 BaseServiceProxy     : -> GET /sso/ping,200|86ms
20:59:32.868 INFO  vert.x-eventloop-thread-0 SsoService           : sso ping {"result": "true"}
21:04:32.856 INFO  vert.x-eventloop-thread-0 BaseServiceProxy     : -> GET /sso/ping,200|73ms
21:04:32.856 INFO  vert.x-eventloop-thread-0 SsoService           : sso ping {"result": "true"}
21:09:32.938 INFO  vert.x-eventloop-thread-0 BaseServiceProxy     : -> GET /sso/ping,200|154ms
21:09:32.938 INFO  vert.x-eventloop-thread-0 SsoService           : sso ping {"result": "true"}
21:14:32.990 INFO  vert.x-eventloop-thread-0 BaseServiceProxy     : -> GET /sso/ping,200|204ms
21:14:32.991 INFO  vert.x-eventloop-thread-0 SsoService           : sso ping {"result": "true"}
21:19:32.881 INFO  vert.x-eventloop-thread-0 BaseServiceProxy     : -> GET /sso/ping,200|97ms
21:19:32.882 INFO  vert.x-eventloop-thread-0 SsoService           : sso ping {"result": "true"}
21:24:32.992 INFO  vert.x-eventloop-thread-0 BaseServiceProxy     : -> GET /sso/ping,200|206ms
21:24:32.992 INFO  vert.x-eventloop-thread-0 SsoService           : sso ping {"result": "true"}
21:29:32.866 INFO  vert.x-eventloop-thread-0 BaseServiceProxy     : -> GET /sso/ping,200|79ms
21:29:32.867 INFO  vert.x-eventloop-thread-0 SsoService           : sso ping {"result": "true"}
21:34:33.096 INFO  vert.x-eventloop-thread-0 BaseServiceProxy     : -> GET /sso/ping,200|308ms
21:34:33.097 INFO  vert.x-eventloop-thread-0 SsoService           : sso ping {"result": "true"}
21:39:32.844 INFO  vert.x-eventloop-thread-0 BaseServiceProxy     : -> GET /sso/ping,200|79ms
21:39:32.844 INFO  vert.x-eventloop-thread-0 SsoService           : sso ping {"result": "true"}
21:44:32.890 INFO  vert.x-eventloop-thread-0 BaseServiceProxy     : -> GET /sso/ping,200|126ms
21:44:32.890 INFO  vert.x-eventloop-thread-0 SsoService           : sso ping {"result": "true"}
21:49:32.898 INFO  vert.x-eventloop-thread-0 BaseServiceProxy     : -> GET /sso/ping,200|135ms
21:49:32.898 INFO  vert.x-eventloop-thread-0 SsoService           : sso ping {"result": "true"}
21:54:32.850 INFO  vert.x-eventloop-thread-0 BaseServiceProxy     : -> GET /sso/ping,200|145ms
21:54:32.851 INFO  vert.x-eventloop-thread-0 SsoService           : sso ping {"result": "true"}
21:59:32.803 INFO  vert.x-eventloop-thread-0 BaseServiceProxy     : -> GET /sso/ping,200|104ms
21:59:32.804 INFO  vert.x-eventloop-thread-0 SsoService           : sso ping {"result": "true"}
22:04:32.811 INFO  vert.x-eventloop-thread-0 BaseServiceProxy     : -> GET /sso/ping,200|116ms
22:04:32.812 INFO  vert.x-eventloop-thread-0 SsoService           : sso ping {"result": "true"}
22:09:32.834 INFO  vert.x-eventloop-thread-0 BaseServiceProxy     : -> GET /sso/ping,200|144ms
22:09:32.834 INFO  vert.x-eventloop-thread-0 SsoService           : sso ping {"result": "true"}
22:15:04.456 ERROR vert.x-eventloop-thread-0 ConnectionBase       : java.io.IOException: Operation timed out
22:15:04.457 ERROR vert.x-eventloop-thread-0 BaseServiceProxy     : request failed Operation timed out
java.io.IOException: Operation timed out
	at java.base/sun.nio.ch.SocketDispatcher.read0(Native Method)
	at java.base/sun.nio.ch.SocketDispatcher.read(SocketDispatcher.java:47)
	at java.base/sun.nio.ch.IOUtil.readIntoNativeBuffer(IOUtil.java:330)
	at java.base/sun.nio.ch.IOUtil.read(IOUtil.java:284)
	at java.base/sun.nio.ch.IOUtil.read(IOUtil.java:259)
	at java.base/sun.nio.ch.SocketChannelImpl.read(SocketChannelImpl.java:417)
	at io.netty.buffer.PooledUnsafeDirectByteBuf.setBytes(PooledUnsafeDirectByteBuf.java:288)
	at io.netty.buffer.AbstractByteBuf.writeBytes(AbstractByteBuf.java:1106)
	at io.netty.channel.socket.nio.NioSocketChannel.doReadBytes(NioSocketChannel.java:373)
	at io.netty.channel.nio.AbstractNioByteChannel$NioByteUnsafe.read(AbstractNioByteChannel.java:123)
	at io.netty.channel.nio.NioEventLoop.processSelectedKey(NioEventLoop.java:645)
	at io.netty.channel.nio.NioEventLoop.processSelectedKeysPlain(NioEventLoop.java:545)
	at io.netty.channel.nio.NioEventLoop.processSelectedKeys(NioEventLoop.java:499)
	at io.netty.channel.nio.NioEventLoop.run(NioEventLoop.java:459)
	at io.netty.util.concurrent.SingleThreadEventExecutor$5.run(SingleThreadEventExecutor.java:858)
	at java.base/java.lang.Thread.run(Thread.java:840)
22:20:02.707 ERROR vert.x-eventloop-thread-0 BaseServiceProxy     : request failed api.ibkr.com: nodename nor servname provided, or not known
java.net.UnknownHostException: api.ibkr.com: nodename nor servname provided, or not known
	at java.base/java.net.Inet4AddressImpl.lookupAllHostAddr(Native Method)
	at java.base/java.net.InetAddress$PlatformNameService.lookupAllHostAddr(InetAddress.java:934)
	at java.base/java.net.InetAddress.getAddressesFromNameService(InetAddress.java:1543)
	at java.base/java.net.InetAddress$NameServiceAddresses.get(InetAddress.java:852)
	at java.base/java.net.InetAddress.getAllByName0(InetAddress.java:1533)
	at java.base/java.net.InetAddress.getAllByName(InetAddress.java:1385)
	at java.base/java.net.InetAddress.getAllByName(InetAddress.java:1306)
	at java.base/java.net.InetAddress.getByName(InetAddress.java:1256)
	at io.netty.util.internal.SocketUtils$8.run(SocketUtils.java:146)
	at io.netty.util.internal.SocketUtils$8.run(SocketUtils.java:143)
	at java.base/java.security.AccessController.doPrivileged(AccessController.java:569)
	at io.netty.util.internal.SocketUtils.addressByName(SocketUtils.java:143)
	at io.netty.resolver.DefaultNameResolver.doResolve(DefaultNameResolver.java:43)
	at io.netty.resolver.SimpleNameResolver.resolve(SimpleNameResolver.java:63)
	at io.netty.resolver.SimpleNameResolver.resolve(SimpleNameResolver.java:55)
	at io.netty.resolver.InetSocketAddressResolver.doResolve(InetSocketAddressResolver.java:57)
	at io.netty.resolver.InetSocketAddressResolver.doResolve(InetSocketAddressResolver.java:32)
	at io.netty.resolver.AbstractAddressResolver.resolve(AbstractAddressResolver.java:108)
	at io.netty.bootstrap.Bootstrap.doResolveAndConnect0(Bootstrap.java:208)
	at io.netty.bootstrap.Bootstrap.doResolveAndConnect(Bootstrap.java:170)
	at io.netty.bootstrap.Bootstrap.connect(Bootstrap.java:145)
	at io.vertx.core.net.impl.ChannelProvider.connect(ChannelProvider.java:38)
	at io.vertx.core.http.impl.ConnectionManager$ChannelConnector.connect(ConnectionManager.java:537)
	at io.vertx.core.http.impl.ConnectionManager$ConnQueue.createNewConnection(ConnectionManager.java:294)
	at io.vertx.core.http.impl.ConnectionManager$ConnQueue.getConnection(ConnectionManager.java:237)
	at io.vertx.core.http.impl.ConnectionManager.getConnectionForRequest(ConnectionManager.java:171)
	at io.vertx.core.http.impl.HttpClientImpl.getConnectionForRequest(HttpClientImpl.java:950)
	at io.vertx.core.http.impl.HttpClientRequestImpl.connect(HttpClientRequestImpl.java:745)
	at io.vertx.core.http.impl.HttpClientRequestImpl.write(HttpClientRequestImpl.java:867)
	at io.vertx.core.http.impl.HttpClientRequestImpl.end(HttpClientRequestImpl.java:358)
	at ibgroup.web.core.clientportal.gw.services.SsoService.tickleSession(SsoService.java:255)
	at ibgroup.web.core.clientportal.gw.services.SsoService.onTimerEvent(SsoService.java:100)
	at io.vertx.core.impl.VertxImpl$InternalTimerHandler.handle(VertxImpl.java:870)
	at io.vertx.core.impl.VertxImpl$InternalTimerHandler.handle(VertxImpl.java:829)
	at io.vertx.core.impl.ContextImpl.lambda$wrapTask$2(ContextImpl.java:344)
	at io.netty.util.concurrent.AbstractEventExecutor.safeExecute(AbstractEventExecutor.java:163)
	at io.netty.util.concurrent.SingleThreadEventExecutor.runAllTasks(SingleThreadEventExecutor.java:403)
	at io.netty.channel.nio.NioEventLoop.run(NioEventLoop.java:463)
	at io.netty.util.concurrent.SingleThreadEventExecutor$5.run(SingleThreadEventExecutor.java:858)
	at java.base/java.lang.Thread.run(Thread.java:840)
22:24:58.684 INFO  vert.x-eventloop-thread-0 BaseServiceProxy     : -> GET /sso/ping,200|25990ms
22:24:58.685 INFO  vert.x-eventloop-thread-0 SsoService           : sso ping {"result": "true"}
22:29:32.795 INFO  vert.x-eventloop-thread-0 BaseServiceProxy     : -> GET /sso/ping,200|105ms
22:29:32.796 INFO  vert.x-eventloop-thread-0 SsoService           : sso ping {"result": "true"}
22:34:32.951 INFO  vert.x-eventloop-thread-0 BaseServiceProxy     : -> GET /sso/ping,200|265ms
22:34:32.951 INFO  vert.x-eventloop-thread-0 SsoService           : sso ping {"result": "true"}
22:39:32.823 INFO  vert.x-eventloop-thread-0 BaseServiceProxy     : -> GET /sso/ping,200|85ms
22:39:32.823 INFO  vert.x-eventloop-thread-0 SsoService           : sso ping {"result": "true"}
22:44:32.835 INFO  vert.x-eventloop-thread-0 BaseServiceProxy     : -> GET /sso/ping,200|99ms
22:44:32.835 INFO  vert.x-eventloop-thread-0 SsoService           : sso ping {"result": "true"}
22:49:32.897 INFO  vert.x-eventloop-thread-0 BaseServiceProxy     : -> GET /sso/ping,200|161ms
22:49:32.898 INFO  vert.x-eventloop-thread-0 SsoService           : sso ping {"result": "true"}
22:54:32.807 INFO  vert.x-eventloop-thread-0 BaseServiceProxy     : -> GET /sso/ping,200|72ms
22:54:32.808 INFO  vert.x-eventloop-thread-0 SsoService           : sso ping {"result": "true"}
22:59:32.872 INFO  vert.x-eventloop-thread-0 BaseServiceProxy     : -> GET /sso/ping,200|138ms
22:59:32.872 INFO  vert.x-eventloop-thread-0 SsoService           : sso ping {"result": "true"}
23:04:32.810 INFO  vert.x-eventloop-thread-0 BaseServiceProxy     : -> GET /sso/ping,200|76ms
23:04:32.810 INFO  vert.x-eventloop-thread-0 SsoService           : sso ping {"result": "true"}
23:09:32.863 INFO  vert.x-eventloop-thread-0 BaseServiceProxy     : -> GET /sso/ping,200|130ms
23:09:32.863 INFO  vert.x-eventloop-thread-0 SsoService           : sso ping {"result": "true"}
23:14:32.814 INFO  vert.x-eventloop-thread-0 BaseServiceProxy     : -> GET /sso/ping,200|80ms
23:14:32.815 INFO  vert.x-eventloop-thread-0 SsoService           : sso ping {"result": "true"}
23:19:32.795 INFO  vert.x-eventloop-thread-0 BaseServiceProxy     : -> GET /sso/ping,200|62ms
23:19:32.795 INFO  vert.x-eventloop-thread-0 SsoService           : sso ping {"result": "true"}
23:24:32.817 INFO  vert.x-eventloop-thread-0 BaseServiceProxy     : -> GET /sso/ping,200|85ms
23:24:32.818 INFO  vert.x-eventloop-thread-0 SsoService           : sso ping {"result": "true"}
23:29:32.833 INFO  vert.x-eventloop-thread-0 BaseServiceProxy     : -> GET /sso/ping,200|99ms
23:29:32.833 INFO  vert.x-eventloop-thread-0 SsoService           : sso ping {"result": "true"}
23:34:32.828 INFO  vert.x-eventloop-thread-0 BaseServiceProxy     : -> GET /sso/ping,200|77ms
23:34:32.829 INFO  vert.x-eventloop-thread-0 SsoService           : sso ping {"result": "true"}
23:39:32.866 INFO  vert.x-eventloop-thread-0 BaseServiceProxy     : -> GET /sso/ping,200|113ms
23:39:32.866 INFO  vert.x-eventloop-thread-0 SsoService           : sso ping {"result": "true"}
