05:25:43.068 INFO  vert.x-eventloop-thread-0 BaseServiceProxy     : -> GET /sso/ping,200|1482ms
05:25:43.070 INFO  vert.x-eventloop-thread-0 SsoService           : sso ping {"result": "false"}
07:30:20.671 INFO  vert.x-eventloop-thread-0 BaseServiceProxy     : -> GET /sso/ping,200|311ms
07:30:20.672 INFO  vert.x-eventloop-thread-0 SsoService           : sso ping {"result": "true"}
07:34:13.161 ERROR vert.x-eventloop-thread-0 ConnectionBase       : java.io.IOException: Operation timed out
07:34:13.162 ERROR vert.x-eventloop-thread-0 BaseServiceProxy     : request failed Operation timed out
java.io.IOException: Operation timed out
	at java.base/sun.nio.ch.SocketDispatcher.read0(Native Method)
	at java.base/sun.nio.ch.SocketDispatcher.read(SocketDispatcher.java:47)
	at java.base/sun.nio.ch.IOUtil.readIntoNativeBuffer(IOUtil.java:330)
	at java.base/sun.nio.ch.IOUtil.read(IOUtil.java:284)
	at java.base/sun.nio.ch.IOUtil.read(IOUtil.java:259)
	at java.base/sun.nio.ch.SocketChannelImpl.read(SocketChannelImpl.java:417)
	at io.netty.buffer.PooledUnsafeDirectByteBuf.setBytes(PooledUnsafeDirectByteBuf.java:288)
	at io.netty.buffer.AbstractByteBuf.writeBytes(AbstractByteBuf.java:1106)
	at io.netty.channel.socket.nio.NioSocketChannel.doReadBytes(NioSocketChannel.java:373)
	at io.netty.channel.nio.AbstractNioByteChannel$NioByteUnsafe.read(AbstractNioByteChannel.java:123)
	at io.netty.channel.nio.NioEventLoop.processSelectedKey(NioEventLoop.java:645)
	at io.netty.channel.nio.NioEventLoop.processSelectedKeysPlain(NioEventLoop.java:545)
	at io.netty.channel.nio.NioEventLoop.processSelectedKeys(NioEventLoop.java:499)
	at io.netty.channel.nio.NioEventLoop.run(NioEventLoop.java:459)
	at io.netty.util.concurrent.SingleThreadEventExecutor$5.run(SingleThreadEventExecutor.java:858)
	at java.base/java.lang.Thread.run(Thread.java:840)
07:35:20.724 INFO  vert.x-eventloop-thread-0 BaseServiceProxy     : -> GET /sso/ping,200|363ms
07:35:20.725 INFO  vert.x-eventloop-thread-0 SsoService           : sso ping {"result": "true"}
07:40:20.515 INFO  vert.x-eventloop-thread-0 BaseServiceProxy     : -> GET /sso/ping,200|153ms
07:40:20.515 INFO  vert.x-eventloop-thread-0 SsoService           : sso ping {"result": "true"}
07:45:20.665 INFO  vert.x-eventloop-thread-0 BaseServiceProxy     : -> GET /sso/ping,200|303ms
07:45:20.666 INFO  vert.x-eventloop-thread-0 SsoService           : sso ping {"result": "true"}
07:50:20.519 INFO  vert.x-eventloop-thread-0 BaseServiceProxy     : -> GET /sso/ping,200|155ms
07:50:20.520 INFO  vert.x-eventloop-thread-0 SsoService           : sso ping {"result": "true"}
07:55:20.518 INFO  vert.x-eventloop-thread-0 BaseServiceProxy     : -> GET /sso/ping,200|154ms
07:55:20.519 INFO  vert.x-eventloop-thread-0 SsoService           : sso ping {"result": "true"}
08:36:25.223 ERROR vert.x-eventloop-thread-0 ConnectionBase       : java.io.IOException: Operation timed out
08:36:25.224 ERROR vert.x-eventloop-thread-0 BaseServiceProxy     : request failed Operation timed out
java.io.IOException: Operation timed out
	at java.base/sun.nio.ch.SocketDispatcher.read0(Native Method)
	at java.base/sun.nio.ch.SocketDispatcher.read(SocketDispatcher.java:47)
	at java.base/sun.nio.ch.IOUtil.readIntoNativeBuffer(IOUtil.java:330)
	at java.base/sun.nio.ch.IOUtil.read(IOUtil.java:284)
	at java.base/sun.nio.ch.IOUtil.read(IOUtil.java:259)
	at java.base/sun.nio.ch.SocketChannelImpl.read(SocketChannelImpl.java:417)
	at io.netty.buffer.PooledUnsafeDirectByteBuf.setBytes(PooledUnsafeDirectByteBuf.java:288)
	at io.netty.buffer.AbstractByteBuf.writeBytes(AbstractByteBuf.java:1106)
	at io.netty.channel.socket.nio.NioSocketChannel.doReadBytes(NioSocketChannel.java:373)
	at io.netty.channel.nio.AbstractNioByteChannel$NioByteUnsafe.read(AbstractNioByteChannel.java:123)
	at io.netty.channel.nio.NioEventLoop.processSelectedKey(NioEventLoop.java:645)
	at io.netty.channel.nio.NioEventLoop.processSelectedKeysPlain(NioEventLoop.java:545)
	at io.netty.channel.nio.NioEventLoop.processSelectedKeys(NioEventLoop.java:499)
	at io.netty.channel.nio.NioEventLoop.run(NioEventLoop.java:459)
	at io.netty.util.concurrent.SingleThreadEventExecutor$5.run(SingleThreadEventExecutor.java:858)
	at java.base/java.lang.Thread.run(Thread.java:840)
08:41:01.971 INFO  vert.x-eventloop-thread-0 BaseServiceProxy     : -> GET /sso/ping,200|394ms
08:41:01.971 INFO  vert.x-eventloop-thread-0 SsoService           : sso ping {"result": "true"}
08:46:02.051 INFO  vert.x-eventloop-thread-0 BaseServiceProxy     : -> GET /sso/ping,200|476ms
08:46:02.051 INFO  vert.x-eventloop-thread-0 SsoService           : sso ping {"result": "true"}
08:51:01.978 INFO  vert.x-eventloop-thread-0 BaseServiceProxy     : -> GET /sso/ping,200|407ms
08:51:01.979 INFO  vert.x-eventloop-thread-0 SsoService           : sso ping {"result": "true"}
08:56:01.900 INFO  vert.x-eventloop-thread-0 BaseServiceProxy     : -> GET /sso/ping,200|330ms
08:56:01.901 INFO  vert.x-eventloop-thread-0 SsoService           : sso ping {"result": "true"}
09:01:02.061 INFO  vert.x-eventloop-thread-0 BaseServiceProxy     : -> GET /sso/ping,200|495ms
09:01:02.062 INFO  vert.x-eventloop-thread-0 SsoService           : sso ping {"result": "true"}
09:20:59.975 ERROR vert.x-eventloop-thread-0 ConnectionBase       : java.io.IOException: Operation timed out
09:20:59.976 ERROR vert.x-eventloop-thread-0 BaseServiceProxy     : request failed Operation timed out
java.io.IOException: Operation timed out
	at java.base/sun.nio.ch.SocketDispatcher.read0(Native Method)
	at java.base/sun.nio.ch.SocketDispatcher.read(SocketDispatcher.java:47)
	at java.base/sun.nio.ch.IOUtil.readIntoNativeBuffer(IOUtil.java:330)
	at java.base/sun.nio.ch.IOUtil.read(IOUtil.java:284)
	at java.base/sun.nio.ch.IOUtil.read(IOUtil.java:259)
	at java.base/sun.nio.ch.SocketChannelImpl.read(SocketChannelImpl.java:417)
	at io.netty.buffer.PooledUnsafeDirectByteBuf.setBytes(PooledUnsafeDirectByteBuf.java:288)
	at io.netty.buffer.AbstractByteBuf.writeBytes(AbstractByteBuf.java:1106)
	at io.netty.channel.socket.nio.NioSocketChannel.doReadBytes(NioSocketChannel.java:373)
	at io.netty.channel.nio.AbstractNioByteChannel$NioByteUnsafe.read(AbstractNioByteChannel.java:123)
	at io.netty.channel.nio.NioEventLoop.processSelectedKey(NioEventLoop.java:645)
	at io.netty.channel.nio.NioEventLoop.processSelectedKeysPlain(NioEventLoop.java:545)
	at io.netty.channel.nio.NioEventLoop.processSelectedKeys(NioEventLoop.java:499)
	at io.netty.channel.nio.NioEventLoop.run(NioEventLoop.java:459)
	at io.netty.util.concurrent.SingleThreadEventExecutor$5.run(SingleThreadEventExecutor.java:858)
	at java.base/java.lang.Thread.run(Thread.java:840)
09:25:34.361 INFO  vert.x-eventloop-thread-0 BaseServiceProxy     : -> GET /sso/ping,200|392ms
09:25:34.361 INFO  vert.x-eventloop-thread-0 SsoService           : sso ping {"result": "true"}
09:30:34.133 INFO  vert.x-eventloop-thread-0 BaseServiceProxy     : -> GET /sso/ping,200|167ms
09:30:34.133 INFO  vert.x-eventloop-thread-0 SsoService           : sso ping {"result": "true"}
09:35:34.156 INFO  vert.x-eventloop-thread-0 BaseServiceProxy     : -> GET /sso/ping,200|154ms
09:35:34.157 INFO  vert.x-eventloop-thread-0 SsoService           : sso ping {"result": "true"}
09:40:34.166 INFO  vert.x-eventloop-thread-0 BaseServiceProxy     : -> GET /sso/ping,200|165ms
09:40:34.167 INFO  vert.x-eventloop-thread-0 SsoService           : sso ping {"result": "true"}
09:45:34.369 INFO  vert.x-eventloop-thread-0 BaseServiceProxy     : -> GET /sso/ping,200|369ms
09:45:34.369 INFO  vert.x-eventloop-thread-0 SsoService           : sso ping {"result": "true"}
09:50:34.217 INFO  vert.x-eventloop-thread-0 BaseServiceProxy     : -> GET /sso/ping,200|218ms
09:50:34.218 INFO  vert.x-eventloop-thread-0 SsoService           : sso ping {"result": "true"}
09:55:34.202 INFO  vert.x-eventloop-thread-0 BaseServiceProxy     : -> GET /sso/ping,200|168ms
09:55:34.203 INFO  vert.x-eventloop-thread-0 SsoService           : sso ping {"result": "true"}
10:00:34.368 INFO  vert.x-eventloop-thread-0 BaseServiceProxy     : -> GET /sso/ping,200|332ms
10:00:34.368 INFO  vert.x-eventloop-thread-0 SsoService           : sso ping {"result": "true"}
10:05:34.220 INFO  vert.x-eventloop-thread-0 BaseServiceProxy     : -> GET /sso/ping,200|182ms
10:05:34.220 INFO  vert.x-eventloop-thread-0 SsoService           : sso ping {"result": "true"}
10:10:34.225 INFO  vert.x-eventloop-thread-0 BaseServiceProxy     : -> GET /sso/ping,200|185ms
10:10:34.225 INFO  vert.x-eventloop-thread-0 SsoService           : sso ping {"result": "true"}
10:15:34.164 INFO  vert.x-eventloop-thread-0 BaseServiceProxy     : -> GET /sso/ping,200|144ms
10:15:34.164 INFO  vert.x-eventloop-thread-0 SsoService           : sso ping {"result": "true"}
10:20:34.168 INFO  vert.x-eventloop-thread-0 BaseServiceProxy     : -> GET /sso/ping,200|171ms
10:20:34.168 INFO  vert.x-eventloop-thread-0 SsoService           : sso ping {"result": "true"}
10:25:34.169 INFO  vert.x-eventloop-thread-0 BaseServiceProxy     : -> GET /sso/ping,200|171ms
10:25:34.169 INFO  vert.x-eventloop-thread-0 SsoService           : sso ping {"result": "true"}
10:30:34.384 INFO  vert.x-eventloop-thread-0 BaseServiceProxy     : -> GET /sso/ping,200|387ms
10:30:34.385 INFO  vert.x-eventloop-thread-0 SsoService           : sso ping {"result": "true"}
10:35:34.189 INFO  vert.x-eventloop-thread-0 BaseServiceProxy     : -> GET /sso/ping,200|193ms
10:35:34.189 INFO  vert.x-eventloop-thread-0 SsoService           : sso ping {"result": "true"}
10:40:34.338 INFO  vert.x-eventloop-thread-0 BaseServiceProxy     : -> GET /sso/ping,200|369ms
10:40:34.338 INFO  vert.x-eventloop-thread-0 SsoService           : sso ping {"result": "true"}
10:45:34.750 INFO  vert.x-eventloop-thread-0 BaseServiceProxy     : -> GET /sso/ping,200|782ms
10:45:34.751 INFO  vert.x-eventloop-thread-0 SsoService           : sso ping {"result": "true"}
10:50:34.128 INFO  vert.x-eventloop-thread-0 BaseServiceProxy     : -> GET /sso/ping,200|163ms
10:50:34.129 INFO  vert.x-eventloop-thread-0 SsoService           : sso ping {"result": "true"}
10:55:34.129 INFO  vert.x-eventloop-thread-0 BaseServiceProxy     : -> GET /sso/ping,200|166ms
10:55:34.129 INFO  vert.x-eventloop-thread-0 SsoService           : sso ping {"result": "true"}
11:00:54.198 ERROR vert.x-eventloop-thread-0 ConnectionBase       : java.io.IOException: Operation timed out
11:00:54.199 ERROR vert.x-eventloop-thread-0 BaseServiceProxy     : request failed Operation timed out
java.io.IOException: Operation timed out
	at java.base/sun.nio.ch.SocketDispatcher.read0(Native Method)
	at java.base/sun.nio.ch.SocketDispatcher.read(SocketDispatcher.java:47)
	at java.base/sun.nio.ch.IOUtil.readIntoNativeBuffer(IOUtil.java:330)
	at java.base/sun.nio.ch.IOUtil.read(IOUtil.java:284)
	at java.base/sun.nio.ch.IOUtil.read(IOUtil.java:259)
	at java.base/sun.nio.ch.SocketChannelImpl.read(SocketChannelImpl.java:417)
	at io.netty.buffer.PooledUnsafeDirectByteBuf.setBytes(PooledUnsafeDirectByteBuf.java:288)
	at io.netty.buffer.AbstractByteBuf.writeBytes(AbstractByteBuf.java:1106)
	at io.netty.channel.socket.nio.NioSocketChannel.doReadBytes(NioSocketChannel.java:373)
	at io.netty.channel.nio.AbstractNioByteChannel$NioByteUnsafe.read(AbstractNioByteChannel.java:123)
	at io.netty.channel.nio.NioEventLoop.processSelectedKey(NioEventLoop.java:645)
	at io.netty.channel.nio.NioEventLoop.processSelectedKeysPlain(NioEventLoop.java:545)
	at io.netty.channel.nio.NioEventLoop.processSelectedKeys(NioEventLoop.java:499)
	at io.netty.channel.nio.NioEventLoop.run(NioEventLoop.java:459)
	at io.netty.util.concurrent.SingleThreadEventExecutor$5.run(SingleThreadEventExecutor.java:858)
	at java.base/java.lang.Thread.run(Thread.java:840)
11:05:34.342 INFO  vert.x-eventloop-thread-0 BaseServiceProxy     : -> GET /sso/ping,200|333ms
11:05:34.342 INFO  vert.x-eventloop-thread-0 SsoService           : sso ping {"result": "true"}
11:10:34.523 INFO  vert.x-eventloop-thread-0 BaseServiceProxy     : -> GET /sso/ping,200|515ms
11:10:34.523 INFO  vert.x-eventloop-thread-0 SsoService           : sso ping {"result": "true"}
11:15:34.176 INFO  vert.x-eventloop-thread-0 BaseServiceProxy     : -> GET /sso/ping,200|190ms
11:15:34.177 INFO  vert.x-eventloop-thread-0 SsoService           : sso ping {"result": "true"}
11:20:34.116 INFO  vert.x-eventloop-thread-0 BaseServiceProxy     : -> GET /sso/ping,200|132ms
11:20:34.116 INFO  vert.x-eventloop-thread-0 SsoService           : sso ping {"result": "true"}
11:25:34.124 INFO  vert.x-eventloop-thread-0 BaseServiceProxy     : -> GET /sso/ping,200|141ms
11:25:34.124 INFO  vert.x-eventloop-thread-0 SsoService           : sso ping {"result": "true"}
11:30:34.158 INFO  vert.x-eventloop-thread-0 BaseServiceProxy     : -> GET /sso/ping,200|176ms
11:30:34.159 INFO  vert.x-eventloop-thread-0 SsoService           : sso ping {"result": "true"}
11:35:34.259 INFO  vert.x-eventloop-thread-0 BaseServiceProxy     : -> GET /sso/ping,200|231ms
11:35:34.260 INFO  vert.x-eventloop-thread-0 SsoService           : sso ping {"result": "true"}
11:40:34.182 INFO  vert.x-eventloop-thread-0 BaseServiceProxy     : -> GET /sso/ping,200|153ms
11:40:34.182 INFO  vert.x-eventloop-thread-0 SsoService           : sso ping {"result": "true"}
11:45:34.209 INFO  vert.x-eventloop-thread-0 BaseServiceProxy     : -> GET /sso/ping,200|178ms
11:45:34.209 INFO  vert.x-eventloop-thread-0 SsoService           : sso ping {"result": "true"}
11:50:34.236 INFO  vert.x-eventloop-thread-0 BaseServiceProxy     : -> GET /sso/ping,200|174ms
11:50:34.237 INFO  vert.x-eventloop-thread-0 SsoService           : sso ping {"result": "true"}
11:55:34.363 INFO  vert.x-eventloop-thread-0 BaseServiceProxy     : -> GET /sso/ping,200|299ms
11:55:34.363 INFO  vert.x-eventloop-thread-0 SsoService           : sso ping {"result": "true"}
12:00:34.302 INFO  vert.x-eventloop-thread-0 BaseServiceProxy     : -> GET /sso/ping,200|235ms
12:00:34.302 INFO  vert.x-eventloop-thread-0 SsoService           : sso ping {"result": "true"}
12:05:34.215 INFO  vert.x-eventloop-thread-0 BaseServiceProxy     : -> GET /sso/ping,200|146ms
12:05:34.216 INFO  vert.x-eventloop-thread-0 SsoService           : sso ping {"result": "true"}
12:10:34.274 INFO  vert.x-eventloop-thread-0 BaseServiceProxy     : -> GET /sso/ping,200|201ms
12:10:34.274 INFO  vert.x-eventloop-thread-0 SsoService           : sso ping {"result": "true"}
12:15:34.306 INFO  vert.x-eventloop-thread-0 BaseServiceProxy     : -> GET /sso/ping,200|232ms
12:15:34.307 INFO  vert.x-eventloop-thread-0 SsoService           : sso ping {"result": "true"}
12:20:34.375 INFO  vert.x-eventloop-thread-0 BaseServiceProxy     : -> GET /sso/ping,200|316ms
12:20:34.376 INFO  vert.x-eventloop-thread-0 SsoService           : sso ping {"result": "true"}
12:25:34.211 INFO  vert.x-eventloop-thread-0 BaseServiceProxy     : -> GET /sso/ping,200|150ms
12:25:34.211 INFO  vert.x-eventloop-thread-0 SsoService           : sso ping {"result": "true"}
12:30:34.275 INFO  vert.x-eventloop-thread-0 BaseServiceProxy     : -> GET /sso/ping,200|213ms
12:30:34.275 INFO  vert.x-eventloop-thread-0 SsoService           : sso ping {"result": "true"}
12:35:34.441 INFO  vert.x-eventloop-thread-0 BaseServiceProxy     : -> GET /sso/ping,200|348ms
12:35:34.442 INFO  vert.x-eventloop-thread-0 SsoService           : sso ping {"result": "true"}
12:40:34.265 INFO  vert.x-eventloop-thread-0 BaseServiceProxy     : -> GET /sso/ping,200|169ms
12:40:34.266 INFO  vert.x-eventloop-thread-0 SsoService           : sso ping {"result": "true"}
12:45:34.260 INFO  vert.x-eventloop-thread-0 BaseServiceProxy     : -> GET /sso/ping,200|161ms
12:45:34.260 INFO  vert.x-eventloop-thread-0 SsoService           : sso ping {"result": "true"}
12:50:34.260 INFO  vert.x-eventloop-thread-0 BaseServiceProxy     : -> GET /sso/ping,200|207ms
12:50:34.261 INFO  vert.x-eventloop-thread-0 SsoService           : sso ping {"result": "true"}
12:55:34.332 INFO  vert.x-eventloop-thread-0 BaseServiceProxy     : -> GET /sso/ping,200|278ms
12:55:34.333 INFO  vert.x-eventloop-thread-0 SsoService           : sso ping {"result": "true"}
13:00:34.281 INFO  vert.x-eventloop-thread-0 BaseServiceProxy     : -> GET /sso/ping,200|206ms
13:00:34.281 INFO  vert.x-eventloop-thread-0 SsoService           : sso ping {"result": "true"}
13:05:34.468 INFO  vert.x-eventloop-thread-0 BaseServiceProxy     : -> GET /sso/ping,200|391ms
13:05:34.468 INFO  vert.x-eventloop-thread-0 SsoService           : sso ping {"result": "true"}
13:30:28.392 ERROR vert.x-eventloop-thread-0 ConnectionBase       : java.io.IOException: Operation timed out
13:30:28.393 ERROR vert.x-eventloop-thread-0 BaseServiceProxy     : request failed Operation timed out
java.io.IOException: Operation timed out
	at java.base/sun.nio.ch.SocketDispatcher.read0(Native Method)
	at java.base/sun.nio.ch.SocketDispatcher.read(SocketDispatcher.java:47)
	at java.base/sun.nio.ch.IOUtil.readIntoNativeBuffer(IOUtil.java:330)
	at java.base/sun.nio.ch.IOUtil.read(IOUtil.java:284)
	at java.base/sun.nio.ch.IOUtil.read(IOUtil.java:259)
	at java.base/sun.nio.ch.SocketChannelImpl.read(SocketChannelImpl.java:417)
	at io.netty.buffer.PooledUnsafeDirectByteBuf.setBytes(PooledUnsafeDirectByteBuf.java:288)
	at io.netty.buffer.AbstractByteBuf.writeBytes(AbstractByteBuf.java:1106)
	at io.netty.channel.socket.nio.NioSocketChannel.doReadBytes(NioSocketChannel.java:373)
	at io.netty.channel.nio.AbstractNioByteChannel$NioByteUnsafe.read(AbstractNioByteChannel.java:123)
	at io.netty.channel.nio.NioEventLoop.processSelectedKey(NioEventLoop.java:645)
	at io.netty.channel.nio.NioEventLoop.processSelectedKeysPlain(NioEventLoop.java:545)
	at io.netty.channel.nio.NioEventLoop.processSelectedKeys(NioEventLoop.java:499)
	at io.netty.channel.nio.NioEventLoop.run(NioEventLoop.java:459)
	at io.netty.util.concurrent.SingleThreadEventExecutor$5.run(SingleThreadEventExecutor.java:858)
	at java.base/java.lang.Thread.run(Thread.java:840)
13:35:10.203 INFO  vert.x-eventloop-thread-0 BaseServiceProxy     : -> GET /sso/ping,200|280ms
13:35:10.205 INFO  vert.x-eventloop-thread-0 SsoService           : sso ping {"result": "true"}
13:40:10.088 INFO  vert.x-eventloop-thread-0 BaseServiceProxy     : -> GET /sso/ping,200|163ms
13:40:10.088 INFO  vert.x-eventloop-thread-0 SsoService           : sso ping {"result": "true"}
13:45:10.089 INFO  vert.x-eventloop-thread-0 BaseServiceProxy     : -> GET /sso/ping,200|163ms
13:45:10.090 INFO  vert.x-eventloop-thread-0 SsoService           : sso ping {"result": "true"}
13:50:10.100 INFO  vert.x-eventloop-thread-0 BaseServiceProxy     : -> GET /sso/ping,200|172ms
13:50:10.100 INFO  vert.x-eventloop-thread-0 SsoService           : sso ping {"result": "true"}
14:03:38.837 ERROR vert.x-eventloop-thread-0 ConnectionBase       : java.io.IOException: Operation timed out
14:03:38.837 ERROR vert.x-eventloop-thread-0 BaseServiceProxy     : request failed Operation timed out
java.io.IOException: Operation timed out
	at java.base/sun.nio.ch.SocketDispatcher.read0(Native Method)
	at java.base/sun.nio.ch.SocketDispatcher.read(SocketDispatcher.java:47)
	at java.base/sun.nio.ch.IOUtil.readIntoNativeBuffer(IOUtil.java:330)
	at java.base/sun.nio.ch.IOUtil.read(IOUtil.java:284)
	at java.base/sun.nio.ch.IOUtil.read(IOUtil.java:259)
	at java.base/sun.nio.ch.SocketChannelImpl.read(SocketChannelImpl.java:417)
	at io.netty.buffer.PooledUnsafeDirectByteBuf.setBytes(PooledUnsafeDirectByteBuf.java:288)
	at io.netty.buffer.AbstractByteBuf.writeBytes(AbstractByteBuf.java:1106)
	at io.netty.channel.socket.nio.NioSocketChannel.doReadBytes(NioSocketChannel.java:373)
	at io.netty.channel.nio.AbstractNioByteChannel$NioByteUnsafe.read(AbstractNioByteChannel.java:123)
	at io.netty.channel.nio.NioEventLoop.processSelectedKey(NioEventLoop.java:645)
	at io.netty.channel.nio.NioEventLoop.processSelectedKeysPlain(NioEventLoop.java:545)
	at io.netty.channel.nio.NioEventLoop.processSelectedKeys(NioEventLoop.java:499)
	at io.netty.channel.nio.NioEventLoop.run(NioEventLoop.java:459)
	at io.netty.util.concurrent.SingleThreadEventExecutor$5.run(SingleThreadEventExecutor.java:858)
	at java.base/java.lang.Thread.run(Thread.java:840)
14:08:19.339 INFO  vert.x-eventloop-thread-0 BaseServiceProxy     : -> GET /sso/ping,200|544ms
14:08:19.339 INFO  vert.x-eventloop-thread-0 SsoService           : sso ping {"result": "true"}
14:13:18.926 INFO  vert.x-eventloop-thread-0 BaseServiceProxy     : -> GET /sso/ping,200|151ms
14:13:18.926 INFO  vert.x-eventloop-thread-0 SsoService           : sso ping {"result": "true"}
14:18:18.931 INFO  vert.x-eventloop-thread-0 BaseServiceProxy     : -> GET /sso/ping,200|154ms
14:18:18.931 INFO  vert.x-eventloop-thread-0 SsoService           : sso ping {"result": "true"}
14:23:18.963 INFO  vert.x-eventloop-thread-0 BaseServiceProxy     : -> GET /sso/ping,200|186ms
14:23:18.963 INFO  vert.x-eventloop-thread-0 SsoService           : sso ping {"result": "true"}
14:28:18.977 INFO  vert.x-eventloop-thread-0 BaseServiceProxy     : -> GET /sso/ping,200|181ms
14:28:18.977 INFO  vert.x-eventloop-thread-0 SsoService           : sso ping {"result": "true"}
14:33:18.967 INFO  vert.x-eventloop-thread-0 BaseServiceProxy     : -> GET /sso/ping,200|170ms
14:33:18.967 INFO  vert.x-eventloop-thread-0 SsoService           : sso ping {"result": "true"}
14:38:18.965 INFO  vert.x-eventloop-thread-0 BaseServiceProxy     : -> GET /sso/ping,200|165ms
14:38:18.965 INFO  vert.x-eventloop-thread-0 SsoService           : sso ping {"result": "true"}
14:43:19.005 INFO  vert.x-eventloop-thread-0 BaseServiceProxy     : -> GET /sso/ping,200|196ms
14:43:19.005 INFO  vert.x-eventloop-thread-0 SsoService           : sso ping {"result": "true"}
14:48:19.390 INFO  vert.x-eventloop-thread-0 BaseServiceProxy     : -> GET /sso/ping,200|579ms
14:48:19.391 INFO  vert.x-eventloop-thread-0 SsoService           : sso ping {"result": "true"}
14:53:18.981 INFO  vert.x-eventloop-thread-0 BaseServiceProxy     : -> GET /sso/ping,200|167ms
14:53:18.982 INFO  vert.x-eventloop-thread-0 SsoService           : sso ping {"result": "true"}
14:58:19.156 INFO  vert.x-eventloop-thread-0 BaseServiceProxy     : -> GET /sso/ping,200|341ms
14:58:19.156 INFO  vert.x-eventloop-thread-0 SsoService           : sso ping {"result": "true"}
15:03:18.969 INFO  vert.x-eventloop-thread-0 BaseServiceProxy     : -> GET /sso/ping,200|152ms
15:03:18.969 INFO  vert.x-eventloop-thread-0 SsoService           : sso ping {"result": "true"}
15:08:19.025 INFO  vert.x-eventloop-thread-0 BaseServiceProxy     : -> GET /sso/ping,200|205ms
15:08:19.026 INFO  vert.x-eventloop-thread-0 SsoService           : sso ping {"result": "true"}
15:13:18.994 INFO  vert.x-eventloop-thread-0 BaseServiceProxy     : -> GET /sso/ping,200|168ms
15:13:18.994 INFO  vert.x-eventloop-thread-0 SsoService           : sso ping {"result": "true"}
15:18:19.158 INFO  vert.x-eventloop-thread-0 BaseServiceProxy     : -> GET /sso/ping,200|331ms
15:18:19.158 INFO  vert.x-eventloop-thread-0 SsoService           : sso ping {"result": "true"}
15:23:18.982 INFO  vert.x-eventloop-thread-0 BaseServiceProxy     : -> GET /sso/ping,200|151ms
15:23:18.982 INFO  vert.x-eventloop-thread-0 SsoService           : sso ping {"result": "true"}
15:28:27.643 INFO  vert.x-eventloop-thread-0 BaseServiceProxy     : -> GET /sso/ping,200|226ms
15:28:27.643 INFO  vert.x-eventloop-thread-0 SsoService           : sso ping {"result": "true"}
15:33:27.601 INFO  vert.x-eventloop-thread-0 BaseServiceProxy     : -> GET /sso/ping,200|182ms
15:33:27.602 INFO  vert.x-eventloop-thread-0 SsoService           : sso ping {"result": "true"}
15:38:27.845 INFO  vert.x-eventloop-thread-0 BaseServiceProxy     : -> GET /sso/ping,200|423ms
15:38:27.845 INFO  vert.x-eventloop-thread-0 SsoService           : sso ping {"result": "true"}
15:43:27.748 INFO  vert.x-eventloop-thread-0 BaseServiceProxy     : -> GET /sso/ping,200|356ms
15:43:27.748 INFO  vert.x-eventloop-thread-0 SsoService           : sso ping {"result": "true"}
15:48:27.542 INFO  vert.x-eventloop-thread-0 BaseServiceProxy     : -> GET /sso/ping,200|149ms
15:48:27.543 INFO  vert.x-eventloop-thread-0 SsoService           : sso ping {"result": "true"}
15:53:27.558 INFO  vert.x-eventloop-thread-0 BaseServiceProxy     : -> GET /sso/ping,200|164ms
15:53:27.559 INFO  vert.x-eventloop-thread-0 SsoService           : sso ping {"result": "true"}
15:58:27.520 INFO  vert.x-eventloop-thread-0 BaseServiceProxy     : -> GET /sso/ping,200|146ms
15:58:27.521 INFO  vert.x-eventloop-thread-0 SsoService           : sso ping {"result": "true"}
16:03:27.549 INFO  vert.x-eventloop-thread-0 BaseServiceProxy     : -> GET /sso/ping,200|175ms
16:03:27.549 INFO  vert.x-eventloop-thread-0 SsoService           : sso ping {"result": "true"}
16:08:27.534 INFO  vert.x-eventloop-thread-0 BaseServiceProxy     : -> GET /sso/ping,200|160ms
16:08:27.535 INFO  vert.x-eventloop-thread-0 SsoService           : sso ping {"result": "true"}
16:13:27.675 INFO  vert.x-eventloop-thread-0 BaseServiceProxy     : -> GET /sso/ping,200|340ms
16:13:27.676 INFO  vert.x-eventloop-thread-0 SsoService           : sso ping {"result": "true"}
16:18:27.525 INFO  vert.x-eventloop-thread-0 BaseServiceProxy     : -> GET /sso/ping,200|191ms
16:18:27.525 INFO  vert.x-eventloop-thread-0 SsoService           : sso ping {"result": "true"}
16:23:27.499 INFO  vert.x-eventloop-thread-0 BaseServiceProxy     : -> GET /sso/ping,200|168ms
16:23:27.499 INFO  vert.x-eventloop-thread-0 SsoService           : sso ping {"result": "true"}
16:28:27.509 INFO  vert.x-eventloop-thread-0 BaseServiceProxy     : -> GET /sso/ping,200|208ms
16:28:27.510 INFO  vert.x-eventloop-thread-0 SsoService           : sso ping {"result": "true"}
16:33:27.474 INFO  vert.x-eventloop-thread-0 BaseServiceProxy     : -> GET /sso/ping,200|177ms
16:33:27.474 INFO  vert.x-eventloop-thread-0 SsoService           : sso ping {"result": "true"}
16:38:27.540 INFO  vert.x-eventloop-thread-0 BaseServiceProxy     : -> GET /sso/ping,200|246ms
16:38:27.541 INFO  vert.x-eventloop-thread-0 SsoService           : sso ping {"result": "true"}
16:43:27.676 INFO  vert.x-eventloop-thread-0 BaseServiceProxy     : -> GET /sso/ping,200|352ms
16:43:27.677 INFO  vert.x-eventloop-thread-0 SsoService           : sso ping {"result": "false"}
16:48:27.501 INFO  vert.x-eventloop-thread-0 BaseServiceProxy     : -> GET /sso/ping,200|178ms
16:48:27.501 INFO  vert.x-eventloop-thread-0 SsoService           : sso ping {"result": "true"}
16:53:27.518 INFO  vert.x-eventloop-thread-0 BaseServiceProxy     : -> GET /sso/ping,200|197ms
16:53:27.519 INFO  vert.x-eventloop-thread-0 SsoService           : sso ping {"result": "true"}
16:58:27.455 INFO  vert.x-eventloop-thread-0 BaseServiceProxy     : -> GET /sso/ping,200|160ms
16:58:27.455 INFO  vert.x-eventloop-thread-0 SsoService           : sso ping {"result": "true"}
17:03:27.462 INFO  vert.x-eventloop-thread-0 BaseServiceProxy     : -> GET /sso/ping,200|172ms
17:03:27.462 INFO  vert.x-eventloop-thread-0 SsoService           : sso ping {"result": "true"}
17:08:27.451 INFO  vert.x-eventloop-thread-0 BaseServiceProxy     : -> GET /sso/ping,200|163ms
17:08:27.452 INFO  vert.x-eventloop-thread-0 SsoService           : sso ping {"result": "true"}
17:13:27.457 INFO  vert.x-eventloop-thread-0 BaseServiceProxy     : -> GET /sso/ping,200|187ms
17:13:27.457 INFO  vert.x-eventloop-thread-0 SsoService           : sso ping {"result": "true"}
17:18:27.568 INFO  vert.x-eventloop-thread-0 BaseServiceProxy     : -> GET /sso/ping,200|300ms
17:18:27.569 INFO  vert.x-eventloop-thread-0 SsoService           : sso ping {"result": "true"}
17:23:27.463 INFO  vert.x-eventloop-thread-0 BaseServiceProxy     : -> GET /sso/ping,200|199ms
17:23:27.463 INFO  vert.x-eventloop-thread-0 SsoService           : sso ping {"result": "true"}
17:28:27.358 INFO  vert.x-eventloop-thread-0 BaseServiceProxy     : -> GET /sso/ping,200|149ms
17:28:27.359 INFO  vert.x-eventloop-thread-0 SsoService           : sso ping {"result": "true"}
17:33:27.470 INFO  vert.x-eventloop-thread-0 BaseServiceProxy     : -> GET /sso/ping,200|267ms
17:33:27.470 INFO  vert.x-eventloop-thread-0 SsoService           : sso ping {"result": "true"}
17:38:27.371 INFO  vert.x-eventloop-thread-0 BaseServiceProxy     : -> GET /sso/ping,200|175ms
17:38:27.371 INFO  vert.x-eventloop-thread-0 SsoService           : sso ping {"result": "true"}
17:43:27.384 INFO  vert.x-eventloop-thread-0 BaseServiceProxy     : -> GET /sso/ping,200|194ms
17:43:27.384 INFO  vert.x-eventloop-thread-0 SsoService           : sso ping {"result": "true"}
17:48:27.545 INFO  vert.x-eventloop-thread-0 BaseServiceProxy     : -> GET /sso/ping,200|360ms
17:48:27.546 INFO  vert.x-eventloop-thread-0 SsoService           : sso ping {"result": "true"}
17:53:27.539 INFO  vert.x-eventloop-thread-0 BaseServiceProxy     : -> GET /sso/ping,200|361ms
17:53:27.539 INFO  vert.x-eventloop-thread-0 SsoService           : sso ping {"result": "true"}
17:58:27.327 INFO  vert.x-eventloop-thread-0 BaseServiceProxy     : -> GET /sso/ping,200|155ms
17:58:27.328 INFO  vert.x-eventloop-thread-0 SsoService           : sso ping {"result": "true"}
18:03:27.335 INFO  vert.x-eventloop-thread-0 BaseServiceProxy     : -> GET /sso/ping,200|168ms
18:03:27.335 INFO  vert.x-eventloop-thread-0 SsoService           : sso ping {"result": "true"}
18:37:37.637 ERROR vert.x-eventloop-thread-0 ConnectionBase       : java.io.IOException: Operation timed out
18:37:37.638 ERROR vert.x-eventloop-thread-0 BaseServiceProxy     : request failed Operation timed out
java.io.IOException: Operation timed out
	at java.base/sun.nio.ch.SocketDispatcher.read0(Native Method)
	at java.base/sun.nio.ch.SocketDispatcher.read(SocketDispatcher.java:47)
	at java.base/sun.nio.ch.IOUtil.readIntoNativeBuffer(IOUtil.java:330)
	at java.base/sun.nio.ch.IOUtil.read(IOUtil.java:284)
	at java.base/sun.nio.ch.IOUtil.read(IOUtil.java:259)
	at java.base/sun.nio.ch.SocketChannelImpl.read(SocketChannelImpl.java:417)
	at io.netty.buffer.PooledUnsafeDirectByteBuf.setBytes(PooledUnsafeDirectByteBuf.java:288)
	at io.netty.buffer.AbstractByteBuf.writeBytes(AbstractByteBuf.java:1106)
	at io.netty.channel.socket.nio.NioSocketChannel.doReadBytes(NioSocketChannel.java:373)
	at io.netty.channel.nio.AbstractNioByteChannel$NioByteUnsafe.read(AbstractNioByteChannel.java:123)
	at io.netty.channel.nio.NioEventLoop.processSelectedKey(NioEventLoop.java:645)
	at io.netty.channel.nio.NioEventLoop.processSelectedKeysPlain(NioEventLoop.java:545)
	at io.netty.channel.nio.NioEventLoop.processSelectedKeys(NioEventLoop.java:499)
	at io.netty.channel.nio.NioEventLoop.run(NioEventLoop.java:459)
	at io.netty.util.concurrent.SingleThreadEventExecutor$5.run(SingleThreadEventExecutor.java:858)
	at java.base/java.lang.Thread.run(Thread.java:840)
18:42:19.424 INFO  vert.x-eventloop-thread-0 BaseServiceProxy     : -> GET /sso/ping,200|422ms
18:42:19.424 INFO  vert.x-eventloop-thread-0 SsoService           : sso ping {"result": "true"}
18:47:19.241 INFO  vert.x-eventloop-thread-0 BaseServiceProxy     : -> GET /sso/ping,200|239ms
18:47:19.241 INFO  vert.x-eventloop-thread-0 SsoService           : sso ping {"result": "true"}
18:52:19.360 INFO  vert.x-eventloop-thread-0 BaseServiceProxy     : -> GET /sso/ping,200|349ms
18:52:19.361 INFO  vert.x-eventloop-thread-0 SsoService           : sso ping {"result": "true"}
18:57:19.211 INFO  vert.x-eventloop-thread-0 BaseServiceProxy     : -> GET /sso/ping,200|198ms
18:57:19.211 INFO  vert.x-eventloop-thread-0 SsoService           : sso ping {"result": "true"}
19:02:19.370 INFO  vert.x-eventloop-thread-0 BaseServiceProxy     : -> GET /sso/ping,200|356ms
19:02:19.370 INFO  vert.x-eventloop-thread-0 SsoService           : sso ping {"result": "true"}
19:07:19.234 INFO  vert.x-eventloop-thread-0 BaseServiceProxy     : -> GET /sso/ping,200|188ms
19:07:19.234 INFO  vert.x-eventloop-thread-0 SsoService           : sso ping {"result": "true"}
19:12:19.290 INFO  vert.x-eventloop-thread-0 BaseServiceProxy     : -> GET /sso/ping,200|239ms
19:12:19.291 INFO  vert.x-eventloop-thread-0 SsoService           : sso ping {"result": "true"}
19:17:19.255 INFO  vert.x-eventloop-thread-0 BaseServiceProxy     : -> GET /sso/ping,200|202ms
19:17:19.255 INFO  vert.x-eventloop-thread-0 SsoService           : sso ping {"result": "true"}
19:22:19.199 INFO  vert.x-eventloop-thread-0 BaseServiceProxy     : -> GET /sso/ping,200|151ms
19:22:19.199 INFO  vert.x-eventloop-thread-0 SsoService           : sso ping {"result": "true"}
19:27:19.214 INFO  vert.x-eventloop-thread-0 BaseServiceProxy     : -> GET /sso/ping,200|164ms
19:27:19.214 INFO  vert.x-eventloop-thread-0 SsoService           : sso ping {"result": "true"}
19:32:19.216 INFO  vert.x-eventloop-thread-0 BaseServiceProxy     : -> GET /sso/ping,200|163ms
19:32:19.216 INFO  vert.x-eventloop-thread-0 SsoService           : sso ping {"result": "true"}
19:37:19.211 INFO  vert.x-eventloop-thread-0 BaseServiceProxy     : -> GET /sso/ping,200|164ms
19:37:19.211 INFO  vert.x-eventloop-thread-0 SsoService           : sso ping {"result": "true"}
19:42:19.199 INFO  vert.x-eventloop-thread-0 BaseServiceProxy     : -> GET /sso/ping,200|150ms
19:42:19.199 INFO  vert.x-eventloop-thread-0 SsoService           : sso ping {"result": "true"}
19:47:19.212 INFO  vert.x-eventloop-thread-0 BaseServiceProxy     : -> GET /sso/ping,200|161ms
19:47:19.213 INFO  vert.x-eventloop-thread-0 SsoService           : sso ping {"result": "true"}
19:52:19.210 INFO  vert.x-eventloop-thread-0 BaseServiceProxy     : -> GET /sso/ping,200|165ms
19:52:19.211 INFO  vert.x-eventloop-thread-0 SsoService           : sso ping {"result": "true"}
19:57:19.385 INFO  vert.x-eventloop-thread-0 BaseServiceProxy     : -> GET /sso/ping,200|338ms
19:57:19.386 INFO  vert.x-eventloop-thread-0 SsoService           : sso ping {"result": "true"}
20:02:19.363 INFO  vert.x-eventloop-thread-0 BaseServiceProxy     : -> GET /sso/ping,200|314ms
20:02:19.364 INFO  vert.x-eventloop-thread-0 SsoService           : sso ping {"result": "true"}
20:07:19.273 INFO  vert.x-eventloop-thread-0 BaseServiceProxy     : -> GET /sso/ping,200|202ms
20:07:19.274 INFO  vert.x-eventloop-thread-0 SsoService           : sso ping {"result": "true"}
20:12:19.445 INFO  vert.x-eventloop-thread-0 BaseServiceProxy     : -> GET /sso/ping,200|371ms
20:12:19.446 INFO  vert.x-eventloop-thread-0 SsoService           : sso ping {"result": "true"}
20:17:19.556 INFO  vert.x-eventloop-thread-0 BaseServiceProxy     : -> GET /sso/ping,200|479ms
20:17:19.556 INFO  vert.x-eventloop-thread-0 SsoService           : sso ping {"result": "true"}
20:22:19.366 INFO  vert.x-eventloop-thread-0 BaseServiceProxy     : -> GET /sso/ping,200|274ms
20:22:19.366 INFO  vert.x-eventloop-thread-0 SsoService           : sso ping {"result": "true"}
20:27:19.442 INFO  vert.x-eventloop-thread-0 BaseServiceProxy     : -> GET /sso/ping,200|347ms
20:27:19.443 INFO  vert.x-eventloop-thread-0 SsoService           : sso ping {"result": "true"}
20:32:19.720 INFO  vert.x-eventloop-thread-0 BaseServiceProxy     : -> GET /sso/ping,200|620ms
20:32:19.721 INFO  vert.x-eventloop-thread-0 SsoService           : sso ping {"result": "true"}
20:49:02.508 ERROR vert.x-eventloop-thread-0 ConnectionBase       : java.io.IOException: Operation timed out
20:49:02.509 ERROR vert.x-eventloop-thread-0 BaseServiceProxy     : request failed Operation timed out
java.io.IOException: Operation timed out
	at java.base/sun.nio.ch.SocketDispatcher.read0(Native Method)
	at java.base/sun.nio.ch.SocketDispatcher.read(SocketDispatcher.java:47)
	at java.base/sun.nio.ch.IOUtil.readIntoNativeBuffer(IOUtil.java:330)
	at java.base/sun.nio.ch.IOUtil.read(IOUtil.java:284)
	at java.base/sun.nio.ch.IOUtil.read(IOUtil.java:259)
	at java.base/sun.nio.ch.SocketChannelImpl.read(SocketChannelImpl.java:417)
	at io.netty.buffer.PooledUnsafeDirectByteBuf.setBytes(PooledUnsafeDirectByteBuf.java:288)
	at io.netty.buffer.AbstractByteBuf.writeBytes(AbstractByteBuf.java:1106)
	at io.netty.channel.socket.nio.NioSocketChannel.doReadBytes(NioSocketChannel.java:373)
	at io.netty.channel.nio.AbstractNioByteChannel$NioByteUnsafe.read(AbstractNioByteChannel.java:123)
	at io.netty.channel.nio.NioEventLoop.processSelectedKey(NioEventLoop.java:645)
	at io.netty.channel.nio.NioEventLoop.processSelectedKeysPlain(NioEventLoop.java:545)
	at io.netty.channel.nio.NioEventLoop.processSelectedKeys(NioEventLoop.java:499)
	at io.netty.channel.nio.NioEventLoop.run(NioEventLoop.java:459)
	at io.netty.util.concurrent.SingleThreadEventExecutor$5.run(SingleThreadEventExecutor.java:858)
	at java.base/java.lang.Thread.run(Thread.java:840)
20:53:44.464 INFO  vert.x-eventloop-thread-0 BaseServiceProxy     : -> GET /sso/ping,200|459ms
20:53:44.464 INFO  vert.x-eventloop-thread-0 SsoService           : sso ping {"result": "true"}
20:58:44.166 INFO  vert.x-eventloop-thread-0 BaseServiceProxy     : -> GET /sso/ping,200|158ms
20:58:44.167 INFO  vert.x-eventloop-thread-0 SsoService           : sso ping {"result": "true"}
21:03:44.157 INFO  vert.x-eventloop-thread-0 BaseServiceProxy     : -> GET /sso/ping,200|147ms
21:03:44.158 INFO  vert.x-eventloop-thread-0 SsoService           : sso ping {"result": "true"}
21:41:31.942 ERROR vert.x-eventloop-thread-0 ConnectionBase       : java.io.IOException: Operation timed out
21:41:31.942 ERROR vert.x-eventloop-thread-0 BaseServiceProxy     : request failed Operation timed out
java.io.IOException: Operation timed out
	at java.base/sun.nio.ch.SocketDispatcher.read0(Native Method)
	at java.base/sun.nio.ch.SocketDispatcher.read(SocketDispatcher.java:47)
	at java.base/sun.nio.ch.IOUtil.readIntoNativeBuffer(IOUtil.java:330)
	at java.base/sun.nio.ch.IOUtil.read(IOUtil.java:284)
	at java.base/sun.nio.ch.IOUtil.read(IOUtil.java:259)
	at java.base/sun.nio.ch.SocketChannelImpl.read(SocketChannelImpl.java:417)
	at io.netty.buffer.PooledUnsafeDirectByteBuf.setBytes(PooledUnsafeDirectByteBuf.java:288)
	at io.netty.buffer.AbstractByteBuf.writeBytes(AbstractByteBuf.java:1106)
	at io.netty.channel.socket.nio.NioSocketChannel.doReadBytes(NioSocketChannel.java:373)
	at io.netty.channel.nio.AbstractNioByteChannel$NioByteUnsafe.read(AbstractNioByteChannel.java:123)
	at io.netty.channel.nio.NioEventLoop.processSelectedKey(NioEventLoop.java:645)
	at io.netty.channel.nio.NioEventLoop.processSelectedKeysPlain(NioEventLoop.java:545)
	at io.netty.channel.nio.NioEventLoop.processSelectedKeys(NioEventLoop.java:499)
	at io.netty.channel.nio.NioEventLoop.run(NioEventLoop.java:459)
	at io.netty.util.concurrent.SingleThreadEventExecutor$5.run(SingleThreadEventExecutor.java:858)
	at java.base/java.lang.Thread.run(Thread.java:840)
21:45:59.599 INFO  vert.x-eventloop-thread-0 BaseServiceProxy     : -> GET /sso/ping,200|575ms
21:45:59.599 INFO  vert.x-eventloop-thread-0 SsoService           : sso ping {"result": "true"}
21:50:59.201 INFO  vert.x-eventloop-thread-0 BaseServiceProxy     : -> GET /sso/ping,200|175ms
21:50:59.201 INFO  vert.x-eventloop-thread-0 SsoService           : sso ping {"result": "true"}
21:55:59.128 INFO  vert.x-eventloop-thread-0 BaseServiceProxy     : -> GET /sso/ping,200|145ms
21:55:59.129 INFO  vert.x-eventloop-thread-0 SsoService           : sso ping {"result": "true"}
22:00:59.147 INFO  vert.x-eventloop-thread-0 BaseServiceProxy     : -> GET /sso/ping,200|166ms
22:00:59.148 INFO  vert.x-eventloop-thread-0 SsoService           : sso ping {"result": "true"}
22:05:59.138 INFO  vert.x-eventloop-thread-0 BaseServiceProxy     : -> GET /sso/ping,200|157ms
22:05:59.138 INFO  vert.x-eventloop-thread-0 SsoService           : sso ping {"result": "true"}
22:10:59.111 INFO  vert.x-eventloop-thread-0 BaseServiceProxy     : -> GET /sso/ping,200|157ms
22:10:59.112 INFO  vert.x-eventloop-thread-0 SsoService           : sso ping {"result": "true"}
22:15:59.149 INFO  vert.x-eventloop-thread-0 BaseServiceProxy     : -> GET /sso/ping,200|199ms
22:15:59.149 INFO  vert.x-eventloop-thread-0 SsoService           : sso ping {"result": "true"}
22:20:59.124 INFO  vert.x-eventloop-thread-0 BaseServiceProxy     : -> GET /sso/ping,200|176ms
22:20:59.125 INFO  vert.x-eventloop-thread-0 SsoService           : sso ping {"result": "true"}
22:25:59.256 INFO  vert.x-eventloop-thread-0 BaseServiceProxy     : -> GET /sso/ping,200|310ms
22:25:59.256 INFO  vert.x-eventloop-thread-0 SsoService           : sso ping {"result": "true"}
22:30:59.101 INFO  vert.x-eventloop-thread-0 BaseServiceProxy     : -> GET /sso/ping,200|158ms
22:30:59.101 INFO  vert.x-eventloop-thread-0 SsoService           : sso ping {"result": "true"}
22:35:59.073 INFO  vert.x-eventloop-thread-0 BaseServiceProxy     : -> GET /sso/ping,200|132ms
22:35:59.073 INFO  vert.x-eventloop-thread-0 SsoService           : sso ping {"result": "true"}
22:40:59.301 INFO  vert.x-eventloop-thread-0 BaseServiceProxy     : -> GET /sso/ping,200|362ms
22:40:59.302 INFO  vert.x-eventloop-thread-0 SsoService           : sso ping {"result": "true"}
22:45:59.100 INFO  vert.x-eventloop-thread-0 BaseServiceProxy     : -> GET /sso/ping,200|163ms
22:45:59.100 INFO  vert.x-eventloop-thread-0 SsoService           : sso ping {"result": "true"}
22:50:59.070 INFO  vert.x-eventloop-thread-0 BaseServiceProxy     : -> GET /sso/ping,200|160ms
22:50:59.071 INFO  vert.x-eventloop-thread-0 SsoService           : sso ping {"result": "true"}
23:13:19.936 ERROR vert.x-eventloop-thread-0 ConnectionBase       : java.io.IOException: Operation timed out
23:13:19.938 ERROR vert.x-eventloop-thread-0 BaseServiceProxy     : request failed Operation timed out
java.io.IOException: Operation timed out
	at java.base/sun.nio.ch.SocketDispatcher.read0(Native Method)
	at java.base/sun.nio.ch.SocketDispatcher.read(SocketDispatcher.java:47)
	at java.base/sun.nio.ch.IOUtil.readIntoNativeBuffer(IOUtil.java:330)
	at java.base/sun.nio.ch.IOUtil.read(IOUtil.java:284)
	at java.base/sun.nio.ch.IOUtil.read(IOUtil.java:259)
	at java.base/sun.nio.ch.SocketChannelImpl.read(SocketChannelImpl.java:417)
	at io.netty.buffer.PooledUnsafeDirectByteBuf.setBytes(PooledUnsafeDirectByteBuf.java:288)
	at io.netty.buffer.AbstractByteBuf.writeBytes(AbstractByteBuf.java:1106)
	at io.netty.channel.socket.nio.NioSocketChannel.doReadBytes(NioSocketChannel.java:373)
	at io.netty.channel.nio.AbstractNioByteChannel$NioByteUnsafe.read(AbstractNioByteChannel.java:123)
	at io.netty.channel.nio.NioEventLoop.processSelectedKey(NioEventLoop.java:645)
	at io.netty.channel.nio.NioEventLoop.processSelectedKeysPlain(NioEventLoop.java:545)
	at io.netty.channel.nio.NioEventLoop.processSelectedKeys(NioEventLoop.java:499)
	at io.netty.channel.nio.NioEventLoop.run(NioEventLoop.java:459)
	at io.netty.util.concurrent.SingleThreadEventExecutor$5.run(SingleThreadEventExecutor.java:858)
	at java.base/java.lang.Thread.run(Thread.java:840)
23:18:01.244 INFO  vert.x-eventloop-thread-0 BaseServiceProxy     : -> GET /sso/ping,200|383ms
23:18:01.248 INFO  vert.x-eventloop-thread-0 SsoService           : sso ping {"result": "true"}
23:23:01.108 INFO  vert.x-eventloop-thread-0 BaseServiceProxy     : -> GET /sso/ping,200|249ms
23:23:01.108 INFO  vert.x-eventloop-thread-0 SsoService           : sso ping {"result": "true"}
23:28:01.260 INFO  vert.x-eventloop-thread-0 BaseServiceProxy     : -> GET /sso/ping,200|365ms
23:28:01.260 INFO  vert.x-eventloop-thread-0 SsoService           : sso ping {"result": "true"}
23:33:01.057 INFO  vert.x-eventloop-thread-0 BaseServiceProxy     : -> GET /sso/ping,200|162ms
23:33:01.058 INFO  vert.x-eventloop-thread-0 SsoService           : sso ping {"result": "true"}
23:38:01.059 INFO  vert.x-eventloop-thread-0 BaseServiceProxy     : -> GET /sso/ping,200|163ms
23:38:01.060 INFO  vert.x-eventloop-thread-0 SsoService           : sso ping {"result": "true"}
23:43:01.330 INFO  vert.x-eventloop-thread-0 BaseServiceProxy     : -> GET /sso/ping,200|468ms
23:43:01.330 INFO  vert.x-eventloop-thread-0 SsoService           : sso ping {"result": "true"}
23:48:01.057 INFO  vert.x-eventloop-thread-0 BaseServiceProxy     : -> GET /sso/ping,200|196ms
23:48:01.058 INFO  vert.x-eventloop-thread-0 SsoService           : sso ping {"result": "true"}
23:53:01.014 INFO  vert.x-eventloop-thread-0 BaseServiceProxy     : -> GET /sso/ping,200|154ms
23:53:01.014 INFO  vert.x-eventloop-thread-0 SsoService           : sso ping {"result": "true"}
23:58:01.064 INFO  vert.x-eventloop-thread-0 BaseServiceProxy     : -> GET /sso/ping,200|158ms
23:58:01.065 INFO  vert.x-eventloop-thread-0 SsoService           : sso ping {"result": "true"}
