00:01:54.633 INFO  vert.x-eventloop-thread-0 BaseServiceProxy     : -> GET /sso/ping,200|121ms
00:01:54.634 INFO  vert.x-eventloop-thread-0 SsoService           : sso ping {"result": "true"}
00:06:54.609 INFO  vert.x-eventloop-thread-0 BaseServiceProxy     : -> GET /sso/ping,200|81ms
00:06:54.610 INFO  vert.x-eventloop-thread-0 SsoService           : sso ping {"result": "true"}
00:11:54.603 INFO  vert.x-eventloop-thread-0 BaseServiceProxy     : -> GET /sso/ping,200|71ms
00:11:54.604 INFO  vert.x-eventloop-thread-0 SsoService           : sso ping {"result": "true"}
00:16:54.599 INFO  vert.x-eventloop-thread-0 BaseServiceProxy     : -> GET /sso/ping,200|65ms
00:16:54.600 INFO  vert.x-eventloop-thread-0 SsoService           : sso ping {"result": "true"}
00:21:54.599 INFO  vert.x-eventloop-thread-0 BaseServiceProxy     : -> GET /sso/ping,200|65ms
00:21:54.599 INFO  vert.x-eventloop-thread-0 SsoService           : sso ping {"result": "true"}
00:26:54.594 INFO  vert.x-eventloop-thread-0 BaseServiceProxy     : -> GET /sso/ping,200|68ms
00:26:54.594 INFO  vert.x-eventloop-thread-0 SsoService           : sso ping {"result": "true"}
00:31:54.597 INFO  vert.x-eventloop-thread-0 BaseServiceProxy     : -> GET /sso/ping,200|71ms
00:31:54.599 INFO  vert.x-eventloop-thread-0 SsoService           : sso ping {"result": "true"}
00:36:54.595 INFO  vert.x-eventloop-thread-0 BaseServiceProxy     : -> GET /sso/ping,200|67ms
00:36:54.596 INFO  vert.x-eventloop-thread-0 SsoService           : sso ping {"result": "true"}
00:41:54.594 INFO  vert.x-eventloop-thread-0 BaseServiceProxy     : -> GET /sso/ping,200|67ms
00:41:54.595 INFO  vert.x-eventloop-thread-0 SsoService           : sso ping {"result": "true"}
01:02:00.849 ERROR vert.x-eventloop-thread-0 ConnectionBase       : java.net.SocketException: Connection reset
01:02:00.850 ERROR vert.x-eventloop-thread-0 BaseServiceProxy     : request failed Connection reset
java.net.SocketException: Connection reset
	at java.base/sun.nio.ch.SocketChannelImpl.throwConnectionReset(SocketChannelImpl.java:394)
	at java.base/sun.nio.ch.SocketChannelImpl.read(SocketChannelImpl.java:426)
	at io.netty.buffer.PooledUnsafeDirectByteBuf.setBytes(PooledUnsafeDirectByteBuf.java:288)
	at io.netty.buffer.AbstractByteBuf.writeBytes(AbstractByteBuf.java:1106)
	at io.netty.channel.socket.nio.NioSocketChannel.doReadBytes(NioSocketChannel.java:373)
	at io.netty.channel.nio.AbstractNioByteChannel$NioByteUnsafe.read(AbstractNioByteChannel.java:123)
	at io.netty.channel.nio.NioEventLoop.processSelectedKey(NioEventLoop.java:645)
	at io.netty.channel.nio.NioEventLoop.processSelectedKeysPlain(NioEventLoop.java:545)
	at io.netty.channel.nio.NioEventLoop.processSelectedKeys(NioEventLoop.java:499)
	at io.netty.channel.nio.NioEventLoop.run(NioEventLoop.java:459)
	at io.netty.util.concurrent.SingleThreadEventExecutor$5.run(SingleThreadEventExecutor.java:858)
	at java.base/java.lang.Thread.run(Thread.java:840)
01:07:00.968 INFO  vert.x-eventloop-thread-0 BaseServiceProxy     : -> GET /sso/ping,200|148ms
01:07:00.969 INFO  vert.x-eventloop-thread-0 SsoService           : sso ping {"result": "true"}
01:12:01.125 INFO  vert.x-eventloop-thread-0 BaseServiceProxy     : -> GET /sso/ping,200|303ms
01:12:01.126 INFO  vert.x-eventloop-thread-0 SsoService           : sso ping {"result": "true"}
01:17:00.925 INFO  vert.x-eventloop-thread-0 BaseServiceProxy     : -> GET /sso/ping,200|102ms
01:17:00.926 INFO  vert.x-eventloop-thread-0 SsoService           : sso ping {"result": "true"}
01:22:00.900 INFO  vert.x-eventloop-thread-0 BaseServiceProxy     : -> GET /sso/ping,200|144ms
01:22:00.900 INFO  vert.x-eventloop-thread-0 SsoService           : sso ping {"result": "true"}
01:27:00.817 INFO  vert.x-eventloop-thread-0 BaseServiceProxy     : -> GET /sso/ping,200|64ms
01:27:00.817 INFO  vert.x-eventloop-thread-0 SsoService           : sso ping {"result": "true"}
01:32:00.833 INFO  vert.x-eventloop-thread-0 BaseServiceProxy     : -> GET /sso/ping,200|83ms
01:32:00.833 INFO  vert.x-eventloop-thread-0 SsoService           : sso ping {"result": "true"}
01:37:00.834 INFO  vert.x-eventloop-thread-0 BaseServiceProxy     : -> GET /sso/ping,200|74ms
01:37:00.835 INFO  vert.x-eventloop-thread-0 SsoService           : sso ping {"result": "true"}
01:42:00.818 INFO  vert.x-eventloop-thread-0 BaseServiceProxy     : -> GET /sso/ping,200|62ms
01:42:00.819 INFO  vert.x-eventloop-thread-0 SsoService           : sso ping {"result": "true"}
01:47:00.826 INFO  vert.x-eventloop-thread-0 BaseServiceProxy     : -> GET /sso/ping,200|71ms
01:47:00.826 INFO  vert.x-eventloop-thread-0 SsoService           : sso ping {"result": "true"}
01:52:00.833 INFO  vert.x-eventloop-thread-0 BaseServiceProxy     : -> GET /sso/ping,200|67ms
01:52:00.834 INFO  vert.x-eventloop-thread-0 SsoService           : sso ping {"result": "true"}
01:57:00.899 INFO  vert.x-eventloop-thread-0 BaseServiceProxy     : -> GET /sso/ping,200|134ms
01:57:00.899 INFO  vert.x-eventloop-thread-0 SsoService           : sso ping {"result": "true"}
02:06:59.845 INFO  vert.x-eventloop-thread-0 BaseServiceProxy     : -> GET /sso/ping,200|148ms
02:06:59.846 INFO  vert.x-eventloop-thread-0 SsoService           : sso ping {"result": "true"}
02:11:59.768 INFO  vert.x-eventloop-thread-0 BaseServiceProxy     : -> GET /sso/ping,200|71ms
02:11:59.769 INFO  vert.x-eventloop-thread-0 SsoService           : sso ping {"result": "true"}
02:16:59.764 INFO  vert.x-eventloop-thread-0 BaseServiceProxy     : -> GET /sso/ping,200|66ms
02:16:59.765 INFO  vert.x-eventloop-thread-0 SsoService           : sso ping {"result": "true"}
02:21:59.765 INFO  vert.x-eventloop-thread-0 BaseServiceProxy     : -> GET /sso/ping,200|66ms
02:21:59.766 INFO  vert.x-eventloop-thread-0 SsoService           : sso ping {"result": "true"}
02:26:59.772 INFO  vert.x-eventloop-thread-0 BaseServiceProxy     : -> GET /sso/ping,200|76ms
02:26:59.773 INFO  vert.x-eventloop-thread-0 SsoService           : sso ping {"result": "true"}
02:31:59.773 INFO  vert.x-eventloop-thread-0 BaseServiceProxy     : -> GET /sso/ping,200|76ms
02:31:59.774 INFO  vert.x-eventloop-thread-0 SsoService           : sso ping {"result": "true"}
02:36:59.765 INFO  vert.x-eventloop-thread-0 BaseServiceProxy     : -> GET /sso/ping,200|67ms
02:36:59.766 INFO  vert.x-eventloop-thread-0 SsoService           : sso ping {"result": "true"}
02:41:59.757 INFO  vert.x-eventloop-thread-0 BaseServiceProxy     : -> GET /sso/ping,200|61ms
02:41:59.758 INFO  vert.x-eventloop-thread-0 SsoService           : sso ping {"result": "true"}
02:46:59.782 INFO  vert.x-eventloop-thread-0 BaseServiceProxy     : -> GET /sso/ping,200|62ms
02:46:59.783 INFO  vert.x-eventloop-thread-0 SsoService           : sso ping {"result": "true"}
02:51:59.780 INFO  vert.x-eventloop-thread-0 BaseServiceProxy     : -> GET /sso/ping,200|59ms
02:51:59.781 INFO  vert.x-eventloop-thread-0 SsoService           : sso ping {"result": "true"}
02:56:59.802 INFO  vert.x-eventloop-thread-0 BaseServiceProxy     : -> GET /sso/ping,200|79ms
02:56:59.803 INFO  vert.x-eventloop-thread-0 SsoService           : sso ping {"result": "true"}
03:01:59.804 INFO  vert.x-eventloop-thread-0 BaseServiceProxy     : -> GET /sso/ping,200|74ms
03:01:59.805 INFO  vert.x-eventloop-thread-0 SsoService           : sso ping {"result": "true"}
03:15:46.892 ERROR vert.x-eventloop-thread-0 ConnectionBase       : java.net.SocketException: Connection reset
03:15:46.893 ERROR vert.x-eventloop-thread-0 BaseServiceProxy     : request failed Connection reset
java.net.SocketException: Connection reset
	at java.base/sun.nio.ch.SocketChannelImpl.throwConnectionReset(SocketChannelImpl.java:394)
	at java.base/sun.nio.ch.SocketChannelImpl.read(SocketChannelImpl.java:426)
	at io.netty.buffer.PooledUnsafeDirectByteBuf.setBytes(PooledUnsafeDirectByteBuf.java:288)
	at io.netty.buffer.AbstractByteBuf.writeBytes(AbstractByteBuf.java:1106)
	at io.netty.channel.socket.nio.NioSocketChannel.doReadBytes(NioSocketChannel.java:373)
	at io.netty.channel.nio.AbstractNioByteChannel$NioByteUnsafe.read(AbstractNioByteChannel.java:123)
	at io.netty.channel.nio.NioEventLoop.processSelectedKey(NioEventLoop.java:645)
	at io.netty.channel.nio.NioEventLoop.processSelectedKeysPlain(NioEventLoop.java:545)
	at io.netty.channel.nio.NioEventLoop.processSelectedKeys(NioEventLoop.java:499)
	at io.netty.channel.nio.NioEventLoop.run(NioEventLoop.java:459)
	at io.netty.util.concurrent.SingleThreadEventExecutor$5.run(SingleThreadEventExecutor.java:858)
	at java.base/java.lang.Thread.run(Thread.java:840)
03:20:47.074 INFO  vert.x-eventloop-thread-0 BaseServiceProxy     : -> GET /sso/ping,200|210ms
03:20:47.074 INFO  vert.x-eventloop-thread-0 SsoService           : sso ping {"result": "true"}
03:25:46.933 INFO  vert.x-eventloop-thread-0 BaseServiceProxy     : -> GET /sso/ping,200|67ms
03:25:46.934 INFO  vert.x-eventloop-thread-0 SsoService           : sso ping {"result": "true"}
03:30:46.932 INFO  vert.x-eventloop-thread-0 BaseServiceProxy     : -> GET /sso/ping,200|64ms
03:30:46.933 INFO  vert.x-eventloop-thread-0 SsoService           : sso ping {"result": "true"}
03:35:46.943 INFO  vert.x-eventloop-thread-0 BaseServiceProxy     : -> GET /sso/ping,200|67ms
03:35:46.943 INFO  vert.x-eventloop-thread-0 SsoService           : sso ping {"result": "true"}
03:40:46.951 INFO  vert.x-eventloop-thread-0 BaseServiceProxy     : -> GET /sso/ping,200|72ms
03:40:46.952 INFO  vert.x-eventloop-thread-0 SsoService           : sso ping {"result": "true"}
03:45:47.115 INFO  vert.x-eventloop-thread-0 BaseServiceProxy     : -> GET /sso/ping,200|234ms
03:45:47.115 INFO  vert.x-eventloop-thread-0 SsoService           : sso ping {"result": "true"}
03:50:47.012 INFO  vert.x-eventloop-thread-0 BaseServiceProxy     : -> GET /sso/ping,200|129ms
03:50:47.012 INFO  vert.x-eventloop-thread-0 SsoService           : sso ping {"result": "true"}
03:55:46.927 INFO  vert.x-eventloop-thread-0 BaseServiceProxy     : -> GET /sso/ping,200|63ms
03:55:46.927 INFO  vert.x-eventloop-thread-0 SsoService           : sso ping {"result": "true"}
04:00:46.937 INFO  vert.x-eventloop-thread-0 BaseServiceProxy     : -> GET /sso/ping,200|72ms
04:00:46.937 INFO  vert.x-eventloop-thread-0 SsoService           : sso ping {"result": "true"}
04:05:46.936 INFO  vert.x-eventloop-thread-0 BaseServiceProxy     : -> GET /sso/ping,200|70ms
04:05:46.936 INFO  vert.x-eventloop-thread-0 SsoService           : sso ping {"result": "true"}
04:10:46.947 INFO  vert.x-eventloop-thread-0 BaseServiceProxy     : -> GET /sso/ping,200|77ms
04:10:46.948 INFO  vert.x-eventloop-thread-0 SsoService           : sso ping {"result": "true"}
04:16:21.669 INFO  vert.x-eventloop-thread-0 BaseServiceProxy     : -> GET /sso/ping,200|67ms
04:16:21.669 INFO  vert.x-eventloop-thread-0 SsoService           : sso ping {"result": "true"}
04:21:21.672 INFO  vert.x-eventloop-thread-0 BaseServiceProxy     : -> GET /sso/ping,200|69ms
04:21:21.673 INFO  vert.x-eventloop-thread-0 SsoService           : sso ping {"result": "true"}
04:26:21.672 INFO  vert.x-eventloop-thread-0 BaseServiceProxy     : -> GET /sso/ping,200|69ms
04:26:21.673 INFO  vert.x-eventloop-thread-0 SsoService           : sso ping {"result": "true"}
04:31:21.725 INFO  vert.x-eventloop-thread-0 BaseServiceProxy     : -> GET /sso/ping,200|118ms
04:31:21.726 INFO  vert.x-eventloop-thread-0 SsoService           : sso ping {"result": "true"}
04:36:21.666 INFO  vert.x-eventloop-thread-0 BaseServiceProxy     : -> GET /sso/ping,200|59ms
04:36:21.666 INFO  vert.x-eventloop-thread-0 SsoService           : sso ping {"result": "true"}
04:41:21.668 INFO  vert.x-eventloop-thread-0 BaseServiceProxy     : -> GET /sso/ping,200|61ms
04:41:21.669 INFO  vert.x-eventloop-thread-0 SsoService           : sso ping {"result": "true"}
04:46:21.681 INFO  vert.x-eventloop-thread-0 BaseServiceProxy     : -> GET /sso/ping,200|72ms
04:46:21.682 INFO  vert.x-eventloop-thread-0 SsoService           : sso ping {"result": "true"}
04:51:21.609 INFO  vert.x-eventloop-thread-0 BaseServiceProxy     : -> GET /sso/ping,200|63ms
04:51:21.609 INFO  vert.x-eventloop-thread-0 SsoService           : sso ping {"result": "true"}
04:56:21.609 INFO  vert.x-eventloop-thread-0 BaseServiceProxy     : -> GET /sso/ping,200|68ms
04:56:21.610 INFO  vert.x-eventloop-thread-0 SsoService           : sso ping {"result": "true"}
05:01:21.605 INFO  vert.x-eventloop-thread-0 BaseServiceProxy     : -> GET /sso/ping,200|67ms
05:01:21.607 INFO  vert.x-eventloop-thread-0 SsoService           : sso ping {"result": "true"}
05:06:21.648 INFO  vert.x-eventloop-thread-0 BaseServiceProxy     : -> GET /sso/ping,200|115ms
05:06:21.649 INFO  vert.x-eventloop-thread-0 SsoService           : sso ping {"result": "true"}
05:11:21.632 INFO  vert.x-eventloop-thread-0 BaseServiceProxy     : -> GET /sso/ping,200|65ms
05:11:21.633 INFO  vert.x-eventloop-thread-0 SsoService           : sso ping {"result": "true"}
05:31:38.151 ERROR vert.x-eventloop-thread-0 ConnectionBase       : java.net.SocketException: Connection reset
05:31:38.151 ERROR vert.x-eventloop-thread-0 BaseServiceProxy     : request failed Connection reset
java.net.SocketException: Connection reset
	at java.base/sun.nio.ch.SocketChannelImpl.throwConnectionReset(SocketChannelImpl.java:394)
	at java.base/sun.nio.ch.SocketChannelImpl.read(SocketChannelImpl.java:426)
	at io.netty.buffer.PooledUnsafeDirectByteBuf.setBytes(PooledUnsafeDirectByteBuf.java:288)
	at io.netty.buffer.AbstractByteBuf.writeBytes(AbstractByteBuf.java:1106)
	at io.netty.channel.socket.nio.NioSocketChannel.doReadBytes(NioSocketChannel.java:373)
	at io.netty.channel.nio.AbstractNioByteChannel$NioByteUnsafe.read(AbstractNioByteChannel.java:123)
	at io.netty.channel.nio.NioEventLoop.processSelectedKey(NioEventLoop.java:645)
	at io.netty.channel.nio.NioEventLoop.processSelectedKeysPlain(NioEventLoop.java:545)
	at io.netty.channel.nio.NioEventLoop.processSelectedKeys(NioEventLoop.java:499)
	at io.netty.channel.nio.NioEventLoop.run(NioEventLoop.java:459)
	at io.netty.util.concurrent.SingleThreadEventExecutor$5.run(SingleThreadEventExecutor.java:858)
	at java.base/java.lang.Thread.run(Thread.java:840)
05:36:38.248 INFO  vert.x-eventloop-thread-0 BaseServiceProxy     : -> GET /sso/ping,200|139ms
05:36:38.249 INFO  vert.x-eventloop-thread-0 SsoService           : sso ping {"result": "true"}
05:41:38.173 INFO  vert.x-eventloop-thread-0 BaseServiceProxy     : -> GET /sso/ping,200|66ms
05:41:38.174 INFO  vert.x-eventloop-thread-0 SsoService           : sso ping {"result": "true"}
05:46:38.163 INFO  vert.x-eventloop-thread-0 BaseServiceProxy     : -> GET /sso/ping,200|57ms
05:46:38.164 INFO  vert.x-eventloop-thread-0 SsoService           : sso ping {"result": "true"}
05:51:38.165 INFO  vert.x-eventloop-thread-0 BaseServiceProxy     : -> GET /sso/ping,200|60ms
05:51:38.166 INFO  vert.x-eventloop-thread-0 SsoService           : sso ping {"result": "true"}
05:56:38.160 INFO  vert.x-eventloop-thread-0 BaseServiceProxy     : -> GET /sso/ping,200|56ms
05:56:38.160 INFO  vert.x-eventloop-thread-0 SsoService           : sso ping {"result": "true"}
06:01:38.169 INFO  vert.x-eventloop-thread-0 BaseServiceProxy     : -> GET /sso/ping,200|66ms
06:01:38.170 INFO  vert.x-eventloop-thread-0 SsoService           : sso ping {"result": "true"}
06:06:38.265 INFO  vert.x-eventloop-thread-0 BaseServiceProxy     : -> GET /sso/ping,200|149ms
06:06:38.266 INFO  vert.x-eventloop-thread-0 SsoService           : sso ping {"result": "true"}
06:11:38.209 INFO  vert.x-eventloop-thread-0 BaseServiceProxy     : -> GET /sso/ping,200|93ms
06:11:38.209 INFO  vert.x-eventloop-thread-0 SsoService           : sso ping {"result": "true"}
06:16:38.196 INFO  vert.x-eventloop-thread-0 BaseServiceProxy     : -> GET /sso/ping,200|81ms
06:16:38.198 INFO  vert.x-eventloop-thread-0 SsoService           : sso ping {"result": "true"}
06:21:38.194 INFO  vert.x-eventloop-thread-0 BaseServiceProxy     : -> GET /sso/ping,200|70ms
06:21:38.195 INFO  vert.x-eventloop-thread-0 SsoService           : sso ping {"result": "true"}
06:26:38.199 INFO  vert.x-eventloop-thread-0 BaseServiceProxy     : -> GET /sso/ping,200|76ms
06:26:38.200 INFO  vert.x-eventloop-thread-0 SsoService           : sso ping {"result": "true"}
06:47:17.610 ERROR vert.x-eventloop-thread-0 ConnectionBase       : java.net.SocketException: Connection reset
06:47:17.610 ERROR vert.x-eventloop-thread-0 BaseServiceProxy     : request failed Connection reset
java.net.SocketException: Connection reset
	at java.base/sun.nio.ch.SocketChannelImpl.throwConnectionReset(SocketChannelImpl.java:394)
	at java.base/sun.nio.ch.SocketChannelImpl.read(SocketChannelImpl.java:426)
	at io.netty.buffer.PooledUnsafeDirectByteBuf.setBytes(PooledUnsafeDirectByteBuf.java:288)
	at io.netty.buffer.AbstractByteBuf.writeBytes(AbstractByteBuf.java:1106)
	at io.netty.channel.socket.nio.NioSocketChannel.doReadBytes(NioSocketChannel.java:373)
	at io.netty.channel.nio.AbstractNioByteChannel$NioByteUnsafe.read(AbstractNioByteChannel.java:123)
	at io.netty.channel.nio.NioEventLoop.processSelectedKey(NioEventLoop.java:645)
	at io.netty.channel.nio.NioEventLoop.processSelectedKeysPlain(NioEventLoop.java:545)
	at io.netty.channel.nio.NioEventLoop.processSelectedKeys(NioEventLoop.java:499)
	at io.netty.channel.nio.NioEventLoop.run(NioEventLoop.java:459)
	at io.netty.util.concurrent.SingleThreadEventExecutor$5.run(SingleThreadEventExecutor.java:858)
	at java.base/java.lang.Thread.run(Thread.java:840)
06:52:17.743 INFO  vert.x-eventloop-thread-0 BaseServiceProxy     : -> GET /sso/ping,200|162ms
06:52:17.743 INFO  vert.x-eventloop-thread-0 SsoService           : sso ping {"result": "true"}
06:57:17.648 INFO  vert.x-eventloop-thread-0 BaseServiceProxy     : -> GET /sso/ping,200|67ms
06:57:17.648 INFO  vert.x-eventloop-thread-0 SsoService           : sso ping {"result": "true"}
07:02:17.676 INFO  vert.x-eventloop-thread-0 BaseServiceProxy     : -> GET /sso/ping,200|79ms
07:02:17.676 INFO  vert.x-eventloop-thread-0 SsoService           : sso ping {"result": "true"}
07:07:17.706 INFO  vert.x-eventloop-thread-0 BaseServiceProxy     : -> GET /sso/ping,200|104ms
07:07:17.707 INFO  vert.x-eventloop-thread-0 SsoService           : sso ping {"result": "true"}
07:12:17.675 INFO  vert.x-eventloop-thread-0 BaseServiceProxy     : -> GET /sso/ping,200|71ms
07:12:17.675 INFO  vert.x-eventloop-thread-0 SsoService           : sso ping {"result": "true"}
07:17:17.683 INFO  vert.x-eventloop-thread-0 BaseServiceProxy     : -> GET /sso/ping,200|78ms
07:17:17.683 INFO  vert.x-eventloop-thread-0 SsoService           : sso ping {"result": "true"}
07:22:17.683 INFO  vert.x-eventloop-thread-0 BaseServiceProxy     : -> GET /sso/ping,200|65ms
07:22:17.683 INFO  vert.x-eventloop-thread-0 SsoService           : sso ping {"result": "true"}
07:27:17.691 INFO  vert.x-eventloop-thread-0 BaseServiceProxy     : -> GET /sso/ping,200|70ms
07:27:17.692 INFO  vert.x-eventloop-thread-0 SsoService           : sso ping {"result": "true"}
07:32:17.807 INFO  vert.x-eventloop-thread-0 BaseServiceProxy     : -> GET /sso/ping,200|184ms
07:32:17.807 INFO  vert.x-eventloop-thread-0 SsoService           : sso ping {"result": "true"}
07:37:17.735 INFO  vert.x-eventloop-thread-0 BaseServiceProxy     : -> GET /sso/ping,200|110ms
07:37:17.736 INFO  vert.x-eventloop-thread-0 SsoService           : sso ping {"result": "true"}
07:42:17.630 INFO  vert.x-eventloop-thread-0 BaseServiceProxy     : -> GET /sso/ping,200|77ms
07:42:17.630 INFO  vert.x-eventloop-thread-0 SsoService           : sso ping {"result": "true"}
07:58:36.734 ERROR vert.x-eventloop-thread-0 ConnectionBase       : java.net.SocketException: Connection reset
07:58:36.734 ERROR vert.x-eventloop-thread-0 BaseServiceProxy     : request failed Connection reset
java.net.SocketException: Connection reset
	at java.base/sun.nio.ch.SocketChannelImpl.throwConnectionReset(SocketChannelImpl.java:394)
	at java.base/sun.nio.ch.SocketChannelImpl.read(SocketChannelImpl.java:426)
	at io.netty.buffer.PooledUnsafeDirectByteBuf.setBytes(PooledUnsafeDirectByteBuf.java:288)
	at io.netty.buffer.AbstractByteBuf.writeBytes(AbstractByteBuf.java:1106)
	at io.netty.channel.socket.nio.NioSocketChannel.doReadBytes(NioSocketChannel.java:373)
	at io.netty.channel.nio.AbstractNioByteChannel$NioByteUnsafe.read(AbstractNioByteChannel.java:123)
	at io.netty.channel.nio.NioEventLoop.processSelectedKey(NioEventLoop.java:645)
	at io.netty.channel.nio.NioEventLoop.processSelectedKeysPlain(NioEventLoop.java:545)
	at io.netty.channel.nio.NioEventLoop.processSelectedKeys(NioEventLoop.java:499)
	at io.netty.channel.nio.NioEventLoop.run(NioEventLoop.java:459)
	at io.netty.util.concurrent.SingleThreadEventExecutor$5.run(SingleThreadEventExecutor.java:858)
	at java.base/java.lang.Thread.run(Thread.java:840)
08:03:37.007 INFO  vert.x-eventloop-thread-0 BaseServiceProxy     : -> GET /sso/ping,200|306ms
08:03:37.009 INFO  vert.x-eventloop-thread-0 SsoService           : sso ping {"result": "true"}
08:08:37.056 INFO  vert.x-eventloop-thread-0 BaseServiceProxy     : -> GET /sso/ping,200|355ms
08:08:37.057 INFO  vert.x-eventloop-thread-0 SsoService           : sso ping {"result": "true"}
08:13:36.842 INFO  vert.x-eventloop-thread-0 BaseServiceProxy     : -> GET /sso/ping,200|141ms
08:13:36.845 INFO  vert.x-eventloop-thread-0 SsoService           : sso ping {"result": "true"}
08:18:36.799 INFO  vert.x-eventloop-thread-0 BaseServiceProxy     : -> GET /sso/ping,200|94ms
08:18:36.801 INFO  vert.x-eventloop-thread-0 SsoService           : sso ping {"result": "true"}
08:23:37.027 INFO  vert.x-eventloop-thread-0 BaseServiceProxy     : -> GET /sso/ping,200|321ms
08:23:37.029 INFO  vert.x-eventloop-thread-0 SsoService           : sso ping {"result": "true"}
08:28:36.875 INFO  vert.x-eventloop-thread-0 BaseServiceProxy     : -> GET /sso/ping,200|169ms
08:28:36.876 INFO  vert.x-eventloop-thread-0 SsoService           : sso ping {"result": "true"}
08:33:36.772 INFO  vert.x-eventloop-thread-0 BaseServiceProxy     : -> GET /sso/ping,200|67ms
08:33:36.773 INFO  vert.x-eventloop-thread-0 SsoService           : sso ping {"result": "true"}
09:00:34.706 ERROR vert.x-eventloop-thread-0 ConnectionBase       : java.net.SocketException: Connection reset
09:00:34.709 ERROR vert.x-eventloop-thread-0 BaseServiceProxy     : request failed Connection reset
java.net.SocketException: Connection reset
	at java.base/sun.nio.ch.SocketChannelImpl.throwConnectionReset(SocketChannelImpl.java:394)
	at java.base/sun.nio.ch.SocketChannelImpl.read(SocketChannelImpl.java:426)
	at io.netty.buffer.PooledUnsafeDirectByteBuf.setBytes(PooledUnsafeDirectByteBuf.java:288)
	at io.netty.buffer.AbstractByteBuf.writeBytes(AbstractByteBuf.java:1106)
	at io.netty.channel.socket.nio.NioSocketChannel.doReadBytes(NioSocketChannel.java:373)
	at io.netty.channel.nio.AbstractNioByteChannel$NioByteUnsafe.read(AbstractNioByteChannel.java:123)
	at io.netty.channel.nio.NioEventLoop.processSelectedKey(NioEventLoop.java:645)
	at io.netty.channel.nio.NioEventLoop.processSelectedKeysPlain(NioEventLoop.java:545)
	at io.netty.channel.nio.NioEventLoop.processSelectedKeys(NioEventLoop.java:499)
	at io.netty.channel.nio.NioEventLoop.run(NioEventLoop.java:459)
	at io.netty.util.concurrent.SingleThreadEventExecutor$5.run(SingleThreadEventExecutor.java:858)
	at java.base/java.lang.Thread.run(Thread.java:840)
09:05:34.813 INFO  vert.x-eventloop-thread-0 BaseServiceProxy     : -> GET /sso/ping,200|190ms
09:05:34.814 INFO  vert.x-eventloop-thread-0 SsoService           : sso ping {"result": "true"}
09:10:34.776 INFO  vert.x-eventloop-thread-0 BaseServiceProxy     : -> GET /sso/ping,200|155ms
09:10:34.779 INFO  vert.x-eventloop-thread-0 SsoService           : sso ping {"result": "true"}
09:15:34.816 INFO  vert.x-eventloop-thread-0 BaseServiceProxy     : -> GET /sso/ping,200|158ms
09:15:34.818 INFO  vert.x-eventloop-thread-0 SsoService           : sso ping {"result": "true"}
09:20:34.753 INFO  vert.x-eventloop-thread-0 BaseServiceProxy     : -> GET /sso/ping,200|94ms
09:20:34.755 INFO  vert.x-eventloop-thread-0 SsoService           : sso ping {"result": "true"}
09:25:34.748 INFO  vert.x-eventloop-thread-0 BaseServiceProxy     : -> GET /sso/ping,200|89ms
09:25:34.750 INFO  vert.x-eventloop-thread-0 SsoService           : sso ping {"result": "true"}
09:30:34.855 INFO  vert.x-eventloop-thread-0 BaseServiceProxy     : -> GET /sso/ping,200|156ms
09:30:34.858 INFO  vert.x-eventloop-thread-0 SsoService           : sso ping {"result": "true"}
09:35:34.872 INFO  vert.x-eventloop-thread-0 BaseServiceProxy     : -> GET /sso/ping,200|170ms
09:35:34.875 INFO  vert.x-eventloop-thread-0 SsoService           : sso ping {"result": "true"}
09:40:34.793 INFO  vert.x-eventloop-thread-0 BaseServiceProxy     : -> GET /sso/ping,200|88ms
09:40:34.795 INFO  vert.x-eventloop-thread-0 SsoService           : sso ping {"result": "true"}
09:45:34.890 INFO  vert.x-eventloop-thread-0 BaseServiceProxy     : -> GET /sso/ping,200|183ms
09:45:34.891 INFO  vert.x-eventloop-thread-0 SsoService           : sso ping {"result": "true"}
09:50:34.864 INFO  vert.x-eventloop-thread-0 BaseServiceProxy     : -> GET /sso/ping,200|175ms
09:50:34.865 INFO  vert.x-eventloop-thread-0 SsoService           : sso ping {"result": "true"}
09:55:34.781 INFO  vert.x-eventloop-thread-0 BaseServiceProxy     : -> GET /sso/ping,200|91ms
09:55:34.782 INFO  vert.x-eventloop-thread-0 SsoService           : sso ping {"result": "true"}
10:00:34.851 INFO  vert.x-eventloop-thread-0 BaseServiceProxy     : -> GET /sso/ping,200|159ms
10:00:34.853 INFO  vert.x-eventloop-thread-0 SsoService           : sso ping {"result": "true"}
10:05:34.843 INFO  vert.x-eventloop-thread-0 BaseServiceProxy     : -> GET /sso/ping,200|150ms
10:05:34.846 INFO  vert.x-eventloop-thread-0 SsoService           : sso ping {"result": "true"}
10:10:34.809 INFO  vert.x-eventloop-thread-0 BaseServiceProxy     : -> GET /sso/ping,200|93ms
10:10:34.810 INFO  vert.x-eventloop-thread-0 SsoService           : sso ping {"result": "true"}
10:15:34.823 INFO  vert.x-eventloop-thread-0 BaseServiceProxy     : -> GET /sso/ping,200|105ms
10:15:34.825 INFO  vert.x-eventloop-thread-0 SsoService           : sso ping {"result": "true"}
10:20:34.832 INFO  vert.x-eventloop-thread-0 BaseServiceProxy     : -> GET /sso/ping,200|109ms
10:20:34.834 INFO  vert.x-eventloop-thread-0 SsoService           : sso ping {"result": "true"}
10:25:34.835 INFO  vert.x-eventloop-thread-0 BaseServiceProxy     : -> GET /sso/ping,200|111ms
10:25:34.836 INFO  vert.x-eventloop-thread-0 SsoService           : sso ping {"result": "true"}
10:30:34.964 INFO  vert.x-eventloop-thread-0 BaseServiceProxy     : -> GET /sso/ping,200|229ms
10:30:34.966 INFO  vert.x-eventloop-thread-0 SsoService           : sso ping {"result": "true"}
10:35:34.829 INFO  vert.x-eventloop-thread-0 BaseServiceProxy     : -> GET /sso/ping,200|92ms
10:35:34.829 INFO  vert.x-eventloop-thread-0 SsoService           : sso ping {"result": "true"}
10:40:34.831 INFO  vert.x-eventloop-thread-0 BaseServiceProxy     : -> GET /sso/ping,200|90ms
10:40:34.833 INFO  vert.x-eventloop-thread-0 SsoService           : sso ping {"result": "true"}
10:45:34.810 INFO  vert.x-eventloop-thread-0 BaseServiceProxy     : -> GET /sso/ping,200|66ms
10:45:34.812 INFO  vert.x-eventloop-thread-0 SsoService           : sso ping {"result": "true"}
10:50:34.792 INFO  vert.x-eventloop-thread-0 BaseServiceProxy     : -> GET /sso/ping,200|70ms
10:50:34.793 INFO  vert.x-eventloop-thread-0 SsoService           : sso ping {"result": "true"}
10:55:34.794 INFO  vert.x-eventloop-thread-0 BaseServiceProxy     : -> GET /sso/ping,200|70ms
10:55:34.796 INFO  vert.x-eventloop-thread-0 SsoService           : sso ping {"result": "true"}
11:00:34.885 INFO  vert.x-eventloop-thread-0 BaseServiceProxy     : -> GET /sso/ping,200|157ms
11:00:34.887 INFO  vert.x-eventloop-thread-0 SsoService           : sso ping {"result": "true"}
11:05:34.836 INFO  vert.x-eventloop-thread-0 BaseServiceProxy     : -> GET /sso/ping,200|101ms
11:05:34.838 INFO  vert.x-eventloop-thread-0 SsoService           : sso ping {"result": "true"}
11:19:48.511 ERROR vert.x-eventloop-thread-0 ConnectionBase       : java.net.SocketException: Connection reset
11:19:48.513 ERROR vert.x-eventloop-thread-0 BaseServiceProxy     : request failed Connection reset
java.net.SocketException: Connection reset
	at java.base/sun.nio.ch.SocketChannelImpl.throwConnectionReset(SocketChannelImpl.java:394)
	at java.base/sun.nio.ch.SocketChannelImpl.read(SocketChannelImpl.java:426)
	at io.netty.buffer.PooledUnsafeDirectByteBuf.setBytes(PooledUnsafeDirectByteBuf.java:288)
	at io.netty.buffer.AbstractByteBuf.writeBytes(AbstractByteBuf.java:1106)
	at io.netty.channel.socket.nio.NioSocketChannel.doReadBytes(NioSocketChannel.java:373)
	at io.netty.channel.nio.AbstractNioByteChannel$NioByteUnsafe.read(AbstractNioByteChannel.java:123)
	at io.netty.channel.nio.NioEventLoop.processSelectedKey(NioEventLoop.java:645)
	at io.netty.channel.nio.NioEventLoop.processSelectedKeysPlain(NioEventLoop.java:545)
	at io.netty.channel.nio.NioEventLoop.processSelectedKeys(NioEventLoop.java:499)
	at io.netty.channel.nio.NioEventLoop.run(NioEventLoop.java:459)
	at io.netty.util.concurrent.SingleThreadEventExecutor$5.run(SingleThreadEventExecutor.java:858)
	at java.base/java.lang.Thread.run(Thread.java:840)
11:24:57.115 INFO  vert.x-eventloop-thread-0 BaseServiceProxy     : -> GET /sso/ping,200|8654ms
11:24:57.116 INFO  vert.x-eventloop-thread-0 SsoService           : sso ping {"result": "true"}
11:29:48.638 INFO  vert.x-eventloop-thread-0 BaseServiceProxy     : -> GET /sso/ping,200|174ms
11:29:48.639 INFO  vert.x-eventloop-thread-0 SsoService           : sso ping {"result": "true"}
11:34:48.740 INFO  vert.x-eventloop-thread-0 BaseServiceProxy     : -> GET /sso/ping,200|274ms
11:34:48.741 INFO  vert.x-eventloop-thread-0 SsoService           : sso ping {"result": "true"}
11:39:48.550 INFO  vert.x-eventloop-thread-0 BaseServiceProxy     : -> GET /sso/ping,200|81ms
11:39:48.552 INFO  vert.x-eventloop-thread-0 SsoService           : sso ping {"result": "true"}
11:44:48.573 INFO  vert.x-eventloop-thread-0 BaseServiceProxy     : -> GET /sso/ping,200|102ms
11:44:48.574 INFO  vert.x-eventloop-thread-0 SsoService           : sso ping {"result": "true"}
11:49:48.798 INFO  vert.x-eventloop-thread-0 BaseServiceProxy     : -> GET /sso/ping,200|314ms
11:49:48.800 INFO  vert.x-eventloop-thread-0 SsoService           : sso ping {"result": "true"}
11:54:48.652 INFO  vert.x-eventloop-thread-0 BaseServiceProxy     : -> GET /sso/ping,200|185ms
11:54:48.653 INFO  vert.x-eventloop-thread-0 SsoService           : sso ping {"result": "true"}
11:59:48.573 INFO  vert.x-eventloop-thread-0 BaseServiceProxy     : -> GET /sso/ping,200|103ms
11:59:48.574 INFO  vert.x-eventloop-thread-0 SsoService           : sso ping {"result": "true"}
12:04:48.622 INFO  vert.x-eventloop-thread-0 BaseServiceProxy     : -> GET /sso/ping,200|151ms
12:04:48.623 INFO  vert.x-eventloop-thread-0 SsoService           : sso ping {"result": "true"}
12:09:48.559 INFO  vert.x-eventloop-thread-0 BaseServiceProxy     : -> GET /sso/ping,200|135ms
12:09:48.560 INFO  vert.x-eventloop-thread-0 SsoService           : sso ping {"result": "true"}
12:14:48.500 INFO  vert.x-eventloop-thread-0 BaseServiceProxy     : -> GET /sso/ping,200|79ms
12:14:48.501 INFO  vert.x-eventloop-thread-0 SsoService           : sso ping {"result": "true"}
12:19:48.557 INFO  vert.x-eventloop-thread-0 BaseServiceProxy     : -> GET /sso/ping,200|135ms
12:19:48.559 INFO  vert.x-eventloop-thread-0 SsoService           : sso ping {"result": "true"}
12:24:48.563 INFO  vert.x-eventloop-thread-0 BaseServiceProxy     : -> GET /sso/ping,200|131ms
12:24:48.564 INFO  vert.x-eventloop-thread-0 SsoService           : sso ping {"result": "true"}
12:29:48.576 INFO  vert.x-eventloop-thread-0 BaseServiceProxy     : -> GET /sso/ping,200|138ms
12:29:48.578 INFO  vert.x-eventloop-thread-0 SsoService           : sso ping {"result": "true"}
12:34:48.499 INFO  vert.x-eventloop-thread-0 BaseServiceProxy     : -> GET /sso/ping,200|61ms
12:34:48.500 INFO  vert.x-eventloop-thread-0 SsoService           : sso ping {"result": "true"}
12:39:48.522 INFO  vert.x-eventloop-thread-0 BaseServiceProxy     : -> GET /sso/ping,200|84ms
12:39:48.522 INFO  vert.x-eventloop-thread-0 SsoService           : sso ping {"result": "true"}
12:44:48.572 INFO  vert.x-eventloop-thread-0 BaseServiceProxy     : -> GET /sso/ping,200|123ms
12:44:48.573 INFO  vert.x-eventloop-thread-0 SsoService           : sso ping {"result": "true"}
13:20:08.217 ERROR vert.x-eventloop-thread-0 ConnectionBase       : java.net.SocketException: Connection reset
13:20:08.218 ERROR vert.x-eventloop-thread-0 BaseServiceProxy     : request failed Connection reset
java.net.SocketException: Connection reset
	at java.base/sun.nio.ch.SocketChannelImpl.throwConnectionReset(SocketChannelImpl.java:394)
	at java.base/sun.nio.ch.SocketChannelImpl.read(SocketChannelImpl.java:426)
	at io.netty.buffer.PooledUnsafeDirectByteBuf.setBytes(PooledUnsafeDirectByteBuf.java:288)
	at io.netty.buffer.AbstractByteBuf.writeBytes(AbstractByteBuf.java:1106)
	at io.netty.channel.socket.nio.NioSocketChannel.doReadBytes(NioSocketChannel.java:373)
	at io.netty.channel.nio.AbstractNioByteChannel$NioByteUnsafe.read(AbstractNioByteChannel.java:123)
	at io.netty.channel.nio.NioEventLoop.processSelectedKey(NioEventLoop.java:645)
	at io.netty.channel.nio.NioEventLoop.processSelectedKeysPlain(NioEventLoop.java:545)
	at io.netty.channel.nio.NioEventLoop.processSelectedKeys(NioEventLoop.java:499)
	at io.netty.channel.nio.NioEventLoop.run(NioEventLoop.java:459)
	at io.netty.util.concurrent.SingleThreadEventExecutor$5.run(SingleThreadEventExecutor.java:858)
	at java.base/java.lang.Thread.run(Thread.java:840)
13:25:08.419 INFO  vert.x-eventloop-thread-0 BaseServiceProxy     : -> GET /sso/ping,200|242ms
13:25:08.420 INFO  vert.x-eventloop-thread-0 SsoService           : sso ping {"result": "true"}
13:30:08.281 INFO  vert.x-eventloop-thread-0 BaseServiceProxy     : -> GET /sso/ping,200|103ms
13:30:08.281 INFO  vert.x-eventloop-thread-0 SsoService           : sso ping {"result": "true"}
14:12:34.021 ERROR vert.x-eventloop-thread-0 ConnectionBase       : java.io.IOException: Operation timed out
14:12:34.022 ERROR vert.x-eventloop-thread-0 BaseServiceProxy     : request failed Operation timed out
java.io.IOException: Operation timed out
	at java.base/sun.nio.ch.SocketDispatcher.read0(Native Method)
	at java.base/sun.nio.ch.SocketDispatcher.read(SocketDispatcher.java:47)
	at java.base/sun.nio.ch.IOUtil.readIntoNativeBuffer(IOUtil.java:330)
	at java.base/sun.nio.ch.IOUtil.read(IOUtil.java:284)
	at java.base/sun.nio.ch.IOUtil.read(IOUtil.java:259)
	at java.base/sun.nio.ch.SocketChannelImpl.read(SocketChannelImpl.java:417)
	at io.netty.buffer.PooledUnsafeDirectByteBuf.setBytes(PooledUnsafeDirectByteBuf.java:288)
	at io.netty.buffer.AbstractByteBuf.writeBytes(AbstractByteBuf.java:1106)
	at io.netty.channel.socket.nio.NioSocketChannel.doReadBytes(NioSocketChannel.java:373)
	at io.netty.channel.nio.AbstractNioByteChannel$NioByteUnsafe.read(AbstractNioByteChannel.java:123)
	at io.netty.channel.nio.NioEventLoop.processSelectedKey(NioEventLoop.java:645)
	at io.netty.channel.nio.NioEventLoop.processSelectedKeysPlain(NioEventLoop.java:545)
	at io.netty.channel.nio.NioEventLoop.processSelectedKeys(NioEventLoop.java:499)
	at io.netty.channel.nio.NioEventLoop.run(NioEventLoop.java:459)
	at io.netty.util.concurrent.SingleThreadEventExecutor$5.run(SingleThreadEventExecutor.java:858)
	at java.base/java.lang.Thread.run(Thread.java:840)
14:57:32.193 INFO  vert.x-eventloop-thread-0 BaseServiceProxy     : -> GET /sso/ping,200|2348ms
14:57:32.194 INFO  vert.x-eventloop-thread-0 SsoService           : sso ping {"result": "false"}
15:02:30.865 INFO  vert.x-eventloop-thread-0 BaseServiceProxy     : -> GET /sso/ping,200|1020ms
15:02:30.866 INFO  vert.x-eventloop-thread-0 SsoService           : sso ping {"result": "true"}
15:07:32.064 INFO  vert.x-eventloop-thread-0 BaseServiceProxy     : -> GET /sso/ping,200|2222ms
15:07:32.065 INFO  vert.x-eventloop-thread-0 SsoService           : sso ping {"result": "true"}
15:12:30.613 INFO  vert.x-eventloop-thread-0 BaseServiceProxy     : -> GET /sso/ping,200|804ms
15:12:30.614 INFO  vert.x-eventloop-thread-0 SsoService           : sso ping {"result": "true"}
15:17:30.650 INFO  vert.x-eventloop-thread-0 BaseServiceProxy     : -> GET /sso/ping,200|886ms
15:17:30.652 INFO  vert.x-eventloop-thread-0 SsoService           : sso ping {"result": "true"}
15:22:31.761 INFO  vert.x-eventloop-thread-0 BaseServiceProxy     : -> GET /sso/ping,200|2003ms
15:22:31.761 INFO  vert.x-eventloop-thread-0 SsoService           : sso ping {"result": "true"}
15:27:30.974 INFO  vert.x-eventloop-thread-0 BaseServiceProxy     : -> GET /sso/ping,200|1219ms
15:27:30.975 INFO  vert.x-eventloop-thread-0 SsoService           : sso ping {"result": "true"}
15:32:31.110 INFO  vert.x-eventloop-thread-0 BaseServiceProxy     : -> GET /sso/ping,200|1360ms
15:32:31.110 INFO  vert.x-eventloop-thread-0 SsoService           : sso ping {"result": "true"}
15:37:30.925 INFO  vert.x-eventloop-thread-0 BaseServiceProxy     : -> GET /sso/ping,200|1178ms
15:37:30.926 INFO  vert.x-eventloop-thread-0 SsoService           : sso ping {"result": "true"}
15:42:31.420 INFO  vert.x-eventloop-thread-0 BaseServiceProxy     : -> GET /sso/ping,200|1677ms
15:42:31.420 INFO  vert.x-eventloop-thread-0 SsoService           : sso ping {"result": "true"}
18:18:50.128 INFO  vert.x-eventloop-thread-0 BaseServiceProxy     : -> GET /sso/ping,200|176ms
18:18:50.130 INFO  vert.x-eventloop-thread-0 SsoService           : sso ping {"result": "false"}
18:23:06.224 ERROR vert.x-eventloop-thread-0 ConnectionBase       : java.io.IOException: Operation timed out
18:23:06.225 ERROR vert.x-eventloop-thread-0 BaseServiceProxy     : request failed Operation timed out
java.io.IOException: Operation timed out
	at java.base/sun.nio.ch.SocketDispatcher.read0(Native Method)
	at java.base/sun.nio.ch.SocketDispatcher.read(SocketDispatcher.java:47)
	at java.base/sun.nio.ch.IOUtil.readIntoNativeBuffer(IOUtil.java:330)
	at java.base/sun.nio.ch.IOUtil.read(IOUtil.java:284)
	at java.base/sun.nio.ch.IOUtil.read(IOUtil.java:259)
	at java.base/sun.nio.ch.SocketChannelImpl.read(SocketChannelImpl.java:417)
	at io.netty.buffer.PooledUnsafeDirectByteBuf.setBytes(PooledUnsafeDirectByteBuf.java:288)
	at io.netty.buffer.AbstractByteBuf.writeBytes(AbstractByteBuf.java:1106)
	at io.netty.channel.socket.nio.NioSocketChannel.doReadBytes(NioSocketChannel.java:373)
	at io.netty.channel.nio.AbstractNioByteChannel$NioByteUnsafe.read(AbstractNioByteChannel.java:123)
	at io.netty.channel.nio.NioEventLoop.processSelectedKey(NioEventLoop.java:645)
	at io.netty.channel.nio.NioEventLoop.processSelectedKeysPlain(NioEventLoop.java:545)
	at io.netty.channel.nio.NioEventLoop.processSelectedKeys(NioEventLoop.java:499)
	at io.netty.channel.nio.NioEventLoop.run(NioEventLoop.java:459)
	at io.netty.util.concurrent.SingleThreadEventExecutor$5.run(SingleThreadEventExecutor.java:858)
	at java.base/java.lang.Thread.run(Thread.java:840)
18:23:50.074 INFO  vert.x-eventloop-thread-0 BaseServiceProxy     : -> GET /sso/ping,200|82ms
18:23:50.074 INFO  vert.x-eventloop-thread-0 SsoService           : sso ping {"result": "true"}
18:28:50.069 INFO  vert.x-eventloop-thread-0 BaseServiceProxy     : -> GET /sso/ping,200|75ms
18:28:50.070 INFO  vert.x-eventloop-thread-0 SsoService           : sso ping {"result": "true"}
18:33:50.111 INFO  vert.x-eventloop-thread-0 BaseServiceProxy     : -> GET /sso/ping,200|114ms
18:33:50.119 INFO  vert.x-eventloop-thread-0 SsoService           : sso ping {"result": "true"}
18:38:50.029 INFO  vert.x-eventloop-thread-0 BaseServiceProxy     : -> GET /sso/ping,200|86ms
18:38:50.030 INFO  vert.x-eventloop-thread-0 SsoService           : sso ping {"result": "true"}
18:43:50.091 INFO  vert.x-eventloop-thread-0 BaseServiceProxy     : -> GET /sso/ping,200|149ms
18:43:50.093 INFO  vert.x-eventloop-thread-0 SsoService           : sso ping {"result": "true"}
18:48:50.077 INFO  vert.x-eventloop-thread-0 BaseServiceProxy     : -> GET /sso/ping,200|139ms
18:48:50.078 INFO  vert.x-eventloop-thread-0 SsoService           : sso ping {"result": "true"}
18:53:50.028 INFO  vert.x-eventloop-thread-0 BaseServiceProxy     : -> GET /sso/ping,200|91ms
18:53:50.029 INFO  vert.x-eventloop-thread-0 SsoService           : sso ping {"result": "true"}
18:58:50.043 INFO  vert.x-eventloop-thread-0 BaseServiceProxy     : -> GET /sso/ping,200|89ms
18:58:50.043 INFO  vert.x-eventloop-thread-0 SsoService           : sso ping {"result": "true"}
19:03:50.139 INFO  vert.x-eventloop-thread-0 BaseServiceProxy     : -> GET /sso/ping,200|185ms
19:03:50.140 INFO  vert.x-eventloop-thread-0 SsoService           : sso ping {"result": "true"}
19:08:50.019 INFO  vert.x-eventloop-thread-0 BaseServiceProxy     : -> GET /sso/ping,200|65ms
19:08:50.019 INFO  vert.x-eventloop-thread-0 SsoService           : sso ping {"result": "true"}
19:13:50.057 INFO  vert.x-eventloop-thread-0 BaseServiceProxy     : -> GET /sso/ping,200|85ms
19:13:50.058 INFO  vert.x-eventloop-thread-0 SsoService           : sso ping {"result": "true"}
19:18:50.095 INFO  vert.x-eventloop-thread-0 BaseServiceProxy     : -> GET /sso/ping,200|121ms
19:18:50.095 INFO  vert.x-eventloop-thread-0 SsoService           : sso ping {"result": "true"}
19:23:50.066 INFO  vert.x-eventloop-thread-0 BaseServiceProxy     : -> GET /sso/ping,200|91ms
19:23:50.069 INFO  vert.x-eventloop-thread-0 SsoService           : sso ping {"result": "true"}
19:28:50.098 INFO  vert.x-eventloop-thread-0 BaseServiceProxy     : -> GET /sso/ping,200|122ms
19:28:50.100 INFO  vert.x-eventloop-thread-0 SsoService           : sso ping {"result": "true"}
19:33:50.111 INFO  vert.x-eventloop-thread-0 BaseServiceProxy     : -> GET /sso/ping,200|126ms
19:33:50.112 INFO  vert.x-eventloop-thread-0 SsoService           : sso ping {"result": "true"}
19:38:50.097 INFO  vert.x-eventloop-thread-0 BaseServiceProxy     : -> GET /sso/ping,200|110ms
19:38:50.098 INFO  vert.x-eventloop-thread-0 SsoService           : sso ping {"result": "true"}
19:43:50.067 INFO  vert.x-eventloop-thread-0 BaseServiceProxy     : -> GET /sso/ping,200|78ms
19:43:50.070 INFO  vert.x-eventloop-thread-0 SsoService           : sso ping {"result": "true"}
19:48:50.200 INFO  vert.x-eventloop-thread-0 BaseServiceProxy     : -> GET /sso/ping,200|241ms
19:48:50.201 INFO  vert.x-eventloop-thread-0 SsoService           : sso ping {"result": "true"}
19:53:50.181 INFO  vert.x-eventloop-thread-0 BaseServiceProxy     : -> GET /sso/ping,200|223ms
19:53:50.182 INFO  vert.x-eventloop-thread-0 SsoService           : sso ping {"result": "true"}
19:58:50.181 INFO  vert.x-eventloop-thread-0 BaseServiceProxy     : -> GET /sso/ping,200|225ms
19:58:50.182 INFO  vert.x-eventloop-thread-0 SsoService           : sso ping {"result": "true"}
20:03:50.029 INFO  vert.x-eventloop-thread-0 BaseServiceProxy     : -> GET /sso/ping,200|73ms
20:03:50.030 INFO  vert.x-eventloop-thread-0 SsoService           : sso ping {"result": "true"}
20:08:50.036 INFO  vert.x-eventloop-thread-0 BaseServiceProxy     : -> GET /sso/ping,200|80ms
20:08:50.037 INFO  vert.x-eventloop-thread-0 SsoService           : sso ping {"result": "true"}
20:13:50.136 INFO  vert.x-eventloop-thread-0 BaseServiceProxy     : -> GET /sso/ping,200|181ms
20:13:50.137 INFO  vert.x-eventloop-thread-0 SsoService           : sso ping {"result": "true"}
20:18:50.166 INFO  vert.x-eventloop-thread-0 BaseServiceProxy     : -> GET /sso/ping,200|212ms
20:18:50.168 INFO  vert.x-eventloop-thread-0 SsoService           : sso ping {"result": "true"}
20:27:06.333 INFO  vert.x-eventloop-thread-0 BaseServiceProxy     : -> GET /sso/ping,200|69ms
20:27:06.334 INFO  vert.x-eventloop-thread-0 SsoService           : sso ping {"result": "true"}
20:32:06.353 INFO  vert.x-eventloop-thread-0 BaseServiceProxy     : -> GET /sso/ping,200|89ms
20:32:06.355 INFO  vert.x-eventloop-thread-0 SsoService           : sso ping {"result": "true"}
20:37:06.335 INFO  vert.x-eventloop-thread-0 BaseServiceProxy     : -> GET /sso/ping,200|69ms
20:37:06.336 INFO  vert.x-eventloop-thread-0 SsoService           : sso ping {"result": "true"}
20:43:03.743 ERROR vert.x-eventloop-thread-0 ConnectionBase       : java.io.IOException: No route to host
20:43:03.744 ERROR vert.x-eventloop-thread-0 BaseServiceProxy     : request failed No route to host
java.io.IOException: No route to host
	at java.base/sun.nio.ch.SocketDispatcher.read0(Native Method)
	at java.base/sun.nio.ch.SocketDispatcher.read(SocketDispatcher.java:47)
	at java.base/sun.nio.ch.IOUtil.readIntoNativeBuffer(IOUtil.java:330)
	at java.base/sun.nio.ch.IOUtil.read(IOUtil.java:284)
	at java.base/sun.nio.ch.IOUtil.read(IOUtil.java:259)
	at java.base/sun.nio.ch.SocketChannelImpl.read(SocketChannelImpl.java:417)
	at io.netty.buffer.PooledUnsafeDirectByteBuf.setBytes(PooledUnsafeDirectByteBuf.java:288)
	at io.netty.buffer.AbstractByteBuf.writeBytes(AbstractByteBuf.java:1106)
	at io.netty.channel.socket.nio.NioSocketChannel.doReadBytes(NioSocketChannel.java:373)
	at io.netty.channel.nio.AbstractNioByteChannel$NioByteUnsafe.read(AbstractNioByteChannel.java:123)
	at io.netty.channel.nio.NioEventLoop.processSelectedKey(NioEventLoop.java:645)
	at io.netty.channel.nio.NioEventLoop.processSelectedKeysPlain(NioEventLoop.java:545)
	at io.netty.channel.nio.NioEventLoop.processSelectedKeys(NioEventLoop.java:499)
	at io.netty.channel.nio.NioEventLoop.run(NioEventLoop.java:459)
	at io.netty.util.concurrent.SingleThreadEventExecutor$5.run(SingleThreadEventExecutor.java:858)
	at java.base/java.lang.Thread.run(Thread.java:840)
20:48:02.562 INFO  vert.x-eventloop-thread-0 BaseServiceProxy     : -> GET /sso/ping,200|56293ms
20:48:02.563 INFO  vert.x-eventloop-thread-0 SsoService           : sso ping {"result": "true"}
20:52:06.335 INFO  vert.x-eventloop-thread-0 BaseServiceProxy     : -> GET /sso/ping,200|61ms
20:52:06.336 INFO  vert.x-eventloop-thread-0 SsoService           : sso ping {"result": "true"}
20:57:06.337 INFO  vert.x-eventloop-thread-0 BaseServiceProxy     : -> GET /sso/ping,200|68ms
20:57:06.338 INFO  vert.x-eventloop-thread-0 SsoService           : sso ping {"result": "true"}
21:02:06.430 INFO  vert.x-eventloop-thread-0 BaseServiceProxy     : -> GET /sso/ping,200|114ms
21:02:06.430 INFO  vert.x-eventloop-thread-0 SsoService           : sso ping {"result": "true"}
21:13:53.861 ERROR vert.x-eventloop-thread-0 ConnectionBase       : java.net.SocketException: Connection reset
21:13:53.862 ERROR vert.x-eventloop-thread-0 BaseServiceProxy     : request failed Connection reset
java.net.SocketException: Connection reset
	at java.base/sun.nio.ch.SocketChannelImpl.throwConnectionReset(SocketChannelImpl.java:394)
	at java.base/sun.nio.ch.SocketChannelImpl.read(SocketChannelImpl.java:426)
	at io.netty.buffer.PooledUnsafeDirectByteBuf.setBytes(PooledUnsafeDirectByteBuf.java:288)
	at io.netty.buffer.AbstractByteBuf.writeBytes(AbstractByteBuf.java:1106)
	at io.netty.channel.socket.nio.NioSocketChannel.doReadBytes(NioSocketChannel.java:373)
	at io.netty.channel.nio.AbstractNioByteChannel$NioByteUnsafe.read(AbstractNioByteChannel.java:123)
	at io.netty.channel.nio.NioEventLoop.processSelectedKey(NioEventLoop.java:645)
	at io.netty.channel.nio.NioEventLoop.processSelectedKeysPlain(NioEventLoop.java:545)
	at io.netty.channel.nio.NioEventLoop.processSelectedKeys(NioEventLoop.java:499)
	at io.netty.channel.nio.NioEventLoop.run(NioEventLoop.java:459)
	at io.netty.util.concurrent.SingleThreadEventExecutor$5.run(SingleThreadEventExecutor.java:858)
	at java.base/java.lang.Thread.run(Thread.java:840)
21:18:54.496 INFO  vert.x-eventloop-thread-0 BaseServiceProxy     : -> GET /sso/ping,200|662ms
21:18:54.496 INFO  vert.x-eventloop-thread-0 SsoService           : sso ping {"result": "true"}
21:23:53.938 INFO  vert.x-eventloop-thread-0 BaseServiceProxy     : -> GET /sso/ping,200|112ms
21:23:53.940 INFO  vert.x-eventloop-thread-0 SsoService           : sso ping {"result": "true"}
21:28:53.890 INFO  vert.x-eventloop-thread-0 BaseServiceProxy     : -> GET /sso/ping,200|63ms
21:28:53.891 INFO  vert.x-eventloop-thread-0 SsoService           : sso ping {"result": "true"}
21:54:25.361 ERROR vert.x-eventloop-thread-0 ConnectionBase       : java.net.SocketException: Connection reset
21:54:25.362 ERROR vert.x-eventloop-thread-0 BaseServiceProxy     : request failed Connection reset
java.net.SocketException: Connection reset
	at java.base/sun.nio.ch.SocketChannelImpl.throwConnectionReset(SocketChannelImpl.java:394)
	at java.base/sun.nio.ch.SocketChannelImpl.read(SocketChannelImpl.java:426)
	at io.netty.buffer.PooledUnsafeDirectByteBuf.setBytes(PooledUnsafeDirectByteBuf.java:288)
	at io.netty.buffer.AbstractByteBuf.writeBytes(AbstractByteBuf.java:1106)
	at io.netty.channel.socket.nio.NioSocketChannel.doReadBytes(NioSocketChannel.java:373)
	at io.netty.channel.nio.AbstractNioByteChannel$NioByteUnsafe.read(AbstractNioByteChannel.java:123)
	at io.netty.channel.nio.NioEventLoop.processSelectedKey(NioEventLoop.java:645)
	at io.netty.channel.nio.NioEventLoop.processSelectedKeysPlain(NioEventLoop.java:545)
	at io.netty.channel.nio.NioEventLoop.processSelectedKeys(NioEventLoop.java:499)
	at io.netty.channel.nio.NioEventLoop.run(NioEventLoop.java:459)
	at io.netty.util.concurrent.SingleThreadEventExecutor$5.run(SingleThreadEventExecutor.java:858)
	at java.base/java.lang.Thread.run(Thread.java:840)
22:05:26.284 ERROR vert.x-eventloop-thread-0 BaseServiceProxy     : request failed api.ibkr.com: nodename nor servname provided, or not known
java.net.UnknownHostException: api.ibkr.com: nodename nor servname provided, or not known
	at java.base/java.net.Inet4AddressImpl.lookupAllHostAddr(Native Method)
	at java.base/java.net.InetAddress$PlatformNameService.lookupAllHostAddr(InetAddress.java:934)
	at java.base/java.net.InetAddress.getAddressesFromNameService(InetAddress.java:1543)
	at java.base/java.net.InetAddress$NameServiceAddresses.get(InetAddress.java:852)
	at java.base/java.net.InetAddress.getAllByName0(InetAddress.java:1533)
	at java.base/java.net.InetAddress.getAllByName(InetAddress.java:1385)
	at java.base/java.net.InetAddress.getAllByName(InetAddress.java:1306)
	at java.base/java.net.InetAddress.getByName(InetAddress.java:1256)
	at io.netty.util.internal.SocketUtils$8.run(SocketUtils.java:146)
	at io.netty.util.internal.SocketUtils$8.run(SocketUtils.java:143)
	at java.base/java.security.AccessController.doPrivileged(AccessController.java:569)
	at io.netty.util.internal.SocketUtils.addressByName(SocketUtils.java:143)
	at io.netty.resolver.DefaultNameResolver.doResolve(DefaultNameResolver.java:43)
	at io.netty.resolver.SimpleNameResolver.resolve(SimpleNameResolver.java:63)
	at io.netty.resolver.SimpleNameResolver.resolve(SimpleNameResolver.java:55)
	at io.netty.resolver.InetSocketAddressResolver.doResolve(InetSocketAddressResolver.java:57)
	at io.netty.resolver.InetSocketAddressResolver.doResolve(InetSocketAddressResolver.java:32)
	at io.netty.resolver.AbstractAddressResolver.resolve(AbstractAddressResolver.java:108)
	at io.netty.bootstrap.Bootstrap.doResolveAndConnect0(Bootstrap.java:208)
	at io.netty.bootstrap.Bootstrap.doResolveAndConnect(Bootstrap.java:170)
	at io.netty.bootstrap.Bootstrap.connect(Bootstrap.java:145)
	at io.vertx.core.net.impl.ChannelProvider.connect(ChannelProvider.java:38)
	at io.vertx.core.http.impl.ConnectionManager$ChannelConnector.connect(ConnectionManager.java:537)
	at io.vertx.core.http.impl.ConnectionManager$ConnQueue.createNewConnection(ConnectionManager.java:294)
	at io.vertx.core.http.impl.ConnectionManager$ConnQueue.getConnection(ConnectionManager.java:237)
	at io.vertx.core.http.impl.ConnectionManager.getConnectionForRequest(ConnectionManager.java:171)
	at io.vertx.core.http.impl.HttpClientImpl.getConnectionForRequest(HttpClientImpl.java:950)
	at io.vertx.core.http.impl.HttpClientRequestImpl.connect(HttpClientRequestImpl.java:745)
	at io.vertx.core.http.impl.HttpClientRequestImpl.write(HttpClientRequestImpl.java:867)
	at io.vertx.core.http.impl.HttpClientRequestImpl.end(HttpClientRequestImpl.java:358)
	at ibgroup.web.core.clientportal.gw.services.SsoService.tickleSession(SsoService.java:255)
	at ibgroup.web.core.clientportal.gw.services.SsoService.onTimerEvent(SsoService.java:100)
	at io.vertx.core.impl.VertxImpl$InternalTimerHandler.handle(VertxImpl.java:870)
	at io.vertx.core.impl.VertxImpl$InternalTimerHandler.handle(VertxImpl.java:829)
	at io.vertx.core.impl.ContextImpl.lambda$wrapTask$2(ContextImpl.java:344)
	at io.netty.util.concurrent.AbstractEventExecutor.safeExecute(AbstractEventExecutor.java:163)
	at io.netty.util.concurrent.SingleThreadEventExecutor.runAllTasks(SingleThreadEventExecutor.java:403)
	at io.netty.channel.nio.NioEventLoop.run(NioEventLoop.java:463)
	at io.netty.util.concurrent.SingleThreadEventExecutor$5.run(SingleThreadEventExecutor.java:858)
	at java.base/java.lang.Thread.run(Thread.java:840)
22:09:56.440 INFO  vert.x-eventloop-thread-0 BaseServiceProxy     : -> GET /sso/ping,200|170ms
22:09:56.441 INFO  vert.x-eventloop-thread-0 SsoService           : sso ping {"result": "true"}
22:14:56.342 INFO  vert.x-eventloop-thread-0 BaseServiceProxy     : -> GET /sso/ping,200|72ms
22:14:56.342 INFO  vert.x-eventloop-thread-0 SsoService           : sso ping {"result": "true"}
22:19:56.353 INFO  vert.x-eventloop-thread-0 BaseServiceProxy     : -> GET /sso/ping,200|83ms
22:19:56.355 INFO  vert.x-eventloop-thread-0 SsoService           : sso ping {"result": "true"}
22:24:56.412 INFO  vert.x-eventloop-thread-0 BaseServiceProxy     : -> GET /sso/ping,200|141ms
22:24:56.413 INFO  vert.x-eventloop-thread-0 SsoService           : sso ping {"result": "true"}
22:29:56.337 INFO  vert.x-eventloop-thread-0 BaseServiceProxy     : -> GET /sso/ping,200|66ms
22:29:56.338 INFO  vert.x-eventloop-thread-0 SsoService           : sso ping {"result": "true"}
22:34:56.405 INFO  vert.x-eventloop-thread-0 BaseServiceProxy     : -> GET /sso/ping,200|133ms
22:34:56.406 INFO  vert.x-eventloop-thread-0 SsoService           : sso ping {"result": "true"}
22:39:56.360 INFO  vert.x-eventloop-thread-0 BaseServiceProxy     : -> GET /sso/ping,200|85ms
22:39:56.361 INFO  vert.x-eventloop-thread-0 SsoService           : sso ping {"result": "true"}
22:44:56.367 INFO  vert.x-eventloop-thread-0 BaseServiceProxy     : -> GET /sso/ping,200|92ms
22:44:56.367 INFO  vert.x-eventloop-thread-0 SsoService           : sso ping {"result": "true"}
23:06:30.069 ERROR vert.x-eventloop-thread-0 ConnectionBase       : java.net.SocketException: Connection reset
23:06:30.071 ERROR vert.x-eventloop-thread-0 BaseServiceProxy     : request failed Connection reset
java.net.SocketException: Connection reset
	at java.base/sun.nio.ch.SocketChannelImpl.throwConnectionReset(SocketChannelImpl.java:394)
	at java.base/sun.nio.ch.SocketChannelImpl.read(SocketChannelImpl.java:426)
	at io.netty.buffer.PooledUnsafeDirectByteBuf.setBytes(PooledUnsafeDirectByteBuf.java:288)
	at io.netty.buffer.AbstractByteBuf.writeBytes(AbstractByteBuf.java:1106)
	at io.netty.channel.socket.nio.NioSocketChannel.doReadBytes(NioSocketChannel.java:373)
	at io.netty.channel.nio.AbstractNioByteChannel$NioByteUnsafe.read(AbstractNioByteChannel.java:123)
	at io.netty.channel.nio.NioEventLoop.processSelectedKey(NioEventLoop.java:645)
	at io.netty.channel.nio.NioEventLoop.processSelectedKeysPlain(NioEventLoop.java:545)
	at io.netty.channel.nio.NioEventLoop.processSelectedKeys(NioEventLoop.java:499)
	at io.netty.channel.nio.NioEventLoop.run(NioEventLoop.java:459)
	at io.netty.util.concurrent.SingleThreadEventExecutor$5.run(SingleThreadEventExecutor.java:858)
	at java.base/java.lang.Thread.run(Thread.java:840)
