-> GET /v1/api/one/user
<- 401 GET /v1/api/one/user
-> GET /sso/Login?forwardTo=22&RL=1&ip2loc=US
<- 200 GET /sso/Login?forwardTo=22&RL=1&ip2loc=US
-> GET /sso/Login?forwardTo=22&RL=1&ip2loc=US
<- 200 GET /sso/Login?forwardTo=22&RL=1&ip2loc=US
-> GET /css/bootstrap-5.2.2/bootstrap.min.css
-> GET /css/ibkr/theme-ibkr-portal.min.css
-> GET /css/fontawesome-6.4.2/all.min.css
-> GET /css/reg-am/login.min.css
-> GET /css/bootstrap-switch-3.3.2/bootstrap-switch.min.css
-> GET /scripts/common/js/jquery-3.7.0/jquery.min.js
<- 200 GET /css/bootstrap-5.2.2/bootstrap.min.css
<- 200 GET /css/ibkr/theme-ibkr-portal.min.css
<- 200 GET /css/bootstrap-switch-3.3.2/bootstrap-switch.min.css
-> GET /scripts/common/js/bootstrap-5.2.2/bootstrap.bundle.min.js
-> GET /sso/lib/xyz.bundle.min.js
<- 200 GET /css/reg-am/login.min.css
<- 200 GET /css/fontawesome-6.4.2/all.min.css
<- 200 GET /scripts/common/js/bootstrap-5.2.2/bootstrap.bundle.min.js
<- 200 GET /scripts/common/js/jquery-3.7.0/jquery.min.js
<- 200 GET /sso/lib/xyz.bundle.min.js
-> GET /images/common/logos/ibkr/interactive-brokers.svg
-> GET /fonts/proxima-nova/Proxima-Nova-Regular.woff2
-> GET /fonts/fontawesome-6.4.2/webfonts/fa-brands-400.woff2
-> GET /fonts/fontawesome-6.4.2/webfonts/fa-solid-900.woff2
-> GET /fonts/proxima-nova/Proxima-Nova-Semibold.woff2
-> POST /sso/report
<- 200 GET /fonts/proxima-nova/Proxima-Nova-Regular.woff2
<- 200 GET /fonts/fontawesome-6.4.2/webfonts/fa-brands-400.woff2
<- 200 GET /images/common/logos/ibkr/interactive-brokers.svg
<- 200 GET /fonts/fontawesome-6.4.2/webfonts/fa-solid-900.woff2
<- 200 GET /fonts/proxima-nova/Proxima-Nova-Semibold.woff2
<- 200 POST /sso/report
-> GET /images/web/favicons/home-screen-icon-128x128.png
<- 200 GET /images/web/favicons/home-screen-icon-128x128.png
-> POST /sso/Authenticator
<- 200 POST /sso/Authenticator
-> POST /sso/Authenticator
<- 200 POST /sso/Authenticator
-> POST /sso/Authenticator
<- 200 POST /sso/Authenticator
-> POST /sso/Authenticator
<- 200 POST /sso/Authenticator
-> POST /sso/Dispatcher
<- 302 POST /sso/Dispatcher
-> request: /v1/api/sso/validate?gw=1
-> GET /v1/api/sso/validate?gw=1,200|103ms
-> request: /v1/api/one/user
-> request: /v1/api/ssodh/init
-> sso GET https://api.ibkr.com/v1/api/ssodh/init
-> GET /v1/api/one/user,200|475ms
-> request: /v1/api/ssodh/st
-> sso GET https://api.ibkr.com/v1/api/ssodh/st
-> request: /v1/api/iserver/auth/status
-> GET /v1/api/iserver/auth/status,200|108ms
-> request: /v1/api/iserver/auth/ssodh/init
-> POST https://api.ibkr.com/v1/api/iserver/auth/ssodh/init,200|1715ms
-> request: /v1/api/iserver/accounts
-> GET /v1/api/iserver/accounts,200|96ms
-> request: /v1/api/tickle
-> GET /v1/api/tickle,200|134ms
-> request: /v1/api/tickle
-> GET /v1/api/tickle,200|81ms
-> GET /v1/api/iserver/auth/status
<- 200 GET /v1/api/iserver/auth/status
-> request: /v1/api/tickle
-> GET /v1/api/tickle,200|132ms
-> GET /v1/api/iserver/secdef/search?symbol=AAPL
<- 200 GET /v1/api/iserver/secdef/search?symbol=AAPL
-> GET /v1/api/iserver/marketdata/snapshot?conids=265598&fields=31,84,85,86,88,7219,7220
<- 200 GET /v1/api/iserver/marketdata/snapshot?conids=265598&fields=31,84,85,86,88,7219,7220
-> request: /v1/api/tickle
-> GET /v1/api/tickle,200|108ms
-> request: /v1/api/tickle
-> GET /v1/api/tickle,200|85ms
-> request: /v1/api/tickle
-> GET /v1/api/tickle,200|69ms
-> request: /v1/api/tickle
-> GET /v1/api/tickle,200|176ms
-> GET /v1/api/iserver/auth/status
<- 200 GET /v1/api/iserver/auth/status
-> GET /v1/api/iserver/secdef/search?symbol=AAPL
<- 200 GET /v1/api/iserver/secdef/search?symbol=AAPL
-> GET /v1/api/iserver/marketdata/snapshot?conids=265598&fields=31,84,85,86,88,7219,7220
<- 200 GET /v1/api/iserver/marketdata/snapshot?conids=265598&fields=31,84,85,86,88,7219,7220
-> GET /v1/api/iserver/marketdata/snapshot?conids=265598&fields=31,84,85,86,88,7219,7220
<- 200 GET /v1/api/iserver/marketdata/snapshot?conids=265598&fields=31,84,85,86,88,7219,7220
-> request: /v1/api/tickle
-> GET /v1/api/tickle,200|65ms
-> request: /v1/api/tickle
-> GET /v1/api/tickle,200|102ms
-> request: /sso/ping
-> GET /sso/ping,200|146ms
-> request: /v1/api/tickle
-> GET /v1/api/tickle,200|67ms
-> GET /v1/api/iserver/secdef/search?symbol=SOFI
<- 200 GET /v1/api/iserver/secdef/search?symbol=SOFI
-> request: /v1/api/tickle
-> GET /v1/api/tickle,200|134ms
-> GET /v1/api/iserver/secdef/strikes?conid=494162724&sectype=OPT&month=SEP25
<- 200 GET /v1/api/iserver/secdef/strikes?conid=494162724&sectype=OPT&month=SEP25
-> GET /v1/api/iserver/marketdata/snapshot?conids=494162724&fields=31
<- 200 GET /v1/api/iserver/marketdata/snapshot?conids=494162724&fields=31
-> GET /v1/api/iserver/marketdata/snapshot?conids=494162724&fields=31
<- 200 GET /v1/api/iserver/marketdata/snapshot?conids=494162724&fields=31
-> request: /v1/api/tickle
-> GET /v1/api/tickle,200|90ms
-> GET /v1/api/iserver/marketdata/snapshot?conids=494162724&fields=31,84,85
<- 200 GET /v1/api/iserver/marketdata/snapshot?conids=494162724&fields=31,84,85
-> GET /v1/api/iserver/marketdata/snapshot?conids=494162724&fields=31,84,85
<- 200 GET /v1/api/iserver/marketdata/snapshot?conids=494162724&fields=31,84,85
-> request: /v1/api/tickle
-> GET /v1/api/tickle,200|87ms
-> request: /v1/api/tickle
-> GET /v1/api/tickle,200|124ms
-> GET /v1/api/iserver/secdef/info?conid=494162724&secType=OPT&month=SEP25&strike=28&right=C
<- 200 GET /v1/api/iserver/secdef/info?conid=494162724&secType=OPT&month=SEP25&strike=28&right=C
-> GET /v1/api/iserver/secdef/info?conid=494162724&secType=OPT&month=SEP25&strike=28&right=P
<- 200 GET /v1/api/iserver/secdef/info?conid=494162724&secType=OPT&month=SEP25&strike=28&right=P
-> GET /v1/api/iserver/secdef/info?conid=494162724&secType=OPT&month=SEP25&strike=28.5&right=C
<- 200 GET /v1/api/iserver/secdef/info?conid=494162724&secType=OPT&month=SEP25&strike=28.5&right=C
-> GET /v1/api/iserver/secdef/info?conid=494162724&secType=OPT&month=SEP25&strike=28.5&right=P
<- 200 GET /v1/api/iserver/secdef/info?conid=494162724&secType=OPT&month=SEP25&strike=28.5&right=P
-> GET /v1/api/iserver/secdef/info?conid=494162724&secType=OPT&month=SEP25&strike=29&right=C
<- 200 GET /v1/api/iserver/secdef/info?conid=494162724&secType=OPT&month=SEP25&strike=29&right=C
-> GET /v1/api/iserver/secdef/info?conid=494162724&secType=OPT&month=SEP25&strike=29&right=P
<- 200 GET /v1/api/iserver/secdef/info?conid=494162724&secType=OPT&month=SEP25&strike=29&right=P
-> GET /v1/api/iserver/secdef/info?conid=494162724&secType=OPT&month=SEP25&strike=29.5&right=C
<- 200 GET /v1/api/iserver/secdef/info?conid=494162724&secType=OPT&month=SEP25&strike=29.5&right=C
-> GET /v1/api/iserver/secdef/info?conid=494162724&secType=OPT&month=SEP25&strike=29.5&right=P
<- 200 GET /v1/api/iserver/secdef/info?conid=494162724&secType=OPT&month=SEP25&strike=29.5&right=P
-> GET /v1/api/iserver/secdef/info?conid=494162724&secType=OPT&month=SEP25&strike=30&right=C
<- 200 GET /v1/api/iserver/secdef/info?conid=494162724&secType=OPT&month=SEP25&strike=30&right=C
-> GET /v1/api/iserver/secdef/info?conid=494162724&secType=OPT&month=SEP25&strike=30&right=P
<- 200 GET /v1/api/iserver/secdef/info?conid=494162724&secType=OPT&month=SEP25&strike=30&right=P
-> GET /v1/api/iserver/secdef/info?conid=494162724&secType=OPT&month=SEP25&strike=30.5&right=C
<- 200 GET /v1/api/iserver/secdef/info?conid=494162724&secType=OPT&month=SEP25&strike=30.5&right=C
-> GET /v1/api/iserver/secdef/info?conid=494162724&secType=OPT&month=SEP25&strike=30.5&right=P
<- 200 GET /v1/api/iserver/secdef/info?conid=494162724&secType=OPT&month=SEP25&strike=30.5&right=P
-> GET /v1/api/iserver/secdef/info?conid=494162724&secType=OPT&month=SEP25&strike=31&right=C
<- 200 GET /v1/api/iserver/secdef/info?conid=494162724&secType=OPT&month=SEP25&strike=31&right=C
-> GET /v1/api/iserver/secdef/info?conid=494162724&secType=OPT&month=SEP25&strike=31&right=P
<- 200 GET /v1/api/iserver/secdef/info?conid=494162724&secType=OPT&month=SEP25&strike=31&right=P
-> GET /v1/api/iserver/marketdata/snapshot?conids=756389712,812731283,756389746,812731346,746840530,812731400,756389788,756390543,812731514,756390593,812731577,746840594,812731639,809898623&fields=31,84,85,86,88,7220
<- 200 GET /v1/api/iserver/marketdata/snapshot?conids=756389712,812731283,756389746,812731346,746840530,812731400,756389788,756390543,812731514,756390593,812731577,746840594,812731639,809898623&fields=31,84,85,86,88,7220
-> GET /v1/api/iserver/marketdata/snapshot?conids=756389712,812731283,756389746,812731346,746840530,812731400,756389788,756390543,812731514,756390593,812731577,746840594,812731639,809898623&fields=31,84,85,86,88,7220
<- 200 GET /v1/api/iserver/marketdata/snapshot?conids=756389712,812731283,756389746,812731346,746840530,812731400,756389788,756390543,812731514,756390593,812731577,746840594,812731639,809898623&fields=31,84,85,86,88,7220
-> request: /v1/api/tickle
-> GET /v1/api/tickle,200|164ms
-> GET /v1/api/iserver/marketdata/snapshot?conids=756389712,812731283,756389746,812731346,746840530,756390543,812731514,756390593,812731577,746840594&fields=31,84,85,86,88
<- 200 GET /v1/api/iserver/marketdata/snapshot?conids=756389712,812731283,756389746,812731346,746840530,756390543,812731514,756390593,812731577,746840594&fields=31,84,85,86,88
-> GET /v1/api/iserver/marketdata/snapshot?conids=756389712,812731283,756389746,812731346,746840530,756390543,812731514,756390593,812731577,746840594&fields=31,84,85,86,88
<- 200 GET /v1/api/iserver/marketdata/snapshot?conids=756389712,812731283,756389746,812731346,746840530,756390543,812731514,756390593,812731577,746840594&fields=31,84,85,86,88
-> request: /v1/api/tickle
-> GET /v1/api/tickle,200|99ms
-> request: /v1/api/tickle
-> GET /v1/api/tickle,200|92ms
-> request: /v1/api/tickle
-> GET /v1/api/tickle,200|65ms
-> GET /v1/api/iserver/marketdata/snapshot?conids=746840530&fields=31,84,85,86,88,7220,7221
<- 200 GET /v1/api/iserver/marketdata/snapshot?conids=746840530&fields=31,84,85,86,88,7220,7221
-> GET /v1/api/iserver/marketdata/snapshot?conids=746840530&fields=31,84,85,86,88,7220,7221
<- 200 GET /v1/api/iserver/marketdata/snapshot?conids=746840530&fields=31,84,85,86,88,7220,7221
-> request: /v1/api/tickle
-> GET /v1/api/tickle,200|68ms
-> request: /sso/ping
-> GET /sso/ping,200|74ms
-> request: /v1/api/tickle
-> GET /v1/api/tickle,200|203ms
-> request: /v1/api/tickle
-> GET /v1/api/tickle,200|85ms
-> GET /v1/api/iserver/secdef/info?conid=494162724&secType=OPT&month=SEP25&strike=30&right=C
<- 200 GET /v1/api/iserver/secdef/info?conid=494162724&secType=OPT&month=SEP25&strike=30&right=C
-> request: /v1/api/tickle
-> GET /v1/api/tickle,200|104ms
-> GET /v1/api/iserver/marketdata/snapshot?conids=805439776&fields=31,84,85,86,88
<- 200 GET /v1/api/iserver/marketdata/snapshot?conids=805439776&fields=31,84,85,86,88
-> GET /v1/api/iserver/marketdata/snapshot?conids=805439776&fields=31,84,85,86,88
<- 200 GET /v1/api/iserver/marketdata/snapshot?conids=805439776&fields=31,84,85,86,88
-> request: /v1/api/tickle
-> GET /v1/api/tickle,200|143ms
-> request: /v1/api/tickle
-> GET /v1/api/tickle,200|189ms
-> request: /v1/api/tickle
-> GET /v1/api/tickle,200|160ms
-> request: /v1/api/tickle
-> GET /v1/api/tickle,200|94ms
-> request: /v1/api/tickle
-> GET /v1/api/tickle,200|235ms
-> request: /v1/api/tickle
-> GET /v1/api/tickle,200|177ms
-> GET /v1/api/portfolio/accounts
<- 200 GET /v1/api/portfolio/accounts
-> request: /v1/api/tickle
-> GET /v1/api/tickle,200|101ms
-> request: /sso/ping
-> GET /sso/ping,200|77ms
-> request: /v1/api/tickle
-> GET /v1/api/tickle,200|90ms
-> request: /v1/api/tickle
-> GET /v1/api/tickle,200|400ms
-> request: /v1/api/tickle
-> GET /v1/api/tickle,200|260ms
-> request: /v1/api/tickle
-> GET /v1/api/tickle,200|117ms
-> request: /v1/api/tickle
-> GET /v1/api/tickle,200|94ms
-> request: /v1/api/tickle
-> GET /v1/api/tickle,200|78ms
-> request: /v1/api/tickle
-> GET /v1/api/tickle,200|523ms
-> request: /v1/api/tickle
-> GET /v1/api/tickle,200|91ms
-> request: /v1/api/tickle
-> GET /v1/api/tickle,200|100ms
-> request: /v1/api/tickle
-> GET /v1/api/tickle,200|137ms
-> request: /sso/ping
-> GET /sso/ping,200|156ms
-> request: /v1/api/tickle
-> GET /v1/api/tickle,200|128ms
-> request: /v1/api/tickle
-> GET /v1/api/tickle,200|85ms
-> request: /v1/api/tickle
-> GET /v1/api/tickle,200|133ms
-> request: /v1/api/tickle
-> GET /v1/api/tickle,200|70ms
-> request: /v1/api/tickle
-> GET /v1/api/tickle,200|117ms
-> request: /v1/api/tickle
-> GET /v1/api/tickle,200|119ms
-> request: /v1/api/tickle
-> GET /v1/api/tickle,200|102ms
-> request: /v1/api/tickle
-> GET /v1/api/tickle,200|111ms
-> request: /v1/api/tickle
-> GET /v1/api/tickle,200|126ms
-> request: /v1/api/tickle
-> GET /v1/api/tickle,200|78ms
-> request: /sso/ping
-> GET /sso/ping,200|92ms
-> request: /v1/api/tickle
-> GET /v1/api/tickle,200|114ms
-> request: /v1/api/tickle
-> GET /v1/api/tickle,200|83ms
-> request: /v1/api/tickle
-> GET /v1/api/tickle,200|231ms
-> request: /v1/api/tickle
-> GET /v1/api/tickle,200|106ms
-> request: /v1/api/tickle
-> GET /v1/api/tickle,200|82ms
-> request: /v1/api/tickle
-> GET /v1/api/tickle,200|116ms
-> request: /v1/api/tickle
-> GET /v1/api/tickle,200|90ms
-> request: /v1/api/tickle
-> GET /v1/api/tickle,200|75ms
-> request: /v1/api/tickle
-> GET /v1/api/tickle,200|175ms
-> GET /v1/api/iserver/secdef/search?symbol=SOFI
<- 200 GET /v1/api/iserver/secdef/search?symbol=SOFI
-> GET /v1/api/iserver/marketdata/snapshot?conids=494162724&fields=31,84,85,86,88,7220,82,83
<- 200 GET /v1/api/iserver/marketdata/snapshot?conids=494162724&fields=31,84,85,86,88,7220,82,83
-> GET /v1/api/iserver/marketdata/snapshot?conids=494162724&fields=31,84,85,86,88,7220,82,83
<- 200 GET /v1/api/iserver/marketdata/snapshot?conids=494162724&fields=31,84,85,86,88,7220,82,83
-> GET /v1/api/iserver/secdef/search?symbol=SOFI
<- 200 GET /v1/api/iserver/secdef/search?symbol=SOFI
-> GET /v1/api/iserver/secdef/search?symbol=AAPL
<- 200 GET /v1/api/iserver/secdef/search?symbol=AAPL
-> GET /v1/api/iserver/secdef/search?symbol=TSLA
<- 200 GET /v1/api/iserver/secdef/search?symbol=TSLA
-> GET /v1/api/iserver/marketdata/snapshot?conids=494162724,265598,76792991&fields=31,84,85,86,88,7220,82,83
<- 200 GET /v1/api/iserver/marketdata/snapshot?conids=494162724,265598,76792991&fields=31,84,85,86,88,7220,82,83
-> GET /v1/api/iserver/marketdata/snapshot?conids=494162724,265598,76792991&fields=31,84,85,86,88,7220,82,83
<- 200 GET /v1/api/iserver/marketdata/snapshot?conids=494162724,265598,76792991&fields=31,84,85,86,88,7220,82,83
-> GET /v1/api/iserver/secdef/search?symbol=SOFI
<- 200 GET /v1/api/iserver/secdef/search?symbol=SOFI
-> GET /v1/api/iserver/secdef/search?symbol=AAPL
<- 200 GET /v1/api/iserver/secdef/search?symbol=AAPL
-> GET /v1/api/iserver/secdef/search?symbol=TSLA
<- 200 GET /v1/api/iserver/secdef/search?symbol=TSLA
-> GET /v1/api/iserver/marketdata/snapshot?conids=494162724,265598,76792991&fields=31,84,85,86,88,7220,82,83
<- 200 GET /v1/api/iserver/marketdata/snapshot?conids=494162724,265598,76792991&fields=31,84,85,86,88,7220,82,83
-> GET /v1/api/iserver/marketdata/snapshot?conids=494162724,265598,76792991&fields=31,84,85,86,88,7220,82,83
<- 200 GET /v1/api/iserver/marketdata/snapshot?conids=494162724,265598,76792991&fields=31,84,85,86,88,7220,82,83
-> request: /v1/api/tickle
-> GET /v1/api/tickle,200|118ms
-> request: /sso/ping
-> GET /sso/ping,200|73ms
-> request: /v1/api/tickle
-> GET /v1/api/tickle,200|79ms
-> request: /v1/api/tickle
-> GET /v1/api/tickle,200|73ms
-> request: /v1/api/tickle
-> GET /v1/api/tickle,200|101ms
-> request: /v1/api/tickle
-> GET /v1/api/tickle,200|71ms
-> request: /v1/api/tickle
-> GET /v1/api/tickle,200|79ms
-> request: /v1/api/tickle
-> GET /v1/api/tickle,200|117ms
-> request: /v1/api/tickle
-> GET /v1/api/tickle,200|74ms
-> request: /v1/api/tickle
-> GET /v1/api/tickle,200|211ms
-> request: /v1/api/tickle
-> GET /v1/api/tickle,200|110ms
-> request: /v1/api/tickle
-> GET /v1/api/tickle,200|73ms
-> request: /sso/ping
-> GET /sso/ping,200|100ms
-> request: /v1/api/tickle
-> GET /v1/api/tickle,200|67ms
-> request: /v1/api/tickle
-> GET /v1/api/tickle,200|123ms
-> request: /v1/api/tickle
-> GET /v1/api/tickle,200|103ms
-> request: /v1/api/tickle
-> GET /v1/api/tickle,200|120ms
-> request: /v1/api/tickle
-> GET /v1/api/tickle,200|78ms
-> request: /v1/api/tickle
-> GET /v1/api/tickle,200|95ms
-> request: /v1/api/tickle
-> GET /v1/api/tickle,200|68ms
-> request: /v1/api/tickle
-> GET /v1/api/tickle,200|109ms
-> request: /v1/api/tickle
-> GET /v1/api/tickle,200|238ms
-> request: /v1/api/tickle
-> GET /v1/api/tickle,200|86ms
-> request: /sso/ping
-> GET /sso/ping,200|433ms
-> request: /v1/api/tickle
-> GET /v1/api/tickle,200|116ms
-> request: /v1/api/tickle
-> GET /v1/api/tickle,200|96ms
-> request: /v1/api/tickle
-> GET /v1/api/tickle,200|80ms
-> request: /v1/api/tickle
-> GET /v1/api/tickle,200|97ms
-> request: /v1/api/tickle
-> GET /v1/api/tickle,200|72ms
-> request: /v1/api/tickle
-> GET /v1/api/tickle,200|218ms
-> request: /v1/api/tickle
-> GET /v1/api/tickle,200|130ms
-> request: /v1/api/tickle
-> GET /v1/api/tickle,200|76ms
-> request: /v1/api/tickle
-> GET /v1/api/tickle,200|106ms
-> request: /v1/api/tickle
-> GET /v1/api/tickle,200|124ms
-> request: /sso/ping
-> GET /sso/ping,200|64ms
-> request: /v1/api/tickle
-> GET /v1/api/tickle,200|118ms
-> request: /v1/api/tickle
-> GET /v1/api/tickle,200|87ms
-> request: /v1/api/tickle
-> GET /v1/api/tickle,200|185ms
-> request: /v1/api/tickle
-> GET /v1/api/tickle,200|122ms
-> request: /v1/api/tickle
-> GET /v1/api/tickle,200|104ms
-> request: /v1/api/tickle
-> GET /v1/api/tickle,200|96ms
-> request: /v1/api/tickle
-> GET /v1/api/tickle,200|153ms
-> request: /v1/api/tickle
-> GET /v1/api/tickle,200|72ms
-> request: /v1/api/tickle
-> GET /v1/api/tickle,200|78ms
-> request: /v1/api/tickle
-> GET /v1/api/tickle,200|126ms
-> request: /sso/ping
-> GET /sso/ping,200|155ms
-> request: /v1/api/tickle
-> GET /v1/api/tickle,200|133ms
-> request: /v1/api/tickle
-> GET /v1/api/tickle,200|110ms
-> request: /v1/api/tickle
-> GET /v1/api/tickle,200|72ms
-> request: /v1/api/tickle
-> GET /v1/api/tickle,200|174ms
-> request: /v1/api/tickle
-> GET /v1/api/tickle,200|230ms
-> request: /v1/api/tickle
-> GET /v1/api/tickle,200|90ms
-> request: /v1/api/tickle
-> GET /v1/api/tickle,200|84ms
-> request: /v1/api/tickle
-> GET /v1/api/tickle,200|80ms
-> request: /v1/api/tickle
-> GET /v1/api/tickle,200|219ms
-> request: /v1/api/tickle
-> GET /v1/api/tickle,200|74ms
-> request: /sso/ping
-> GET /sso/ping,200|160ms
-> request: /v1/api/tickle
-> GET /v1/api/tickle,200|103ms
-> request: /v1/api/tickle
-> GET /v1/api/tickle,200|103ms
-> request: /v1/api/tickle
-> GET /v1/api/tickle,200|103ms
-> request: /v1/api/tickle
-> GET /v1/api/tickle,200|134ms
-> request: /v1/api/tickle
-> GET /v1/api/tickle,200|647ms
-> request: /v1/api/tickle
-> GET /v1/api/tickle,200|93ms
-> request: /v1/api/tickle
-> GET /v1/api/tickle,200|72ms
-> request: /v1/api/tickle
-> GET /v1/api/tickle,200|507ms
-> request: /v1/api/tickle
-> GET /v1/api/tickle,200|1053ms
-> request: /v1/api/tickle
-> GET /v1/api/tickle,200|84ms
-> request: /sso/ping
-> GET /sso/ping,200|86ms
-> request: /v1/api/tickle
-> GET /v1/api/tickle,200|80ms
-> request: /v1/api/tickle
-> GET /v1/api/tickle,200|112ms
-> request: /v1/api/tickle
-> GET /v1/api/tickle,200|202ms
-> request: /v1/api/tickle
-> GET /v1/api/tickle,200|150ms
-> request: /v1/api/tickle
-> GET /v1/api/tickle,200|110ms
-> request: /v1/api/tickle
-> GET /v1/api/tickle,200|83ms
-> request: /v1/api/tickle
-> GET /v1/api/tickle,200|83ms
-> request: /v1/api/tickle
-> GET /v1/api/tickle,200|259ms
-> request: /v1/api/tickle
-> GET /v1/api/tickle,200|98ms
-> request: /v1/api/tickle
-> GET /v1/api/tickle,200|74ms
-> request: /sso/ping
-> GET /sso/ping,200|72ms
-> request: /v1/api/tickle
-> GET /v1/api/tickle,200|85ms
-> request: /v1/api/tickle
-> GET /v1/api/tickle,200|78ms
-> request: /v1/api/tickle
-> GET /v1/api/tickle,200|130ms
-> request: /v1/api/tickle
-> GET /v1/api/tickle,200|65ms
-> request: /v1/api/tickle
-> GET /v1/api/tickle,200|140ms
-> request: /v1/api/tickle
-> GET /v1/api/tickle,200|211ms
-> request: /v1/api/tickle
-> GET /v1/api/tickle,200|81ms
-> request: /v1/api/tickle
-> GET /v1/api/tickle,200|215ms
-> request: /v1/api/tickle
-> GET /v1/api/tickle,200|119ms
-> request: /v1/api/tickle
-> GET /v1/api/tickle,200|147ms
-> request: /sso/ping
-> GET /sso/ping,200|207ms
-> request: /v1/api/tickle
-> GET /v1/api/tickle,200|132ms
-> request: /v1/api/tickle
-> GET /v1/api/tickle,200|164ms
-> request: /v1/api/tickle
-> GET /v1/api/tickle,200|189ms
-> request: /v1/api/tickle
-> GET /v1/api/tickle,200|81ms
-> request: /v1/api/tickle
-> GET /v1/api/tickle,200|187ms
-> request: /v1/api/tickle
-> GET /v1/api/tickle,200|171ms
-> request: /v1/api/tickle
-> GET /v1/api/tickle,200|119ms
-> request: /v1/api/tickle
-> GET /v1/api/tickle,200|72ms
-> request: /v1/api/tickle
-> GET /v1/api/tickle,200|123ms
-> request: /v1/api/tickle
-> GET /v1/api/tickle,200|70ms
-> request: /sso/ping
-> GET /sso/ping,200|72ms
-> request: /v1/api/tickle
-> GET /v1/api/tickle,200|86ms
-> request: /v1/api/tickle
-> GET /v1/api/tickle,200|75ms
-> request: /v1/api/tickle
-> GET /v1/api/tickle,200|94ms
-> request: /v1/api/tickle
-> GET /v1/api/tickle,200|85ms
-> request: /v1/api/tickle
-> GET /v1/api/tickle,200|185ms
-> request: /v1/api/tickle
-> GET /v1/api/tickle,200|87ms
-> request: /v1/api/tickle
-> GET /v1/api/tickle,200|78ms
-> request: /v1/api/tickle
-> GET /v1/api/tickle,200|103ms
-> request: /v1/api/tickle
-> GET /v1/api/tickle,200|91ms
-> request: /v1/api/tickle
-> GET /v1/api/tickle,200|73ms
-> request: /sso/ping
-> GET /sso/ping,200|78ms
-> request: /v1/api/tickle
-> GET /v1/api/tickle,200|81ms
-> request: /v1/api/tickle
-> GET /v1/api/tickle,200|83ms
-> request: /v1/api/tickle
-> GET /v1/api/tickle,200|120ms
-> request: /v1/api/tickle
-> GET /v1/api/tickle,200|94ms
-> request: /v1/api/tickle
-> GET /v1/api/tickle,200|104ms
-> request: /v1/api/tickle
-> GET /v1/api/tickle,200|65ms
-> request: /v1/api/tickle
-> GET /v1/api/tickle,200|71ms
-> request: /v1/api/tickle
-> GET /v1/api/tickle,200|137ms
-> request: /v1/api/tickle
-> GET /v1/api/tickle,200|3337ms
-> request: /v1/api/tickle
-> GET /v1/api/tickle,200|259ms
-> request: /sso/ping
-> GET /sso/ping,200|98ms
-> request: /v1/api/tickle
-> GET /v1/api/tickle,200|94ms
-> request: /v1/api/tickle
-> GET /v1/api/tickle,200|102ms
-> request: /v1/api/tickle
-> GET /v1/api/tickle,200|220ms
-> request: /v1/api/tickle
-> GET /v1/api/tickle,200|174ms
-> request: /v1/api/tickle
-> GET /v1/api/tickle,200|87ms
-> request: /v1/api/tickle
-> GET /v1/api/tickle,200|83ms
-> request: /v1/api/tickle
-> GET /v1/api/tickle,200|78ms
-> request: /v1/api/tickle
-> GET /v1/api/tickle,200|108ms
-> request: /v1/api/tickle
-> GET /v1/api/tickle,200|125ms
-> request: /v1/api/tickle
-> GET /v1/api/tickle,200|83ms
-> request: /sso/ping
-> GET /sso/ping,200|120ms
-> request: /v1/api/tickle
-> GET /v1/api/tickle,200|121ms
-> request: /v1/api/tickle
-> GET /v1/api/tickle,200|75ms
-> request: /v1/api/tickle
-> GET /v1/api/tickle,200|93ms
-> request: /v1/api/tickle
-> GET /v1/api/tickle,200|144ms
-> request: /v1/api/tickle
-> GET /v1/api/tickle,200|81ms
-> request: /v1/api/tickle
-> GET /v1/api/tickle,200|432ms
-> request: /v1/api/tickle
-> GET /v1/api/tickle,200|87ms
-> request: /v1/api/tickle
-> GET /v1/api/tickle,200|80ms
-> request: /v1/api/tickle
-> GET /v1/api/tickle,200|87ms
-> request: /v1/api/tickle
-> GET /v1/api/tickle,200|82ms
-> request: /sso/ping
-> GET /sso/ping,200|66ms
-> request: /v1/api/tickle
-> GET /v1/api/tickle,200|108ms
-> request: /v1/api/tickle
-> GET /v1/api/tickle,200|184ms
-> request: /v1/api/tickle
-> GET /v1/api/tickle,200|83ms
-> request: /v1/api/tickle
-> GET /v1/api/tickle,200|90ms
-> request: /v1/api/tickle
-> GET /v1/api/tickle,200|76ms
-> request: /v1/api/tickle
-> GET /v1/api/tickle,200|80ms
-> request: /v1/api/tickle
-> GET /v1/api/tickle,200|69ms
-> request: /v1/api/tickle
-> GET /v1/api/tickle,200|76ms
-> request: /v1/api/tickle
-> GET /v1/api/tickle,200|113ms
-> request: /v1/api/tickle
-> GET /v1/api/tickle,200|108ms
-> request: /sso/ping
-> GET /sso/ping,200|66ms
-> request: /v1/api/tickle
-> GET /v1/api/tickle,200|66ms
-> request: /v1/api/tickle
-> GET /v1/api/tickle,200|119ms
-> request: /v1/api/tickle
-> GET /v1/api/tickle,200|88ms
-> request: /v1/api/tickle
-> GET /v1/api/tickle,200|279ms
-> request: /v1/api/tickle
-> GET /v1/api/tickle,200|121ms
-> request: /v1/api/tickle
-> GET /v1/api/tickle,200|168ms
-> request: /v1/api/tickle
-> GET /v1/api/tickle,200|92ms
-> request: /v1/api/tickle
-> GET /v1/api/tickle,200|87ms
-> request: /v1/api/tickle
-> GET /v1/api/tickle,200|122ms
-> request: /v1/api/tickle
-> GET /v1/api/tickle,200|160ms
-> request: /sso/ping
-> GET /sso/ping,200|98ms
-> request: /v1/api/tickle
-> GET /v1/api/tickle,200|83ms
-> request: /v1/api/tickle
-> GET /v1/api/tickle,200|88ms
-> request: /v1/api/tickle
-> GET /v1/api/tickle,200|76ms
-> request: /v1/api/tickle
-> GET /v1/api/tickle,200|143ms
-> request: /v1/api/tickle
-> GET /v1/api/tickle,200|79ms
-> request: /v1/api/tickle
-> GET /v1/api/tickle,200|133ms
-> request: /v1/api/tickle
-> GET /v1/api/tickle,200|71ms
-> request: /v1/api/tickle
-> request: /v1/api/tickle
-> request: /v1/api/tickle
-> request: /sso/ping
-> request: /v1/api/tickle
-> request: /v1/api/tickle
-> GET /v1/api/tickle,401|251ms
-> request: /v1/api/sso/validate?gw=1
-> GET /v1/api/sso/validate?gw=1,401|247ms
-> request: /v1/api/sso/validate?gw=1
-> GET /v1/api/sso/validate?gw=1,401|127ms
-> request: /v1/api/sso/validate?gw=1
-> GET /v1/api/sso/validate?gw=1,401|143ms
-> request: /v1/api/sso/validate?gw=1
-> GET /v1/api/sso/validate?gw=1,401|235ms
-> request: /v1/api/sso/validate?gw=1
-> GET /v1/api/sso/validate?gw=1,401|126ms
-> request: /sso/ping
-> GET /sso/ping,200|236ms
-> request: /sso/ping
-> GET /sso/ping,200|301ms
-> request: /sso/ping
-> GET /sso/ping,200|154ms
-> request: /sso/ping
-> GET /sso/ping,200|69ms
-> request: /sso/ping
-> GET /sso/ping,200|67ms
-> request: /sso/ping
-> GET /sso/ping,200|82ms
-> request: /sso/ping
-> request: /sso/ping
-> GET /sso/ping,200|146ms
-> request: /sso/ping
-> GET /sso/ping,200|67ms
-> request: /sso/ping
-> GET /sso/ping,200|64ms
-> request: /sso/ping
-> GET /sso/ping,200|76ms
-> request: /sso/ping
-> GET /sso/ping,200|89ms
